Log file open, 02/02/17 22:42:52
LogInit:Display: Running engine for game: MultiplayerV2
LogPlatformFile: Not using cached read wrapper
LogInit:Display: RandInit(-1934968931) SRandInit(-1934968931).
LogTaskGraph: Started task graph with 5 named threads and 8 total threads with 1 sets of task threads.
LogStats: Stats thread started at 0.068243
LogPluginManager: Loaded Plugin Paper2D, From D:/Program Files/Unreal/Epic Games/4.13/Engine/Plugins/2D/Paper2D/Paper2D.uplugin
LogPluginManager: Loaded Plugin LightPropagationVolume, From D:/Program Files/Unreal/Epic Games/4.13/Engine/Plugins/Blendables/LightPropagationVolume/LightPropagationVolume.uplugin
LogPluginManager: Loaded Plugin BlankPlugin, From D:/Program Files/Unreal/Epic Games/4.13/Engine/Plugins/Developer/BlankPlugin/BlankPlugin.uplugin
LogPluginManager: Loaded Plugin CodeLiteSourceCodeAccess, From D:/Program Files/Unreal/Epic Games/4.13/Engine/Plugins/Developer/CodeLiteSourceCodeAccess/CodeLiteSourceCodeAccess.uplugin
LogPluginManager: Loaded Plugin GitSourceControl, From D:/Program Files/Unreal/Epic Games/4.13/Engine/Plugins/Developer/GitSourceControl/GitSourceControl.uplugin
LogPluginManager: Loaded Plugin KDevelopSourceCodeAccess, From D:/Program Files/Unreal/Epic Games/4.13/Engine/Plugins/Developer/KDevelopSourceCodeAccess/KDevelopSourceCodeAccess.uplugin
LogPluginManager: Loaded Plugin NullSourceCodeAccess, From D:/Program Files/Unreal/Epic Games/4.13/Engine/Plugins/Developer/NullSourceCodeAccess/NullSourceCodeAccess.uplugin
LogPluginManager: Loaded Plugin OneSkyLocalizationService, From D:/Program Files/Unreal/Epic Games/4.13/Engine/Plugins/Developer/OneSkyLocalizationService/OneSkyLocalizationService.uplugin
LogPluginManager: Loaded Plugin PerforceSourceControl, From D:/Program Files/Unreal/Epic Games/4.13/Engine/Plugins/Developer/PerforceSourceControl/PerforceSourceControl.uplugin
LogPluginManager: Loaded Plugin SubversionSourceControl, From D:/Program Files/Unreal/Epic Games/4.13/Engine/Plugins/Developer/SubversionSourceControl/SubversionSourceControl.uplugin
LogPluginManager: Loaded Plugin UObjectPlugin, From D:/Program Files/Unreal/Epic Games/4.13/Engine/Plugins/Developer/UObjectPlugin/UObjectPlugin.uplugin
LogPluginManager: Loaded Plugin VisualStudioSourceCodeAccess, From D:/Program Files/Unreal/Epic Games/4.13/Engine/Plugins/Developer/VisualStudioSourceCodeAccess/VisualStudioSourceCodeAccess.uplugin
LogPluginManager: Loaded Plugin XCodeSourceCodeAccess, From D:/Program Files/Unreal/Epic Games/4.13/Engine/Plugins/Developer/XCodeSourceCodeAccess/XCodeSourceCodeAccess.uplugin
LogPluginManager: Loaded Plugin EpicSurvey, From D:/Program Files/Unreal/Epic Games/4.13/Engine/Plugins/Editor/EpicSurvey/EpicSurvey.uplugin
LogPluginManager: Loaded Plugin MacGraphicsSwitching, From D:/Program Files/Unreal/Epic Games/4.13/Engine/Plugins/Editor/MacGraphicsSwitching/MacGraphicsSwitching.uplugin
LogPluginManager: Loaded Plugin MobileLauncherProfileWizard, From D:/Program Files/Unreal/Epic Games/4.13/Engine/Plugins/Editor/MobileLauncherProfileWizard/MobileLauncherProfileWizard.uplugin
LogPluginManager: Loaded Plugin PluginBrowser, From D:/Program Files/Unreal/Epic Games/4.13/Engine/Plugins/Editor/PluginBrowser/PluginBrowser.uplugin
LogPluginManager: Loaded Plugin SpeedTreeImporter, From D:/Program Files/Unreal/Epic Games/4.13/Engine/Plugins/Editor/SpeedTreeImporter/SpeedTreeImporter.uplugin
LogPluginManager: Loaded Plugin SuperSearchEditor, From D:/Program Files/Unreal/Epic Games/4.13/Engine/Plugins/Editor/SuperSearchEditor/SuperSearchEditor.uplugin
LogPluginManager: Loaded Plugin AlembicImporter, From D:/Program Files/Unreal/Epic Games/4.13/Engine/Plugins/Experimental/AlembicImporter/AlembicImporter.uplugin
LogPluginManager: Loaded Plugin BlueprintStats, From D:/Program Files/Unreal/Epic Games/4.13/Engine/Plugins/Experimental/BlueprintStats/BlueprintStats.uplugin
LogPluginManager: Loaded Plugin CharacterAI, From D:/Program Files/Unreal/Epic Games/4.13/Engine/Plugins/Experimental/CharacterAI/CharacterAI.uplugin
LogPluginManager: Loaded Plugin CodeEditor, From D:/Program Files/Unreal/Epic Games/4.13/Engine/Plugins/Experimental/CodeEditor/CodeEditor.uplugin
LogPluginManager: Loaded Plugin CodeView, From D:/Program Files/Unreal/Epic Games/4.13/Engine/Plugins/Experimental/CodeView/CodeView.uplugin
LogPluginManager: Loaded Plugin HTML5Networking, From D:/Program Files/Unreal/Epic Games/4.13/Engine/Plugins/Experimental/HTML5Networking/HTML5Networking.uplugin
LogPluginManager: Loaded Plugin LiveEditor, From D:/Program Files/Unreal/Epic Games/4.13/Engine/Plugins/Experimental/LiveEditor/LiveEditor.uplugin
LogPluginManager: Loaded Plugin OSVR, From D:/Program Files/Unreal/Epic Games/4.13/Engine/Plugins/Experimental/OSVR/OSVR.uplugin
LogPluginManager: Loaded Plugin Phya, From D:/Program Files/Unreal/Epic Games/4.13/Engine/Plugins/Experimental/Phya/Phya.uplugin
LogPluginManager: Loaded Plugin SignificanceManager, From D:/Program Files/Unreal/Epic Games/4.13/Engine/Plugins/Experimental/SignificanceManager/SignificanceManager.uplugin
LogPluginManager: Loaded Plugin SimpleHMD, From D:/Program Files/Unreal/Epic Games/4.13/Engine/Plugins/Experimental/SimpleHMD/SimpleHMD.uplugin
LogPluginManager: Loaded Plugin StereoPanorama, From D:/Program Files/Unreal/Epic Games/4.13/Engine/Plugins/Experimental/StereoPanorama/StereoPanorama.uplugin
LogPluginManager: Loaded Plugin StructBox, From D:/Program Files/Unreal/Epic Games/4.13/Engine/Plugins/Experimental/StructBox/StructBox.uplugin
LogPluginManager: Loaded Plugin Substance, From D:/Program Files/Unreal/Epic Games/4.13/Engine/Plugins/Marketplace/Substance/Substance.uplugin
LogPluginManager: Loaded Plugin AndroidMedia, From D:/Program Files/Unreal/Epic Games/4.13/Engine/Plugins/Media/AndroidMedia/AndroidMedia.uplugin
LogPluginManager: Loaded Plugin AvfMedia, From D:/Program Files/Unreal/Epic Games/4.13/Engine/Plugins/Media/AvfMedia/AvfMedia.uplugin
LogPluginManager: Loaded Plugin MediaPlayerEditor, From D:/Program Files/Unreal/Epic Games/4.13/Engine/Plugins/Media/MediaPlayerEditor/MediaPlayerEditor.uplugin
LogPluginManager: Loaded Plugin WmfMedia, From D:/Program Files/Unreal/Epic Games/4.13/Engine/Plugins/Media/WmfMedia/WmfMedia.uplugin
LogPluginManager: Loaded Plugin MessagingDebugger, From D:/Program Files/Unreal/Epic Games/4.13/Engine/Plugins/Messaging/MessagingDebugger/MessagingDebugger.uplugin
LogPluginManager: Loaded Plugin TcpMessaging, From D:/Program Files/Unreal/Epic Games/4.13/Engine/Plugins/Messaging/TcpMessaging/TcpMessaging.uplugin
LogPluginManager: Loaded Plugin UdpMessaging, From D:/Program Files/Unreal/Epic Games/4.13/Engine/Plugins/Messaging/UdpMessaging/UdpMessaging.uplugin
LogPluginManager: Loaded Plugin LevelSequenceEditor, From D:/Program Files/Unreal/Epic Games/4.13/Engine/Plugins/MovieScene/LevelSequenceEditor/LevelSequenceEditor.uplugin
LogPluginManager: Loaded Plugin MatineeToLevelSequence, From D:/Program Files/Unreal/Epic Games/4.13/Engine/Plugins/MovieScene/MatineeToLevelSequence/MatineeToLevelSequence.uplugin
LogPluginManager: Loaded Plugin NetcodeUnitTest, From D:/Program Files/Unreal/Epic Games/4.13/Engine/Plugins/NetcodeUnitTest/NetcodeUnitTest/NetcodeUnitTest.uplugin
LogPluginManager: Loaded Plugin NUTUnrealEngine4, From D:/Program Files/Unreal/Epic Games/4.13/Engine/Plugins/NetcodeUnitTest/NUTUnrealEngine4/NUTUnrealEngine4.uplugin
LogPluginManager: Loaded Plugin OnlineSubsystemGooglePlay, From D:/Program Files/Unreal/Epic Games/4.13/Engine/Plugins/Online/Android/OnlineSubsystemGooglePlay/OnlineSubsystemGooglePlay.uplugin
LogPluginManager: Loaded Plugin OnlineSubsystemIOS, From D:/Program Files/Unreal/Epic Games/4.13/Engine/Plugins/Online/IOS/OnlineSubsystemIOS/OnlineSubsystemIOS.uplugin
LogPluginManager: Loaded Plugin OnlineFramework, From D:/Program Files/Unreal/Epic Games/4.13/Engine/Plugins/Online/OnlineFramework/OnlineFramework.uplugin
LogPluginManager: Loaded Plugin OnlineSubsystem, From D:/Program Files/Unreal/Epic Games/4.13/Engine/Plugins/Online/OnlineSubsystem/OnlineSubsystem.uplugin
LogPluginManager: Loaded Plugin OnlineSubsystemAmazon, From D:/Program Files/Unreal/Epic Games/4.13/Engine/Plugins/Online/OnlineSubsystemAmazon/OnlineSubsystemAmazon.uplugin
LogPluginManager: Loaded Plugin OnlineSubsystemFacebook, From D:/Program Files/Unreal/Epic Games/4.13/Engine/Plugins/Online/OnlineSubsystemFacebook/OnlineSubsystemFacebook.uplugin
LogPluginManager: Loaded Plugin OnlineSubsystemNull, From D:/Program Files/Unreal/Epic Games/4.13/Engine/Plugins/Online/OnlineSubsystemNull/OnlineSubsystemNull.uplugin
LogPluginManager: Loaded Plugin OnlineSubsystemOculus, From D:/Program Files/Unreal/Epic Games/4.13/Engine/Plugins/Online/OnlineSubsystemOculus/OnlineSubsystemOculus.uplugin
LogPluginManager: Loaded Plugin OnlineSubsystemSteam, From D:/Program Files/Unreal/Epic Games/4.13/Engine/Plugins/Online/OnlineSubsystemSteam/OnlineSubsystemSteam.uplugin
LogPluginManager: Loaded Plugin OnlineSubsystemUtils, From D:/Program Files/Unreal/Epic Games/4.13/Engine/Plugins/Online/OnlineSubsystemUtils/OnlineSubsystemUtils.uplugin
LogPluginManager: Loaded Plugin IOSTapJoy, From D:/Program Files/Unreal/Epic Games/4.13/Engine/Plugins/Runtime/Advertising/IOSTapJoy/IOSTapJoy.uplugin
LogPluginManager: Loaded Plugin AnalyticsBlueprintLibrary, From D:/Program Files/Unreal/Epic Games/4.13/Engine/Plugins/Runtime/Analytics/AnalyticsBlueprintLibrary/AnalyticsBlueprintLibrary.uplugin
LogPluginManager: Loaded Plugin AnalyticsMulticast, From D:/Program Files/Unreal/Epic Games/4.13/Engine/Plugins/Runtime/Analytics/AnalyticsMulticast/AnalyticsMulticast.uplugin
LogPluginManager: Loaded Plugin Apsalar, From D:/Program Files/Unreal/Epic Games/4.13/Engine/Plugins/Runtime/Analytics/Apsalar/Apsalar.uplugin
LogPluginManager: Loaded Plugin FileLogging, From D:/Program Files/Unreal/Epic Games/4.13/Engine/Plugins/Runtime/Analytics/FileLogging/FileLogging.uplugin
LogPluginManager: Loaded Plugin Flurry, From D:/Program Files/Unreal/Epic Games/4.13/Engine/Plugins/Runtime/Analytics/Flurry/Flurry.uplugin
LogPluginManager: Loaded Plugin AndroidDeviceProfileSelector, From D:/Program Files/Unreal/Epic Games/4.13/Engine/Plugins/Runtime/AndroidDeviceProfileSelector/AndroidDeviceProfileSelector.uplugin
LogPluginManager: Loaded Plugin AndroidMoviePlayer, From D:/Program Files/Unreal/Epic Games/4.13/Engine/Plugins/Runtime/AndroidMoviePlayer/AndroidMoviePlayer.uplugin
LogPluginManager: Loaded Plugin AppleMoviePlayer, From D:/Program Files/Unreal/Epic Games/4.13/Engine/Plugins/Runtime/AppleMoviePlayer/AppleMoviePlayer.uplugin
LogPluginManager: Loaded Plugin ArchVisCharacter, From D:/Program Files/Unreal/Epic Games/4.13/Engine/Plugins/Runtime/ArchVisCharacter/ArchVisCharacter.uplugin
LogPluginManager: Loaded Plugin CableComponent, From D:/Program Files/Unreal/Epic Games/4.13/Engine/Plugins/Runtime/CableComponent/CableComponent.uplugin
LogPluginManager: Loaded Plugin CustomMeshComponent, From D:/Program Files/Unreal/Epic Games/4.13/Engine/Plugins/Runtime/CustomMeshComponent/CustomMeshComponent.uplugin
LogPluginManager: Loaded Plugin ExampleDeviceProfileSelector, From D:/Program Files/Unreal/Epic Games/4.13/Engine/Plugins/Runtime/ExampleDeviceProfileSelector/ExampleDeviceProfileSelector.uplugin
LogPluginManager: Loaded Plugin GearVR, From D:/Program Files/Unreal/Epic Games/4.13/Engine/Plugins/Runtime/GearVR/GearVR.uplugin
LogPluginManager: Loaded Plugin GoogleVRController, From D:/Program Files/Unreal/Epic Games/4.13/Engine/Plugins/Runtime/GoogleVR/GoogleVRController/GoogleVRController.uplugin
LogPluginManager: Loaded Plugin GoogleVRHMD, From D:/Program Files/Unreal/Epic Games/4.13/Engine/Plugins/Runtime/GoogleVR/GoogleVRHMD/GoogleVRHMD.uplugin
LogPluginManager: Loaded Plugin IOSDeviceProfileSelector, From D:/Program Files/Unreal/Epic Games/4.13/Engine/Plugins/Runtime/IOSDeviceProfileSelector/IOSDeviceProfileSelector.uplugin
LogPluginManager: Loaded Plugin LeapMotion, From D:/Program Files/Unreal/Epic Games/4.13/Engine/Plugins/Runtime/LeapMotion/LeapMotion.uplugin
LogPluginManager: Loaded Plugin LinuxDeviceProfileSelector, From D:/Program Files/Unreal/Epic Games/4.13/Engine/Plugins/Runtime/LinuxDeviceProfileSelector/LinuxDeviceProfileSelector.uplugin
LogPluginManager: Loaded Plugin LiveEditorListenServer, From D:/Program Files/Unreal/Epic Games/4.13/Engine/Plugins/Runtime/LiveEditorListenServer/LiveEditorListenServer.uplugin
LogPluginManager: Loaded Plugin OculusAudio, From D:/Program Files/Unreal/Epic Games/4.13/Engine/Plugins/Runtime/OculusAudio/OculusAudio.uplugin
LogPluginManager: Loaded Plugin OculusInput, From D:/Program Files/Unreal/Epic Games/4.13/Engine/Plugins/Runtime/OculusInput/OculusInput.uplugin
LogPluginManager: Loaded Plugin OculusLibrary, From D:/Program Files/Unreal/Epic Games/4.13/Engine/Plugins/Runtime/OculusLibrary/OculusLibrary.uplugin
LogPluginManager: Loaded Plugin OculusRift, From D:/Program Files/Unreal/Epic Games/4.13/Engine/Plugins/Runtime/OculusRift/OculusRift.uplugin
LogPluginManager: Loaded Plugin Oodle, From D:/Program Files/Unreal/Epic Games/4.13/Engine/Plugins/Runtime/PacketHandlers/CompressionComponents/Oodle/Oodle.uplugin
LogPluginManager: Loaded Plugin ProceduralMeshComponent, From D:/Program Files/Unreal/Epic Games/4.13/Engine/Plugins/Runtime/ProceduralMeshComponent/ProceduralMeshComponent.uplugin
LogPluginManager: Loaded Plugin SoundMod, From D:/Program Files/Unreal/Epic Games/4.13/Engine/Plugins/Runtime/SoundMod/SoundMod.uplugin
LogPluginManager: Loaded Plugin SoundVisualizations, From D:/Program Files/Unreal/Epic Games/4.13/Engine/Plugins/Runtime/SoundVisualizations/SoundVisualizations.uplugin
LogPluginManager: Loaded Plugin SteamController, From D:/Program Files/Unreal/Epic Games/4.13/Engine/Plugins/Runtime/Steam/SteamController/SteamController.uplugin
LogPluginManager: Loaded Plugin SteamVR, From D:/Program Files/Unreal/Epic Games/4.13/Engine/Plugins/Runtime/Steam/SteamVR/SteamVR.uplugin
LogPluginManager: Loaded Plugin WebBrowserWidget, From D:/Program Files/Unreal/Epic Games/4.13/Engine/Plugins/Runtime/WebBrowserWidget/WebBrowserWidget.uplugin
LogPluginManager: Loaded Plugin WindowsDeviceProfileSelector, From D:/Program Files/Unreal/Epic Games/4.13/Engine/Plugins/Runtime/WindowsDeviceProfileSelector/WindowsDeviceProfileSelector.uplugin
LogPluginManager: Loaded Plugin WindowsMoviePlayer, From D:/Program Files/Unreal/Epic Games/4.13/Engine/Plugins/Runtime/WindowsMoviePlayer/WindowsMoviePlayer.uplugin
LogPluginManager: Loaded Plugin ScriptPlugin, From D:/Program Files/Unreal/Epic Games/4.13/Engine/Plugins/ScriptPlugin/ScriptPlugin.uplugin
LogPluginManager: Loaded Plugin SlateRemote, From D:/Program Files/Unreal/Epic Games/4.13/Engine/Plugins/Slate/SlateRemote/SlateRemote.uplugin
LogInit: Using libcurl 7.47.1
LogInit:  - built for x86_64-pc-win32
LogInit:  - supports SSL with WinSSL
LogInit:  - other features:
LogInit:      CURL_VERSION_SSL
LogInit:      CURL_VERSION_IPV6
LogInit:      CURL_VERSION_ASYNCHDNS
LogInit:      CURL_VERSION_LARGEFILE
LogInit:      CURL_VERSION_IDN
LogInit:  CurlRequestOptions (configurable via config and command line):
LogInit:  - bVerifyPeer = false  - Libcurl will NOT verify peer certificate
LogInit:  - bUseHttpProxy = false  - Libcurl will NOT use HTTP proxy
LogInit:  - bDontReuseConnections = false  - Libcurl will reuse connections
LogInit:  - CertBundlePath = nullptr  - Libcurl will use whatever was configured at build time.
LogModuleManager:Warning: No filename provided for module OnlineSubsystemLAN
LogModuleManager:Warning: ModuleManager: Unable to load module 'OnlineSubsystemLAN' because the file 'D:/Program Files/Unreal/Epic Games/4.13/Engine/Binaries/Win64/' was not found.
LogInit: WinSock: version 1.1 (2.2), MaxSocks=32767, MaxUdp=65467
LogVoice:Warning: Failed to initialize voice interface
LogInit: Build: ++UE4+Release-4.13-CL-3142249
LogInit: Engine Version: 4.13.1-3142249+++UE4+Release-4.13
LogInit: Compatible Engine Version: 4.13.0-3106830+++UE4+Release-4.13
LogInit: Net CL: 3142249
LogDevObjectVersion: Number of dev versions registered: 13
LogDevObjectVersion:   Dev-Blueprints (B0D832E4-1F89-4F0D-ACCF-7EB736FD4AA2): 5
LogDevObjectVersion:   Dev-Build (E1C64328-A22C-4D53-A36C-8E866417BD8C): 0
LogDevObjectVersion:   Dev-Core (375EC13C-06E4-48FB-B500-84F0262A717E): 1
LogDevObjectVersion:   Dev-Editor (E4B068ED-F494-42E9-A231-DA0B2E46BB41): 6
LogDevObjectVersion:   Dev-Framework (CFFC743F-43B0-4480-9391-14DF171D2073): 12
LogDevObjectVersion:   Dev-Mobile (B02B49B5-BB20-44E9-A304-32B752E40360): 0
LogDevObjectVersion:   Dev-Networking (A4E4105C-59A1-49B5-A7C5-40C4547EDFEE): 0
LogDevObjectVersion:   Dev-Online (39C831C9-5AE6-47DC-9A44-9C173E1C8E7C): 0
LogDevObjectVersion:   Dev-Physics (78F01B33-EBEA-4F98-B9B4-84EACCB95AA2): 0
LogDevObjectVersion:   Dev-Platform (6631380F-2D4D-43E0-8009-CF276956A95A): 0
LogDevObjectVersion:   Dev-Rendering (12F88B9F-8875-4AFC-A67C-D90C383ABD29): 4
LogDevObjectVersion:   Dev-Sequencer (7B5AE74C-D270-4C10-A958-57980B212A5A): 0
LogDevObjectVersion:   Dev-VR (D7296918-1DD6-4BDD-9DE2-64A83CC13884): 0
LogInit: Compiled (64-bit): Sep 28 2016 02:12:12
LogInit: Compiled with Visual C++: 19.00.23026.00
LogInit: Build Configuration: Development
LogInit: Branch Name: ++UE4+Release-4.13
LogInit: Command line:  
LogInit: Base directory: D:/Program Files/Unreal/Epic Games/4.13/Engine/Binaries/Win64/
LogInit: Installed Engine Build: 1
LogInit: Presizing for max 8388607 objects, including 0 objects not considered by GC, pre-allocating 0 bytes for permanent pool.
LogInit: Object subsystem initialized
[2017.02.02-22.42.52:289][  0]LogInit: Selected Device Profile: [Windows]
[2017.02.02-22.42.52:289][  0]LogInit: Applying CVar settings loaded from the selected device profile: [Windows]
[2017.02.02-22.42.52:296][  0]LogInit: Computer: KIERAN-PC
[2017.02.02-22.42.52:296][  0]LogInit: User: Kieran
[2017.02.02-22.42.52:296][  0]LogInit: CPU Page size=65536, Cores=4
[2017.02.02-22.42.52:296][  0]LogInit: High frequency timer resolution =3.903989 MHz
[2017.02.02-22.42.52:296][  0]LogMemory: Memory total: Physical=23.9GB (24GB approx)
[2017.02.02-22.42.52:296][  0]LogMemory: Platform Memory Stats for Windows
[2017.02.02-22.42.52:296][  0]LogMemory: Process Physical Memory: 257.73 MB used, 257.73 MB peak
[2017.02.02-22.42.52:296][  0]LogMemory: Process Virtual Memory: 260.36 MB used, 260.36 MB peak
[2017.02.02-22.42.52:296][  0]LogMemory: Physical Memory: 4977.28 MB used, 24517.86 MB total
[2017.02.02-22.42.52:296][  0]LogMemory: Virtual Memory: 625.60 MB used, 134217728.00 MB total
[2017.02.02-22.42.52:329][  0]LogTextLocalizationManager: No specific translations for ('en-US') exist, so ('en') translations will be used.
[2017.02.02-22.42.52:784][  0]LogD3D11RHI: D3D11 adapters:
[2017.02.02-22.42.52:808][  0]LogD3D11RHI:    0. 'NVIDIA GeForce GTX 970' (Feature Level 11_0)
[2017.02.02-22.42.52:808][  0]LogD3D11RHI:       4058/0/12258 MB DedicatedVideo/DedicatedSystem/SharedSystem, Outputs:2, VendorId:0x10de
[2017.02.02-22.42.52:809][  0]LogD3D11RHI:    1. 'Microsoft Basic Render Driver' (Feature Level 11_0)
[2017.02.02-22.42.52:809][  0]LogD3D11RHI:       0/0/12258 MB DedicatedVideo/DedicatedSystem/SharedSystem, Outputs:0, VendorId:0x1414
[2017.02.02-22.42.52:809][  0]LogD3D11RHI: Chosen D3D11 Adapter: 0
[2017.02.02-22.42.52:813][  0]LogD3D11RHI: Creating new Direct3DDevice
[2017.02.02-22.42.52:814][  0]LogD3D11RHI:     GPU DeviceId: 0x13c2 (for the marketing name, search the web for "GPU Device Id")
[2017.02.02-22.42.52:814][  0]LogWindows: EnumDisplayDevices:
[2017.02.02-22.42.52:814][  0]LogWindows:    0. 'NVIDIA GeForce GTX 970' (P:0 D:1)
[2017.02.02-22.42.52:814][  0]LogWindows:    1. 'NVIDIA GeForce GTX 970' (P:1 D:1)
[2017.02.02-22.42.52:814][  0]LogWindows:    2. 'NVIDIA GeForce GTX 970' (P:0 D:0)
[2017.02.02-22.42.52:814][  0]LogWindows:    3. 'NVIDIA GeForce GTX 970' (P:0 D:0)
[2017.02.02-22.42.52:814][  0]LogWindows: DebugString: FoundDriverCount:4 
[2017.02.02-22.42.52:814][  0]LogD3D11RHI:     Adapter Name: NVIDIA GeForce GTX 970
[2017.02.02-22.42.52:815][  0]LogD3D11RHI:   Driver Version: 375.86 (internal:21.21.13.7586, unified:375.86)
[2017.02.02-22.42.52:815][  0]LogD3D11RHI:      Driver Date: 11-10-2016
[2017.02.02-22.42.52:815][  0]LogRHI: Texture pool is 1361 MB (70% of 1945 MB)
[2017.02.02-22.42.52:824][  0]LogD3D11RHI: Async texture creation enabled
[2017.02.02-22.42.52:834][  0]LogD3D11RHI: GPU Timing Frequency: 1000.000000 (Debug: 2 1)
[2017.02.02-22.42.52:834][  0]LogShaderCompilers: Guid format shader working directory is 0 characters bigger than the processId version (C:/Users/Kieran/Desktop/GameWork/MultiplayerV2/Intermediate/Shaders/WorkingDirectory/10660/).
[2017.02.02-22.42.52:834][  0]LogShaderCompilers: Cleaned the shader compiler working directory 'C:/Users/Kieran/AppData/Local/Temp/UnrealShaderWorkingDir/92586353445785B0BC94C19708949079/'.
[2017.02.02-22.42.52:834][  0]LogShaderCompilers:Display: Using Local Shader Compiler.
[2017.02.02-22.42.53:661][  0]LogTemp:Display: Loaded TP AllDesktopTargetPlatform
[2017.02.02-22.42.53:670][  0]LogTemp:Display: Loaded TP WindowsClientTargetPlatform
[2017.02.02-22.42.53:676][  0]LogTemp:Display: Loaded TP WindowsNoEditorTargetPlatform
[2017.02.02-22.42.53:682][  0]LogTemp:Display: Loaded TP WindowsServerTargetPlatform
[2017.02.02-22.42.53:688][  0]LogTemp:Display: Loaded TP WindowsTargetPlatform
[2017.02.02-22.42.53:693][  0]LogTemp:Display: Loaded TP AndroidTargetPlatform
[2017.02.02-22.42.53:698][  0]LogTemp:Display: Loaded TP Android_ASTCTargetPlatform
[2017.02.02-22.42.53:704][  0]LogTemp:Display: Loaded TP Android_ATCTargetPlatform
[2017.02.02-22.42.53:708][  0]LogTemp:Display: Loaded TP Android_DXTTargetPlatform
[2017.02.02-22.42.53:713][  0]LogTemp:Display: Loaded TP Android_ETC1TargetPlatform
[2017.02.02-22.42.53:718][  0]LogTemp:Display: Loaded TP Android_ETC2TargetPlatform
[2017.02.02-22.42.53:727][  0]LogTemp:Display: Loaded TP Android_MultiTargetPlatform
[2017.02.02-22.42.53:727][  0]LogTemp:Display: Loaded TP Android_PVRTCTargetPlatform
[2017.02.02-22.42.53:727][  0]LogTemp:Display: Loaded TP HTML5TargetPlatform
[2017.02.02-22.42.53:747][  0]LogTemp:Display: Loaded TP IOSTargetPlatform
[2017.02.02-22.42.53:751][  0]LogTemp:Display: Loaded TP TVOSTargetPlatform
[2017.02.02-22.42.53:756][  0]LogTemp:Display: Loaded TP LinuxClientTargetPlatform
[2017.02.02-22.42.53:768][  0]LogTemp:Display: Loaded TP LinuxNoEditorTargetPlatform
[2017.02.02-22.42.53:780][  0]LogTemp:Display: Loaded TP LinuxServerTargetPlatform
[2017.02.02-22.42.53:789][  0]LogTemp:Display: Loaded TP LinuxTargetPlatform
[2017.02.02-22.42.53:789][  0]LogTargetPlatformManager:Display: Building Assets For Windows
[2017.02.02-22.42.53:885][  0]LogDerivedDataCache:Display: Max Cache Size: 512 MB
[2017.02.02-22.42.53:936][  0]LogDerivedDataCache: Loaded boot cache 0.05s 62MB C:/Users/Kieran/AppData/Local/UnrealEngine/4.13/DerivedDataCache/Boot.ddc.
[2017.02.02-22.42.53:936][  0]LogDerivedDataCache:Display: Loaded Boot cache: C:/Users/Kieran/AppData/Local/UnrealEngine/4.13/DerivedDataCache/Boot.ddc
[2017.02.02-22.42.53:936][  0]LogDerivedDataCache: FDerivedDataBackendGraph:  Pak pak cache file C:/Users/Kieran/Desktop/GameWork/MultiplayerV2/DerivedDataCache/DDC.ddp not found, will not use a pak cache.
[2017.02.02-22.42.53:936][  0]LogDerivedDataCache: Unable to find inner node Pak for hierarchical cache Hierarchy.
[2017.02.02-22.42.53:936][  0]LogDerivedDataCache: FDerivedDataBackendGraph:  CompressedPak pak cache file C:/Users/Kieran/Desktop/GameWork/MultiplayerV2/DerivedDataCache/Compressed.ddp not found, will not use a pak cache.
[2017.02.02-22.42.53:936][  0]LogDerivedDataCache: Unable to find inner node CompressedPak for hierarchical cache Hierarchy.
[2017.02.02-22.42.53:950][  0]LogDerivedDataCache:Display: Pak cache opened for reading ../../../Engine/DerivedDataCache/Compressed.ddp.
[2017.02.02-22.42.53:962][  0]LogDerivedDataCache: Using Local data cache path C:/Users/Kieran/AppData/Local/UnrealEngine/Common/DerivedDataCache: Writable
[2017.02.02-22.42.54:106][  0]LogInit: Selected Device Profile: [Windows]
[2017.02.02-22.42.54:107][  0]LogContentStreaming: Texture pool size is 0.00 MB
[2017.02.02-22.42.54:176][  0]LogMeshUtilities: No automatic mesh reduction module available
[2017.02.02-22.42.54:176][  0]LogMeshUtilities: No automatic mesh merging module available
[2017.02.02-22.42.54:176][  0]LogMeshUtilities: No distributed automatic mesh merging module available
[2017.02.02-22.42.54:226][  0]LogMaterial: Uniform references updated for custom material expression Custom.
[2017.02.02-22.42.54:460][  0]LogNetVersion: GetLocalNetworkVersion: CL: 3106830, ProjectName: multiplayerv2, ProjectVersion: , EngineNetworkVersion: 1, GameNetworkVersion: 0, NetworkChecksum: 2011542088
[2017.02.02-22.42.54:492][  0]LogAssetRegistry: FAssetRegistry took 0.0209 seconds to start up
[2017.02.02-22.42.54:519][  0]LogPackageLocalizationCache: Processed 3 localized package path(s) for 2 prioritized culture(s) in 0.025357 seconds
[2017.02.02-22.42.54:524][  0]LogUObjectArray: 29778 objects as part of root set at end of initial load.
[2017.02.02-22.42.54:524][  0]LogUObjectAllocator: 6125448 out of 0 bytes used by permanent object pool.
[2017.02.02-22.42.54:524][  0]LogUObjectArray: CloseDisregardForGC: 0/0 objects in disregard for GC pool
[2017.02.02-22.42.54:678][  0]LogSlate: SlateFontCache - WITH_FREETYPE: 1, WITH_HARFBUZZ: 1
[2017.02.02-22.42.54:678][  0]LogSlate: SlateFontCache - WITH_FREETYPE: 1, WITH_HARFBUZZ: 1
[2017.02.02-22.42.55:171][  0]LogSubstanceCoreModule: Substance CPU Engine Loaded, Max Texture Size 2048
[2017.02.02-22.42.55:177][  0]LogTcpMessaging: Initializing TcpMessaging bridge
[2017.02.02-22.42.55:194][  0]LogUdpMessaging: Initializing bridge on interface 0.0.0.0:0 to multicast group 230.0.0.1:6666.
[2017.02.02-22.42.55:426][  0]SourceControl: Info Source control is disabled
[2017.02.02-22.42.55:426][  0]SourceControl: Info Source control is disabled
[2017.02.02-22.42.55:433][  0]SourceControl: Info Source control is disabled
[2017.02.02-22.42.55:440][  0]SourceControl: Info Source control is disabled
[2017.02.02-22.42.55:672][  0]LogEngine: Initializing Engine...
[2017.02.02-22.42.55:673][  0]LogHMD: Failed to initialize OpenVR with code 110
[2017.02.02-22.42.55:796][  0]LogAIModule: Creating AISystem for world Untitled
[2017.02.02-22.42.55:808][  0]LogInit: XAudio2 using 'Speakers (Realtek High Definition Audio)' : 2 channels at 48 kHz using 32 bits per sample (channel mask 0x3)
[2017.02.02-22.42.55:821][  0]LogInit: FAudioDevice initialized.
[2017.02.02-22.42.55:847][  0]LogDerivedDataCache: Saved boot cache 0.03s 62MB C:/Users/Kieran/AppData/Local/UnrealEngine/4.13/DerivedDataCache/Boot.ddc.
[2017.02.02-22.42.55:852][  0]LogInit: Texture streaming: Enabled
[2017.02.02-22.42.55:873][  0]LogInit: Transaction tracking system initialized
[2017.02.02-22.42.55:895][  0]BlueprintLog: New page: Editor Load
[2017.02.02-22.42.55:963][  0]LocalizationService: Info Localization service is disabled
[2017.02.02-22.42.56:024][  0]LogConsoleResponse:Display: 
[2017.02.02-22.42.56:101][  0]LogCook:Display: Max memory allowance for cook 16384mb min free memory 0mb
[2017.02.02-22.42.56:101][  0]LogCook:Display: Mobile HDR setting 1
[2017.02.02-22.42.56:212][  0]LogFileCache: Scanning file cache for directory 'C:/Users/Kieran/Desktop/GameWork/MultiplayerV2/Content/' took 0.01s
[2017.02.02-22.42.56:212][  0]SourceControl: Info Source control is disabled
[2017.02.02-22.42.56:212][  0]Cmd: MAP LOAD FILE="C:/Users/Kieran/Desktop/GameWork/MultiplayerV2/Content/ThirdPersonBP/Maps/ThirdPersonExampleMap.umap" TEMPLATE=0 SHOWPROGRESS=1 FEATURELEVEL=3
[2017.02.02-22.42.56:213][  0]LightingResults: New page: Lighting Build
[2017.02.02-22.42.56:216][  0]MapCheck: New page: Map Check
[2017.02.02-22.42.56:216][  0]LightingResults: New page: Lighting Build
[2017.02.02-22.42.56:685][  0]LogAIModule: Creating AISystem for world ThirdPersonExampleMap
[2017.02.02-22.42.56:690][  0]LogEditorServer: Finished looking for orphan Actors (0.000 secs)
[2017.02.02-22.42.56:690][  0]Cmd: MAP CHECKDEP NOCLEARLOG
[2017.02.02-22.42.56:719][  0]MapCheck: Info Map check complete: 0 Error(s), 0 Warning(s), took 28.192ms to complete.
[2017.02.02-22.42.56:719][  0]LogFileHelpers: Loading map 'ThirdPersonExampleMap' took 0.506
[2017.02.02-22.42.56:905][  0]LogCollectionManager: Loaded 0 collections in 0.001781 seconds
[2017.02.02-22.42.56:967][  0]LogFileCache: Scanning file cache for directory 'C:/Users/Kieran/Desktop/GameWork/MultiplayerV2/Saved/Collections/' took 0.01s
[2017.02.02-22.42.56:967][  0]LogFileCache: Scanning file cache for directory 'C:/Users/Kieran/Desktop/GameWork/MultiplayerV2/Content/Developers/Kieran/Collections/' took 0.01s
[2017.02.02-22.42.56:967][  0]LogFileCache: Scanning file cache for directory 'C:/Users/Kieran/Desktop/GameWork/MultiplayerV2/Content/Collections/' took 0.01s
[2017.02.02-22.42.56:967][  0]LogCollectionManager: Rebuilt the GUID cache for 0 collections in 0.000003 seconds
[2017.02.02-22.42.56:979][  0]LogContentBrowser: Native class hierarchy populated in 0.0116 seconds. Added 2156 classes and 421 folders.
[2017.02.02-22.42.56:984][  0]LogStats: UGameplayTagsManager::ConstructGameplayTagTree: Construct from data asset -  0.000 s
[2017.02.02-22.42.56:984][  0]LogStats: UGameplayTagsManager::ConstructGameplayTagTree: GameplayTagTreeChangedEvent.Broadcast -  0.000 s
[2017.02.02-22.42.56:984][  0]LogContentBrowser: Native class hierarchy updated for 'GameplayTags' in 0.0006 seconds. Added 12 classes and 0 folders.
[2017.02.02-22.42.56:991][  0]LogContentBrowser: Native class hierarchy updated for 'WidgetCarousel' in 0.0005 seconds. Added 0 classes and 0 folders.
[2017.02.02-22.42.57:018][  0]LogContentBrowser: Native class hierarchy updated for 'AddContentDialog' in 0.0004 seconds. Added 0 classes and 0 folders.
[2017.02.02-22.42.57:023][  0]LogContentBrowser: Native class hierarchy updated for 'SceneOutliner' in 0.0004 seconds. Added 1 classes and 2 folders.
[2017.02.02-22.42.57:033][  0]LogCrashTracker: Crashtracker disabled due to settings.
[2017.02.02-22.42.57:038][  0]LogUObjectGlobals:Warning: Failed to find object 'Class None.'
[2017.02.02-22.42.57:063][  0]LogContentBrowser: Native class hierarchy updated for 'HierarchicalLODOutliner' in 0.0003 seconds. Added 1 classes and 2 folders.
[2017.02.02-22.42.57:063][  0]LogLoad: (Engine Initialization) Total time: 5.63 seconds
[2017.02.02-22.42.57:063][  0]LogLoad: (Engine Initialization) Total Blueprint compile time: 0.13 seconds
[2017.02.02-22.42.57:063][  0]LogExternalProfiler: Found external profiler: VSPerf
[2017.02.02-22.42.57:063][  0]LogExternalProfiler: Using external profiler: VSPerf
[2017.02.02-22.42.57:072][  0]LogWindowsTextInputMethodSystem:Display: IME system now deactivated.
[2017.02.02-22.42.57:072][  0]LogOcInput: OculusInput pre-init called
[2017.02.02-22.42.57:091][  0]LogContentStreaming: Texture pool size now 1000 MB
[2017.02.02-22.42.57:207][  0]LogRenderer: Reallocating scene render targets to support 1124x612 (Frame:2).
[2017.02.02-22.42.57:331][  1]LogAssetRegistry: Asset discovery search completed in 2.8597 seconds
[2017.02.02-22.42.57:331][  1]LogCollectionManager: Rebuilt the object cache for 0 collections in 0.000001 seconds (found 0 objects)
[2017.02.02-22.42.57:331][  1]LogCollectionManager: Fixed up redirectors for 0 collections in 0.000040 seconds (updated 0 objects)
[2017.02.02-22.43.18:197][486]LogLinker:Warning: Can't find file '/Game/TrapBP/BP_fallingTrap'
[2017.02.02-22.43.18:197][486]LogLinker:Warning: Can't find file for asset '/Game/TrapBP/BP_fallingTrap' while loading C:/Users/Kieran/Desktop/GameWork/MultiplayerV2/Content/ThirdPersonBP/Blueprints/BadGuyBP.uasset.
[2017.02.02-22.43.18:197][486]LoadErrors:Error: Error /Game/ThirdPersonBP/Blueprints/BadGuyBP : Can't find file for asset. /Game/TrapBP/BP_fallingTrap
[2017.02.02-22.43.18:197][486]LogLinker:Warning: Can't find file '/Game/TrapBP/BP_raisingTrap'
[2017.02.02-22.43.18:197][486]LogLinker:Warning: Can't find file for asset '/Game/TrapBP/BP_raisingTrap' while loading C:/Users/Kieran/Desktop/GameWork/MultiplayerV2/Content/ThirdPersonBP/Blueprints/BadGuyBP.uasset.
[2017.02.02-22.43.18:197][486]LoadErrors:Error: Error /Game/ThirdPersonBP/Blueprints/BadGuyBP : Can't find file for asset. /Game/TrapBP/BP_raisingTrap
[2017.02.02-22.43.18:198][486]LogLinker:Warning: Can't find file '/Game/TrapBP/BP_ropeTrap'
[2017.02.02-22.43.18:198][486]LogLinker:Warning: Can't find file for asset '/Game/TrapBP/BP_ropeTrap' while loading C:/Users/Kieran/Desktop/GameWork/MultiplayerV2/Content/ThirdPersonBP/Blueprints/BadGuyBP.uasset.
[2017.02.02-22.43.18:198][486]LoadErrors:Error: Error /Game/ThirdPersonBP/Blueprints/BadGuyBP : Can't find file for asset. /Game/TrapBP/BP_ropeTrap
[2017.02.02-22.43.18:198][486]LogLinker:Warning: Can't find file '/Game/TrapBP/BP_slowingTrap'
[2017.02.02-22.43.18:198][486]LogLinker:Warning: Can't find file for asset '/Game/TrapBP/BP_slowingTrap' while loading C:/Users/Kieran/Desktop/GameWork/MultiplayerV2/Content/ThirdPersonBP/Blueprints/BadGuyBP.uasset.
[2017.02.02-22.43.18:198][486]LoadErrors:Error: Error /Game/ThirdPersonBP/Blueprints/BadGuyBP : Can't find file for asset. /Game/TrapBP/BP_slowingTrap
[2017.02.02-22.43.18:200][486]LogLinker:Warning: Can't find file '/Game/ThirdPersonBP/BuildSystem/BuildType'
[2017.02.02-22.43.18:200][486]LogLinker:Warning: Can't find file for asset '/Game/ThirdPersonBP/BuildSystem/BuildType' while loading C:/Users/Kieran/Desktop/GameWork/MultiplayerV2/Content/ThirdPersonBP/Blueprints/BadGuyBP.uasset.
[2017.02.02-22.43.18:200][486]LoadErrors:Error: Error /Game/ThirdPersonBP/Blueprints/BadGuyBP : Can't find file for asset. /Game/ThirdPersonBP/BuildSystem/BuildType
[2017.02.02-22.43.18:200][486]LogLinker:Warning: Can't find file '/Game/TrapBP/BP_fallingTrap'
[2017.02.02-22.43.18:200][486]LogLinker:Warning: Can't find file for asset '/Game/TrapBP/BP_fallingTrap' while loading C:/Users/Kieran/Desktop/GameWork/MultiplayerV2/Content/ThirdPersonBP/Blueprints/BadGuyBP.uasset.
[2017.02.02-22.43.18:200][486]LogLinker:Warning: Can't find file '/Game/TrapBP/BP_raisingTrap'
[2017.02.02-22.43.18:200][486]LogLinker:Warning: Can't find file for asset '/Game/TrapBP/BP_raisingTrap' while loading C:/Users/Kieran/Desktop/GameWork/MultiplayerV2/Content/ThirdPersonBP/Blueprints/BadGuyBP.uasset.
[2017.02.02-22.43.18:200][486]LogLinker:Warning: Can't find file '/Game/TrapBP/BP_ropeTrap'
[2017.02.02-22.43.18:200][486]LogLinker:Warning: Can't find file for asset '/Game/TrapBP/BP_ropeTrap' while loading C:/Users/Kieran/Desktop/GameWork/MultiplayerV2/Content/ThirdPersonBP/Blueprints/BadGuyBP.uasset.
[2017.02.02-22.43.18:200][486]LogLinker:Warning: Can't find file '/Game/TrapBP/BP_slowingTrap'
[2017.02.02-22.43.18:200][486]LogLinker:Warning: Can't find file for asset '/Game/TrapBP/BP_slowingTrap' while loading C:/Users/Kieran/Desktop/GameWork/MultiplayerV2/Content/ThirdPersonBP/Blueprints/BadGuyBP.uasset.
[2017.02.02-22.43.18:201][486]LogLinker:Warning: Can't find file '/Game/ThirdPersonBP/BuildSystem/BuildType'
[2017.02.02-22.43.18:201][486]LogLinker:Warning: Can't find file for asset '/Game/ThirdPersonBP/BuildSystem/BuildType' while loading C:/Users/Kieran/Desktop/GameWork/MultiplayerV2/Content/ThirdPersonBP/Blueprints/BadGuyBP.uasset.
[2017.02.02-22.43.18:202][486]LogLinker:Warning: Can't find file '/Game/ThirdPersonBP/BuildSystem/BuildType'
[2017.02.02-22.43.18:202][486]LoadErrors: Info Failed to load /Game/ThirdPersonBP/BuildSystem/BuildType.BuildType Referenced by Building
[2017.02.02-22.43.18:202][486]LogLinker:Warning: Can't find file for asset '/Game/ThirdPersonBP/BuildSystem/BuildType' while loading NULL.
[2017.02.02-22.43.18:203][486]LogLinker:Warning: Can't find file '/Game/ThirdPersonBP/BuildSystem/BuildType'
[2017.02.02-22.43.18:203][486]LoadErrors: Info Failed to load /Game/ThirdPersonBP/BuildSystem/BuildType.BuildType Referenced by Temp_byte_Variable
[2017.02.02-22.43.18:203][486]LogLinker:Warning: Can't find file for asset '/Game/ThirdPersonBP/BuildSystem/BuildType' while loading NULL.
[2017.02.02-22.43.18:203][486]LogLinker:Warning: Can't find file '/Game/ThirdPersonBP/BuildSystem/BuildType'
[2017.02.02-22.43.18:203][486]LoadErrors: Info Failed to load /Game/ThirdPersonBP/BuildSystem/BuildType.BuildType Referenced by K2Node_CustomEvent_Building
[2017.02.02-22.43.18:204][486]LogLinker:Warning: Can't find file for asset '/Game/ThirdPersonBP/BuildSystem/BuildType' while loading NULL.
[2017.02.02-22.43.18:204][486]LogLinker:Warning: Can't find file '/Game/TrapBP/BP_fallingTrap'
[2017.02.02-22.43.18:205][486]LogLinker:Warning: Can't find file for asset '/Game/TrapBP/BP_fallingTrap' while loading NULL.
[2017.02.02-22.43.18:205][486]LogLinker:Warning: Can't find file '/Game/TrapBP/BP_raisingTrap'
[2017.02.02-22.43.18:205][486]LogLinker:Warning: Can't find file for asset '/Game/TrapBP/BP_raisingTrap' while loading NULL.
[2017.02.02-22.43.18:205][486]LogLinker:Warning: Can't find file '/Game/TrapBP/BP_ropeTrap'
[2017.02.02-22.43.18:205][486]LogLinker:Warning: Can't find file for asset '/Game/TrapBP/BP_ropeTrap' while loading NULL.
[2017.02.02-22.43.18:205][486]LogLinker:Warning: Can't find file '/Game/TrapBP/BP_slowingTrap'
[2017.02.02-22.43.18:205][486]LogLinker:Warning: Can't find file for asset '/Game/TrapBP/BP_slowingTrap' while loading NULL.
[2017.02.02-22.43.18:205][486]LogLinker:Warning: Can't find file '/Game/ThirdPersonBP/BuildSystem/BuildType'
[2017.02.02-22.43.18:205][486]LogLinker:Warning: Can't find file for asset '/Game/ThirdPersonBP/BuildSystem/BuildType' while loading NULL.
[2017.02.02-22.43.18:205][486]LogLinker:Warning: Can't find file '/Game/TrapBP/BP_fallingTrap'
[2017.02.02-22.43.18:205][486]LogLinker:Warning: Can't find file for asset '/Game/TrapBP/BP_fallingTrap' while loading NULL.
[2017.02.02-22.43.18:205][486]LogLinker:Warning: Can't find file '/Game/TrapBP/BP_raisingTrap'
[2017.02.02-22.43.18:205][486]LogLinker:Warning: Can't find file for asset '/Game/TrapBP/BP_raisingTrap' while loading NULL.
[2017.02.02-22.43.18:205][486]LogLinker:Warning: Can't find file '/Game/TrapBP/BP_ropeTrap'
[2017.02.02-22.43.18:205][486]LogLinker:Warning: Can't find file for asset '/Game/TrapBP/BP_ropeTrap' while loading NULL.
[2017.02.02-22.43.18:205][486]LogLinker:Warning: Can't find file '/Game/TrapBP/BP_slowingTrap'
[2017.02.02-22.43.18:205][486]LogLinker:Warning: Can't find file for asset '/Game/TrapBP/BP_slowingTrap' while loading NULL.
[2017.02.02-22.43.18:205][486]LogLinker:Warning: Can't find file '/Game/ThirdPersonBP/BuildSystem/BuildType'
[2017.02.02-22.43.18:205][486]LogLinker:Warning: Can't find file for asset '/Game/ThirdPersonBP/BuildSystem/BuildType' while loading NULL.
[2017.02.02-22.43.18:209][486]LogLinker:Warning: Can't find file '/Game/ThirdPersonBP/BuildSystem/BuildType'
[2017.02.02-22.43.18:209][486]LoadErrors: Info Failed to load /Game/ThirdPersonBP/BuildSystem/BuildType.BuildType Referenced by K2Node_CustomEvent_0
[2017.02.02-22.43.18:209][486]LogLinker:Warning: Can't find file for asset '/Game/ThirdPersonBP/BuildSystem/BuildType' while loading NULL.
[2017.02.02-22.43.18:209][486]LogLinker:Warning: Can't find file '/Game/ThirdPersonBP/BuildSystem/BuildType'
[2017.02.02-22.43.18:209][486]LogLinker:Warning: Can't find file for asset '/Game/ThirdPersonBP/BuildSystem/BuildType' while loading NULL.
[2017.02.02-22.43.18:209][486]LogLinker:Warning: Can't find file '/Game/ThirdPersonBP/BuildSystem/BuildType'
[2017.02.02-22.43.18:209][486]LoadErrors: Info Failed to load /Game/ThirdPersonBP/BuildSystem/BuildType.BuildType Referenced by K2Node_Select_0
[2017.02.02-22.43.18:210][486]LogLinker:Warning: Can't find file for asset '/Game/ThirdPersonBP/BuildSystem/BuildType' while loading NULL.
[2017.02.02-22.43.18:210][486]LogLinker:Warning: Can't find file '/Game/ThirdPersonBP/BuildSystem/BuildType'
[2017.02.02-22.43.18:210][486]LogLinker:Warning: Can't find file for asset '/Game/ThirdPersonBP/BuildSystem/BuildType' while loading NULL.
[2017.02.02-22.43.18:210][486]LogLinker:Warning: Can't find file '/Game/TrapBP/BP_fallingTrap'
[2017.02.02-22.43.18:210][486]LoadErrors: Info Failed to load /Game/TrapBP/BP_fallingTrap.BP_fallingTrap_C Referenced by K2Node_Select_0
[2017.02.02-22.43.18:210][486]LogLinker:Warning: Can't find file for asset '/Game/TrapBP/BP_fallingTrap' while loading NULL.
[2017.02.02-22.43.18:210][486]LogLinker:Warning: Can't find file '/Game/TrapBP/BP_raisingTrap'
[2017.02.02-22.43.18:210][486]LoadErrors: Info Failed to load /Game/TrapBP/BP_raisingTrap.BP_raisingTrap_C Referenced by K2Node_Select_0
[2017.02.02-22.43.18:210][486]LogLinker:Warning: Can't find file for asset '/Game/TrapBP/BP_raisingTrap' while loading NULL.
[2017.02.02-22.43.18:210][486]LogLinker:Warning: Can't find file '/Game/TrapBP/BP_slowingTrap'
[2017.02.02-22.43.18:210][486]LoadErrors: Info Failed to load /Game/TrapBP/BP_slowingTrap.BP_slowingTrap_C Referenced by K2Node_Select_0
[2017.02.02-22.43.18:210][486]LogLinker:Warning: Can't find file for asset '/Game/TrapBP/BP_slowingTrap' while loading NULL.
[2017.02.02-22.43.18:210][486]LogLinker:Warning: Can't find file '/Game/TrapBP/BP_ropeTrap'
[2017.02.02-22.43.18:210][486]LoadErrors: Info Failed to load /Game/TrapBP/BP_ropeTrap.BP_ropeTrap_C Referenced by K2Node_Select_0
[2017.02.02-22.43.18:210][486]LogLinker:Warning: Can't find file for asset '/Game/TrapBP/BP_ropeTrap' while loading NULL.
[2017.02.02-22.43.18:211][486]LogLinker:Warning: Can't find file '/Game/ThirdPersonBP/BuildSystem/BuildType'
[2017.02.02-22.43.18:211][486]LogLinker:Warning: Can't find file for asset '/Game/ThirdPersonBP/BuildSystem/BuildType' while loading NULL.
[2017.02.02-22.43.18:211][486]LogLinker:Warning: Can't find file '/Game/ThirdPersonBP/BuildSystem/BuildType'
[2017.02.02-22.43.18:211][486]LoadErrors: Info Failed to load /Game/ThirdPersonBP/BuildSystem/BuildType.BuildType Referenced by K2Node_CallFunction_409
[2017.02.02-22.43.18:211][486]LogLinker:Warning: Can't find file for asset '/Game/ThirdPersonBP/BuildSystem/BuildType' while loading NULL.
[2017.02.02-22.43.18:211][486]LogLinker:Warning: Can't find file '/Game/ThirdPersonBP/BuildSystem/BuildType'
[2017.02.02-22.43.18:211][486]LoadErrors: Info Failed to load /Game/ThirdPersonBP/BuildSystem/BuildType.BuildType Referenced by K2Node_CallFunction_134
[2017.02.02-22.43.18:211][486]LogLinker:Warning: Can't find file for asset '/Game/ThirdPersonBP/BuildSystem/BuildType' while loading NULL.
[2017.02.02-22.43.18:212][486]LogLinker:Warning: Can't find file '/Game/ThirdPersonBP/BuildSystem/BuildType'
[2017.02.02-22.43.18:212][486]LoadErrors: Info Failed to load /Game/ThirdPersonBP/BuildSystem/BuildType.BuildType Referenced by K2Node_CallFunction_408
[2017.02.02-22.43.18:212][486]LogLinker:Warning: Can't find file for asset '/Game/ThirdPersonBP/BuildSystem/BuildType' while loading NULL.
[2017.02.02-22.43.18:212][486]LogLinker:Warning: Can't find file '/Game/ThirdPersonBP/BuildSystem/BuildType'
[2017.02.02-22.43.18:212][486]LoadErrors: Info Failed to load /Game/ThirdPersonBP/BuildSystem/BuildType.BuildType Referenced by K2Node_CallFunction_135
[2017.02.02-22.43.18:212][486]LogLinker:Warning: Can't find file for asset '/Game/ThirdPersonBP/BuildSystem/BuildType' while loading NULL.
[2017.02.02-22.43.18:226][486]LogBlueprint:Warning: [Compiler BadGuyBP] Warning InputAction Event references unknown Action 'ToggleRopeTrap' for  K2Node_InputAction_15
[2017.02.02-22.43.18:226][486]LogBlueprint:Warning: [Compiler BadGuyBP] Warning InputAction Event references unknown Action 'ToggleSlowingTrap' for  K2Node_InputAction_14
[2017.02.02-22.43.18:226][486]LogBlueprint:Warning: [Compiler BadGuyBP] Warning InputAction Event references unknown Action 'ToggleRaisingTrap' for  K2Node_InputAction_13
[2017.02.02-22.43.18:226][486]LogBlueprint:Warning: [Compiler BadGuyBP] Warning InputAction Event references unknown Action 'ToggleFallingTrap' for  K2Node_InputAction_12
[2017.02.02-22.43.18:229][486]LogBlueprint:Error: [Compiler BadGuyBP] Error The current value (NewEnumerator2) of the ' Building ' pin is invalid: Expected a valid unsigned number for a byte property
[2017.02.02-22.43.18:229][486]LogBlueprint:Error: [Compiler BadGuyBP] Error The current value (NewEnumerator3) of the ' Building ' pin is invalid: Expected a valid unsigned number for a byte property
[2017.02.02-22.43.18:229][486]LogBlueprint:Error: [Compiler BadGuyBP] Error The current value (NewEnumerator4) of the ' Building ' pin is invalid: Expected a valid unsigned number for a byte property
[2017.02.02-22.43.18:229][486]LogBlueprint:Error: [Compiler BadGuyBP] Error The current value (NewEnumerator5) of the ' Building ' pin is invalid: Expected a valid unsigned number for a byte property
[2017.02.02-22.43.18:237][486]LogBlueprint:Warning: [Compiler BadGuyBP] Warning [0026.80] Compile of BadGuyBP failed. 4 Fatal Issue(s) 4 Warning(s) [in 15 ms] (/Game/ThirdPersonBP/Blueprints/BadGuyBP.BadGuyBP)
[2017.02.02-22.43.18:237][486]LogBlueprint:Warning: [Compiler BadGuyBP] Warning [0026.80] Compile of BadGuyBP failed. 4 Fatal Issue(s) 5 Warning(s) [in 0 ms] (/Game/ThirdPersonBP/Blueprints/BadGuyBP.BadGuyBP)
[2017.02.02-22.43.18:237][486]LogBlueprint:Warning: [Compiler BadGuyBP] Warning [0026.80] Compile of BadGuyBP failed. 4 Fatal Issue(s) 6 Warning(s) [in 0 ms] (/Game/ThirdPersonBP/Blueprints/BadGuyBP.BadGuyBP)
[2017.02.02-22.43.18:244][486]LogBlueprint:Warning: [Compiler BadGuyBP] Warning InputAction Event references unknown Action 'ToggleRopeTrap' for  K2Node_InputAction_15
[2017.02.02-22.43.18:244][486]LogBlueprint:Warning: [Compiler BadGuyBP] Warning InputAction Event references unknown Action 'ToggleSlowingTrap' for  K2Node_InputAction_14
[2017.02.02-22.43.18:244][486]LogBlueprint:Warning: [Compiler BadGuyBP] Warning InputAction Event references unknown Action 'ToggleRaisingTrap' for  K2Node_InputAction_13
[2017.02.02-22.43.18:244][486]LogBlueprint:Warning: [Compiler BadGuyBP] Warning InputAction Event references unknown Action 'ToggleFallingTrap' for  K2Node_InputAction_12
[2017.02.02-22.43.18:247][486]LogBlueprint:Error: [Compiler BadGuyBP] Error The current value (NewEnumerator2) of the ' Building ' pin is invalid: Expected a valid unsigned number for a byte property
[2017.02.02-22.43.18:247][486]LogBlueprint:Error: [Compiler BadGuyBP] Error The current value (NewEnumerator3) of the ' Building ' pin is invalid: Expected a valid unsigned number for a byte property
[2017.02.02-22.43.18:247][486]LogBlueprint:Error: [Compiler BadGuyBP] Error The current value (NewEnumerator4) of the ' Building ' pin is invalid: Expected a valid unsigned number for a byte property
[2017.02.02-22.43.18:247][486]LogBlueprint:Error: [Compiler BadGuyBP] Error The current value (NewEnumerator5) of the ' Building ' pin is invalid: Expected a valid unsigned number for a byte property
[2017.02.02-22.43.18:255][486]LogBlueprint:Warning: [Compiler BadGuyBP] Warning [0026.82] Compile of BadGuyBP failed. 4 Fatal Issue(s) 4 Warning(s) [in 16 ms] (/Game/ThirdPersonBP/Blueprints/BadGuyBP.BadGuyBP)
[2017.02.02-22.43.18:255][486]LogBlueprint:Warning: [Compiler BadGuyBP] Warning [0026.82] Compile of BadGuyBP failed. 4 Fatal Issue(s) 5 Warning(s) [in 0 ms] (/Game/ThirdPersonBP/Blueprints/BadGuyBP.BadGuyBP)
[2017.02.02-22.43.18:255][486]LogBlueprint:Warning: [Compiler BadGuyBP] Warning [0026.82] Compile of BadGuyBP failed. 4 Fatal Issue(s) 6 Warning(s) [in 0 ms] (/Game/ThirdPersonBP/Blueprints/BadGuyBP.BadGuyBP)
[2017.02.02-22.43.18:554][486]LogContentBrowser: Native class hierarchy updated for 'BlueprintGraph' in 0.0014 seconds. Added 112 classes and 0 folders.
[2017.02.02-22.43.22:462][691]BlueprintLog: New page: Compile BadGuyBP
[2017.02.02-22.43.22:492][691]LogBlueprint:Warning: [Compiler BadGuyBP] Warning InputAction Event references unknown Action 'ToggleRopeTrap' for  K2Node_InputAction_15
[2017.02.02-22.43.22:492][691]LogBlueprint:Warning: [Compiler BadGuyBP] Warning InputAction Event references unknown Action 'ToggleSlowingTrap' for  K2Node_InputAction_14
[2017.02.02-22.43.22:492][691]LogBlueprint:Warning: [Compiler BadGuyBP] Warning InputAction Event references unknown Action 'ToggleRaisingTrap' for  K2Node_InputAction_13
[2017.02.02-22.43.22:492][691]LogBlueprint:Warning: [Compiler BadGuyBP] Warning InputAction Event references unknown Action 'ToggleFallingTrap' for  K2Node_InputAction_12
[2017.02.02-22.43.22:495][691]LogBlueprint:Error: [Compiler BadGuyBP] Error The current value (NewEnumerator2) of the ' Building ' pin is invalid: Expected a valid unsigned number for a byte property
[2017.02.02-22.43.22:495][691]LogBlueprint:Error: [Compiler BadGuyBP] Error The current value (NewEnumerator3) of the ' Building ' pin is invalid: Expected a valid unsigned number for a byte property
[2017.02.02-22.43.22:495][691]LogBlueprint:Error: [Compiler BadGuyBP] Error The current value (NewEnumerator4) of the ' Building ' pin is invalid: Expected a valid unsigned number for a byte property
[2017.02.02-22.43.22:495][691]LogBlueprint:Error: [Compiler BadGuyBP] Error The current value (NewEnumerator5) of the ' Building ' pin is invalid: Expected a valid unsigned number for a byte property
[2017.02.02-22.43.22:688][691]BlueprintEditorCompileResults:Warning: Warning InputAction Event references unknown Action 'ToggleRopeTrap' for  K2Node_InputAction_15
[2017.02.02-22.43.22:688][691]BlueprintEditorCompileResults:Warning: Warning InputAction Event references unknown Action 'ToggleSlowingTrap' for  K2Node_InputAction_14
[2017.02.02-22.43.22:688][691]BlueprintEditorCompileResults:Warning: Warning InputAction Event references unknown Action 'ToggleRaisingTrap' for  K2Node_InputAction_13
[2017.02.02-22.43.22:688][691]BlueprintEditorCompileResults:Warning: Warning InputAction Event references unknown Action 'ToggleFallingTrap' for  K2Node_InputAction_12
[2017.02.02-22.43.22:688][691]BlueprintEditorCompileResults:Error: Error The current value (NewEnumerator2) of the ' Building ' pin is invalid: Expected a valid unsigned number for a byte property
[2017.02.02-22.43.22:688][691]BlueprintEditorCompileResults:Error: Error The current value (NewEnumerator3) of the ' Building ' pin is invalid: Expected a valid unsigned number for a byte property
[2017.02.02-22.43.22:688][691]BlueprintEditorCompileResults:Error: Error The current value (NewEnumerator4) of the ' Building ' pin is invalid: Expected a valid unsigned number for a byte property
[2017.02.02-22.43.22:689][691]BlueprintEditorCompileResults:Error: Error The current value (NewEnumerator5) of the ' Building ' pin is invalid: Expected a valid unsigned number for a byte property
[2017.02.02-22.43.22:689][691]LogBlueprint:Warning: [Compiler BadGuyBP] Warning [0031.25] Compile of BadGuyBP failed. 4 Fatal Issue(s) 4 Warning(s) [in 226 ms] (/Game/ThirdPersonBP/Blueprints/BadGuyBP.BadGuyBP)
[2017.02.02-22.43.37:599][ 96]LogRenderer: Reallocating scene render targets to support 1124x712 (Frame:5714).
[2017.02.02-22.43.39:508][310]BlueprintLog: New page: Compile BadGuyBP
[2017.02.02-22.43.39:535][310]LogBlueprint:Warning: [Compiler BadGuyBP] Warning InputAction Event references unknown Action 'ToggleRopeTrap' for  K2Node_InputAction_15
[2017.02.02-22.43.39:535][310]LogBlueprint:Warning: [Compiler BadGuyBP] Warning InputAction Event references unknown Action 'ToggleSlowingTrap' for  K2Node_InputAction_14
[2017.02.02-22.43.39:536][310]LogBlueprint:Warning: [Compiler BadGuyBP] Warning InputAction Event references unknown Action 'ToggleRaisingTrap' for  K2Node_InputAction_13
[2017.02.02-22.43.39:536][310]LogBlueprint:Warning: [Compiler BadGuyBP] Warning InputAction Event references unknown Action 'ToggleFallingTrap' for  K2Node_InputAction_12
[2017.02.02-22.43.39:538][310]LogBlueprint:Error: [Compiler BadGuyBP] Error The current value (NewEnumerator2) of the ' Building ' pin is invalid: Expected a valid unsigned number for a byte property
[2017.02.02-22.43.39:538][310]LogBlueprint:Error: [Compiler BadGuyBP] Error The current value (NewEnumerator3) of the ' Building ' pin is invalid: Expected a valid unsigned number for a byte property
[2017.02.02-22.43.39:539][310]LogBlueprint:Error: [Compiler BadGuyBP] Error The current value (NewEnumerator4) of the ' Building ' pin is invalid: Expected a valid unsigned number for a byte property
[2017.02.02-22.43.39:539][310]LogBlueprint:Error: [Compiler BadGuyBP] Error The current value (NewEnumerator5) of the ' Building ' pin is invalid: Expected a valid unsigned number for a byte property
[2017.02.02-22.43.39:679][310]BlueprintEditorCompileResults:Warning: Warning InputAction Event references unknown Action 'ToggleRopeTrap' for  K2Node_InputAction_15
[2017.02.02-22.43.39:680][310]BlueprintEditorCompileResults:Warning: Warning InputAction Event references unknown Action 'ToggleSlowingTrap' for  K2Node_InputAction_14
[2017.02.02-22.43.39:680][310]BlueprintEditorCompileResults:Warning: Warning InputAction Event references unknown Action 'ToggleRaisingTrap' for  K2Node_InputAction_13
[2017.02.02-22.43.39:680][310]BlueprintEditorCompileResults:Warning: Warning InputAction Event references unknown Action 'ToggleFallingTrap' for  K2Node_InputAction_12
[2017.02.02-22.43.39:680][310]BlueprintEditorCompileResults:Error: Error The current value (NewEnumerator2) of the ' Building ' pin is invalid: Expected a valid unsigned number for a byte property
[2017.02.02-22.43.39:680][310]BlueprintEditorCompileResults:Error: Error The current value (NewEnumerator3) of the ' Building ' pin is invalid: Expected a valid unsigned number for a byte property
[2017.02.02-22.43.39:680][310]BlueprintEditorCompileResults:Error: Error The current value (NewEnumerator4) of the ' Building ' pin is invalid: Expected a valid unsigned number for a byte property
[2017.02.02-22.43.39:680][310]BlueprintEditorCompileResults:Error: Error The current value (NewEnumerator5) of the ' Building ' pin is invalid: Expected a valid unsigned number for a byte property
[2017.02.02-22.43.39:680][310]LogBlueprint:Warning: [Compiler BadGuyBP] Warning [0048.24] Compile of BadGuyBP failed. 4 Fatal Issue(s) 4 Warning(s) [in 171 ms] (/Game/ThirdPersonBP/Blueprints/BadGuyBP.BadGuyBP)
[2017.02.02-22.43.43:542][738]LogWindowsTextInputMethodSystem:Display: IME system now deactivated.
[2017.02.02-22.43.43:699][739]Cmd: QUIT_EDITOR
[2017.02.02-22.43.43:735][739]LogExit: Preparing to exit.
[2017.02.02-22.43.44:414][739]LogExit: Editor shut down
[2017.02.02-22.43.44:414][739]LogExit: Transaction tracking system shut down
[2017.02.02-22.43.44:570][739]LogObj: Freed 0b from 0 cluster array pools.
[2017.02.02-22.43.44:570][739]LogExit: Object subsystem successfully closed.
[2017.02.02-22.43.44:586][739]LogD3D11RHI: Shutdown
[2017.02.02-22.43.44:586][739]LogD3D11RHI: CleanupD3DDevice
[2017.02.02-22.43.44:659][739]LogD3D11RHI: ~FD3D11DynamicRHI
[2017.02.02-22.43.44:664][739]LogModuleManager: Shutting down and abandoning module BlueprintGraph (239)
[2017.02.02-22.43.44:664][739]LogModuleManager: Shutting down and abandoning module BlueprintProfiler (238)
[2017.02.02-22.43.44:664][739]LogModuleManager: Shutting down and abandoning module HierarchicalLODOutliner (237)
[2017.02.02-22.43.44:664][739]LogModuleManager: Shutting down and abandoning module CrashTracker (236)
[2017.02.02-22.43.44:664][739]LogModuleManager: Shutting down and abandoning module SceneOutliner (235)
[2017.02.02-22.43.44:664][739]LogModuleManager: Shutting down and abandoning module WidgetCarousel (234)
[2017.02.02-22.43.44:664][739]LogModuleManager: Shutting down and abandoning module AddContentDialog (233)
[2017.02.02-22.43.44:664][739]LogDirectoryWatcher: A directory notification for 'D:/Program Files/Unreal/Epic Games/4.13/FeaturePacks/' was aborted.
[2017.02.02-22.43.44:665][739]LogModuleManager: Shutting down and abandoning module GameplayTags (232)
[2017.02.02-22.43.44:665][739]LogModuleManager: Shutting down and abandoning module EditorWidgets (231)
[2017.02.02-22.43.44:665][739]LogModuleManager: Shutting down and abandoning module CollectionManager (230)
[2017.02.02-22.43.44:665][739]LogDirectoryWatcher: A directory notification for 'C:/Users/Kieran/Desktop/GameWork/MultiplayerV2/Content/Collections/' was aborted.
[2017.02.02-22.43.44:665][739]LogDirectoryWatcher: A directory notification for 'C:/Users/Kieran/Desktop/GameWork/MultiplayerV2/Content/Developers/Kieran/Collections/' was aborted.
[2017.02.02-22.43.44:665][739]LogDirectoryWatcher: A directory notification for 'C:/Users/Kieran/Desktop/GameWork/MultiplayerV2/Saved/Collections/' was aborted.
[2017.02.02-22.43.44:665][739]LogModuleManager: Shutting down and abandoning module StatsViewer (229)
[2017.02.02-22.43.44:665][739]LogModuleManager: Shutting down and abandoning module FoliageEdit (228)
[2017.02.02-22.43.44:665][739]LogModuleManager: Shutting down and abandoning module LandscapeEditor (227)
[2017.02.02-22.43.44:665][739]LogModuleManager: Shutting down and abandoning module SceneDepthPickerMode (226)
[2017.02.02-22.43.44:665][739]LogModuleManager: Shutting down and abandoning module ActorPickerMode (225)
[2017.02.02-22.43.44:665][739]LogModuleManager: Shutting down and abandoning module GeometryMode (224)
[2017.02.02-22.43.44:665][739]LogModuleManager: Shutting down and abandoning module TextureAlignMode (223)
[2017.02.02-22.43.44:665][739]LogModuleManager: Shutting down and abandoning module BspMode (222)
[2017.02.02-22.43.44:665][739]LogModuleManager: Shutting down and abandoning module HardwareSurvey (221)
[2017.02.02-22.43.44:665][739]LogModuleManager: Shutting down and abandoning module SequenceRecorderSections (220)
[2017.02.02-22.43.44:665][739]LogModuleManager: Shutting down and abandoning module SequenceRecorder (219)
[2017.02.02-22.43.44:665][739]LogModuleManager: Shutting down and abandoning module AutomationWorker (218)
[2017.02.02-22.43.44:665][739]LogModuleManager: Shutting down and abandoning module MatineeToLevelSequence (217)
[2017.02.02-22.43.44:665][739]LogModuleManager: Shutting down and abandoning module PlacementMode (216)
[2017.02.02-22.43.44:665][739]LogModuleManager: Shutting down and abandoning module LevelSequenceEditor (215)
[2017.02.02-22.43.44:665][739]LogModuleManager: Shutting down and abandoning module WmfMediaFactory (214)
[2017.02.02-22.43.44:665][739]LogModuleManager: Shutting down and abandoning module WmfMediaEditor (213)
[2017.02.02-22.43.44:665][739]LogModuleManager: Shutting down and abandoning module AvfMediaFactory (212)
[2017.02.02-22.43.44:665][739]LogModuleManager: Shutting down and abandoning module AvfMediaEditor (211)
[2017.02.02-22.43.44:665][739]LogModuleManager: Shutting down and abandoning module Media (210)
[2017.02.02-22.43.44:665][739]LogModuleManager: Shutting down and abandoning module AndroidMediaFactory (209)
[2017.02.02-22.43.44:665][739]LogModuleManager: Shutting down and abandoning module AndroidMediaEditor (208)
[2017.02.02-22.43.44:665][739]LogModuleManager: Shutting down and abandoning module CharacterAI (207)
[2017.02.02-22.43.44:665][739]LogModuleManager: Shutting down and abandoning module SmartSnapping (206)
[2017.02.02-22.43.44:665][739]LogModuleManager: Shutting down and abandoning module SessionServices (205)
[2017.02.02-22.43.44:665][739]LogModuleManager: Shutting down and abandoning module ViewportSnapping (204)
[2017.02.02-22.43.44:665][739]LogModuleManager: Shutting down and abandoning module ViewportInteraction (203)
[2017.02.02-22.43.44:665][739]LogModuleManager: Shutting down and abandoning module LogVisualizer (202)
[2017.02.02-22.43.44:666][739]LogModuleManager: Shutting down and abandoning module GameProjectGeneration (201)
[2017.02.02-22.43.44:666][739]LogModuleManager: Shutting down and abandoning module IntroTutorials (200)
[2017.02.02-22.43.44:666][739]LogModuleManager: Shutting down and abandoning module EditorLiveStreaming (199)
[2017.02.02-22.43.44:666][739]LogModuleManager: Shutting down and abandoning module IOSPlatformEditor (198)
[2017.02.02-22.43.44:666][739]LogModuleManager: Shutting down and abandoning module HTML5PlatformEditor (197)
[2017.02.02-22.43.44:666][739]LogModuleManager: Shutting down and abandoning module AndroidDeviceDetection (196)
[2017.02.02-22.43.45:008][739]LogModuleManager: Shutting down and abandoning module AndroidPlatformEditor (195)
[2017.02.02-22.43.45:008][739]LogModuleManager: Shutting down and abandoning module IOSRuntimeSettings (194)
[2017.02.02-22.43.45:008][739]LogModuleManager: Shutting down and abandoning module AndroidRuntimeSettings (193)
[2017.02.02-22.43.45:008][739]LogModuleManager: Shutting down and abandoning module NiagaraEditor (192)
[2017.02.02-22.43.45:008][739]LogModuleManager: Shutting down and abandoning module MergeActors (191)
[2017.02.02-22.43.45:008][739]LogModuleManager: Shutting down and abandoning module SizeMap (190)
[2017.02.02-22.43.45:008][739]LogModuleManager: Shutting down and abandoning module TreeMap (189)
[2017.02.02-22.43.45:008][739]LogModuleManager: Shutting down and abandoning module ReferenceViewer (188)
[2017.02.02-22.43.45:008][739]LogModuleManager: Shutting down and abandoning module LocalizationService (187)
[2017.02.02-22.43.45:008][739]LogModuleManager: Shutting down and abandoning module LocalizationDashboard (186)
[2017.02.02-22.43.45:008][739]LogModuleManager: Shutting down and abandoning module HardwareTargeting (185)
[2017.02.02-22.43.45:008][739]LogModuleManager: Shutting down and abandoning module DeviceProfileEditor (184)
[2017.02.02-22.43.45:008][739]LogModuleManager: Shutting down and abandoning module UndoHistory (183)
[2017.02.02-22.43.45:008][739]LogModuleManager: Shutting down and abandoning module UserFeedback (182)
[2017.02.02-22.43.45:008][739]LogModuleManager: Shutting down and abandoning module XmlParser (181)
[2017.02.02-22.43.45:008][739]LogModuleManager: Shutting down and abandoning module Blutility (180)
[2017.02.02-22.43.45:008][739]LogModuleManager: Shutting down and abandoning module ProjectTargetPlatformEditor (179)
[2017.02.02-22.43.45:008][739]LogModuleManager: Shutting down and abandoning module ProjectSettingsViewer (178)
[2017.02.02-22.43.45:008][739]LogModuleManager: Shutting down and abandoning module InputBindingEditor (177)
[2017.02.02-22.43.45:008][739]LogModuleManager: Shutting down and abandoning module EditorSettingsViewer (176)
[2017.02.02-22.43.45:008][739]LogModuleManager: Shutting down and abandoning module SettingsEditor (175)
[2017.02.02-22.43.45:008][739]LogModuleManager: Shutting down and abandoning module ProjectLauncher (174)
[2017.02.02-22.43.45:008][739]LogModuleManager: Shutting down and abandoning module SessionFrontend (173)
[2017.02.02-22.43.45:008][739]LogModuleManager: Shutting down and abandoning module ProfilerClient (172)
[2017.02.02-22.43.45:008][739]LogModuleManager: Shutting down and abandoning module TargetDeviceServices (171)
[2017.02.02-22.43.45:008][739]LogModuleManager: Shutting down and abandoning module DeviceManager (170)
[2017.02.02-22.43.45:051][739]LogModuleManager: Shutting down and abandoning module AutomationController (169)
[2017.02.02-22.43.45:051][739]LogModuleManager: Shutting down and abandoning module AutomationWindow (168)
[2017.02.02-22.43.45:051][739]LogModuleManager: Shutting down and abandoning module Layers (167)
[2017.02.02-22.43.45:051][739]LogModuleManager: Shutting down and abandoning module ComponentVisualizers (166)
[2017.02.02-22.43.45:051][739]LogModuleManager: Shutting down and abandoning module DetailCustomizations (165)
[2017.02.02-22.43.45:051][739]LogModuleManager: Shutting down and abandoning module PackagesDialog (164)
[2017.02.02-22.43.45:051][739]LogModuleManager: Shutting down and abandoning module AnimGraph (163)
[2017.02.02-22.43.45:051][739]LogModuleManager: Shutting down and abandoning module Persona (162)
[2017.02.02-22.43.45:051][739]LogModuleManager: Shutting down and abandoning module Kismet (161)
[2017.02.02-22.43.45:055][739]LogModuleManager: Shutting down and abandoning module GraphEditor (160)
[2017.02.02-22.43.45:055][739]LogModuleManager: Shutting down and abandoning module ClassViewer (159)
[2017.02.02-22.43.45:055][739]LogModuleManager: Shutting down and abandoning module Toolbox (158)
[2017.02.02-22.43.45:055][739]LogModuleManager: Shutting down and abandoning module ModuleUI (157)
[2017.02.02-22.43.45:055][739]LogModuleManager: Shutting down and abandoning module MovieSceneTools (156)
[2017.02.02-22.43.45:055][739]LogModuleManager: Shutting down and abandoning module OutputLog (155)
[2017.02.02-22.43.45:055][739]LogModuleManager: Shutting down and abandoning module GammaUI (154)
[2017.02.02-22.43.45:055][739]LogModuleManager: Shutting down and abandoning module Documentation (153)
[2017.02.02-22.43.45:055][739]LogModuleManager: Shutting down and abandoning module Niagara (152)
[2017.02.02-22.43.45:055][739]LogModuleManager: Shutting down and abandoning module StreamingPauseRendering (151)
[2017.02.02-22.43.45:055][739]LogModuleManager: Shutting down and abandoning module AnalyticsET (150)
[2017.02.02-22.43.45:055][739]LogModuleManager: Shutting down and abandoning module PortalServices (149)
[2017.02.02-22.43.45:055][739]LogModuleManager: Shutting down and abandoning module PortalRpc (148)
[2017.02.02-22.43.45:055][739]LogModuleManager: Shutting down and abandoning module MessagingRpc (147)
[2017.02.02-22.43.45:055][739]LogModuleManager: Shutting down and abandoning module GameplayDebugger (146)
[2017.02.02-22.43.45:055][739]LogModuleManager: Shutting down and abandoning module AITestSuite (145)
[2017.02.02-22.43.45:055][739]LogModuleManager: Shutting down and abandoning module AIModule (144)
[2017.02.02-22.43.45:055][739]LogModuleManager: Shutting down and abandoning module ProfilerService (143)
[2017.02.02-22.43.45:190][739]LogModuleManager: Shutting down and abandoning module TaskGraph (142)
[2017.02.02-22.43.45:190][739]LogModuleManager: Shutting down and abandoning module SubstanceEditor (141)
[2017.02.02-22.43.45:190][739]LogModuleManager: Shutting down and abandoning module SlateRemote (140)
[2017.02.02-22.43.45:190][739]LogModuleManager: Shutting down and abandoning module SteamVRController (139)
[2017.02.02-22.43.45:190][739]LogModuleManager: Shutting down and abandoning module SteamVR (138)
[2017.02.02-22.43.45:190][739]LogModuleManager: Shutting down and abandoning module ProceduralMeshComponentEditor (137)
[2017.02.02-22.43.45:190][739]LogModuleManager: Shutting down and abandoning module ProceduralMeshComponent (136)
[2017.02.02-22.43.45:190][739]LogModuleManager: Shutting down and abandoning module OculusLibrary (135)
[2017.02.02-22.43.45:190][739]LogModuleManager: Shutting down and abandoning module OculusInput (134)
[2017.02.02-22.43.45:190][739]LogModuleManager: Shutting down and abandoning module CustomMeshComponent (133)
[2017.02.02-22.43.45:190][739]LogModuleManager: Shutting down and abandoning module CableComponent (132)
[2017.02.02-22.43.45:190][739]LogModuleManager: Shutting down and abandoning module ArchVisCharacter (131)
[2017.02.02-22.43.45:190][739]LogModuleManager: Shutting down and abandoning module MediaPlayerEditor (130)
[2017.02.02-22.43.45:190][739]LogModuleManager: Shutting down and abandoning module HTML5Networking (129)
[2017.02.02-22.43.45:190][739]LogModuleManager: Shutting down and abandoning module GeometryCacheEd (128)
[2017.02.02-22.43.45:190][739]LogModuleManager: Shutting down and abandoning module GeometryCache (127)
[2017.02.02-22.43.45:190][739]LogModuleManager: Shutting down and abandoning module AlembicLibrary (126)
[2017.02.02-22.43.45:190][739]LogModuleManager: Shutting down and abandoning module AlembicImporter (125)
[2017.02.02-22.43.45:190][739]LogModuleManager: Shutting down and abandoning module SuperSearch (124)
[2017.02.02-22.43.45:191][739]LogModuleManager: Shutting down and abandoning module SuperSearchEditor (123)
[2017.02.02-22.43.45:191][739]LogModuleManager: Shutting down and abandoning module SpeedTreeImporter (122)
[2017.02.02-22.43.45:191][739]LogModuleManager: Shutting down and abandoning module PluginBrowser (121)
[2017.02.02-22.43.45:191][739]LogModuleManager: Shutting down and abandoning module MobileLauncherProfileWizard (120)
[2017.02.02-22.43.45:191][739]LogModuleManager: Shutting down and abandoning module EpicSurvey (119)
[2017.02.02-22.43.45:191][739]LogModuleManager: Shutting down and abandoning module DesktopPlatform (118)
[2017.02.02-22.43.45:191][739]LogModuleManager: Shutting down and abandoning module VisualStudioSourceCodeAccess (117)
[2017.02.02-22.43.45:191][739]LogModuleManager: Shutting down and abandoning module UObjectPlugin (116)
[2017.02.02-22.43.45:191][739]LogModuleManager: Shutting down and abandoning module SubversionSourceControl (115)
[2017.02.02-22.43.45:191][739]LogModuleManager: Shutting down and abandoning module PerforceSourceControl (114)
[2017.02.02-22.43.45:191][739]LogModuleManager: Shutting down and abandoning module SourceControl (113)
[2017.02.02-22.43.45:191][739]LogModuleManager: Shutting down and abandoning module GitSourceControl (112)
[2017.02.02-22.43.45:191][739]LogModuleManager: Shutting down and abandoning module LightPropagationVolumeEditor (111)
[2017.02.02-22.43.45:191][739]LogModuleManager: Shutting down and abandoning module PaperTiledImporter (110)
[2017.02.02-22.43.45:191][739]LogModuleManager: Shutting down and abandoning module PaperSpriteSheetImporter (109)
[2017.02.02-22.43.45:191][739]LogModuleManager: Shutting down and abandoning module MeshPaint (108)
[2017.02.02-22.43.45:191][739]LogModuleManager: Shutting down and abandoning module FbxAutomationBuilderModule (107)
[2017.02.02-22.43.45:191][739]LogModuleManager: Shutting down and abandoning module PixelInspectorModule (106)
[2017.02.02-22.43.45:191][739]LogModuleManager: Shutting down and abandoning module HotReload (105)
[2017.02.02-22.43.45:193][739]LogModuleManager: Shutting down and abandoning module MainFrame (104)
[2017.02.02-22.43.45:193][739]LogModuleManager: Shutting down and abandoning module LevelEditor (103)
[2017.02.02-22.43.45:195][739]LogModuleManager: Shutting down and abandoning module ContentBrowser (102)
[2017.02.02-22.43.45:197][739]LogModuleManager: Shutting down and abandoning module Paper2DEditor (101)
[2017.02.02-22.43.45:198][739]LogModuleManager: Shutting down and abandoning module UdpMessaging (100)
[2017.02.02-22.43.45:299][739]LogModuleManager: Shutting down and abandoning module TcpMessaging (99)
[2017.02.02-22.43.45:399][739]LogModuleManager: Shutting down and abandoning module SubstanceCore (98)
[2017.02.02-22.43.45:399][739]LogModuleManager: Shutting down and abandoning module LightPropagationVolumeRuntime (97)
[2017.02.02-22.43.45:399][739]LogModuleManager: Shutting down and abandoning module Paper2D (96)
[2017.02.02-22.43.45:399][739]LogModuleManager: Shutting down and abandoning module WindowsMoviePlayer (95)
[2017.02.02-22.43.45:399][739]LogModuleManager: Shutting down and abandoning module WmfMedia (94)
[2017.02.02-22.43.45:399][739]LogModuleManager: Shutting down and abandoning module MediaAssets (93)
[2017.02.02-22.43.45:399][739]LogModuleManager: Shutting down and abandoning module GameLiveStreaming (92)
[2017.02.02-22.43.45:400][739]LogModuleManager: Shutting down and abandoning module GameplayTagsEditor (91)
[2017.02.02-22.43.45:400][739]LogModuleManager: Shutting down and abandoning module VREditor (90)
[2017.02.02-22.43.45:400][739]LogModuleManager: Shutting down and abandoning module GameplayTasksEditor (89)
[2017.02.02-22.43.45:400][739]LogModuleManager: Shutting down and abandoning module PropertyEditor (88)
[2017.02.02-22.43.45:400][739]LogModuleManager: Shutting down and abandoning module BehaviorTreeEditor (87)
[2017.02.02-22.43.45:400][739]LogModuleManager: Shutting down and abandoning module FunctionalTesting (86)
[2017.02.02-22.43.45:400][739]LogModuleManager: Shutting down and abandoning module CollisionAnalyzer (85)
[2017.02.02-22.43.45:400][739]LogModuleManager: Shutting down and abandoning module Sequencer (84)
[2017.02.02-22.43.45:400][739]LogModuleManager: Shutting down and abandoning module WorkspaceMenuStructure (83)
[2017.02.02-22.43.45:400][739]LogModuleManager: Shutting down and abandoning module MessageLog (82)
[2017.02.02-22.43.45:400][739]LogModuleManager: Shutting down and abandoning module AssetTools (81)
[2017.02.02-22.43.45:400][739]LogModuleManager: Shutting down and abandoning module UMGEditor (80)
[2017.02.02-22.43.45:400][739]LogModuleManager: Shutting down and abandoning module UMG (79)
[2017.02.02-22.43.45:401][739]LogModuleManager: Shutting down and abandoning module SlateReflector (78)
[2017.02.02-22.43.45:401][739]LogModuleManager: Shutting down and abandoning module Slate (77)
[2017.02.02-22.43.45:401][739]LogModuleManager: Shutting down and abandoning module EditorStyle (76)
[2017.02.02-22.43.45:407][739]LogModuleManager: Shutting down and abandoning module SourceCodeAccess (75)
[2017.02.02-22.43.45:407][739]LogModuleManager: Shutting down and abandoning module HeadMountedDisplay (74)
[2017.02.02-22.43.45:407][739]LogModuleManager: Shutting down and abandoning module XAudio2 (73)
[2017.02.02-22.43.45:407][739]LogModuleManager: Shutting down and abandoning module Networking (72)
[2017.02.02-22.43.45:407][739]LogModuleManager: Shutting down and abandoning module Core (71)
[2017.02.02-22.43.45:407][739]LogModuleManager: Shutting down and abandoning module DirectoryWatcher (70)
[2017.02.02-22.43.45:407][739]LogDirectoryWatcher: A directory notification for '../../../Engine/Content/' was aborted.
[2017.02.02-22.43.45:407][739]LogDirectoryWatcher: A directory notification for 'C:/Users/Kieran/Desktop/GameWork/MultiplayerV2/Content/' was aborted.
[2017.02.02-22.43.45:408][739]LogDirectoryWatcher: A directory notification for '../../../Engine/Plugins/2D/Paper2D/Content/' was aborted.
[2017.02.02-22.43.45:408][739]LogModuleManager: Shutting down and abandoning module AssetRegistry (69)
[2017.02.02-22.43.45:538][739]LogModuleManager: Shutting down and abandoning module KismetCompiler (68)
[2017.02.02-22.43.45:538][739]LogModuleManager: Shutting down and abandoning module PhysXFormats (67)
[2017.02.02-22.43.45:538][739]LogModuleManager: Shutting down and abandoning module MeshUtilities (66)
[2017.02.02-22.43.45:538][739]LogModuleManager: Shutting down and abandoning module DerivedDataCache (65)
[2017.02.02-22.43.45:991][739]LogDerivedDataCache: Shutdown
[2017.02.02-22.43.45:991][739]LogModuleManager: Shutting down and abandoning module VulkanShaderFormat (64)
[2017.02.02-22.43.45:992][739]LogModuleManager: Shutting down and abandoning module ShaderFormatOpenGL (63)
[2017.02.02-22.43.45:992][739]LogModuleManager: Shutting down and abandoning module ShaderFormatD3D (62)
[2017.02.02-22.43.45:992][739]LogModuleManager: Shutting down and abandoning module MetalShaderFormat (61)
[2017.02.02-22.43.45:992][739]LogModuleManager: Shutting down and abandoning module TextureFormatUncompressed (60)
[2017.02.02-22.43.45:992][739]LogModuleManager: Shutting down and abandoning module TextureFormatPVR (59)
[2017.02.02-22.43.45:992][739]LogModuleManager: Shutting down and abandoning module TextureFormatDXT (58)
[2017.02.02-22.43.45:992][739]LogModuleManager: Shutting down and abandoning module TextureFormatIntelISPCTexComp (57)
[2017.02.02-22.43.45:992][739]LogModuleManager: Shutting down and abandoning module ImageWrapper (56)
[2017.02.02-22.43.45:992][739]LogModuleManager: Shutting down and abandoning module TextureFormatASTC (55)
[2017.02.02-22.43.45:992][739]LogModuleManager: Shutting down and abandoning module TextureFormatAndroid (54)
[2017.02.02-22.43.45:992][739]LogModuleManager: Shutting down and abandoning module AudioFormatOpus (53)
[2017.02.02-22.43.45:992][739]LogModuleManager: Shutting down and abandoning module AudioFormatOgg (52)
[2017.02.02-22.43.45:992][739]LogModuleManager: Shutting down and abandoning module AudioFormatADPCM (51)
[2017.02.02-22.43.45:992][739]LogModuleManager: Shutting down and abandoning module LinuxTargetPlatform (50)
[2017.02.02-22.43.45:992][739]LogModuleManager: Shutting down and abandoning module LinuxServerTargetPlatform (49)
[2017.02.02-22.43.45:992][739]LogModuleManager: Shutting down and abandoning module LinuxNoEditorTargetPlatform (48)
[2017.02.02-22.43.45:992][739]LogModuleManager: Shutting down and abandoning module LinuxClientTargetPlatform (47)
[2017.02.02-22.43.45:993][739]LogModuleManager: Shutting down and abandoning module TVOSTargetPlatform (46)
[2017.02.02-22.43.45:993][739]LogModuleManager: Shutting down and abandoning module Messaging (45)
[2017.02.02-22.43.45:993][739]LogModuleManager: Shutting down and abandoning module IOSTargetPlatform (44)
[2017.02.02-22.43.45:993][739]LogModuleManager: Shutting down and abandoning module HTML5TargetPlatform (43)
[2017.02.02-22.43.45:993][739]LogModuleManager: Shutting down and abandoning module Android_PVRTCTargetPlatform (42)
[2017.02.02-22.43.45:993][739]LogModuleManager: Shutting down and abandoning module Android_MultiTargetPlatform (41)
[2017.02.02-22.43.45:993][739]LogModuleManager: Shutting down and abandoning module Android_ETC2TargetPlatform (40)
[2017.02.02-22.43.45:993][739]LogModuleManager: Shutting down and abandoning module Android_ETC1TargetPlatform (39)
[2017.02.02-22.43.45:993][739]LogModuleManager: Shutting down and abandoning module Android_DXTTargetPlatform (38)
[2017.02.02-22.43.45:993][739]LogModuleManager: Shutting down and abandoning module Android_ATCTargetPlatform (37)
[2017.02.02-22.43.45:993][739]LogModuleManager: Shutting down and abandoning module Android_ASTCTargetPlatform (36)
[2017.02.02-22.43.45:993][739]LogModuleManager: Shutting down and abandoning module AndroidTargetPlatform (35)
[2017.02.02-22.43.45:993][739]LogModuleManager: Shutting down and abandoning module WindowsTargetPlatform (34)
[2017.02.02-22.43.45:993][739]LogModuleManager: Shutting down and abandoning module WindowsServerTargetPlatform (33)
[2017.02.02-22.43.45:993][739]LogModuleManager: Shutting down and abandoning module WindowsNoEditorTargetPlatform (32)
[2017.02.02-22.43.45:993][739]LogModuleManager: Shutting down and abandoning module WindowsClientTargetPlatform (31)
[2017.02.02-22.43.45:993][739]LogModuleManager: Shutting down and abandoning module AllDesktopTargetPlatform (30)
[2017.02.02-22.43.45:993][739]LogModuleManager: Shutting down and abandoning module TargetPlatform (29)
[2017.02.02-22.43.45:993][739]LogModuleManager: Shutting down and abandoning module InputCore (28)
[2017.02.02-22.43.45:993][739]LogModuleManager: Shutting down and abandoning module Settings (27)
[2017.02.02-22.43.45:993][739]LogModuleManager: Shutting down and abandoning module OculusRift (26)
[2017.02.02-22.43.45:993][739]LogModuleManager: Shutting down and abandoning module GearVR (25)
[2017.02.02-22.43.45:993][739]LogModuleManager: Shutting down and abandoning module ExampleDeviceProfileSelector (24)
[2017.02.02-22.43.45:993][739]LogModuleManager: Shutting down and abandoning module OnlineBlueprintSupport (23)
[2017.02.02-22.43.45:993][739]LogModuleManager: Shutting down and abandoning module Voice (21)
[2017.02.02-22.43.45:993][739]LogModuleManager: Shutting down and abandoning module OnlineSubsystem (17)
[2017.02.02-22.43.45:993][739]LogOnline:Display: NULL: FOnlineSubsystemNull::Shutdown()
[2017.02.02-22.43.45:994][739]LogOnline:Display: Unloading online subsystem: NULL
[2017.02.02-22.43.45:994][739]LogModuleManager: Shutting down and abandoning module HTTP (16)
[2017.02.02-22.43.45:994][739]LogHttp:Display: Http module shutting down, but needs to wait on 1 outstanding Http requests:
[2017.02.02-22.43.45:994][739]LogHttp:Display: 	verb=[POST] url=[https://datarouter.ol.epicgames.com/datarouter/api/v1/public/data?SessionID=%7B4F00AE76-48DF-8F0F-67BC-479FE95B88AF%7D&AppID=UEEditor.Rocket.Release&AppVersion=4.13.1-3142249%2B%2B%2BUE4%2BRelease-4.13&UserID=367184494aaa1020dcdc859de6e98855%7C60da38c6d16241a5acdb9f3769ddff9a%7Cfe43f326-a832-41bf-b4a9-268ae4fb87ef&AppEnvironment=datacollector-binary&UploadType=eteventstream] status=Processing
[2017.02.02-22.43.46:023][739]LogModuleManager: Shutting down and abandoning module XMPP (15)
[2017.02.02-22.43.46:023][739]LogModuleManager: Shutting down and abandoning module TextureCompressor (14)
[2017.02.02-22.43.46:023][739]LogModuleManager: Shutting down and abandoning module ShaderCore (13)
[2017.02.02-22.43.46:023][739]LogModuleManager: Shutting down and abandoning module Landscape (12)
[2017.02.02-22.43.46:023][739]LogModuleManager: Shutting down and abandoning module SlateRHIRenderer (11)
[2017.02.02-22.43.46:028][739]LogModuleManager: Shutting down and abandoning module OpenGLDrv (10)
[2017.02.02-22.43.46:028][739]LogModuleManager: Shutting down and abandoning module D3D11RHI (9)
[2017.02.02-22.43.46:028][739]LogModuleManager: Shutting down and abandoning module AnimGraphRuntime (8)
[2017.02.02-22.43.46:028][739]LogModuleManager: Shutting down and abandoning module Renderer (7)
[2017.02.02-22.43.46:028][739]LogModuleManager: Shutting down and abandoning module Engine (6)
[2017.02.02-22.43.46:028][739]LogModuleManager: Shutting down and abandoning module CoreUObject (5)
[2017.02.02-22.43.46:028][739]LogModuleManager: Shutting down and abandoning module NetworkFile (4)
[2017.02.02-22.43.46:028][739]LogModuleManager: Shutting down and abandoning module StreamingFile (3)
[2017.02.02-22.43.46:028][739]LogModuleManager: Shutting down and abandoning module SandboxFile (2)
[2017.02.02-22.43.46:028][739]LogModuleManager: Shutting down and abandoning module PakFile (1)
[2017.02.02-22.43.46:032][739]LogExit: Exiting.
[2017.02.02-22.43.46:037][739]Log file closed, 02/02/17 22:43:46
