Log file open, 03/10/17 12:18:50
LogInit:Display: Running engine for game: MultiplayerV2
LogPlatformFile: Not using cached read wrapper
LogInit:Display: RandInit(-516596682) SRandInit(-516596682).
LogTaskGraph: Started task graph with 5 named threads and 8 total threads with 1 sets of task threads.
LogStats: Stats thread started at 0.222525
LogPluginManager: Loaded Plugin Paper2D, From D:/Epic Games/4.13/Engine/Plugins/2D/Paper2D/Paper2D.uplugin
LogPluginManager: Loaded Plugin LightPropagationVolume, From D:/Epic Games/4.13/Engine/Plugins/Blendables/LightPropagationVolume/LightPropagationVolume.uplugin
LogPluginManager: Loaded Plugin BlankPlugin, From D:/Epic Games/4.13/Engine/Plugins/Developer/BlankPlugin/BlankPlugin.uplugin
LogPluginManager: Loaded Plugin CodeLiteSourceCodeAccess, From D:/Epic Games/4.13/Engine/Plugins/Developer/CodeLiteSourceCodeAccess/CodeLiteSourceCodeAccess.uplugin
LogPluginManager: Loaded Plugin GitSourceControl, From D:/Epic Games/4.13/Engine/Plugins/Developer/GitSourceControl/GitSourceControl.uplugin
LogPluginManager: Loaded Plugin KDevelopSourceCodeAccess, From D:/Epic Games/4.13/Engine/Plugins/Developer/KDevelopSourceCodeAccess/KDevelopSourceCodeAccess.uplugin
LogPluginManager: Loaded Plugin NullSourceCodeAccess, From D:/Epic Games/4.13/Engine/Plugins/Developer/NullSourceCodeAccess/NullSourceCodeAccess.uplugin
LogPluginManager: Loaded Plugin OneSkyLocalizationService, From D:/Epic Games/4.13/Engine/Plugins/Developer/OneSkyLocalizationService/OneSkyLocalizationService.uplugin
LogPluginManager: Loaded Plugin PerforceSourceControl, From D:/Epic Games/4.13/Engine/Plugins/Developer/PerforceSourceControl/PerforceSourceControl.uplugin
LogPluginManager: Loaded Plugin SubversionSourceControl, From D:/Epic Games/4.13/Engine/Plugins/Developer/SubversionSourceControl/SubversionSourceControl.uplugin
LogPluginManager: Loaded Plugin UObjectPlugin, From D:/Epic Games/4.13/Engine/Plugins/Developer/UObjectPlugin/UObjectPlugin.uplugin
LogPluginManager: Loaded Plugin VisualStudioSourceCodeAccess, From D:/Epic Games/4.13/Engine/Plugins/Developer/VisualStudioSourceCodeAccess/VisualStudioSourceCodeAccess.uplugin
LogPluginManager: Loaded Plugin XCodeSourceCodeAccess, From D:/Epic Games/4.13/Engine/Plugins/Developer/XCodeSourceCodeAccess/XCodeSourceCodeAccess.uplugin
LogPluginManager: Loaded Plugin EpicSurvey, From D:/Epic Games/4.13/Engine/Plugins/Editor/EpicSurvey/EpicSurvey.uplugin
LogPluginManager: Loaded Plugin MacGraphicsSwitching, From D:/Epic Games/4.13/Engine/Plugins/Editor/MacGraphicsSwitching/MacGraphicsSwitching.uplugin
LogPluginManager: Loaded Plugin MobileLauncherProfileWizard, From D:/Epic Games/4.13/Engine/Plugins/Editor/MobileLauncherProfileWizard/MobileLauncherProfileWizard.uplugin
LogPluginManager: Loaded Plugin PluginBrowser, From D:/Epic Games/4.13/Engine/Plugins/Editor/PluginBrowser/PluginBrowser.uplugin
LogPluginManager: Loaded Plugin SpeedTreeImporter, From D:/Epic Games/4.13/Engine/Plugins/Editor/SpeedTreeImporter/SpeedTreeImporter.uplugin
LogPluginManager: Loaded Plugin SuperSearchEditor, From D:/Epic Games/4.13/Engine/Plugins/Editor/SuperSearchEditor/SuperSearchEditor.uplugin
LogPluginManager: Loaded Plugin AlembicImporter, From D:/Epic Games/4.13/Engine/Plugins/Experimental/AlembicImporter/AlembicImporter.uplugin
LogPluginManager: Loaded Plugin BlueprintStats, From D:/Epic Games/4.13/Engine/Plugins/Experimental/BlueprintStats/BlueprintStats.uplugin
LogPluginManager: Loaded Plugin CharacterAI, From D:/Epic Games/4.13/Engine/Plugins/Experimental/CharacterAI/CharacterAI.uplugin
LogPluginManager: Loaded Plugin CodeEditor, From D:/Epic Games/4.13/Engine/Plugins/Experimental/CodeEditor/CodeEditor.uplugin
LogPluginManager: Loaded Plugin CodeView, From D:/Epic Games/4.13/Engine/Plugins/Experimental/CodeView/CodeView.uplugin
LogPluginManager: Loaded Plugin HTML5Networking, From D:/Epic Games/4.13/Engine/Plugins/Experimental/HTML5Networking/HTML5Networking.uplugin
LogPluginManager: Loaded Plugin LiveEditor, From D:/Epic Games/4.13/Engine/Plugins/Experimental/LiveEditor/LiveEditor.uplugin
LogPluginManager: Loaded Plugin OSVR, From D:/Epic Games/4.13/Engine/Plugins/Experimental/OSVR/OSVR.uplugin
LogPluginManager: Loaded Plugin Phya, From D:/Epic Games/4.13/Engine/Plugins/Experimental/Phya/Phya.uplugin
LogPluginManager: Loaded Plugin SignificanceManager, From D:/Epic Games/4.13/Engine/Plugins/Experimental/SignificanceManager/SignificanceManager.uplugin
LogPluginManager: Loaded Plugin SimpleHMD, From D:/Epic Games/4.13/Engine/Plugins/Experimental/SimpleHMD/SimpleHMD.uplugin
LogPluginManager: Loaded Plugin StereoPanorama, From D:/Epic Games/4.13/Engine/Plugins/Experimental/StereoPanorama/StereoPanorama.uplugin
LogPluginManager: Loaded Plugin StructBox, From D:/Epic Games/4.13/Engine/Plugins/Experimental/StructBox/StructBox.uplugin
LogPluginManager: Loaded Plugin Substance, From D:/Epic Games/4.13/Engine/Plugins/Marketplace/Substance/Substance.uplugin
LogPluginManager: Loaded Plugin AndroidMedia, From D:/Epic Games/4.13/Engine/Plugins/Media/AndroidMedia/AndroidMedia.uplugin
LogPluginManager: Loaded Plugin AvfMedia, From D:/Epic Games/4.13/Engine/Plugins/Media/AvfMedia/AvfMedia.uplugin
LogPluginManager: Loaded Plugin MediaPlayerEditor, From D:/Epic Games/4.13/Engine/Plugins/Media/MediaPlayerEditor/MediaPlayerEditor.uplugin
LogPluginManager: Loaded Plugin WmfMedia, From D:/Epic Games/4.13/Engine/Plugins/Media/WmfMedia/WmfMedia.uplugin
LogPluginManager: Loaded Plugin MessagingDebugger, From D:/Epic Games/4.13/Engine/Plugins/Messaging/MessagingDebugger/MessagingDebugger.uplugin
LogPluginManager: Loaded Plugin TcpMessaging, From D:/Epic Games/4.13/Engine/Plugins/Messaging/TcpMessaging/TcpMessaging.uplugin
LogPluginManager: Loaded Plugin UdpMessaging, From D:/Epic Games/4.13/Engine/Plugins/Messaging/UdpMessaging/UdpMessaging.uplugin
LogPluginManager: Loaded Plugin LevelSequenceEditor, From D:/Epic Games/4.13/Engine/Plugins/MovieScene/LevelSequenceEditor/LevelSequenceEditor.uplugin
LogPluginManager: Loaded Plugin MatineeToLevelSequence, From D:/Epic Games/4.13/Engine/Plugins/MovieScene/MatineeToLevelSequence/MatineeToLevelSequence.uplugin
LogPluginManager: Loaded Plugin NetcodeUnitTest, From D:/Epic Games/4.13/Engine/Plugins/NetcodeUnitTest/NetcodeUnitTest/NetcodeUnitTest.uplugin
LogPluginManager: Loaded Plugin NUTUnrealEngine4, From D:/Epic Games/4.13/Engine/Plugins/NetcodeUnitTest/NUTUnrealEngine4/NUTUnrealEngine4.uplugin
LogPluginManager: Loaded Plugin OnlineSubsystemGooglePlay, From D:/Epic Games/4.13/Engine/Plugins/Online/Android/OnlineSubsystemGooglePlay/OnlineSubsystemGooglePlay.uplugin
LogPluginManager: Loaded Plugin OnlineSubsystemIOS, From D:/Epic Games/4.13/Engine/Plugins/Online/IOS/OnlineSubsystemIOS/OnlineSubsystemIOS.uplugin
LogPluginManager: Loaded Plugin OnlineFramework, From D:/Epic Games/4.13/Engine/Plugins/Online/OnlineFramework/OnlineFramework.uplugin
LogPluginManager: Loaded Plugin OnlineSubsystem, From D:/Epic Games/4.13/Engine/Plugins/Online/OnlineSubsystem/OnlineSubsystem.uplugin
LogPluginManager: Loaded Plugin OnlineSubsystemAmazon, From D:/Epic Games/4.13/Engine/Plugins/Online/OnlineSubsystemAmazon/OnlineSubsystemAmazon.uplugin
LogPluginManager: Loaded Plugin OnlineSubsystemFacebook, From D:/Epic Games/4.13/Engine/Plugins/Online/OnlineSubsystemFacebook/OnlineSubsystemFacebook.uplugin
LogPluginManager: Loaded Plugin OnlineSubsystemNull, From D:/Epic Games/4.13/Engine/Plugins/Online/OnlineSubsystemNull/OnlineSubsystemNull.uplugin
LogPluginManager: Loaded Plugin OnlineSubsystemOculus, From D:/Epic Games/4.13/Engine/Plugins/Online/OnlineSubsystemOculus/OnlineSubsystemOculus.uplugin
LogPluginManager: Loaded Plugin OnlineSubsystemSteam, From D:/Epic Games/4.13/Engine/Plugins/Online/OnlineSubsystemSteam/OnlineSubsystemSteam.uplugin
LogPluginManager: Loaded Plugin OnlineSubsystemUtils, From D:/Epic Games/4.13/Engine/Plugins/Online/OnlineSubsystemUtils/OnlineSubsystemUtils.uplugin
LogPluginManager: Loaded Plugin IOSTapJoy, From D:/Epic Games/4.13/Engine/Plugins/Runtime/Advertising/IOSTapJoy/IOSTapJoy.uplugin
LogPluginManager: Loaded Plugin AnalyticsBlueprintLibrary, From D:/Epic Games/4.13/Engine/Plugins/Runtime/Analytics/AnalyticsBlueprintLibrary/AnalyticsBlueprintLibrary.uplugin
LogPluginManager: Loaded Plugin AnalyticsMulticast, From D:/Epic Games/4.13/Engine/Plugins/Runtime/Analytics/AnalyticsMulticast/AnalyticsMulticast.uplugin
LogPluginManager: Loaded Plugin Apsalar, From D:/Epic Games/4.13/Engine/Plugins/Runtime/Analytics/Apsalar/Apsalar.uplugin
LogPluginManager: Loaded Plugin FileLogging, From D:/Epic Games/4.13/Engine/Plugins/Runtime/Analytics/FileLogging/FileLogging.uplugin
LogPluginManager: Loaded Plugin Flurry, From D:/Epic Games/4.13/Engine/Plugins/Runtime/Analytics/Flurry/Flurry.uplugin
LogPluginManager: Loaded Plugin AndroidDeviceProfileSelector, From D:/Epic Games/4.13/Engine/Plugins/Runtime/AndroidDeviceProfileSelector/AndroidDeviceProfileSelector.uplugin
LogPluginManager: Loaded Plugin AndroidMoviePlayer, From D:/Epic Games/4.13/Engine/Plugins/Runtime/AndroidMoviePlayer/AndroidMoviePlayer.uplugin
LogPluginManager: Loaded Plugin AppleMoviePlayer, From D:/Epic Games/4.13/Engine/Plugins/Runtime/AppleMoviePlayer/AppleMoviePlayer.uplugin
LogPluginManager: Loaded Plugin ArchVisCharacter, From D:/Epic Games/4.13/Engine/Plugins/Runtime/ArchVisCharacter/ArchVisCharacter.uplugin
LogPluginManager: Loaded Plugin CableComponent, From D:/Epic Games/4.13/Engine/Plugins/Runtime/CableComponent/CableComponent.uplugin
LogPluginManager: Loaded Plugin CustomMeshComponent, From D:/Epic Games/4.13/Engine/Plugins/Runtime/CustomMeshComponent/CustomMeshComponent.uplugin
LogPluginManager: Loaded Plugin ExampleDeviceProfileSelector, From D:/Epic Games/4.13/Engine/Plugins/Runtime/ExampleDeviceProfileSelector/ExampleDeviceProfileSelector.uplugin
LogPluginManager: Loaded Plugin GearVR, From D:/Epic Games/4.13/Engine/Plugins/Runtime/GearVR/GearVR.uplugin
LogPluginManager: Loaded Plugin GoogleVRController, From D:/Epic Games/4.13/Engine/Plugins/Runtime/GoogleVR/GoogleVRController/GoogleVRController.uplugin
LogPluginManager: Loaded Plugin GoogleVRHMD, From D:/Epic Games/4.13/Engine/Plugins/Runtime/GoogleVR/GoogleVRHMD/GoogleVRHMD.uplugin
LogPluginManager: Loaded Plugin IOSDeviceProfileSelector, From D:/Epic Games/4.13/Engine/Plugins/Runtime/IOSDeviceProfileSelector/IOSDeviceProfileSelector.uplugin
LogPluginManager: Loaded Plugin LeapMotion, From D:/Epic Games/4.13/Engine/Plugins/Runtime/LeapMotion/LeapMotion.uplugin
LogPluginManager: Loaded Plugin LinuxDeviceProfileSelector, From D:/Epic Games/4.13/Engine/Plugins/Runtime/LinuxDeviceProfileSelector/LinuxDeviceProfileSelector.uplugin
LogPluginManager: Loaded Plugin LiveEditorListenServer, From D:/Epic Games/4.13/Engine/Plugins/Runtime/LiveEditorListenServer/LiveEditorListenServer.uplugin
LogPluginManager: Loaded Plugin OculusAudio, From D:/Epic Games/4.13/Engine/Plugins/Runtime/OculusAudio/OculusAudio.uplugin
LogPluginManager: Loaded Plugin OculusInput, From D:/Epic Games/4.13/Engine/Plugins/Runtime/OculusInput/OculusInput.uplugin
LogPluginManager: Loaded Plugin OculusLibrary, From D:/Epic Games/4.13/Engine/Plugins/Runtime/OculusLibrary/OculusLibrary.uplugin
LogPluginManager: Loaded Plugin OculusRift, From D:/Epic Games/4.13/Engine/Plugins/Runtime/OculusRift/OculusRift.uplugin
LogPluginManager: Loaded Plugin Oodle, From D:/Epic Games/4.13/Engine/Plugins/Runtime/PacketHandlers/CompressionComponents/Oodle/Oodle.uplugin
LogPluginManager: Loaded Plugin ProceduralMeshComponent, From D:/Epic Games/4.13/Engine/Plugins/Runtime/ProceduralMeshComponent/ProceduralMeshComponent.uplugin
LogPluginManager: Loaded Plugin SoundMod, From D:/Epic Games/4.13/Engine/Plugins/Runtime/SoundMod/SoundMod.uplugin
LogPluginManager: Loaded Plugin SoundVisualizations, From D:/Epic Games/4.13/Engine/Plugins/Runtime/SoundVisualizations/SoundVisualizations.uplugin
LogPluginManager: Loaded Plugin SteamController, From D:/Epic Games/4.13/Engine/Plugins/Runtime/Steam/SteamController/SteamController.uplugin
LogPluginManager: Loaded Plugin SteamVR, From D:/Epic Games/4.13/Engine/Plugins/Runtime/Steam/SteamVR/SteamVR.uplugin
LogPluginManager: Loaded Plugin WebBrowserWidget, From D:/Epic Games/4.13/Engine/Plugins/Runtime/WebBrowserWidget/WebBrowserWidget.uplugin
LogPluginManager: Loaded Plugin WindowsDeviceProfileSelector, From D:/Epic Games/4.13/Engine/Plugins/Runtime/WindowsDeviceProfileSelector/WindowsDeviceProfileSelector.uplugin
LogPluginManager: Loaded Plugin WindowsMoviePlayer, From D:/Epic Games/4.13/Engine/Plugins/Runtime/WindowsMoviePlayer/WindowsMoviePlayer.uplugin
LogPluginManager: Loaded Plugin ScriptPlugin, From D:/Epic Games/4.13/Engine/Plugins/ScriptPlugin/ScriptPlugin.uplugin
LogPluginManager: Loaded Plugin SlateRemote, From D:/Epic Games/4.13/Engine/Plugins/Slate/SlateRemote/SlateRemote.uplugin
LogInit: Using libcurl 7.47.1
LogInit:  - built for x86_64-pc-win32
LogInit:  - supports SSL with WinSSL
LogInit:  - other features:
LogInit:      CURL_VERSION_SSL
LogInit:      CURL_VERSION_IPV6
LogInit:      CURL_VERSION_ASYNCHDNS
LogInit:      CURL_VERSION_LARGEFILE
LogInit:      CURL_VERSION_IDN
LogInit:  CurlRequestOptions (configurable via config and command line):
LogInit:  - bVerifyPeer = false  - Libcurl will NOT verify peer certificate
LogInit:  - bUseHttpProxy = false  - Libcurl will NOT use HTTP proxy
LogInit:  - bDontReuseConnections = false  - Libcurl will reuse connections
LogInit:  - CertBundlePath = nullptr  - Libcurl will use whatever was configured at build time.
LogModuleManager:Warning: No filename provided for module OnlineSubsystemSteam
LogModuleManager:Warning: ModuleManager: Unable to load module 'OnlineSubsystemSteam' because the file 'D:/Epic Games/4.13/Engine/Binaries/Win64/' was not found.
LogInit: WinSock: version 1.1 (2.2), MaxSocks=32767, MaxUdp=65467
LogVoice:Warning: Failed to initialize voice interface
LogInit: Build: ++UE4+Release-4.13-CL-3142249
LogInit: Engine Version: 4.13.1-3142249+++UE4+Release-4.13
LogInit: Compatible Engine Version: 4.13.0-3106830+++UE4+Release-4.13
LogInit: Net CL: 3142249
LogDevObjectVersion: Number of dev versions registered: 13
LogDevObjectVersion:   Dev-Blueprints (B0D832E4-1F89-4F0D-ACCF-7EB736FD4AA2): 5
LogDevObjectVersion:   Dev-Build (E1C64328-A22C-4D53-A36C-8E866417BD8C): 0
LogDevObjectVersion:   Dev-Core (375EC13C-06E4-48FB-B500-84F0262A717E): 1
LogDevObjectVersion:   Dev-Editor (E4B068ED-F494-42E9-A231-DA0B2E46BB41): 6
LogDevObjectVersion:   Dev-Framework (CFFC743F-43B0-4480-9391-14DF171D2073): 12
LogDevObjectVersion:   Dev-Mobile (B02B49B5-BB20-44E9-A304-32B752E40360): 0
LogDevObjectVersion:   Dev-Networking (A4E4105C-59A1-49B5-A7C5-40C4547EDFEE): 0
LogDevObjectVersion:   Dev-Online (39C831C9-5AE6-47DC-9A44-9C173E1C8E7C): 0
LogDevObjectVersion:   Dev-Physics (78F01B33-EBEA-4F98-B9B4-84EACCB95AA2): 0
LogDevObjectVersion:   Dev-Platform (6631380F-2D4D-43E0-8009-CF276956A95A): 0
LogDevObjectVersion:   Dev-Rendering (12F88B9F-8875-4AFC-A67C-D90C383ABD29): 4
LogDevObjectVersion:   Dev-Sequencer (7B5AE74C-D270-4C10-A958-57980B212A5A): 0
LogDevObjectVersion:   Dev-VR (D7296918-1DD6-4BDD-9DE2-64A83CC13884): 0
LogInit: Compiled (64-bit): Sep 28 2016 02:12:12
LogInit: Compiled with Visual C++: 19.00.23026.00
LogInit: Build Configuration: Development
LogInit: Branch Name: ++UE4+Release-4.13
LogInit: Command line:  
LogInit: Base directory: D:/Epic Games/4.13/Engine/Binaries/Win64/
LogInit: Installed Engine Build: 1
LogInit: Presizing for max 8388607 objects, including 0 objects not considered by GC, pre-allocating 0 bytes for permanent pool.
LogInit: Object subsystem initialized
[2017.03.10-12.18.51:011][  0]LogInit: Selected Device Profile: [Windows]
[2017.03.10-12.18.51:011][  0]LogInit: Applying CVar settings loaded from the selected device profile: [Windows]
[2017.03.10-12.18.51:055][  0]LogInit: Computer: CONNORPAGE
[2017.03.10-12.18.51:055][  0]LogInit: User: Connor
[2017.03.10-12.18.51:055][  0]LogInit: CPU Page size=65536, Cores=4
[2017.03.10-12.18.51:055][  0]LogInit: High frequency timer resolution =2.533206 MHz
[2017.03.10-12.18.51:055][  0]LogMemory: Memory total: Physical=7.9GB (8GB approx)
[2017.03.10-12.18.51:055][  0]LogMemory: Platform Memory Stats for Windows
[2017.03.10-12.18.51:055][  0]LogMemory: Process Physical Memory: 258.05 MB used, 258.05 MB peak
[2017.03.10-12.18.51:055][  0]LogMemory: Process Virtual Memory: 260.25 MB used, 260.25 MB peak
[2017.03.10-12.18.51:055][  0]LogMemory: Physical Memory: 3861.80 MB used, 8109.73 MB total
[2017.03.10-12.18.51:055][  0]LogMemory: Virtual Memory: 625.00 MB used, 134217728.00 MB total
[2017.03.10-12.18.51:771][  0]LogTextLocalizationManager: No specific translations for ('en-GB') exist, so ('en') translations will be used.
[2017.03.10-12.18.54:285][  0]LogD3D11RHI: D3D11 adapters:
[2017.03.10-12.18.54:824][  0]LogD3D11RHI:    0. 'NVIDIA GeForce GTX 970M' (Feature Level 11_0)
[2017.03.10-12.18.54:824][  0]LogD3D11RHI:       3040/0/4054 MB DedicatedVideo/DedicatedSystem/SharedSystem, Outputs:1, VendorId:0x10de
[2017.03.10-12.18.54:830][  0]LogD3D11RHI:    1. 'Intel(R) HD Graphics 4600' (Feature Level 11_0)
[2017.03.10-12.18.54:830][  0]LogD3D11RHI:       112/0/2048 MB DedicatedVideo/DedicatedSystem/SharedSystem, Outputs:0, VendorId:0x8086
[2017.03.10-12.18.54:831][  0]LogD3D11RHI:    2. 'Microsoft Basic Render Driver' (Feature Level 11_0)
[2017.03.10-12.18.54:832][  0]LogD3D11RHI:       0/0/4054 MB DedicatedVideo/DedicatedSystem/SharedSystem, Outputs:0, VendorId:0x1414
[2017.03.10-12.18.54:832][  0]LogD3D11RHI: Chosen D3D11 Adapter: 0
[2017.03.10-12.18.54:836][  0]LogD3D11RHI: Creating new Direct3DDevice
[2017.03.10-12.18.54:836][  0]LogD3D11RHI:     GPU DeviceId: 0x13d8 (for the marketing name, search the web for "GPU Device Id")
[2017.03.10-12.18.54:836][  0]LogWindows: EnumDisplayDevices:
[2017.03.10-12.18.54:836][  0]LogWindows:    0. 'Intel(R) HD Graphics 4600' (P:1 D:1)
[2017.03.10-12.18.54:837][  0]LogWindows:    1. 'Intel(R) HD Graphics 4600' (P:0 D:0)
[2017.03.10-12.18.54:837][  0]LogWindows:    2. 'Intel(R) HD Graphics 4600' (P:0 D:0)
[2017.03.10-12.18.54:837][  0]LogWindows: DebugString: PrimaryIsNotTheChoosenAdapter PrimaryIsNotTheChoosenAdapter PrimaryIsNotTheChoosenAdapter FoundDriverCount:0 
[2017.03.10-12.18.54:837][  0]LogD3D11RHI:     Adapter Name: NVIDIA GeForce GTX 970M
[2017.03.10-12.18.54:837][  0]LogD3D11RHI:   Driver Version: Unknown (internal:Unknown, unified:Unknown)
[2017.03.10-12.18.54:837][  0]LogD3D11RHI:      Driver Date: Unknown
[2017.03.10-12.18.54:837][  0]LogRHI: Texture pool is 1361 MB (70% of 1945 MB)
[2017.03.10-12.18.55:354][  0]LogD3D11RHI: Async texture creation enabled
[2017.03.10-12.18.55:398][  0]LogD3D11RHI: GPU Timing Frequency: 1000.000000 (Debug: 2 1)
[2017.03.10-12.18.55:399][  0]LogShaderCompilers: Guid format shader working directory is -6 characters bigger than the processId version (../../../../Unreal Projects/Team2Thirds/MultiplayerV2/Intermediate/Shaders/WorkingDirectory/2356/).
[2017.03.10-12.18.55:399][  0]LogShaderCompilers: Cleaned the shader compiler working directory 'C:/Users/Connor/AppData/Local/Temp/UnrealShaderWorkingDir/D98CD6774FB0EBA396CF82BCDFE8C9E6/'.
[2017.03.10-12.18.55:412][  0]LogShaderCompilers:Display: Using Local Shader Compiler.
[2017.03.10-12.18.57:892][  0]LogTemp:Display: Loaded TP AllDesktopTargetPlatform
[2017.03.10-12.18.57:900][  0]LogTemp:Display: Loaded TP WindowsClientTargetPlatform
[2017.03.10-12.18.57:907][  0]LogTemp:Display: Loaded TP WindowsNoEditorTargetPlatform
[2017.03.10-12.18.57:914][  0]LogTemp:Display: Loaded TP WindowsServerTargetPlatform
[2017.03.10-12.18.57:921][  0]LogTemp:Display: Loaded TP WindowsTargetPlatform
[2017.03.10-12.18.57:947][  0]LogTemp:Display: Loaded TP AndroidTargetPlatform
[2017.03.10-12.18.57:961][  0]LogTemp:Display: Loaded TP Android_ASTCTargetPlatform
[2017.03.10-12.18.57:987][  0]LogTemp:Display: Loaded TP Android_ATCTargetPlatform
[2017.03.10-12.18.58:007][  0]LogTemp:Display: Loaded TP Android_DXTTargetPlatform
[2017.03.10-12.18.58:050][  0]LogTemp:Display: Loaded TP Android_ETC1TargetPlatform
[2017.03.10-12.18.58:060][  0]LogTemp:Display: Loaded TP Android_ETC2TargetPlatform
[2017.03.10-12.18.58:092][  0]LogTemp:Display: Loaded TP Android_MultiTargetPlatform
[2017.03.10-12.18.58:092][  0]LogTemp:Display: Loaded TP Android_PVRTCTargetPlatform
[2017.03.10-12.18.58:093][  0]LogTemp:Display: Loaded TP HTML5TargetPlatform
[2017.03.10-12.18.58:179][  0]LogTemp:Display: Loaded TP IOSTargetPlatform
[2017.03.10-12.18.58:185][  0]LogTemp:Display: Loaded TP TVOSTargetPlatform
[2017.03.10-12.18.58:192][  0]LogTemp:Display: Loaded TP LinuxClientTargetPlatform
[2017.03.10-12.18.58:198][  0]LogTemp:Display: Loaded TP LinuxNoEditorTargetPlatform
[2017.03.10-12.18.58:204][  0]LogTemp:Display: Loaded TP LinuxServerTargetPlatform
[2017.03.10-12.18.58:234][  0]LogTemp:Display: Loaded TP LinuxTargetPlatform
[2017.03.10-12.18.58:234][  0]LogTargetPlatformManager:Display: Building Assets For Windows
[2017.03.10-12.18.59:090][  0]LogDerivedDataCache:Display: Max Cache Size: 512 MB
[2017.03.10-12.18.59:459][  0]LogDerivedDataCache: Loaded boot cache 0.37s 62MB C:/Users/Connor/AppData/Local/UnrealEngine/4.13/DerivedDataCache/Boot.ddc.
[2017.03.10-12.18.59:459][  0]LogDerivedDataCache:Display: Loaded Boot cache: C:/Users/Connor/AppData/Local/UnrealEngine/4.13/DerivedDataCache/Boot.ddc
[2017.03.10-12.18.59:459][  0]LogDerivedDataCache: FDerivedDataBackendGraph:  Pak pak cache file ../../../../Unreal Projects/Team2Thirds/MultiplayerV2/DerivedDataCache/DDC.ddp not found, will not use a pak cache.
[2017.03.10-12.18.59:459][  0]LogDerivedDataCache: Unable to find inner node Pak for hierarchical cache Hierarchy.
[2017.03.10-12.18.59:459][  0]LogDerivedDataCache: FDerivedDataBackendGraph:  CompressedPak pak cache file ../../../../Unreal Projects/Team2Thirds/MultiplayerV2/DerivedDataCache/Compressed.ddp not found, will not use a pak cache.
[2017.03.10-12.18.59:459][  0]LogDerivedDataCache: Unable to find inner node CompressedPak for hierarchical cache Hierarchy.
[2017.03.10-12.18.59:537][  0]LogDerivedDataCache:Display: Pak cache opened for reading ../../../Engine/DerivedDataCache/Compressed.ddp.
[2017.03.10-12.18.59:550][  0]LogDerivedDataCache: Using Local data cache path C:/Users/Connor/AppData/Local/UnrealEngine/Common/DerivedDataCache: Writable
[2017.03.10-12.19.09:076][  0]LogInit: Selected Device Profile: [Windows]
[2017.03.10-12.19.09:280][  0]LogContentStreaming: Texture pool size is 0.00 MB
[2017.03.10-12.19.10:065][  0]LogMeshUtilities: No automatic mesh reduction module available
[2017.03.10-12.19.10:065][  0]LogMeshUtilities: No automatic mesh merging module available
[2017.03.10-12.19.10:065][  0]LogMeshUtilities: No distributed automatic mesh merging module available
[2017.03.10-12.19.11:846][  0]LogMaterial: Uniform references updated for custom material expression Custom.
[2017.03.10-12.19.15:622][  0]LogNetVersion: GetLocalNetworkVersion: CL: 3106830, ProjectName: multiplayerv2, ProjectVersion: , EngineNetworkVersion: 1, GameNetworkVersion: 0, NetworkChecksum: 2011542088
[2017.03.10-12.19.15:810][  0]LogAssetRegistry: FAssetRegistry took 0.0256 seconds to start up
[2017.03.10-12.19.16:033][  0]LogPackageLocalizationCache: Processed 3 localized package path(s) for 2 prioritized culture(s) in 0.087465 seconds
[2017.03.10-12.19.16:134][  0]LogUObjectArray: 29778 objects as part of root set at end of initial load.
[2017.03.10-12.19.16:134][  0]LogUObjectAllocator: 6125448 out of 0 bytes used by permanent object pool.
[2017.03.10-12.19.16:134][  0]LogUObjectArray: CloseDisregardForGC: 0/0 objects in disregard for GC pool
[2017.03.10-12.19.20:362][  0]LogSlate: SlateFontCache - WITH_FREETYPE: 1, WITH_HARFBUZZ: 1
[2017.03.10-12.19.20:362][  0]LogSlate: SlateFontCache - WITH_FREETYPE: 1, WITH_HARFBUZZ: 1
[2017.03.10-12.19.25:988][  0]LogSubstanceCoreModule: Substance CPU Engine Loaded, Max Texture Size 2048
[2017.03.10-12.19.26:064][  0]LogTcpMessaging: Initializing TcpMessaging bridge
[2017.03.10-12.19.26:101][  0]LogUdpMessaging: Initializing bridge on interface 0.0.0.0:0 to multicast group 230.0.0.1:6666.
[2017.03.10-12.19.27:679][  0]SourceControl: Info Source control is disabled
[2017.03.10-12.19.27:692][  0]SourceControl: Info Source control is disabled
[2017.03.10-12.19.27:754][  0]SourceControl: Info Source control is disabled
[2017.03.10-12.19.27:783][  0]SourceControl: Info Source control is disabled
[2017.03.10-12.19.29:533][  0]LogEngine: Initializing Engine...
[2017.03.10-12.19.29:560][  0]LogHMD: Failed to initialize OpenVR with code 110
[2017.03.10-12.19.30:569][  0]LogAIModule: Creating AISystem for world Untitled
[2017.03.10-12.19.30:866][  0]LogInit: XAudio2 using 'Speakers (Realtek High Definition Audio)' : 2 channels at 48 kHz using 32 bits per sample (channel mask 0x3)
[2017.03.10-12.19.30:888][  0]LogInit: FAudioDevice initialized.
[2017.03.10-12.19.30:943][  0]LogDerivedDataCache: Saved boot cache 0.04s 62MB C:/Users/Connor/AppData/Local/UnrealEngine/4.13/DerivedDataCache/Boot.ddc.
[2017.03.10-12.19.30:954][  0]LogInit: Texture streaming: Enabled
[2017.03.10-12.19.31:384][  0]LogInit: Transaction tracking system initialized
[2017.03.10-12.19.36:079][  0]BlueprintLog: New page: Editor Load
[2017.03.10-12.19.38:259][  0]LocalizationService: Info Localization service is disabled
[2017.03.10-12.19.39:444][  0]LogConsoleResponse:Display: 
[2017.03.10-12.19.41:225][  0]LogFileCache: Scanning file cache for directory 'D:/Epic Games/Unreal Projects/Team2Thirds/MultiplayerV2/Content/' took 0.02s
[2017.03.10-12.19.41:225][  0]LogCook:Display: Max memory allowance for cook 16384mb min free memory 0mb
[2017.03.10-12.19.41:225][  0]LogCook:Display: Mobile HDR setting 1
[2017.03.10-12.19.42:587][  0]SourceControl: Info Source control is disabled
[2017.03.10-12.19.42:634][  0]Cmd: MAP LOAD FILE="../../../../Unreal Projects/Team2Thirds/MultiplayerV2/Content/ThirdPersonBP/Maps/MainMenu.umap" TEMPLATE=0 SHOWPROGRESS=1 FEATURELEVEL=3
[2017.03.10-12.19.42:708][  0]LightingResults: New page: Lighting Build
[2017.03.10-12.19.42:969][  0]MapCheck: New page: Map Check
[2017.03.10-12.19.42:969][  0]LightingResults: New page: Lighting Build
[2017.03.10-12.19.44:579][  0]LogAIModule: Creating AISystem for world MainMenu
[2017.03.10-12.19.44:736][  0]LogEditorServer: Finished looking for orphan Actors (0.000 secs)
[2017.03.10-12.19.44:799][  0]Cmd: MAP CHECKDEP NOCLEARLOG
[2017.03.10-12.19.44:847][  0]MapCheck: Info Map check complete: 0 Error(s), 0 Warning(s), took 47.634ms to complete.
[2017.03.10-12.19.44:847][  0]LogFileHelpers: Loading map 'MainMenu' took 2.216
[2017.03.10-12.19.47:193][  0]LogCollectionManager: Loaded 0 collections in 0.001367 seconds
[2017.03.10-12.19.47:360][  0]LogFileCache: Scanning file cache for directory 'D:/Epic Games/Unreal Projects/Team2Thirds/MultiplayerV2/Saved/Collections/' took 0.01s
[2017.03.10-12.19.47:360][  0]LogFileCache: Scanning file cache for directory 'D:/Epic Games/Unreal Projects/Team2Thirds/MultiplayerV2/Content/Developers/Connor/Collections/' took 0.01s
[2017.03.10-12.19.47:360][  0]LogFileCache: Scanning file cache for directory 'D:/Epic Games/Unreal Projects/Team2Thirds/MultiplayerV2/Content/Collections/' took 0.01s
[2017.03.10-12.19.47:360][  0]LogCollectionManager: Rebuilt the GUID cache for 0 collections in 0.000003 seconds
[2017.03.10-12.19.47:399][  0]LogContentBrowser: Native class hierarchy populated in 0.0369 seconds. Added 2156 classes and 421 folders.
[2017.03.10-12.19.47:442][  0]LogStats: UGameplayTagsManager::ConstructGameplayTagTree: Construct from data asset -  0.000 s
[2017.03.10-12.19.47:442][  0]LogStats: UGameplayTagsManager::ConstructGameplayTagTree: GameplayTagTreeChangedEvent.Broadcast -  0.000 s
[2017.03.10-12.19.47:443][  0]LogContentBrowser: Native class hierarchy updated for 'GameplayTags' in 0.0007 seconds. Added 12 classes and 0 folders.
[2017.03.10-12.19.47:474][  0]LogContentBrowser: Native class hierarchy updated for 'WidgetCarousel' in 0.0006 seconds. Added 0 classes and 0 folders.
[2017.03.10-12.19.48:262][  0]LogContentBrowser: Native class hierarchy updated for 'AddContentDialog' in 0.0006 seconds. Added 0 classes and 0 folders.
[2017.03.10-12.19.48:336][  0]LogContentBrowser: Native class hierarchy updated for 'SceneOutliner' in 0.0007 seconds. Added 1 classes and 2 folders.
[2017.03.10-12.19.51:003][  0]LogCrashTracker: Crashtracker disabled due to settings.
[2017.03.10-12.19.51:403][  0]LogUObjectGlobals:Warning: Failed to find object 'Class None.'
[2017.03.10-12.19.51:630][  0]LogContentBrowser: Native class hierarchy updated for 'HierarchicalLODOutliner' in 0.0007 seconds. Added 1 classes and 2 folders.
[2017.03.10-12.19.51:631][  0]LogLoad: (Engine Initialization) Total time: 63.90 seconds
[2017.03.10-12.19.51:631][  0]LogLoad: (Engine Initialization) Total Blueprint compile time: 0.93 seconds
[2017.03.10-12.19.51:631][  0]LogExternalProfiler: No external profilers were discovered.  External profiling features will not be available.
[2017.03.10-12.19.51:688][  0]LogOcInput: OculusInput pre-init called
[2017.03.10-12.19.52:297][  0]LogContentStreaming: Texture pool size now 1000 MB
[2017.03.10-12.19.53:854][  0]LogRenderer: Reallocating scene render targets to support 1208x576 (Frame:2).
[2017.03.10-12.19.55:077][  3]LogAssetRegistry: Asset discovery search completed in 39.2892 seconds
[2017.03.10-12.19.55:107][  3]LogCollectionManager: Rebuilt the object cache for 0 collections in 0.000000 seconds (found 0 objects)
[2017.03.10-12.19.55:107][  3]LogCollectionManager: Fixed up redirectors for 0 collections in 0.029858 seconds (updated 0 objects)
[2017.03.10-12.20.38:954][561]LogContentBrowser: Native class hierarchy updated for 'BlueprintGraph' in 0.0010 seconds. Added 112 classes and 0 folders.
[2017.03.10-12.27.14:036][252]BlueprintLog: New page: Compile LobbyGM
[2017.03.10-12.27.14:829][277]Cmd: OBJ SAVEPACKAGE PACKAGE="/Game/LobbyGM" FILE="../../../../Unreal Projects/Team2Thirds/MultiplayerV2/Content/LobbyGM.uasset" SILENT=true
[2017.03.10-12.27.14:906][277]LogSavePackage: Save=47.09ms
[2017.03.10-12.27.14:906][277]LogSavePackage: Moving '../../../../Unreal Projects/Team2Thirds/MultiplayerV2/Saved/LobbyGME73B77D2463C9E9013ADA0ACB0A5B8B3.tmp' to '../../../../Unreal Projects/Team2Thirds/MultiplayerV2/Content/LobbyGM.uasset'
[2017.03.10-12.27.14:911][277]LogSavePackage:Display: Finished SavePackage ../../../../Unreal Projects/Team2Thirds/MultiplayerV2/Content/LobbyGM.uasset
[2017.03.10-12.29.32:245][270]BlueprintLog: New page: Compile LobbyMenu
[2017.03.10-12.29.32:744][293]Cmd: OBJ SAVEPACKAGE PACKAGE="/Game/LobbyMenu" FILE="../../../../Unreal Projects/Team2Thirds/MultiplayerV2/Content/LobbyMenu.uasset" SILENT=true
[2017.03.10-12.29.32:758][293]LogSavePackage: Save=7.10ms
[2017.03.10-12.29.32:758][293]LogSavePackage: Moving '../../../../Unreal Projects/Team2Thirds/MultiplayerV2/Saved/LobbyMenu3CEF0A2A4AAC1E9BBF3B44AC73DC41DE.tmp' to '../../../../Unreal Projects/Team2Thirds/MultiplayerV2/Content/LobbyMenu.uasset'
[2017.03.10-12.29.32:761][293]LogSavePackage:Display: Finished SavePackage ../../../../Unreal Projects/Team2Thirds/MultiplayerV2/Content/LobbyMenu.uasset
[2017.03.10-12.31.39:934][400]LogFileHelpers: Editor autosave (incl. sublevels) for '/Game/ThirdPersonBP/Maps/MainMenu' took 0.013
[2017.03.10-12.31.39:943][400]OBJ SavePackage: Generating thumbnails for [0] asset(s) in package [/Game/LobbyMenu] ([1] browsable assets)...
[2017.03.10-12.31.39:943][400]OBJ SavePackage: Finished generating thumbnails for package [/Game/LobbyMenu]
[2017.03.10-12.31.39:943][400]Cmd: OBJ SAVEPACKAGE PACKAGE="/Game/LobbyMenu" FILE="../../../../Unreal Projects/Team2Thirds/MultiplayerV2/Saved/Autosaves/Game/LobbyMenu_Auto1.uasset" SILENT=false AUTOSAVING=true
[2017.03.10-12.31.39:951][400]LogSavePackage: Save=6.18ms
[2017.03.10-12.31.39:951][400]LogSavePackage: Moving '../../../../Unreal Projects/Team2Thirds/MultiplayerV2/Saved/LobbyMenu_Auto11B09955347C27020747B90B5E4E1DFA9.tmp' to '../../../../Unreal Projects/Team2Thirds/MultiplayerV2/Saved/Autosaves/Game/LobbyMenu_Auto1.uasset'
[2017.03.10-12.31.39:952][400]LogSavePackage:Display: Finished SavePackage ../../../../Unreal Projects/Team2Thirds/MultiplayerV2/Saved/Autosaves/Game/LobbyMenu_Auto1.uasset
[2017.03.10-12.31.39:952][400]LogFileHelpers: Auto-saving content packages took 0.014
[2017.03.10-12.32.17:484][607]BlueprintLog: New page: Compile LobbyMenu
[2017.03.10-12.32.54:970][390]BlueprintLog: New page: Compile LobbyMenu
[2017.03.10-12.35.37:468][938]BlueprintLog: New page: Compile LobbyMenu
[2017.03.10-12.35.38:050][967]Cmd: OBJ SAVEPACKAGE PACKAGE="/Game/LobbyMenu" FILE="../../../../Unreal Projects/Team2Thirds/MultiplayerV2/Content/LobbyMenu.uasset" SILENT=true
[2017.03.10-12.35.38:076][967]LogSavePackage: Save=22.37ms
[2017.03.10-12.35.38:076][967]LogSavePackage: Moving '../../../../Unreal Projects/Team2Thirds/MultiplayerV2/Saved/LobbyMenu8BB4B3EC47D004D6F75B56BC65A7BF69.tmp' to '../../../../Unreal Projects/Team2Thirds/MultiplayerV2/Content/LobbyMenu.uasset'
[2017.03.10-12.35.38:079][967]LogSavePackage:Display: Finished SavePackage ../../../../Unreal Projects/Team2Thirds/MultiplayerV2/Content/LobbyMenu.uasset
[2017.03.10-12.37.57:488][934]BlueprintLog: New page: Compile LobbyPC
[2017.03.10-12.41.40:544][187]LogFileHelpers: Editor autosave (incl. sublevels) for '/Game/ThirdPersonBP/Maps/MainMenu' took 0.016
[2017.03.10-12.41.40:546][187]OBJ SavePackage: Generating thumbnails for [0] asset(s) in package [/Game/LobbyPC] ([1] browsable assets)...
[2017.03.10-12.41.40:546][187]OBJ SavePackage: Finished generating thumbnails for package [/Game/LobbyPC]
[2017.03.10-12.41.40:546][187]Cmd: OBJ SAVEPACKAGE PACKAGE="/Game/LobbyPC" FILE="../../../../Unreal Projects/Team2Thirds/MultiplayerV2/Saved/Autosaves/Game/LobbyPC_Auto2.uasset" SILENT=false AUTOSAVING=true
[2017.03.10-12.41.40:835][187]LogSavePackage: Save=279.47ms
[2017.03.10-12.41.40:835][187]LogSavePackage: Moving '../../../../Unreal Projects/Team2Thirds/MultiplayerV2/Saved/LobbyPC_Auto248AFB0494F1E991287AE2CA474658369.tmp' to '../../../../Unreal Projects/Team2Thirds/MultiplayerV2/Saved/Autosaves/Game/LobbyPC_Auto2.uasset'
[2017.03.10-12.41.40:836][187]LogSavePackage:Display: Finished SavePackage ../../../../Unreal Projects/Team2Thirds/MultiplayerV2/Saved/Autosaves/Game/LobbyPC_Auto2.uasset
[2017.03.10-12.41.40:837][187]OBJ SavePackage: Generating thumbnails for [0] asset(s) in package [/Game/LobbyMenu] ([1] browsable assets)...
[2017.03.10-12.41.40:837][187]OBJ SavePackage: Finished generating thumbnails for package [/Game/LobbyMenu]
[2017.03.10-12.41.40:837][187]Cmd: OBJ SAVEPACKAGE PACKAGE="/Game/LobbyMenu" FILE="../../../../Unreal Projects/Team2Thirds/MultiplayerV2/Saved/Autosaves/Game/LobbyMenu_Auto2.uasset" SILENT=false AUTOSAVING=true
[2017.03.10-12.41.40:852][187]LogSavePackage: Save=7.71ms
[2017.03.10-12.41.40:852][187]LogSavePackage: Moving '../../../../Unreal Projects/Team2Thirds/MultiplayerV2/Saved/LobbyMenu_Auto24763ECB3466A1508DB3830B6F0A6EEB1.tmp' to '../../../../Unreal Projects/Team2Thirds/MultiplayerV2/Saved/Autosaves/Game/LobbyMenu_Auto2.uasset'
[2017.03.10-12.41.40:853][187]LogSavePackage:Display: Finished SavePackage ../../../../Unreal Projects/Team2Thirds/MultiplayerV2/Saved/Autosaves/Game/LobbyMenu_Auto2.uasset
[2017.03.10-12.41.40:853][187]LogFileHelpers: Auto-saving content packages took 0.308
[2017.03.10-12.43.35:621][ 29]BlueprintLog: New page: Compile LobbyPC
[2017.03.10-12.46.01:915][572]BlueprintLog: New page: Compile LobbyPC
[2017.03.10-12.52.53:016][165]LogFileHelpers: Editor autosave (incl. sublevels) for '/Game/ThirdPersonBP/Maps/MainMenu' took 0.018
[2017.03.10-12.52.53:018][165]OBJ SavePackage: Generating thumbnails for [0] asset(s) in package [/Game/LobbyPC] ([1] browsable assets)...
[2017.03.10-12.52.53:018][165]OBJ SavePackage: Finished generating thumbnails for package [/Game/LobbyPC]
[2017.03.10-12.52.53:018][165]Cmd: OBJ SAVEPACKAGE PACKAGE="/Game/LobbyPC" FILE="../../../../Unreal Projects/Team2Thirds/MultiplayerV2/Saved/Autosaves/Game/LobbyPC_Auto3.uasset" SILENT=false AUTOSAVING=true
[2017.03.10-12.52.53:054][165]LogSavePackage: Save=29.03ms
[2017.03.10-12.52.53:054][165]LogSavePackage: Moving '../../../../Unreal Projects/Team2Thirds/MultiplayerV2/Saved/LobbyPC_Auto38ADC74734D2FA2F12A0656A97CA2B544.tmp' to '../../../../Unreal Projects/Team2Thirds/MultiplayerV2/Saved/Autosaves/Game/LobbyPC_Auto3.uasset'
[2017.03.10-12.52.53:055][165]LogSavePackage:Display: Finished SavePackage ../../../../Unreal Projects/Team2Thirds/MultiplayerV2/Saved/Autosaves/Game/LobbyPC_Auto3.uasset
[2017.03.10-12.52.53:055][165]LogFileHelpers: Auto-saving content packages took 0.038
[2017.03.10-12.59.51:028][134]BlueprintLog: New page: Compile LobbyPC
[2017.03.10-13.03.35:998][653]LogFileHelpers: Editor autosave (incl. sublevels) for '/Game/ThirdPersonBP/Maps/MainMenu' took 0.015
[2017.03.10-13.03.36:001][653]OBJ SavePackage: Generating thumbnails for [0] asset(s) in package [/Game/LobbyPC] ([1] browsable assets)...
[2017.03.10-13.03.36:001][653]OBJ SavePackage: Finished generating thumbnails for package [/Game/LobbyPC]
[2017.03.10-13.03.36:001][653]Cmd: OBJ SAVEPACKAGE PACKAGE="/Game/LobbyPC" FILE="../../../../Unreal Projects/Team2Thirds/MultiplayerV2/Saved/Autosaves/Game/LobbyPC_Auto4.uasset" SILENT=false AUTOSAVING=true
[2017.03.10-13.03.36:034][653]LogSavePackage: Save=24.01ms
[2017.03.10-13.03.36:034][653]LogSavePackage: Moving '../../../../Unreal Projects/Team2Thirds/MultiplayerV2/Saved/LobbyPC_Auto46DE8F5154B6A8DEE536E5B9DC2640E78.tmp' to '../../../../Unreal Projects/Team2Thirds/MultiplayerV2/Saved/Autosaves/Game/LobbyPC_Auto4.uasset'
[2017.03.10-13.03.36:035][653]LogSavePackage:Display: Finished SavePackage ../../../../Unreal Projects/Team2Thirds/MultiplayerV2/Saved/Autosaves/Game/LobbyPC_Auto4.uasset
[2017.03.10-13.03.36:035][653]LogFileHelpers: Auto-saving content packages took 0.035
[2017.03.10-13.06.14:982][208]BlueprintLog: New page: Compile LobbyPC
[2017.03.10-13.06.15:525][229]Cmd: OBJ SAVEPACKAGE PACKAGE="/Game/LobbyPC" FILE="../../../../Unreal Projects/Team2Thirds/MultiplayerV2/Content/LobbyPC.uasset" SILENT=true
[2017.03.10-13.06.15:568][229]LogSavePackage: Save=25.91ms
[2017.03.10-13.06.15:568][229]LogSavePackage: Moving '../../../../Unreal Projects/Team2Thirds/MultiplayerV2/Saved/LobbyPCE43CBEE040E2F944008A6D8A5537F55F.tmp' to '../../../../Unreal Projects/Team2Thirds/MultiplayerV2/Content/LobbyPC.uasset'
[2017.03.10-13.06.15:574][229]LogSavePackage:Display: Finished SavePackage ../../../../Unreal Projects/Team2Thirds/MultiplayerV2/Content/LobbyPC.uasset
[2017.03.10-13.10.26:976][439]LogSlate:Warning: Prevented a slow task dialog from being summoned while a context menu was open
[2017.03.10-13.14.22:399][968]LogFileHelpers: Editor autosave (incl. sublevels) for '/Game/ThirdPersonBP/Maps/MainMenu' took 0.047
[2017.03.10-13.14.22:404][968]OBJ SavePackage: Generating thumbnails for [0] asset(s) in package [/Game/LobbyPC] ([1] browsable assets)...
[2017.03.10-13.14.22:404][968]OBJ SavePackage: Finished generating thumbnails for package [/Game/LobbyPC]
[2017.03.10-13.14.22:404][968]Cmd: OBJ SAVEPACKAGE PACKAGE="/Game/LobbyPC" FILE="../../../../Unreal Projects/Team2Thirds/MultiplayerV2/Saved/Autosaves/Game/LobbyPC_Auto5.uasset" SILENT=false AUTOSAVING=true
[2017.03.10-13.14.22:483][968]LogSavePackage: Save=50.46ms
[2017.03.10-13.14.22:483][968]LogSavePackage: Moving '../../../../Unreal Projects/Team2Thirds/MultiplayerV2/Saved/LobbyPC_Auto55153D3764ECEAB095532AC9D99F692BC.tmp' to '../../../../Unreal Projects/Team2Thirds/MultiplayerV2/Saved/Autosaves/Game/LobbyPC_Auto5.uasset'
[2017.03.10-13.14.22:486][968]LogSavePackage:Display: Finished SavePackage ../../../../Unreal Projects/Team2Thirds/MultiplayerV2/Saved/Autosaves/Game/LobbyPC_Auto5.uasset
[2017.03.10-13.14.22:486][968]LogFileHelpers: Auto-saving content packages took 0.086
[2017.03.10-13.20.08:671][525]BlueprintLog: New page: Compile LobbyPC
[2017.03.10-13.20.09:262][551]Cmd: OBJ SAVEPACKAGE PACKAGE="/Game/LobbyPC" FILE="../../../../Unreal Projects/Team2Thirds/MultiplayerV2/Content/LobbyPC.uasset" SILENT=true
[2017.03.10-13.20.09:305][551]LogSavePackage: Save=33.46ms
[2017.03.10-13.20.09:305][551]LogSavePackage: Moving '../../../../Unreal Projects/Team2Thirds/MultiplayerV2/Saved/LobbyPC5573B74C4F077C377E6F0B88266FD350.tmp' to '../../../../Unreal Projects/Team2Thirds/MultiplayerV2/Content/LobbyPC.uasset'
[2017.03.10-13.20.09:308][551]LogSavePackage:Display: Finished SavePackage ../../../../Unreal Projects/Team2Thirds/MultiplayerV2/Content/LobbyPC.uasset
[2017.03.10-13.20.35:604][810]Cmd: OBJ SAVEPACKAGE PACKAGE="/Game/LobbyPC" FILE="../../../../Unreal Projects/Team2Thirds/MultiplayerV2/Content/LobbyPC.uasset" SILENT=true
[2017.03.10-13.20.35:648][810]LogSavePackage: Save=38.35ms
[2017.03.10-13.20.35:648][810]LogSavePackage: Moving '../../../../Unreal Projects/Team2Thirds/MultiplayerV2/Saved/LobbyPCA162975B458BBD009A8EC5AD0CBA95B9.tmp' to '../../../../Unreal Projects/Team2Thirds/MultiplayerV2/Content/LobbyPC.uasset'
[2017.03.10-13.20.35:649][810]LogSavePackage:Display: Finished SavePackage ../../../../Unreal Projects/Team2Thirds/MultiplayerV2/Content/LobbyPC.uasset
[2017.03.10-13.20.41:142][ 16]Cmd: OBJ SAVEPACKAGE PACKAGE="/Game/LobbyMenu" FILE="../../../../Unreal Projects/Team2Thirds/MultiplayerV2/Content/LobbyMenu.uasset" SILENT=true
[2017.03.10-13.20.41:170][ 16]LogSavePackage: Save=22.44ms
[2017.03.10-13.20.41:170][ 16]LogSavePackage: Moving '../../../../Unreal Projects/Team2Thirds/MultiplayerV2/Saved/LobbyMenu4C420EE047CD3C0ED53E4A869108E797.tmp' to '../../../../Unreal Projects/Team2Thirds/MultiplayerV2/Content/LobbyMenu.uasset'
[2017.03.10-13.20.41:175][ 16]LogSavePackage:Display: Finished SavePackage ../../../../Unreal Projects/Team2Thirds/MultiplayerV2/Content/LobbyMenu.uasset
[2017.03.10-13.20.42:869][110]LogWindowsTextInputMethodSystem:Display: IME system now deactivated.
[2017.03.10-13.20.43:200][111]Cmd: QUIT_EDITOR
[2017.03.10-13.20.43:365][111]LogExit: Preparing to exit.
[2017.03.10-13.20.44:064][111]LogDirectoryWatcher: A directory notification for 'D:/Epic Games/Unreal Projects/Team2Thirds/MultiplayerV2/Content/' was aborted.
[2017.03.10-13.20.44:201][111]LogExit: Editor shut down
[2017.03.10-13.20.44:203][111]LogExit: Transaction tracking system shut down
[2017.03.10-13.20.44:769][111]LogObj: Freed 0b from 0 cluster array pools.
[2017.03.10-13.20.44:770][111]LogExit: Object subsystem successfully closed.
[2017.03.10-13.20.44:953][111]LogD3D11RHI: Shutdown
[2017.03.10-13.20.44:953][111]LogD3D11RHI: CleanupD3DDevice
[2017.03.10-13.20.45:075][111]LogD3D11RHI: ~FD3D11DynamicRHI
[2017.03.10-13.20.45:598][111]LogModuleManager: Shutting down and abandoning module SequencerWidgets (240)
[2017.03.10-13.20.45:598][111]LogModuleManager: Shutting down and abandoning module BlueprintGraph (239)
[2017.03.10-13.20.45:598][111]LogModuleManager: Shutting down and abandoning module BlueprintProfiler (238)
[2017.03.10-13.20.45:603][111]LogModuleManager: Shutting down and abandoning module HierarchicalLODOutliner (237)
[2017.03.10-13.20.45:639][111]LogModuleManager: Shutting down and abandoning module CrashTracker (236)
[2017.03.10-13.20.45:640][111]LogModuleManager: Shutting down and abandoning module SceneOutliner (235)
[2017.03.10-13.20.45:640][111]LogModuleManager: Shutting down and abandoning module WidgetCarousel (234)
[2017.03.10-13.20.45:640][111]LogModuleManager: Shutting down and abandoning module AddContentDialog (233)
[2017.03.10-13.20.45:673][111]LogDirectoryWatcher: A directory notification for 'D:/Epic Games/4.13/FeaturePacks/' was aborted.
[2017.03.10-13.20.45:679][111]LogModuleManager: Shutting down and abandoning module GameplayTags (232)
[2017.03.10-13.20.45:679][111]LogModuleManager: Shutting down and abandoning module EditorWidgets (231)
[2017.03.10-13.20.45:679][111]LogModuleManager: Shutting down and abandoning module CollectionManager (230)
[2017.03.10-13.20.45:679][111]LogDirectoryWatcher: A directory notification for 'D:/Epic Games/Unreal Projects/Team2Thirds/MultiplayerV2/Content/Collections/' was aborted.
[2017.03.10-13.20.45:679][111]LogDirectoryWatcher: A directory notification for 'D:/Epic Games/Unreal Projects/Team2Thirds/MultiplayerV2/Content/Developers/Connor/Collections/' was aborted.
[2017.03.10-13.20.45:680][111]LogDirectoryWatcher: A directory notification for 'D:/Epic Games/Unreal Projects/Team2Thirds/MultiplayerV2/Saved/Collections/' was aborted.
[2017.03.10-13.20.45:680][111]LogModuleManager: Shutting down and abandoning module StatsViewer (229)
[2017.03.10-13.20.45:715][111]LogModuleManager: Shutting down and abandoning module FoliageEdit (228)
[2017.03.10-13.20.45:715][111]LogModuleManager: Shutting down and abandoning module LandscapeEditor (227)
[2017.03.10-13.20.45:754][111]LogModuleManager: Shutting down and abandoning module SceneDepthPickerMode (226)
[2017.03.10-13.20.45:754][111]LogModuleManager: Shutting down and abandoning module ActorPickerMode (225)
[2017.03.10-13.20.45:754][111]LogModuleManager: Shutting down and abandoning module GeometryMode (224)
[2017.03.10-13.20.45:754][111]LogModuleManager: Shutting down and abandoning module TextureAlignMode (223)
[2017.03.10-13.20.45:754][111]LogModuleManager: Shutting down and abandoning module BspMode (222)
[2017.03.10-13.20.45:754][111]LogModuleManager: Shutting down and abandoning module HardwareSurvey (221)
[2017.03.10-13.20.45:754][111]LogModuleManager: Shutting down and abandoning module SequenceRecorderSections (220)
[2017.03.10-13.20.45:754][111]LogModuleManager: Shutting down and abandoning module SequenceRecorder (219)
[2017.03.10-13.20.45:775][111]LogModuleManager: Shutting down and abandoning module AutomationWorker (218)
[2017.03.10-13.20.45:775][111]LogModuleManager: Shutting down and abandoning module MatineeToLevelSequence (217)
[2017.03.10-13.20.45:775][111]LogModuleManager: Shutting down and abandoning module PlacementMode (216)
[2017.03.10-13.20.45:793][111]LogModuleManager: Shutting down and abandoning module LevelSequenceEditor (215)
[2017.03.10-13.20.45:793][111]LogModuleManager: Shutting down and abandoning module WmfMediaFactory (214)
[2017.03.10-13.20.45:793][111]LogModuleManager: Shutting down and abandoning module WmfMediaEditor (213)
[2017.03.10-13.20.45:793][111]LogModuleManager: Shutting down and abandoning module AvfMediaFactory (212)
[2017.03.10-13.20.45:793][111]LogModuleManager: Shutting down and abandoning module AvfMediaEditor (211)
[2017.03.10-13.20.45:793][111]LogModuleManager: Shutting down and abandoning module Media (210)
[2017.03.10-13.20.45:793][111]LogModuleManager: Shutting down and abandoning module AndroidMediaFactory (209)
[2017.03.10-13.20.45:793][111]LogModuleManager: Shutting down and abandoning module AndroidMediaEditor (208)
[2017.03.10-13.20.45:793][111]LogModuleManager: Shutting down and abandoning module CharacterAI (207)
[2017.03.10-13.20.45:793][111]LogModuleManager: Shutting down and abandoning module SmartSnapping (206)
[2017.03.10-13.20.45:793][111]LogModuleManager: Shutting down and abandoning module SessionServices (205)
[2017.03.10-13.20.45:794][111]LogModuleManager: Shutting down and abandoning module ViewportSnapping (204)
[2017.03.10-13.20.45:794][111]LogModuleManager: Shutting down and abandoning module ViewportInteraction (203)
[2017.03.10-13.20.45:794][111]LogModuleManager: Shutting down and abandoning module LogVisualizer (202)
[2017.03.10-13.20.45:800][111]LogModuleManager: Shutting down and abandoning module GameProjectGeneration (201)
[2017.03.10-13.20.45:814][111]LogModuleManager: Shutting down and abandoning module IntroTutorials (200)
[2017.03.10-13.20.45:819][111]LogModuleManager: Shutting down and abandoning module EditorLiveStreaming (199)
[2017.03.10-13.20.45:819][111]LogModuleManager: Shutting down and abandoning module IOSPlatformEditor (198)
[2017.03.10-13.20.45:819][111]LogModuleManager: Shutting down and abandoning module HTML5PlatformEditor (197)
[2017.03.10-13.20.45:819][111]LogModuleManager: Shutting down and abandoning module AndroidDeviceDetection (196)
[2017.03.10-13.20.46:344][111]LogModuleManager: Shutting down and abandoning module AndroidPlatformEditor (195)
[2017.03.10-13.20.46:344][111]LogModuleManager: Shutting down and abandoning module IOSRuntimeSettings (194)
[2017.03.10-13.20.46:344][111]LogModuleManager: Shutting down and abandoning module AndroidRuntimeSettings (193)
[2017.03.10-13.20.46:344][111]LogModuleManager: Shutting down and abandoning module NiagaraEditor (192)
[2017.03.10-13.20.46:368][111]LogModuleManager: Shutting down and abandoning module MergeActors (191)
[2017.03.10-13.20.46:378][111]LogModuleManager: Shutting down and abandoning module SizeMap (190)
[2017.03.10-13.20.46:378][111]LogModuleManager: Shutting down and abandoning module TreeMap (189)
[2017.03.10-13.20.46:378][111]LogModuleManager: Shutting down and abandoning module ReferenceViewer (188)
[2017.03.10-13.20.46:378][111]LogModuleManager: Shutting down and abandoning module LocalizationService (187)
[2017.03.10-13.20.46:378][111]LogModuleManager: Shutting down and abandoning module LocalizationDashboard (186)
[2017.03.10-13.20.46:391][111]LogModuleManager: Shutting down and abandoning module HardwareTargeting (185)
[2017.03.10-13.20.46:391][111]LogModuleManager: Shutting down and abandoning module DeviceProfileEditor (184)
[2017.03.10-13.20.46:397][111]LogModuleManager: Shutting down and abandoning module UndoHistory (183)
[2017.03.10-13.20.46:397][111]LogModuleManager: Shutting down and abandoning module UserFeedback (182)
[2017.03.10-13.20.46:397][111]LogModuleManager: Shutting down and abandoning module XmlParser (181)
[2017.03.10-13.20.46:397][111]LogModuleManager: Shutting down and abandoning module Blutility (180)
[2017.03.10-13.20.46:397][111]LogModuleManager: Shutting down and abandoning module ProjectTargetPlatformEditor (179)
[2017.03.10-13.20.46:402][111]LogModuleManager: Shutting down and abandoning module ProjectSettingsViewer (178)
[2017.03.10-13.20.46:403][111]LogModuleManager: Shutting down and abandoning module InputBindingEditor (177)
[2017.03.10-13.20.46:408][111]LogModuleManager: Shutting down and abandoning module EditorSettingsViewer (176)
[2017.03.10-13.20.46:408][111]LogModuleManager: Shutting down and abandoning module SettingsEditor (175)
[2017.03.10-13.20.46:414][111]LogModuleManager: Shutting down and abandoning module ProjectLauncher (174)
[2017.03.10-13.20.46:422][111]LogModuleManager: Shutting down and abandoning module SessionFrontend (173)
[2017.03.10-13.20.46:433][111]LogModuleManager: Shutting down and abandoning module ProfilerClient (172)
[2017.03.10-13.20.46:440][111]LogModuleManager: Shutting down and abandoning module TargetDeviceServices (171)
[2017.03.10-13.20.46:440][111]LogModuleManager: Shutting down and abandoning module DeviceManager (170)
[2017.03.10-13.20.46:494][111]LogModuleManager: Shutting down and abandoning module AutomationController (169)
[2017.03.10-13.20.46:504][111]LogModuleManager: Shutting down and abandoning module AutomationWindow (168)
[2017.03.10-13.20.46:516][111]LogModuleManager: Shutting down and abandoning module Layers (167)
[2017.03.10-13.20.46:533][111]LogModuleManager: Shutting down and abandoning module ComponentVisualizers (166)
[2017.03.10-13.20.46:533][111]LogModuleManager: Shutting down and abandoning module DetailCustomizations (165)
[2017.03.10-13.20.46:533][111]LogModuleManager: Shutting down and abandoning module PackagesDialog (164)
[2017.03.10-13.20.46:533][111]LogModuleManager: Shutting down and abandoning module AnimGraph (163)
[2017.03.10-13.20.46:533][111]LogModuleManager: Shutting down and abandoning module Persona (162)
[2017.03.10-13.20.46:562][111]LogModuleManager: Shutting down and abandoning module Kismet (161)
[2017.03.10-13.20.46:571][111]LogModuleManager: Shutting down and abandoning module GraphEditor (160)
[2017.03.10-13.20.46:571][111]LogModuleManager: Shutting down and abandoning module ClassViewer (159)
[2017.03.10-13.20.46:572][111]LogModuleManager: Shutting down and abandoning module Toolbox (158)
[2017.03.10-13.20.46:572][111]LogModuleManager: Shutting down and abandoning module ModuleUI (157)
[2017.03.10-13.20.46:589][111]LogModuleManager: Shutting down and abandoning module MovieSceneTools (156)
[2017.03.10-13.20.46:595][111]LogModuleManager: Shutting down and abandoning module OutputLog (155)
[2017.03.10-13.20.46:595][111]LogModuleManager: Shutting down and abandoning module GammaUI (154)
[2017.03.10-13.20.46:640][111]LogModuleManager: Shutting down and abandoning module Documentation (153)
[2017.03.10-13.20.46:641][111]LogModuleManager: Shutting down and abandoning module Niagara (152)
[2017.03.10-13.20.46:641][111]LogModuleManager: Shutting down and abandoning module StreamingPauseRendering (151)
[2017.03.10-13.20.46:641][111]LogModuleManager: Shutting down and abandoning module AnalyticsET (150)
[2017.03.10-13.20.46:641][111]LogModuleManager: Shutting down and abandoning module PortalServices (149)
[2017.03.10-13.20.46:641][111]LogModuleManager: Shutting down and abandoning module PortalRpc (148)
[2017.03.10-13.20.46:641][111]LogModuleManager: Shutting down and abandoning module MessagingRpc (147)
[2017.03.10-13.20.46:641][111]LogModuleManager: Shutting down and abandoning module GameplayDebugger (146)
[2017.03.10-13.20.46:641][111]LogModuleManager: Shutting down and abandoning module AITestSuite (145)
[2017.03.10-13.20.46:641][111]LogModuleManager: Shutting down and abandoning module AIModule (144)
[2017.03.10-13.20.46:641][111]LogModuleManager: Shutting down and abandoning module ProfilerService (143)
[2017.03.10-13.20.46:645][111]LogModuleManager: Shutting down and abandoning module TaskGraph (142)
[2017.03.10-13.20.46:678][111]LogModuleManager: Shutting down and abandoning module SubstanceEditor (141)
[2017.03.10-13.20.46:692][111]LogModuleManager: Shutting down and abandoning module SlateRemote (140)
[2017.03.10-13.20.46:692][111]LogModuleManager: Shutting down and abandoning module SteamVRController (139)
[2017.03.10-13.20.46:692][111]LogModuleManager: Shutting down and abandoning module SteamVR (138)
[2017.03.10-13.20.46:692][111]LogModuleManager: Shutting down and abandoning module ProceduralMeshComponentEditor (137)
[2017.03.10-13.20.46:692][111]LogModuleManager: Shutting down and abandoning module ProceduralMeshComponent (136)
[2017.03.10-13.20.46:692][111]LogModuleManager: Shutting down and abandoning module OculusLibrary (135)
[2017.03.10-13.20.46:692][111]LogModuleManager: Shutting down and abandoning module OculusInput (134)
[2017.03.10-13.20.46:692][111]LogModuleManager: Shutting down and abandoning module CustomMeshComponent (133)
[2017.03.10-13.20.46:692][111]LogModuleManager: Shutting down and abandoning module CableComponent (132)
[2017.03.10-13.20.46:692][111]LogModuleManager: Shutting down and abandoning module ArchVisCharacter (131)
[2017.03.10-13.20.46:692][111]LogModuleManager: Shutting down and abandoning module MediaPlayerEditor (130)
[2017.03.10-13.20.46:714][111]LogModuleManager: Shutting down and abandoning module HTML5Networking (129)
[2017.03.10-13.20.46:714][111]LogModuleManager: Shutting down and abandoning module GeometryCacheEd (128)
[2017.03.10-13.20.46:714][111]LogModuleManager: Shutting down and abandoning module GeometryCache (127)
[2017.03.10-13.20.46:714][111]LogModuleManager: Shutting down and abandoning module AlembicLibrary (126)
[2017.03.10-13.20.46:714][111]LogModuleManager: Shutting down and abandoning module AlembicImporter (125)
[2017.03.10-13.20.46:726][111]LogModuleManager: Shutting down and abandoning module SuperSearch (124)
[2017.03.10-13.20.46:726][111]LogModuleManager: Shutting down and abandoning module SuperSearchEditor (123)
[2017.03.10-13.20.46:726][111]LogModuleManager: Shutting down and abandoning module SpeedTreeImporter (122)
[2017.03.10-13.20.46:726][111]LogModuleManager: Shutting down and abandoning module PluginBrowser (121)
[2017.03.10-13.20.46:726][111]LogModuleManager: Shutting down and abandoning module MobileLauncherProfileWizard (120)
[2017.03.10-13.20.46:741][111]LogModuleManager: Shutting down and abandoning module EpicSurvey (119)
[2017.03.10-13.20.46:741][111]LogModuleManager: Shutting down and abandoning module DesktopPlatform (118)
[2017.03.10-13.20.46:741][111]LogModuleManager: Shutting down and abandoning module VisualStudioSourceCodeAccess (117)
[2017.03.10-13.20.46:741][111]LogModuleManager: Shutting down and abandoning module UObjectPlugin (116)
[2017.03.10-13.20.46:741][111]LogModuleManager: Shutting down and abandoning module SubversionSourceControl (115)
[2017.03.10-13.20.46:741][111]LogModuleManager: Shutting down and abandoning module PerforceSourceControl (114)
[2017.03.10-13.20.46:741][111]LogModuleManager: Shutting down and abandoning module SourceControl (113)
[2017.03.10-13.20.46:750][111]LogModuleManager: Shutting down and abandoning module GitSourceControl (112)
[2017.03.10-13.20.46:750][111]LogModuleManager: Shutting down and abandoning module LightPropagationVolumeEditor (111)
[2017.03.10-13.20.46:750][111]LogModuleManager: Shutting down and abandoning module PaperTiledImporter (110)
[2017.03.10-13.20.46:750][111]LogModuleManager: Shutting down and abandoning module PaperSpriteSheetImporter (109)
[2017.03.10-13.20.46:750][111]LogModuleManager: Shutting down and abandoning module MeshPaint (108)
[2017.03.10-13.20.46:750][111]LogModuleManager: Shutting down and abandoning module FbxAutomationBuilderModule (107)
[2017.03.10-13.20.46:755][111]LogModuleManager: Shutting down and abandoning module PixelInspectorModule (106)
[2017.03.10-13.20.46:755][111]LogModuleManager: Shutting down and abandoning module HotReload (105)
[2017.03.10-13.20.46:756][111]LogModuleManager: Shutting down and abandoning module MainFrame (104)
[2017.03.10-13.20.46:756][111]LogModuleManager: Shutting down and abandoning module LevelEditor (103)
[2017.03.10-13.20.46:757][111]LogModuleManager: Shutting down and abandoning module ContentBrowser (102)
[2017.03.10-13.20.46:759][111]LogModuleManager: Shutting down and abandoning module Paper2DEditor (101)
[2017.03.10-13.20.46:771][111]LogModuleManager: Shutting down and abandoning module UdpMessaging (100)
[2017.03.10-13.20.46:871][111]LogModuleManager: Shutting down and abandoning module TcpMessaging (99)
[2017.03.10-13.20.46:972][111]LogModuleManager: Shutting down and abandoning module SubstanceCore (98)
[2017.03.10-13.20.46:972][111]LogModuleManager: Shutting down and abandoning module LightPropagationVolumeRuntime (97)
[2017.03.10-13.20.46:972][111]LogModuleManager: Shutting down and abandoning module Paper2D (96)
[2017.03.10-13.20.46:972][111]LogModuleManager: Shutting down and abandoning module WindowsMoviePlayer (95)
[2017.03.10-13.20.46:984][111]LogModuleManager: Shutting down and abandoning module WmfMedia (94)
[2017.03.10-13.20.46:995][111]LogModuleManager: Shutting down and abandoning module MediaAssets (93)
[2017.03.10-13.20.46:995][111]LogModuleManager: Shutting down and abandoning module GameLiveStreaming (92)
[2017.03.10-13.20.46:995][111]LogModuleManager: Shutting down and abandoning module GameplayTagsEditor (91)
[2017.03.10-13.20.46:995][111]LogModuleManager: Shutting down and abandoning module VREditor (90)
[2017.03.10-13.20.46:995][111]LogModuleManager: Shutting down and abandoning module GameplayTasksEditor (89)
[2017.03.10-13.20.46:995][111]LogModuleManager: Shutting down and abandoning module PropertyEditor (88)
[2017.03.10-13.20.46:996][111]LogModuleManager: Shutting down and abandoning module BehaviorTreeEditor (87)
[2017.03.10-13.20.47:010][111]LogModuleManager: Shutting down and abandoning module FunctionalTesting (86)
[2017.03.10-13.20.47:018][111]LogModuleManager: Shutting down and abandoning module CollisionAnalyzer (85)
[2017.03.10-13.20.47:026][111]LogModuleManager: Shutting down and abandoning module Sequencer (84)
[2017.03.10-13.20.47:026][111]LogModuleManager: Shutting down and abandoning module WorkspaceMenuStructure (83)
[2017.03.10-13.20.47:026][111]LogModuleManager: Shutting down and abandoning module MessageLog (82)
[2017.03.10-13.20.47:026][111]LogModuleManager: Shutting down and abandoning module AssetTools (81)
[2017.03.10-13.20.47:047][111]LogModuleManager: Shutting down and abandoning module UMGEditor (80)
[2017.03.10-13.20.47:047][111]LogModuleManager: Shutting down and abandoning module UMG (79)
[2017.03.10-13.20.47:056][111]LogModuleManager: Shutting down and abandoning module SlateReflector (78)
[2017.03.10-13.20.47:077][111]LogModuleManager: Shutting down and abandoning module Slate (77)
[2017.03.10-13.20.47:077][111]LogModuleManager: Shutting down and abandoning module EditorStyle (76)
[2017.03.10-13.20.47:079][111]LogModuleManager: Shutting down and abandoning module SourceCodeAccess (75)
[2017.03.10-13.20.47:079][111]LogModuleManager: Shutting down and abandoning module HeadMountedDisplay (74)
[2017.03.10-13.20.47:079][111]LogModuleManager: Shutting down and abandoning module XAudio2 (73)
[2017.03.10-13.20.47:079][111]LogModuleManager: Shutting down and abandoning module Networking (72)
[2017.03.10-13.20.47:079][111]LogModuleManager: Shutting down and abandoning module Core (71)
[2017.03.10-13.20.47:079][111]LogModuleManager: Shutting down and abandoning module DirectoryWatcher (70)
[2017.03.10-13.20.47:079][111]LogDirectoryWatcher: A directory notification for '../../../Engine/Content/' was aborted.
[2017.03.10-13.20.47:080][111]LogDirectoryWatcher: A directory notification for '../../../../Unreal Projects/Team2Thirds/MultiplayerV2/Content/' was aborted.
[2017.03.10-13.20.47:081][111]LogDirectoryWatcher: A directory notification for '../../../Engine/Plugins/2D/Paper2D/Content/' was aborted.
[2017.03.10-13.20.47:084][111]LogModuleManager: Shutting down and abandoning module AssetRegistry (69)
[2017.03.10-13.20.47:231][111]LogModuleManager: Shutting down and abandoning module KismetCompiler (68)
[2017.03.10-13.20.47:231][111]LogModuleManager: Shutting down and abandoning module PhysXFormats (67)
[2017.03.10-13.20.47:231][111]LogModuleManager: Shutting down and abandoning module MeshUtilities (66)
[2017.03.10-13.20.47:239][111]LogModuleManager: Shutting down and abandoning module DerivedDataCache (65)
[2017.03.10-13.20.47:322][111]LogDerivedDataCache: Shutdown
[2017.03.10-13.20.47:322][111]LogModuleManager: Shutting down and abandoning module VulkanShaderFormat (64)
[2017.03.10-13.20.47:322][111]LogModuleManager: Shutting down and abandoning module ShaderFormatOpenGL (63)
[2017.03.10-13.20.47:350][111]LogModuleManager: Shutting down and abandoning module ShaderFormatD3D (62)
[2017.03.10-13.20.47:351][111]LogModuleManager: Shutting down and abandoning module MetalShaderFormat (61)
[2017.03.10-13.20.47:363][111]LogModuleManager: Shutting down and abandoning module TextureFormatUncompressed (60)
[2017.03.10-13.20.47:363][111]LogModuleManager: Shutting down and abandoning module TextureFormatPVR (59)
[2017.03.10-13.20.47:363][111]LogModuleManager: Shutting down and abandoning module TextureFormatDXT (58)
[2017.03.10-13.20.47:363][111]LogModuleManager: Shutting down and abandoning module TextureFormatIntelISPCTexComp (57)
[2017.03.10-13.20.47:363][111]LogModuleManager: Shutting down and abandoning module ImageWrapper (56)
[2017.03.10-13.20.47:363][111]LogModuleManager: Shutting down and abandoning module TextureFormatASTC (55)
[2017.03.10-13.20.47:364][111]LogModuleManager: Shutting down and abandoning module TextureFormatAndroid (54)
[2017.03.10-13.20.47:364][111]LogModuleManager: Shutting down and abandoning module AudioFormatOpus (53)
[2017.03.10-13.20.47:364][111]LogModuleManager: Shutting down and abandoning module AudioFormatOgg (52)
[2017.03.10-13.20.47:364][111]LogModuleManager: Shutting down and abandoning module AudioFormatADPCM (51)
[2017.03.10-13.20.47:364][111]LogModuleManager: Shutting down and abandoning module LinuxTargetPlatform (50)
[2017.03.10-13.20.47:364][111]LogModuleManager: Shutting down and abandoning module LinuxServerTargetPlatform (49)
[2017.03.10-13.20.47:364][111]LogModuleManager: Shutting down and abandoning module LinuxNoEditorTargetPlatform (48)
[2017.03.10-13.20.47:364][111]LogModuleManager: Shutting down and abandoning module LinuxClientTargetPlatform (47)
[2017.03.10-13.20.47:364][111]LogModuleManager: Shutting down and abandoning module TVOSTargetPlatform (46)
[2017.03.10-13.20.47:364][111]LogModuleManager: Shutting down and abandoning module Messaging (45)
[2017.03.10-13.20.47:364][111]LogModuleManager: Shutting down and abandoning module IOSTargetPlatform (44)
[2017.03.10-13.20.47:364][111]LogModuleManager: Shutting down and abandoning module HTML5TargetPlatform (43)
[2017.03.10-13.20.47:364][111]LogModuleManager: Shutting down and abandoning module Android_PVRTCTargetPlatform (42)
[2017.03.10-13.20.47:364][111]LogModuleManager: Shutting down and abandoning module Android_MultiTargetPlatform (41)
[2017.03.10-13.20.47:364][111]LogModuleManager: Shutting down and abandoning module Android_ETC2TargetPlatform (40)
[2017.03.10-13.20.47:364][111]LogModuleManager: Shutting down and abandoning module Android_ETC1TargetPlatform (39)
[2017.03.10-13.20.47:364][111]LogModuleManager: Shutting down and abandoning module Android_DXTTargetPlatform (38)
[2017.03.10-13.20.47:364][111]LogModuleManager: Shutting down and abandoning module Android_ATCTargetPlatform (37)
[2017.03.10-13.20.47:364][111]LogModuleManager: Shutting down and abandoning module Android_ASTCTargetPlatform (36)
[2017.03.10-13.20.47:364][111]LogModuleManager: Shutting down and abandoning module AndroidTargetPlatform (35)
[2017.03.10-13.20.47:364][111]LogModuleManager: Shutting down and abandoning module WindowsTargetPlatform (34)
[2017.03.10-13.20.47:364][111]LogModuleManager: Shutting down and abandoning module WindowsServerTargetPlatform (33)
[2017.03.10-13.20.47:364][111]LogModuleManager: Shutting down and abandoning module WindowsNoEditorTargetPlatform (32)
[2017.03.10-13.20.47:364][111]LogModuleManager: Shutting down and abandoning module WindowsClientTargetPlatform (31)
[2017.03.10-13.20.47:364][111]LogModuleManager: Shutting down and abandoning module AllDesktopTargetPlatform (30)
[2017.03.10-13.20.47:364][111]LogModuleManager: Shutting down and abandoning module TargetPlatform (29)
[2017.03.10-13.20.47:364][111]LogModuleManager: Shutting down and abandoning module InputCore (28)
[2017.03.10-13.20.47:364][111]LogModuleManager: Shutting down and abandoning module Settings (27)
[2017.03.10-13.20.47:364][111]LogModuleManager: Shutting down and abandoning module OculusRift (26)
[2017.03.10-13.20.47:371][111]LogModuleManager: Shutting down and abandoning module GearVR (25)
[2017.03.10-13.20.47:371][111]LogModuleManager: Shutting down and abandoning module ExampleDeviceProfileSelector (24)
[2017.03.10-13.20.47:371][111]LogModuleManager: Shutting down and abandoning module OnlineBlueprintSupport (23)
[2017.03.10-13.20.47:371][111]LogModuleManager: Shutting down and abandoning module Voice (21)
[2017.03.10-13.20.47:371][111]LogModuleManager: Shutting down and abandoning module OnlineSubsystem (17)
[2017.03.10-13.20.47:371][111]LogOnline:Display: NULL: FOnlineSubsystemNull::Shutdown()
[2017.03.10-13.20.47:392][111]LogOnline:Display: Unloading online subsystem: NULL
[2017.03.10-13.20.47:392][111]LogModuleManager: Shutting down and abandoning module HTTP (16)
[2017.03.10-13.20.47:392][111]LogHttp:Display: Http module shutting down, but needs to wait on 1 outstanding Http requests:
[2017.03.10-13.20.47:392][111]LogHttp:Display: 	verb=[POST] url=[https://datarouter.ol.epicgames.com/datarouter/api/v1/public/data?SessionID=%7BF8846945-4B78-A68D-EA23-1A98EC198F55%7D&AppID=UEEditor.Rocket.Release&AppVersion=4.13.1-3142249%2B%2B%2BUE4%2BRelease-4.13&UserID=4b9972bd4ce3693f1c40f48e45651904%7Cd95bbae5a2c34cf6b3073801ef7200b6%7Ca979dc9b-9d08-4556-ac9a-aeddded5a6c4&AppEnvironment=datacollector-binary&UploadType=eteventstream] status=Processing
[2017.03.10-13.20.47:407][111]LogModuleManager: Shutting down and abandoning module XMPP (15)
[2017.03.10-13.20.47:424][111]LogModuleManager: Shutting down and abandoning module TextureCompressor (14)
[2017.03.10-13.20.47:425][111]LogModuleManager: Shutting down and abandoning module ShaderCore (13)
[2017.03.10-13.20.47:425][111]LogModuleManager: Shutting down and abandoning module Landscape (12)
[2017.03.10-13.20.47:425][111]LogModuleManager: Shutting down and abandoning module SlateRHIRenderer (11)
[2017.03.10-13.20.47:437][111]LogModuleManager: Shutting down and abandoning module OpenGLDrv (10)
[2017.03.10-13.20.47:472][111]LogModuleManager: Shutting down and abandoning module D3D11RHI (9)
[2017.03.10-13.20.47:472][111]LogModuleManager: Shutting down and abandoning module AnimGraphRuntime (8)
[2017.03.10-13.20.47:472][111]LogModuleManager: Shutting down and abandoning module Renderer (7)
[2017.03.10-13.20.47:472][111]LogModuleManager: Shutting down and abandoning module Engine (6)
[2017.03.10-13.20.47:472][111]LogModuleManager: Shutting down and abandoning module CoreUObject (5)
[2017.03.10-13.20.47:472][111]LogModuleManager: Shutting down and abandoning module NetworkFile (4)
[2017.03.10-13.20.47:483][111]LogModuleManager: Shutting down and abandoning module StreamingFile (3)
[2017.03.10-13.20.47:484][111]LogModuleManager: Shutting down and abandoning module SandboxFile (2)
[2017.03.10-13.20.47:495][111]LogModuleManager: Shutting down and abandoning module PakFile (1)
[2017.03.10-13.20.47:540][111]LogExit: Exiting.
[2017.03.10-13.20.47:546][111]Log file closed, 03/10/17 13:20:47
