Log file open, 02/09/17 15:13:12
LogInit:Display: Running engine for game: MultiplayerV2
LogPlatformFile: Not using cached read wrapper
LogInit:Display: RandInit(-1341073835) SRandInit(-1341073835).
LogTaskGraph: Started task graph with 5 named threads and 8 total threads with 1 sets of task threads.
LogStats: Stats thread started at 0.183453
LogPluginManager: Loaded Plugin Paper2D, From D:/Unreal/UE_4.13/Engine/Plugins/2D/Paper2D/Paper2D.uplugin
LogPluginManager: Loaded Plugin LightPropagationVolume, From D:/Unreal/UE_4.13/Engine/Plugins/Blendables/LightPropagationVolume/LightPropagationVolume.uplugin
LogPluginManager: Loaded Plugin BlankPlugin, From D:/Unreal/UE_4.13/Engine/Plugins/Developer/BlankPlugin/BlankPlugin.uplugin
LogPluginManager: Loaded Plugin CodeLiteSourceCodeAccess, From D:/Unreal/UE_4.13/Engine/Plugins/Developer/CodeLiteSourceCodeAccess/CodeLiteSourceCodeAccess.uplugin
LogPluginManager: Loaded Plugin GitSourceControl, From D:/Unreal/UE_4.13/Engine/Plugins/Developer/GitSourceControl/GitSourceControl.uplugin
LogPluginManager: Loaded Plugin KDevelopSourceCodeAccess, From D:/Unreal/UE_4.13/Engine/Plugins/Developer/KDevelopSourceCodeAccess/KDevelopSourceCodeAccess.uplugin
LogPluginManager: Loaded Plugin NullSourceCodeAccess, From D:/Unreal/UE_4.13/Engine/Plugins/Developer/NullSourceCodeAccess/NullSourceCodeAccess.uplugin
LogPluginManager: Loaded Plugin OneSkyLocalizationService, From D:/Unreal/UE_4.13/Engine/Plugins/Developer/OneSkyLocalizationService/OneSkyLocalizationService.uplugin
LogPluginManager: Loaded Plugin PerforceSourceControl, From D:/Unreal/UE_4.13/Engine/Plugins/Developer/PerforceSourceControl/PerforceSourceControl.uplugin
LogPluginManager: Loaded Plugin SubversionSourceControl, From D:/Unreal/UE_4.13/Engine/Plugins/Developer/SubversionSourceControl/SubversionSourceControl.uplugin
LogPluginManager: Loaded Plugin UObjectPlugin, From D:/Unreal/UE_4.13/Engine/Plugins/Developer/UObjectPlugin/UObjectPlugin.uplugin
LogPluginManager: Loaded Plugin VisualStudioSourceCodeAccess, From D:/Unreal/UE_4.13/Engine/Plugins/Developer/VisualStudioSourceCodeAccess/VisualStudioSourceCodeAccess.uplugin
LogPluginManager: Loaded Plugin XCodeSourceCodeAccess, From D:/Unreal/UE_4.13/Engine/Plugins/Developer/XCodeSourceCodeAccess/XCodeSourceCodeAccess.uplugin
LogPluginManager: Loaded Plugin EpicSurvey, From D:/Unreal/UE_4.13/Engine/Plugins/Editor/EpicSurvey/EpicSurvey.uplugin
LogPluginManager: Loaded Plugin MacGraphicsSwitching, From D:/Unreal/UE_4.13/Engine/Plugins/Editor/MacGraphicsSwitching/MacGraphicsSwitching.uplugin
LogPluginManager: Loaded Plugin MobileLauncherProfileWizard, From D:/Unreal/UE_4.13/Engine/Plugins/Editor/MobileLauncherProfileWizard/MobileLauncherProfileWizard.uplugin
LogPluginManager: Loaded Plugin PluginBrowser, From D:/Unreal/UE_4.13/Engine/Plugins/Editor/PluginBrowser/PluginBrowser.uplugin
LogPluginManager: Loaded Plugin SpeedTreeImporter, From D:/Unreal/UE_4.13/Engine/Plugins/Editor/SpeedTreeImporter/SpeedTreeImporter.uplugin
LogPluginManager: Loaded Plugin SuperSearchEditor, From D:/Unreal/UE_4.13/Engine/Plugins/Editor/SuperSearchEditor/SuperSearchEditor.uplugin
LogPluginManager: Loaded Plugin AlembicImporter, From D:/Unreal/UE_4.13/Engine/Plugins/Experimental/AlembicImporter/AlembicImporter.uplugin
LogPluginManager: Loaded Plugin BlueprintStats, From D:/Unreal/UE_4.13/Engine/Plugins/Experimental/BlueprintStats/BlueprintStats.uplugin
LogPluginManager: Loaded Plugin CharacterAI, From D:/Unreal/UE_4.13/Engine/Plugins/Experimental/CharacterAI/CharacterAI.uplugin
LogPluginManager: Loaded Plugin CodeEditor, From D:/Unreal/UE_4.13/Engine/Plugins/Experimental/CodeEditor/CodeEditor.uplugin
LogPluginManager: Loaded Plugin CodeView, From D:/Unreal/UE_4.13/Engine/Plugins/Experimental/CodeView/CodeView.uplugin
LogPluginManager: Loaded Plugin HTML5Networking, From D:/Unreal/UE_4.13/Engine/Plugins/Experimental/HTML5Networking/HTML5Networking.uplugin
LogPluginManager: Loaded Plugin LiveEditor, From D:/Unreal/UE_4.13/Engine/Plugins/Experimental/LiveEditor/LiveEditor.uplugin
LogPluginManager: Loaded Plugin OSVR, From D:/Unreal/UE_4.13/Engine/Plugins/Experimental/OSVR/OSVR.uplugin
LogPluginManager: Loaded Plugin Phya, From D:/Unreal/UE_4.13/Engine/Plugins/Experimental/Phya/Phya.uplugin
LogPluginManager: Loaded Plugin SignificanceManager, From D:/Unreal/UE_4.13/Engine/Plugins/Experimental/SignificanceManager/SignificanceManager.uplugin
LogPluginManager: Loaded Plugin SimpleHMD, From D:/Unreal/UE_4.13/Engine/Plugins/Experimental/SimpleHMD/SimpleHMD.uplugin
LogPluginManager: Loaded Plugin StereoPanorama, From D:/Unreal/UE_4.13/Engine/Plugins/Experimental/StereoPanorama/StereoPanorama.uplugin
LogPluginManager: Loaded Plugin StructBox, From D:/Unreal/UE_4.13/Engine/Plugins/Experimental/StructBox/StructBox.uplugin
LogPluginManager: Loaded Plugin Substance, From D:/Unreal/UE_4.13/Engine/Plugins/Marketplace/Substance/Substance.uplugin
LogPluginManager: Loaded Plugin AndroidMedia, From D:/Unreal/UE_4.13/Engine/Plugins/Media/AndroidMedia/AndroidMedia.uplugin
LogPluginManager: Loaded Plugin AvfMedia, From D:/Unreal/UE_4.13/Engine/Plugins/Media/AvfMedia/AvfMedia.uplugin
LogPluginManager: Loaded Plugin MediaPlayerEditor, From D:/Unreal/UE_4.13/Engine/Plugins/Media/MediaPlayerEditor/MediaPlayerEditor.uplugin
LogPluginManager: Loaded Plugin WmfMedia, From D:/Unreal/UE_4.13/Engine/Plugins/Media/WmfMedia/WmfMedia.uplugin
LogPluginManager: Loaded Plugin MessagingDebugger, From D:/Unreal/UE_4.13/Engine/Plugins/Messaging/MessagingDebugger/MessagingDebugger.uplugin
LogPluginManager: Loaded Plugin TcpMessaging, From D:/Unreal/UE_4.13/Engine/Plugins/Messaging/TcpMessaging/TcpMessaging.uplugin
LogPluginManager: Loaded Plugin UdpMessaging, From D:/Unreal/UE_4.13/Engine/Plugins/Messaging/UdpMessaging/UdpMessaging.uplugin
LogPluginManager: Loaded Plugin LevelSequenceEditor, From D:/Unreal/UE_4.13/Engine/Plugins/MovieScene/LevelSequenceEditor/LevelSequenceEditor.uplugin
LogPluginManager: Loaded Plugin MatineeToLevelSequence, From D:/Unreal/UE_4.13/Engine/Plugins/MovieScene/MatineeToLevelSequence/MatineeToLevelSequence.uplugin
LogPluginManager: Loaded Plugin NetcodeUnitTest, From D:/Unreal/UE_4.13/Engine/Plugins/NetcodeUnitTest/NetcodeUnitTest/NetcodeUnitTest.uplugin
LogPluginManager: Loaded Plugin NUTUnrealEngine4, From D:/Unreal/UE_4.13/Engine/Plugins/NetcodeUnitTest/NUTUnrealEngine4/NUTUnrealEngine4.uplugin
LogPluginManager: Loaded Plugin OnlineSubsystemGooglePlay, From D:/Unreal/UE_4.13/Engine/Plugins/Online/Android/OnlineSubsystemGooglePlay/OnlineSubsystemGooglePlay.uplugin
LogPluginManager: Loaded Plugin OnlineSubsystemIOS, From D:/Unreal/UE_4.13/Engine/Plugins/Online/IOS/OnlineSubsystemIOS/OnlineSubsystemIOS.uplugin
LogPluginManager: Loaded Plugin OnlineFramework, From D:/Unreal/UE_4.13/Engine/Plugins/Online/OnlineFramework/OnlineFramework.uplugin
LogPluginManager: Loaded Plugin OnlineSubsystem, From D:/Unreal/UE_4.13/Engine/Plugins/Online/OnlineSubsystem/OnlineSubsystem.uplugin
LogPluginManager: Loaded Plugin OnlineSubsystemAmazon, From D:/Unreal/UE_4.13/Engine/Plugins/Online/OnlineSubsystemAmazon/OnlineSubsystemAmazon.uplugin
LogPluginManager: Loaded Plugin OnlineSubsystemFacebook, From D:/Unreal/UE_4.13/Engine/Plugins/Online/OnlineSubsystemFacebook/OnlineSubsystemFacebook.uplugin
LogPluginManager: Loaded Plugin OnlineSubsystemNull, From D:/Unreal/UE_4.13/Engine/Plugins/Online/OnlineSubsystemNull/OnlineSubsystemNull.uplugin
LogPluginManager: Loaded Plugin OnlineSubsystemOculus, From D:/Unreal/UE_4.13/Engine/Plugins/Online/OnlineSubsystemOculus/OnlineSubsystemOculus.uplugin
LogPluginManager: Loaded Plugin OnlineSubsystemSteam, From D:/Unreal/UE_4.13/Engine/Plugins/Online/OnlineSubsystemSteam/OnlineSubsystemSteam.uplugin
LogPluginManager: Loaded Plugin OnlineSubsystemUtils, From D:/Unreal/UE_4.13/Engine/Plugins/Online/OnlineSubsystemUtils/OnlineSubsystemUtils.uplugin
LogPluginManager: Loaded Plugin IOSTapJoy, From D:/Unreal/UE_4.13/Engine/Plugins/Runtime/Advertising/IOSTapJoy/IOSTapJoy.uplugin
LogPluginManager: Loaded Plugin AnalyticsBlueprintLibrary, From D:/Unreal/UE_4.13/Engine/Plugins/Runtime/Analytics/AnalyticsBlueprintLibrary/AnalyticsBlueprintLibrary.uplugin
LogPluginManager: Loaded Plugin AnalyticsMulticast, From D:/Unreal/UE_4.13/Engine/Plugins/Runtime/Analytics/AnalyticsMulticast/AnalyticsMulticast.uplugin
LogPluginManager: Loaded Plugin Apsalar, From D:/Unreal/UE_4.13/Engine/Plugins/Runtime/Analytics/Apsalar/Apsalar.uplugin
LogPluginManager: Loaded Plugin FileLogging, From D:/Unreal/UE_4.13/Engine/Plugins/Runtime/Analytics/FileLogging/FileLogging.uplugin
LogPluginManager: Loaded Plugin Flurry, From D:/Unreal/UE_4.13/Engine/Plugins/Runtime/Analytics/Flurry/Flurry.uplugin
LogPluginManager: Loaded Plugin AndroidDeviceProfileSelector, From D:/Unreal/UE_4.13/Engine/Plugins/Runtime/AndroidDeviceProfileSelector/AndroidDeviceProfileSelector.uplugin
LogPluginManager: Loaded Plugin AndroidMoviePlayer, From D:/Unreal/UE_4.13/Engine/Plugins/Runtime/AndroidMoviePlayer/AndroidMoviePlayer.uplugin
LogPluginManager: Loaded Plugin AppleMoviePlayer, From D:/Unreal/UE_4.13/Engine/Plugins/Runtime/AppleMoviePlayer/AppleMoviePlayer.uplugin
LogPluginManager: Loaded Plugin ArchVisCharacter, From D:/Unreal/UE_4.13/Engine/Plugins/Runtime/ArchVisCharacter/ArchVisCharacter.uplugin
LogPluginManager: Loaded Plugin CableComponent, From D:/Unreal/UE_4.13/Engine/Plugins/Runtime/CableComponent/CableComponent.uplugin
LogPluginManager: Loaded Plugin CustomMeshComponent, From D:/Unreal/UE_4.13/Engine/Plugins/Runtime/CustomMeshComponent/CustomMeshComponent.uplugin
LogPluginManager: Loaded Plugin ExampleDeviceProfileSelector, From D:/Unreal/UE_4.13/Engine/Plugins/Runtime/ExampleDeviceProfileSelector/ExampleDeviceProfileSelector.uplugin
LogPluginManager: Loaded Plugin GearVR, From D:/Unreal/UE_4.13/Engine/Plugins/Runtime/GearVR/GearVR.uplugin
LogPluginManager: Loaded Plugin GoogleVRController, From D:/Unreal/UE_4.13/Engine/Plugins/Runtime/GoogleVR/GoogleVRController/GoogleVRController.uplugin
LogPluginManager: Loaded Plugin GoogleVRHMD, From D:/Unreal/UE_4.13/Engine/Plugins/Runtime/GoogleVR/GoogleVRHMD/GoogleVRHMD.uplugin
LogPluginManager: Loaded Plugin IOSDeviceProfileSelector, From D:/Unreal/UE_4.13/Engine/Plugins/Runtime/IOSDeviceProfileSelector/IOSDeviceProfileSelector.uplugin
LogPluginManager: Loaded Plugin LeapMotion, From D:/Unreal/UE_4.13/Engine/Plugins/Runtime/LeapMotion/LeapMotion.uplugin
LogPluginManager: Loaded Plugin LinuxDeviceProfileSelector, From D:/Unreal/UE_4.13/Engine/Plugins/Runtime/LinuxDeviceProfileSelector/LinuxDeviceProfileSelector.uplugin
LogPluginManager: Loaded Plugin LiveEditorListenServer, From D:/Unreal/UE_4.13/Engine/Plugins/Runtime/LiveEditorListenServer/LiveEditorListenServer.uplugin
LogPluginManager: Loaded Plugin OculusAudio, From D:/Unreal/UE_4.13/Engine/Plugins/Runtime/OculusAudio/OculusAudio.uplugin
LogPluginManager: Loaded Plugin OculusInput, From D:/Unreal/UE_4.13/Engine/Plugins/Runtime/OculusInput/OculusInput.uplugin
LogPluginManager: Loaded Plugin OculusLibrary, From D:/Unreal/UE_4.13/Engine/Plugins/Runtime/OculusLibrary/OculusLibrary.uplugin
LogPluginManager: Loaded Plugin OculusRift, From D:/Unreal/UE_4.13/Engine/Plugins/Runtime/OculusRift/OculusRift.uplugin
LogPluginManager: Loaded Plugin Oodle, From D:/Unreal/UE_4.13/Engine/Plugins/Runtime/PacketHandlers/CompressionComponents/Oodle/Oodle.uplugin
LogPluginManager: Loaded Plugin ProceduralMeshComponent, From D:/Unreal/UE_4.13/Engine/Plugins/Runtime/ProceduralMeshComponent/ProceduralMeshComponent.uplugin
LogPluginManager: Loaded Plugin SoundMod, From D:/Unreal/UE_4.13/Engine/Plugins/Runtime/SoundMod/SoundMod.uplugin
LogPluginManager: Loaded Plugin SoundVisualizations, From D:/Unreal/UE_4.13/Engine/Plugins/Runtime/SoundVisualizations/SoundVisualizations.uplugin
LogPluginManager: Loaded Plugin SteamController, From D:/Unreal/UE_4.13/Engine/Plugins/Runtime/Steam/SteamController/SteamController.uplugin
LogPluginManager: Loaded Plugin SteamVR, From D:/Unreal/UE_4.13/Engine/Plugins/Runtime/Steam/SteamVR/SteamVR.uplugin
LogPluginManager: Loaded Plugin WebBrowserWidget, From D:/Unreal/UE_4.13/Engine/Plugins/Runtime/WebBrowserWidget/WebBrowserWidget.uplugin
LogPluginManager: Loaded Plugin WindowsDeviceProfileSelector, From D:/Unreal/UE_4.13/Engine/Plugins/Runtime/WindowsDeviceProfileSelector/WindowsDeviceProfileSelector.uplugin
LogPluginManager: Loaded Plugin WindowsMoviePlayer, From D:/Unreal/UE_4.13/Engine/Plugins/Runtime/WindowsMoviePlayer/WindowsMoviePlayer.uplugin
LogPluginManager: Loaded Plugin ScriptPlugin, From D:/Unreal/UE_4.13/Engine/Plugins/ScriptPlugin/ScriptPlugin.uplugin
LogPluginManager: Loaded Plugin SlateRemote, From D:/Unreal/UE_4.13/Engine/Plugins/Slate/SlateRemote/SlateRemote.uplugin
LogInit: Using libcurl 7.47.1
LogInit:  - built for x86_64-pc-win32
LogInit:  - supports SSL with WinSSL
LogInit:  - other features:
LogInit:      CURL_VERSION_SSL
LogInit:      CURL_VERSION_IPV6
LogInit:      CURL_VERSION_ASYNCHDNS
LogInit:      CURL_VERSION_LARGEFILE
LogInit:      CURL_VERSION_IDN
LogInit:  CurlRequestOptions (configurable via config and command line):
LogInit:  - bVerifyPeer = false  - Libcurl will NOT verify peer certificate
LogInit:  - bUseHttpProxy = false  - Libcurl will NOT use HTTP proxy
LogInit:  - bDontReuseConnections = false  - Libcurl will reuse connections
LogInit:  - CertBundlePath = nullptr  - Libcurl will use whatever was configured at build time.
LogModuleManager:Warning: No filename provided for module OnlineSubsystemLAN
LogModuleManager:Warning: ModuleManager: Unable to load module 'OnlineSubsystemLAN' because the file 'D:/Unreal/UE_4.13/Engine/Binaries/Win64/' was not found.
LogInit: WinSock: version 1.1 (2.2), MaxSocks=32767, MaxUdp=65467
LogVoice:Warning: Failed to initialize voice interface
LogInit: Build: ++UE4+Release-4.13-CL-3172292
LogInit: Engine Version: 4.13.2-3172292+++UE4+Release-4.13
LogInit: Compatible Engine Version: 4.13.0-3106830+++UE4+Release-4.13
LogInit: Net CL: 3172292
LogDevObjectVersion: Number of dev versions registered: 13
LogDevObjectVersion:   Dev-Blueprints (B0D832E4-1F89-4F0D-ACCF-7EB736FD4AA2): 5
LogDevObjectVersion:   Dev-Build (E1C64328-A22C-4D53-A36C-8E866417BD8C): 0
LogDevObjectVersion:   Dev-Core (375EC13C-06E4-48FB-B500-84F0262A717E): 1
LogDevObjectVersion:   Dev-Editor (E4B068ED-F494-42E9-A231-DA0B2E46BB41): 6
LogDevObjectVersion:   Dev-Framework (CFFC743F-43B0-4480-9391-14DF171D2073): 12
LogDevObjectVersion:   Dev-Mobile (B02B49B5-BB20-44E9-A304-32B752E40360): 0
LogDevObjectVersion:   Dev-Networking (A4E4105C-59A1-49B5-A7C5-40C4547EDFEE): 0
LogDevObjectVersion:   Dev-Online (39C831C9-5AE6-47DC-9A44-9C173E1C8E7C): 0
LogDevObjectVersion:   Dev-Physics (78F01B33-EBEA-4F98-B9B4-84EACCB95AA2): 0
LogDevObjectVersion:   Dev-Platform (6631380F-2D4D-43E0-8009-CF276956A95A): 0
LogDevObjectVersion:   Dev-Rendering (12F88B9F-8875-4AFC-A67C-D90C383ABD29): 4
LogDevObjectVersion:   Dev-Sequencer (7B5AE74C-D270-4C10-A958-57980B212A5A): 0
LogDevObjectVersion:   Dev-VR (D7296918-1DD6-4BDD-9DE2-64A83CC13884): 0
LogInit: Compiled (64-bit): Oct 24 2016 14:29:06
LogInit: Compiled with Visual C++: 19.00.23026.00
LogInit: Build Configuration: Development
LogInit: Branch Name: ++UE4+Release-4.13
LogInit: Command line:  
LogInit: Base directory: D:/Unreal/UE_4.13/Engine/Binaries/Win64/
LogInit: Installed Engine Build: 1
LogInit: Presizing for max 8388607 objects, including 0 objects not considered by GC, pre-allocating 0 bytes for permanent pool.
LogInit: Object subsystem initialized
[2017.02.09-15.13.17:702][  0]LogInit: Selected Device Profile: [Windows]
[2017.02.09-15.13.17:702][  0]LogInit: Applying CVar settings loaded from the selected device profile: [Windows]
[2017.02.09-15.13.17:923][  0]LogInit: Computer: MSI
[2017.02.09-15.13.17:923][  0]LogInit: User: KieranClarke
[2017.02.09-15.13.17:923][  0]LogInit: CPU Page size=65536, Cores=4
[2017.02.09-15.13.17:923][  0]LogInit: High frequency timer resolution =2.531247 MHz
[2017.02.09-15.13.17:923][  0]LogMemory: Memory total: Physical=7.9GB (8GB approx)
[2017.02.09-15.13.17:923][  0]LogMemory: Platform Memory Stats for Windows
[2017.02.09-15.13.17:924][  0]LogMemory: Process Physical Memory: 257.80 MB used, 257.80 MB peak
[2017.02.09-15.13.17:924][  0]LogMemory: Process Virtual Memory: 260.44 MB used, 260.44 MB peak
[2017.02.09-15.13.17:924][  0]LogMemory: Physical Memory: 3363.75 MB used, 8070.60 MB total
[2017.02.09-15.13.17:924][  0]LogMemory: Virtual Memory: 626.28 MB used, 134217728.00 MB total
[2017.02.09-15.13.19:824][  0]LogTextLocalizationManager: No specific translations for ('en-GB') exist, so ('en') translations will be used.
[2017.02.09-15.13.23:365][  0]LogD3D11RHI: D3D11 adapters:
[2017.02.09-15.13.23:956][  0]LogD3D11RHI:    0. 'NVIDIA GeForce GTX 960M' (Feature Level 11_0)
[2017.02.09-15.13.23:956][  0]LogD3D11RHI:       2018/0/4035 MB DedicatedVideo/DedicatedSystem/SharedSystem, Outputs:1, VendorId:0x10de
[2017.02.09-15.13.23:998][  0]LogD3D11RHI:    1. 'Intel(R) HD Graphics 530' (Feature Level 11_0)
[2017.02.09-15.13.23:998][  0]LogD3D11RHI:       128/0/4035 MB DedicatedVideo/DedicatedSystem/SharedSystem, Outputs:0, VendorId:0x8086
[2017.02.09-15.13.24:002][  0]LogD3D11RHI:    2. 'Microsoft Basic Render Driver' (Feature Level 11_0)
[2017.02.09-15.13.24:002][  0]LogD3D11RHI:       0/0/4035 MB DedicatedVideo/DedicatedSystem/SharedSystem, Outputs:0, VendorId:0x1414
[2017.02.09-15.13.24:002][  0]LogD3D11RHI: Chosen D3D11 Adapter: 0
[2017.02.09-15.13.24:016][  0]LogD3D11RHI: Creating new Direct3DDevice
[2017.02.09-15.13.24:016][  0]LogD3D11RHI:     GPU DeviceId: 0x139b (for the marketing name, search the web for "GPU Device Id")
[2017.02.09-15.13.24:016][  0]LogWindows: EnumDisplayDevices:
[2017.02.09-15.13.24:017][  0]LogWindows:    0. 'Intel(R) HD Graphics 530' (P:1 D:1)
[2017.02.09-15.13.24:017][  0]LogWindows:    1. 'Intel(R) HD Graphics 530' (P:0 D:0)
[2017.02.09-15.13.24:018][  0]LogWindows:    2. 'Intel(R) HD Graphics 530' (P:0 D:0)
[2017.02.09-15.13.24:019][  0]LogWindows: DebugString: PrimaryIsNotTheChoosenAdapter PrimaryIsNotTheChoosenAdapter PrimaryIsNotTheChoosenAdapter FoundDriverCount:0 
[2017.02.09-15.13.24:019][  0]LogD3D11RHI:     Adapter Name: NVIDIA GeForce GTX 960M
[2017.02.09-15.13.24:019][  0]LogD3D11RHI:   Driver Version: Unknown (internal:Unknown, unified:Unknown)
[2017.02.09-15.13.24:019][  0]LogD3D11RHI:      Driver Date: Unknown
[2017.02.09-15.13.24:019][  0]LogRHI: Texture pool is 1361 MB (70% of 1945 MB)
[2017.02.09-15.13.24:056][  0]LogD3D11RHI: Async texture creation enabled
[2017.02.09-15.13.24:324][  0]LogD3D11RHI: GPU Timing Frequency: 1000.000000 (Debug: 2 1)
[2017.02.09-15.13.24:446][  0]LogShaderCompilers: Guid format shader working directory is -3 characters bigger than the processId version (F:/University/GitHub/Game/Team2Thirds/MultiplayerV2/Intermediate/Shaders/WorkingDirectory/16296/).
[2017.02.09-15.13.24:446][  0]LogShaderCompilers: Cleaned the shader compiler working directory 'C:/Users/KIERAN~1/AppData/Local/Temp/UnrealShaderWorkingDir/58B4DDA240D47E69817263B861417D0E/'.
[2017.02.09-15.13.24:459][  0]LogShaderCompilers:Display: Using Local Shader Compiler.
[2017.02.09-15.13.28:569][  0]LogTemp:Display: Loaded TP AllDesktopTargetPlatform
[2017.02.09-15.13.28:605][  0]LogTemp:Display: Loaded TP WindowsClientTargetPlatform
[2017.02.09-15.13.28:642][  0]LogTemp:Display: Loaded TP WindowsNoEditorTargetPlatform
[2017.02.09-15.13.28:679][  0]LogTemp:Display: Loaded TP WindowsServerTargetPlatform
[2017.02.09-15.13.28:718][  0]LogTemp:Display: Loaded TP WindowsTargetPlatform
[2017.02.09-15.13.28:755][  0]LogTemp:Display: Loaded TP AndroidTargetPlatform
[2017.02.09-15.13.28:790][  0]LogTemp:Display: Loaded TP Android_ASTCTargetPlatform
[2017.02.09-15.13.28:826][  0]LogTemp:Display: Loaded TP Android_ATCTargetPlatform
[2017.02.09-15.13.28:859][  0]LogTemp:Display: Loaded TP Android_DXTTargetPlatform
[2017.02.09-15.13.28:894][  0]LogTemp:Display: Loaded TP Android_ETC1TargetPlatform
[2017.02.09-15.13.28:929][  0]LogTemp:Display: Loaded TP Android_ETC2TargetPlatform
[2017.02.09-15.13.28:998][  0]LogTemp:Display: Loaded TP Android_MultiTargetPlatform
[2017.02.09-15.13.28:998][  0]LogTemp:Display: Loaded TP Android_PVRTCTargetPlatform
[2017.02.09-15.13.29:015][  0]LogTemp:Display: Loaded TP HTML5TargetPlatform
[2017.02.09-15.13.29:185][  0]LogTemp:Display: Loaded TP IOSTargetPlatform
[2017.02.09-15.13.29:219][  0]LogTemp:Display: Loaded TP TVOSTargetPlatform
[2017.02.09-15.13.29:252][  0]LogTemp:Display: Loaded TP LinuxClientTargetPlatform
[2017.02.09-15.13.29:287][  0]LogTemp:Display: Loaded TP LinuxNoEditorTargetPlatform
[2017.02.09-15.13.29:328][  0]LogTemp:Display: Loaded TP LinuxServerTargetPlatform
[2017.02.09-15.13.29:371][  0]LogTemp:Display: Loaded TP LinuxTargetPlatform
[2017.02.09-15.13.29:371][  0]LogTargetPlatformManager:Display: Building Assets For Windows
[2017.02.09-15.13.30:626][  0]LogDerivedDataCache:Display: Max Cache Size: 512 MB
[2017.02.09-15.13.31:224][  0]LogDerivedDataCache: Loaded boot cache 0.59s 62MB C:/Users/Kieran Clarke/AppData/Local/UnrealEngine/4.13/DerivedDataCache/Boot.ddc.
[2017.02.09-15.13.31:225][  0]LogDerivedDataCache:Display: Loaded Boot cache: C:/Users/Kieran Clarke/AppData/Local/UnrealEngine/4.13/DerivedDataCache/Boot.ddc
[2017.02.09-15.13.31:225][  0]LogDerivedDataCache: FDerivedDataBackendGraph:  Pak pak cache file F:/University/GitHub/Game/Team2Thirds/MultiplayerV2/DerivedDataCache/DDC.ddp not found, will not use a pak cache.
[2017.02.09-15.13.31:225][  0]LogDerivedDataCache: Unable to find inner node Pak for hierarchical cache Hierarchy.
[2017.02.09-15.13.31:225][  0]LogDerivedDataCache: FDerivedDataBackendGraph:  CompressedPak pak cache file F:/University/GitHub/Game/Team2Thirds/MultiplayerV2/DerivedDataCache/Compressed.ddp not found, will not use a pak cache.
[2017.02.09-15.13.31:225][  0]LogDerivedDataCache: Unable to find inner node CompressedPak for hierarchical cache Hierarchy.
[2017.02.09-15.13.31:352][  0]LogDerivedDataCache:Display: Pak cache opened for reading ../../../Engine/DerivedDataCache/Compressed.ddp.
[2017.02.09-15.13.31:368][  0]LogDerivedDataCache: Using Local data cache path C:/Users/Kieran Clarke/AppData/Local/UnrealEngine/Common/DerivedDataCache: Writable
[2017.02.09-15.13.39:975][  0]LogInit: Selected Device Profile: [Windows]
[2017.02.09-15.13.40:056][  0]LogContentStreaming: Texture pool size is 0.00 MB
[2017.02.09-15.13.40:780][  0]LogMeshUtilities: No automatic mesh reduction module available
[2017.02.09-15.13.40:780][  0]LogMeshUtilities: No automatic mesh merging module available
[2017.02.09-15.13.40:780][  0]LogMeshUtilities: No distributed automatic mesh merging module available
[2017.02.09-15.13.42:056][  0]LogMaterial: Uniform references updated for custom material expression Custom.
[2017.02.09-15.13.44:940][  0]LogNetVersion: GetLocalNetworkVersion: CL: 3106830, ProjectName: multiplayerv2, ProjectVersion: , EngineNetworkVersion: 1, GameNetworkVersion: 0, NetworkChecksum: 2979046007
[2017.02.09-15.13.45:078][  0]LogAssetRegistry: FAssetRegistry took 0.0240 seconds to start up
[2017.02.09-15.13.46:640][  0]LogPackageLocalizationCache: Processed 3 localized package path(s) for 2 prioritized culture(s) in 1.507824 seconds
[2017.02.09-15.13.46:656][  0]LogUObjectArray: 29778 objects as part of root set at end of initial load.
[2017.02.09-15.13.46:656][  0]LogUObjectAllocator: 6125448 out of 0 bytes used by permanent object pool.
[2017.02.09-15.13.46:656][  0]LogUObjectArray: CloseDisregardForGC: 0/0 objects in disregard for GC pool
[2017.02.09-15.13.50:609][  0]LogSlate: SlateFontCache - WITH_FREETYPE: 1, WITH_HARFBUZZ: 1
[2017.02.09-15.13.50:610][  0]LogSlate: SlateFontCache - WITH_FREETYPE: 1, WITH_HARFBUZZ: 1
[2017.02.09-15.14.02:320][  0]LogSubstanceCoreModule: Substance CPU Engine Loaded, Max Texture Size 2048
[2017.02.09-15.14.02:371][  0]LogTcpMessaging: Initializing TcpMessaging bridge
[2017.02.09-15.14.02:407][  0]LogUdpMessaging: Initializing bridge on interface 0.0.0.0:0 to multicast group 230.0.0.1:6666.
[2017.02.09-15.14.04:914][  0]SourceControl: Info Source control is disabled
[2017.02.09-15.14.04:928][  0]SourceControl: Info Source control is disabled
[2017.02.09-15.14.04:997][  0]SourceControl: Info Source control is disabled
[2017.02.09-15.14.05:031][  0]SourceControl: Info Source control is disabled
[2017.02.09-15.14.06:643][  0]LogEngine: Initializing Engine...
[2017.02.09-15.14.06:652][  0]LogHMD: Failed to initialize OpenVR with code 110
[2017.02.09-15.14.07:282][  0]LogAIModule: Creating AISystem for world Untitled
[2017.02.09-15.14.07:564][  0]LogInit: XAudio2 using 'Speakers (High Definition Audio Device)' : 8 channels at 44.1 kHz using 16 bits per sample (channel mask 0x63f)
[2017.02.09-15.14.07:596][  0]LogInit: FAudioDevice initialized.
[2017.02.09-15.14.07:648][  0]LogDerivedDataCache: Saved boot cache 0.05s 62MB C:/Users/Kieran Clarke/AppData/Local/UnrealEngine/4.13/DerivedDataCache/Boot.ddc.
[2017.02.09-15.14.07:663][  0]LogInit: Texture streaming: Enabled
[2017.02.09-15.14.07:872][  0]LogInit: Transaction tracking system initialized
[2017.02.09-15.14.08:172][  0]BlueprintLog: New page: Editor Load
[2017.02.09-15.14.09:707][  0]LocalizationService: Info Localization service is disabled
[2017.02.09-15.14.10:422][  0]LogConsoleResponse:Display: 
[2017.02.09-15.14.11:023][  0]LogFileCache: Scanning file cache for directory 'F:/University/GitHub/Game/Team2Thirds/MultiplayerV2/Content/' took 0.02s
[2017.02.09-15.14.11:023][  0]LogCook:Display: Max memory allowance for cook 16384mb min free memory 0mb
[2017.02.09-15.14.11:023][  0]LogCook:Display: Mobile HDR setting 1
[2017.02.09-15.14.12:694][  0]SourceControl: Info Source control is disabled
[2017.02.09-15.14.12:730][  0]Cmd: MAP LOAD FILE="F:/University/GitHub/Game/Team2Thirds/MultiplayerV2/Content/ThirdPersonBP/Maps/ThirdPersonExampleMap.umap" TEMPLATE=0 SHOWPROGRESS=1 FEATURELEVEL=3
[2017.02.09-15.14.12:738][  0]LightingResults: New page: Lighting Build
[2017.02.09-15.14.12:870][  0]MapCheck: New page: Map Check
[2017.02.09-15.14.12:870][  0]LightingResults: New page: Lighting Build
[2017.02.09-15.14.17:058][  0]LogAIModule: Creating AISystem for world ThirdPersonExampleMap
[2017.02.09-15.14.17:099][  0]LogEditorServer: Finished looking for orphan Actors (0.000 secs)
[2017.02.09-15.14.17:112][  0]Cmd: MAP CHECKDEP NOCLEARLOG
[2017.02.09-15.14.17:157][  0]MapCheck: Info Map check complete: 0 Error(s), 0 Warning(s), took 44.228ms to complete.
[2017.02.09-15.14.17:157][  0]LogFileHelpers: Loading map 'ThirdPersonExampleMap' took 4.429
[2017.02.09-15.14.17:735][  0]LogCollectionManager: Loaded 0 collections in 0.002402 seconds
[2017.02.09-15.14.17:875][  0]LogFileCache: Scanning file cache for directory 'F:/University/GitHub/Game/Team2Thirds/MultiplayerV2/Saved/Collections/' took 0.01s
[2017.02.09-15.14.17:875][  0]LogFileCache: Scanning file cache for directory 'F:/University/GitHub/Game/Team2Thirds/MultiplayerV2/Content/Developers/KieranClarke/Collections/' took 0.01s
[2017.02.09-15.14.17:875][  0]LogFileCache: Scanning file cache for directory 'F:/University/GitHub/Game/Team2Thirds/MultiplayerV2/Content/Collections/' took 0.01s
[2017.02.09-15.14.17:875][  0]LogCollectionManager: Rebuilt the GUID cache for 0 collections in 0.000003 seconds
[2017.02.09-15.14.17:902][  0]LogContentBrowser: Native class hierarchy populated in 0.0250 seconds. Added 2156 classes and 421 folders.
[2017.02.09-15.14.17:965][  0]LogStats: UGameplayTagsManager::ConstructGameplayTagTree: Construct from data asset -  0.000 s
[2017.02.09-15.14.17:965][  0]LogStats: UGameplayTagsManager::ConstructGameplayTagTree: GameplayTagTreeChangedEvent.Broadcast -  0.000 s
[2017.02.09-15.14.17:966][  0]LogContentBrowser: Native class hierarchy updated for 'GameplayTags' in 0.0006 seconds. Added 12 classes and 0 folders.
[2017.02.09-15.14.17:989][  0]LogContentBrowser: Native class hierarchy updated for 'WidgetCarousel' in 0.0009 seconds. Added 0 classes and 0 folders.
[2017.02.09-15.14.18:789][  0]LogContentBrowser: Native class hierarchy updated for 'AddContentDialog' in 0.0016 seconds. Added 0 classes and 0 folders.
[2017.02.09-15.14.18:847][  0]LogContentBrowser: Native class hierarchy updated for 'SceneOutliner' in 0.0012 seconds. Added 1 classes and 2 folders.
[2017.02.09-15.14.19:262][  0]LogCrashTracker: Crashtracker disabled due to settings.
[2017.02.09-15.14.19:491][  0]LogContentBrowser: Native class hierarchy updated for 'HierarchicalLODOutliner' in 0.0015 seconds. Added 1 classes and 2 folders.
[2017.02.09-15.14.19:492][  0]LogLoad: (Engine Initialization) Total time: 72.26 seconds
[2017.02.09-15.14.19:492][  0]LogLoad: (Engine Initialization) Total Blueprint compile time: 1.12 seconds
[2017.02.09-15.14.19:492][  0]LogExternalProfiler: Found external profiler: VSPerf
[2017.02.09-15.14.19:492][  0]LogExternalProfiler: Using external profiler: VSPerf
[2017.02.09-15.14.19:833][  0]LogOcInput: OculusInput pre-init called
[2017.02.09-15.14.19:935][  0]LogContentStreaming: Texture pool size now 800 MB
[2017.02.09-15.14.20:406][  0]LogRenderer: Reallocating scene render targets to support 1208x576 (Frame:2).
[2017.02.09-15.14.21:301][  3]LogAssetRegistry: Asset discovery search completed in 36.2453 seconds
[2017.02.09-15.14.21:301][  3]LogCollectionManager: Rebuilt the object cache for 0 collections in 0.000001 seconds (found 0 objects)
[2017.02.09-15.14.21:301][  3]LogCollectionManager: Fixed up redirectors for 0 collections in 0.000043 seconds (updated 0 objects)
[2017.02.09-15.14.57:642][707]LogWindowsTextInputMethodSystem:Display: IME system now deactivated.
[2017.02.09-15.14.58:024][708]Cmd: QUIT_EDITOR
[2017.02.09-15.14.58:153][708]LogExit: Preparing to exit.
[2017.02.09-15.14.58:607][708]LogExit: Editor shut down
[2017.02.09-15.14.58:608][708]LogExit: Transaction tracking system shut down
[2017.02.09-15.14.58:789][708]LogObj: Freed 0b from 0 cluster array pools.
[2017.02.09-15.14.58:789][708]LogExit: Object subsystem successfully closed.
[2017.02.09-15.14.58:821][708]LogD3D11RHI: Shutdown
[2017.02.09-15.14.58:821][708]LogD3D11RHI: CleanupD3DDevice
[2017.02.09-15.14.58:953][708]LogD3D11RHI: ~FD3D11DynamicRHI
[2017.02.09-15.14.58:965][708]LogModuleManager: Shutting down and abandoning module ExternalImagePicker (238)
[2017.02.09-15.14.58:965][708]LogModuleManager: Shutting down and abandoning module HierarchicalLODOutliner (237)
[2017.02.09-15.14.58:965][708]LogModuleManager: Shutting down and abandoning module CrashTracker (236)
[2017.02.09-15.14.58:965][708]LogModuleManager: Shutting down and abandoning module SceneOutliner (235)
[2017.02.09-15.14.58:965][708]LogModuleManager: Shutting down and abandoning module WidgetCarousel (234)
[2017.02.09-15.14.58:965][708]LogModuleManager: Shutting down and abandoning module AddContentDialog (233)
[2017.02.09-15.14.58:965][708]LogDirectoryWatcher: A directory notification for 'D:/Unreal/UE_4.13/FeaturePacks/' was aborted.
[2017.02.09-15.14.58:966][708]LogModuleManager: Shutting down and abandoning module GameplayTags (232)
[2017.02.09-15.14.58:967][708]LogModuleManager: Shutting down and abandoning module EditorWidgets (231)
[2017.02.09-15.14.58:967][708]LogModuleManager: Shutting down and abandoning module CollectionManager (230)
[2017.02.09-15.14.58:967][708]LogDirectoryWatcher: A directory notification for 'F:/University/GitHub/Game/Team2Thirds/MultiplayerV2/Content/Collections/' was aborted.
[2017.02.09-15.14.58:967][708]LogDirectoryWatcher: A directory notification for 'F:/University/GitHub/Game/Team2Thirds/MultiplayerV2/Content/Developers/KieranClarke/Collections/' was aborted.
[2017.02.09-15.14.58:967][708]LogDirectoryWatcher: A directory notification for 'F:/University/GitHub/Game/Team2Thirds/MultiplayerV2/Saved/Collections/' was aborted.
[2017.02.09-15.14.58:967][708]LogModuleManager: Shutting down and abandoning module StatsViewer (229)
[2017.02.09-15.14.58:967][708]LogModuleManager: Shutting down and abandoning module FoliageEdit (228)
[2017.02.09-15.14.58:967][708]LogModuleManager: Shutting down and abandoning module LandscapeEditor (227)
[2017.02.09-15.14.58:967][708]LogModuleManager: Shutting down and abandoning module SceneDepthPickerMode (226)
[2017.02.09-15.14.58:967][708]LogModuleManager: Shutting down and abandoning module ActorPickerMode (225)
[2017.02.09-15.14.58:967][708]LogModuleManager: Shutting down and abandoning module GeometryMode (224)
[2017.02.09-15.14.58:967][708]LogModuleManager: Shutting down and abandoning module TextureAlignMode (223)
[2017.02.09-15.14.58:967][708]LogModuleManager: Shutting down and abandoning module BspMode (222)
[2017.02.09-15.14.58:968][708]LogModuleManager: Shutting down and abandoning module HardwareSurvey (221)
[2017.02.09-15.14.58:968][708]LogModuleManager: Shutting down and abandoning module SequenceRecorderSections (220)
[2017.02.09-15.14.58:968][708]LogModuleManager: Shutting down and abandoning module SequenceRecorder (219)
[2017.02.09-15.14.58:968][708]LogModuleManager: Shutting down and abandoning module AutomationWorker (218)
[2017.02.09-15.14.58:968][708]LogModuleManager: Shutting down and abandoning module MatineeToLevelSequence (217)
[2017.02.09-15.14.58:968][708]LogModuleManager: Shutting down and abandoning module PlacementMode (216)
[2017.02.09-15.14.58:968][708]LogModuleManager: Shutting down and abandoning module LevelSequenceEditor (215)
[2017.02.09-15.14.58:968][708]LogModuleManager: Shutting down and abandoning module WmfMediaFactory (214)
[2017.02.09-15.14.58:968][708]LogModuleManager: Shutting down and abandoning module WmfMediaEditor (213)
[2017.02.09-15.14.58:968][708]LogModuleManager: Shutting down and abandoning module AvfMediaFactory (212)
[2017.02.09-15.14.58:968][708]LogModuleManager: Shutting down and abandoning module AvfMediaEditor (211)
[2017.02.09-15.14.58:968][708]LogModuleManager: Shutting down and abandoning module Media (210)
[2017.02.09-15.14.58:968][708]LogModuleManager: Shutting down and abandoning module AndroidMediaFactory (209)
[2017.02.09-15.14.58:968][708]LogModuleManager: Shutting down and abandoning module AndroidMediaEditor (208)
[2017.02.09-15.14.58:968][708]LogModuleManager: Shutting down and abandoning module CharacterAI (207)
[2017.02.09-15.14.58:968][708]LogModuleManager: Shutting down and abandoning module SmartSnapping (206)
[2017.02.09-15.14.58:968][708]LogModuleManager: Shutting down and abandoning module SessionServices (205)
[2017.02.09-15.14.58:968][708]LogModuleManager: Shutting down and abandoning module ViewportSnapping (204)
[2017.02.09-15.14.58:968][708]LogModuleManager: Shutting down and abandoning module ViewportInteraction (203)
[2017.02.09-15.14.58:968][708]LogModuleManager: Shutting down and abandoning module LogVisualizer (202)
[2017.02.09-15.14.58:968][708]LogModuleManager: Shutting down and abandoning module GameProjectGeneration (201)
[2017.02.09-15.14.58:969][708]LogModuleManager: Shutting down and abandoning module IntroTutorials (200)
[2017.02.09-15.14.58:969][708]LogModuleManager: Shutting down and abandoning module EditorLiveStreaming (199)
[2017.02.09-15.14.58:969][708]LogModuleManager: Shutting down and abandoning module IOSPlatformEditor (198)
[2017.02.09-15.14.58:969][708]LogModuleManager: Shutting down and abandoning module HTML5PlatformEditor (197)
[2017.02.09-15.14.58:969][708]LogModuleManager: Shutting down and abandoning module AndroidDeviceDetection (196)
[2017.02.09-15.14.59:039][708]LogModuleManager: Shutting down and abandoning module AndroidPlatformEditor (195)
[2017.02.09-15.14.59:039][708]LogModuleManager: Shutting down and abandoning module IOSRuntimeSettings (194)
[2017.02.09-15.14.59:039][708]LogModuleManager: Shutting down and abandoning module AndroidRuntimeSettings (193)
[2017.02.09-15.14.59:039][708]LogModuleManager: Shutting down and abandoning module NiagaraEditor (192)
[2017.02.09-15.14.59:039][708]LogModuleManager: Shutting down and abandoning module MergeActors (191)
[2017.02.09-15.14.59:039][708]LogModuleManager: Shutting down and abandoning module SizeMap (190)
[2017.02.09-15.14.59:039][708]LogModuleManager: Shutting down and abandoning module TreeMap (189)
[2017.02.09-15.14.59:040][708]LogModuleManager: Shutting down and abandoning module ReferenceViewer (188)
[2017.02.09-15.14.59:040][708]LogModuleManager: Shutting down and abandoning module LocalizationService (187)
[2017.02.09-15.14.59:040][708]LogModuleManager: Shutting down and abandoning module LocalizationDashboard (186)
[2017.02.09-15.14.59:040][708]LogModuleManager: Shutting down and abandoning module HardwareTargeting (185)
[2017.02.09-15.14.59:040][708]LogModuleManager: Shutting down and abandoning module DeviceProfileEditor (184)
[2017.02.09-15.14.59:040][708]LogModuleManager: Shutting down and abandoning module UndoHistory (183)
[2017.02.09-15.14.59:040][708]LogModuleManager: Shutting down and abandoning module UserFeedback (182)
[2017.02.09-15.14.59:040][708]LogModuleManager: Shutting down and abandoning module XmlParser (181)
[2017.02.09-15.14.59:040][708]LogModuleManager: Shutting down and abandoning module Blutility (180)
[2017.02.09-15.14.59:040][708]LogModuleManager: Shutting down and abandoning module ProjectTargetPlatformEditor (179)
[2017.02.09-15.14.59:040][708]LogModuleManager: Shutting down and abandoning module ProjectSettingsViewer (178)
[2017.02.09-15.14.59:040][708]LogModuleManager: Shutting down and abandoning module InputBindingEditor (177)
[2017.02.09-15.14.59:040][708]LogModuleManager: Shutting down and abandoning module EditorSettingsViewer (176)
[2017.02.09-15.14.59:040][708]LogModuleManager: Shutting down and abandoning module SettingsEditor (175)
[2017.02.09-15.14.59:040][708]LogModuleManager: Shutting down and abandoning module ProjectLauncher (174)
[2017.02.09-15.14.59:040][708]LogModuleManager: Shutting down and abandoning module SessionFrontend (173)
[2017.02.09-15.14.59:040][708]LogModuleManager: Shutting down and abandoning module ProfilerClient (172)
[2017.02.09-15.14.59:040][708]LogModuleManager: Shutting down and abandoning module TargetDeviceServices (171)
[2017.02.09-15.14.59:040][708]LogModuleManager: Shutting down and abandoning module DeviceManager (170)
[2017.02.09-15.14.59:084][708]LogModuleManager: Shutting down and abandoning module AutomationController (169)
[2017.02.09-15.14.59:084][708]LogModuleManager: Shutting down and abandoning module AutomationWindow (168)
[2017.02.09-15.14.59:084][708]LogModuleManager: Shutting down and abandoning module Layers (167)
[2017.02.09-15.14.59:084][708]LogModuleManager: Shutting down and abandoning module ComponentVisualizers (166)
[2017.02.09-15.14.59:084][708]LogModuleManager: Shutting down and abandoning module DetailCustomizations (165)
[2017.02.09-15.14.59:084][708]LogModuleManager: Shutting down and abandoning module PackagesDialog (164)
[2017.02.09-15.14.59:084][708]LogModuleManager: Shutting down and abandoning module AnimGraph (163)
[2017.02.09-15.14.59:084][708]LogModuleManager: Shutting down and abandoning module Persona (162)
[2017.02.09-15.14.59:084][708]LogModuleManager: Shutting down and abandoning module Kismet (161)
[2017.02.09-15.14.59:085][708]LogModuleManager: Shutting down and abandoning module GraphEditor (160)
[2017.02.09-15.14.59:086][708]LogModuleManager: Shutting down and abandoning module ClassViewer (159)
[2017.02.09-15.14.59:086][708]LogModuleManager: Shutting down and abandoning module Toolbox (158)
[2017.02.09-15.14.59:086][708]LogModuleManager: Shutting down and abandoning module ModuleUI (157)
[2017.02.09-15.14.59:086][708]LogModuleManager: Shutting down and abandoning module MovieSceneTools (156)
[2017.02.09-15.14.59:086][708]LogModuleManager: Shutting down and abandoning module OutputLog (155)
[2017.02.09-15.14.59:086][708]LogModuleManager: Shutting down and abandoning module GammaUI (154)
[2017.02.09-15.14.59:086][708]LogModuleManager: Shutting down and abandoning module Documentation (153)
[2017.02.09-15.14.59:086][708]LogModuleManager: Shutting down and abandoning module Niagara (152)
[2017.02.09-15.14.59:086][708]LogModuleManager: Shutting down and abandoning module StreamingPauseRendering (151)
[2017.02.09-15.14.59:086][708]LogModuleManager: Shutting down and abandoning module AnalyticsET (150)
[2017.02.09-15.14.59:086][708]LogModuleManager: Shutting down and abandoning module PortalServices (149)
[2017.02.09-15.14.59:086][708]LogModuleManager: Shutting down and abandoning module PortalRpc (148)
[2017.02.09-15.14.59:086][708]LogModuleManager: Shutting down and abandoning module MessagingRpc (147)
[2017.02.09-15.14.59:086][708]LogModuleManager: Shutting down and abandoning module GameplayDebugger (146)
[2017.02.09-15.14.59:086][708]LogModuleManager: Shutting down and abandoning module AITestSuite (145)
[2017.02.09-15.14.59:086][708]LogModuleManager: Shutting down and abandoning module AIModule (144)
[2017.02.09-15.14.59:086][708]LogModuleManager: Shutting down and abandoning module ProfilerService (143)
[2017.02.09-15.14.59:286][708]LogModuleManager: Shutting down and abandoning module TaskGraph (142)
[2017.02.09-15.14.59:286][708]LogModuleManager: Shutting down and abandoning module SubstanceEditor (141)
[2017.02.09-15.14.59:286][708]LogModuleManager: Shutting down and abandoning module SlateRemote (140)
[2017.02.09-15.14.59:286][708]LogModuleManager: Shutting down and abandoning module SteamVRController (139)
[2017.02.09-15.14.59:286][708]LogModuleManager: Shutting down and abandoning module SteamVR (138)
[2017.02.09-15.14.59:286][708]LogModuleManager: Shutting down and abandoning module ProceduralMeshComponentEditor (137)
[2017.02.09-15.14.59:286][708]LogModuleManager: Shutting down and abandoning module ProceduralMeshComponent (136)
[2017.02.09-15.14.59:286][708]LogModuleManager: Shutting down and abandoning module OculusLibrary (135)
[2017.02.09-15.14.59:286][708]LogModuleManager: Shutting down and abandoning module OculusInput (134)
[2017.02.09-15.14.59:286][708]LogModuleManager: Shutting down and abandoning module CustomMeshComponent (133)
[2017.02.09-15.14.59:286][708]LogModuleManager: Shutting down and abandoning module CableComponent (132)
[2017.02.09-15.14.59:286][708]LogModuleManager: Shutting down and abandoning module ArchVisCharacter (131)
[2017.02.09-15.14.59:286][708]LogModuleManager: Shutting down and abandoning module MediaPlayerEditor (130)
[2017.02.09-15.14.59:287][708]LogModuleManager: Shutting down and abandoning module HTML5Networking (129)
[2017.02.09-15.14.59:287][708]LogModuleManager: Shutting down and abandoning module GeometryCacheEd (128)
[2017.02.09-15.14.59:287][708]LogModuleManager: Shutting down and abandoning module GeometryCache (127)
[2017.02.09-15.14.59:287][708]LogModuleManager: Shutting down and abandoning module AlembicLibrary (126)
[2017.02.09-15.14.59:287][708]LogModuleManager: Shutting down and abandoning module AlembicImporter (125)
[2017.02.09-15.14.59:287][708]LogModuleManager: Shutting down and abandoning module SuperSearch (124)
[2017.02.09-15.14.59:287][708]LogModuleManager: Shutting down and abandoning module SuperSearchEditor (123)
[2017.02.09-15.14.59:287][708]LogModuleManager: Shutting down and abandoning module SpeedTreeImporter (122)
[2017.02.09-15.14.59:287][708]LogModuleManager: Shutting down and abandoning module PluginBrowser (121)
[2017.02.09-15.14.59:287][708]LogModuleManager: Shutting down and abandoning module MobileLauncherProfileWizard (120)
[2017.02.09-15.14.59:287][708]LogModuleManager: Shutting down and abandoning module EpicSurvey (119)
[2017.02.09-15.14.59:287][708]LogModuleManager: Shutting down and abandoning module DesktopPlatform (118)
[2017.02.09-15.14.59:287][708]LogModuleManager: Shutting down and abandoning module VisualStudioSourceCodeAccess (117)
[2017.02.09-15.14.59:287][708]LogModuleManager: Shutting down and abandoning module UObjectPlugin (116)
[2017.02.09-15.14.59:287][708]LogModuleManager: Shutting down and abandoning module SubversionSourceControl (115)
[2017.02.09-15.14.59:287][708]LogModuleManager: Shutting down and abandoning module PerforceSourceControl (114)
[2017.02.09-15.14.59:287][708]LogModuleManager: Shutting down and abandoning module SourceControl (113)
[2017.02.09-15.14.59:287][708]LogModuleManager: Shutting down and abandoning module GitSourceControl (112)
[2017.02.09-15.14.59:287][708]LogModuleManager: Shutting down and abandoning module LightPropagationVolumeEditor (111)
[2017.02.09-15.14.59:287][708]LogModuleManager: Shutting down and abandoning module PaperTiledImporter (110)
[2017.02.09-15.14.59:287][708]LogModuleManager: Shutting down and abandoning module PaperSpriteSheetImporter (109)
[2017.02.09-15.14.59:287][708]LogModuleManager: Shutting down and abandoning module MeshPaint (108)
[2017.02.09-15.14.59:287][708]LogModuleManager: Shutting down and abandoning module FbxAutomationBuilderModule (107)
[2017.02.09-15.14.59:287][708]LogModuleManager: Shutting down and abandoning module PixelInspectorModule (106)
[2017.02.09-15.14.59:287][708]LogModuleManager: Shutting down and abandoning module HotReload (105)
[2017.02.09-15.14.59:288][708]LogModuleManager: Shutting down and abandoning module MainFrame (104)
[2017.02.09-15.14.59:288][708]LogModuleManager: Shutting down and abandoning module LevelEditor (103)
[2017.02.09-15.14.59:289][708]LogModuleManager: Shutting down and abandoning module ContentBrowser (102)
[2017.02.09-15.14.59:290][708]LogModuleManager: Shutting down and abandoning module Paper2DEditor (101)
[2017.02.09-15.14.59:290][708]LogModuleManager: Shutting down and abandoning module UdpMessaging (100)
[2017.02.09-15.14.59:391][708]LogModuleManager: Shutting down and abandoning module TcpMessaging (99)
[2017.02.09-15.14.59:491][708]LogModuleManager: Shutting down and abandoning module SubstanceCore (98)
[2017.02.09-15.14.59:491][708]LogModuleManager: Shutting down and abandoning module LightPropagationVolumeRuntime (97)
[2017.02.09-15.14.59:491][708]LogModuleManager: Shutting down and abandoning module Paper2D (96)
[2017.02.09-15.14.59:491][708]LogModuleManager: Shutting down and abandoning module WindowsMoviePlayer (95)
[2017.02.09-15.14.59:491][708]LogModuleManager: Shutting down and abandoning module WmfMedia (94)
[2017.02.09-15.14.59:491][708]LogModuleManager: Shutting down and abandoning module MediaAssets (93)
[2017.02.09-15.14.59:491][708]LogModuleManager: Shutting down and abandoning module GameLiveStreaming (92)
[2017.02.09-15.14.59:491][708]LogModuleManager: Shutting down and abandoning module GameplayTagsEditor (91)
[2017.02.09-15.14.59:491][708]LogModuleManager: Shutting down and abandoning module VREditor (90)
[2017.02.09-15.14.59:491][708]LogModuleManager: Shutting down and abandoning module GameplayTasksEditor (89)
[2017.02.09-15.14.59:491][708]LogModuleManager: Shutting down and abandoning module PropertyEditor (88)
[2017.02.09-15.14.59:492][708]LogModuleManager: Shutting down and abandoning module BehaviorTreeEditor (87)
[2017.02.09-15.14.59:492][708]LogModuleManager: Shutting down and abandoning module FunctionalTesting (86)
[2017.02.09-15.14.59:492][708]LogModuleManager: Shutting down and abandoning module CollisionAnalyzer (85)
[2017.02.09-15.14.59:492][708]LogModuleManager: Shutting down and abandoning module Sequencer (84)
[2017.02.09-15.14.59:492][708]LogModuleManager: Shutting down and abandoning module WorkspaceMenuStructure (83)
[2017.02.09-15.14.59:492][708]LogModuleManager: Shutting down and abandoning module MessageLog (82)
[2017.02.09-15.14.59:492][708]LogModuleManager: Shutting down and abandoning module AssetTools (81)
[2017.02.09-15.14.59:492][708]LogModuleManager: Shutting down and abandoning module UMGEditor (80)
[2017.02.09-15.14.59:492][708]LogModuleManager: Shutting down and abandoning module UMG (79)
[2017.02.09-15.14.59:492][708]LogModuleManager: Shutting down and abandoning module SlateReflector (78)
[2017.02.09-15.14.59:492][708]LogModuleManager: Shutting down and abandoning module Slate (77)
[2017.02.09-15.14.59:492][708]LogModuleManager: Shutting down and abandoning module EditorStyle (76)
[2017.02.09-15.14.59:495][708]LogModuleManager: Shutting down and abandoning module SourceCodeAccess (75)
[2017.02.09-15.14.59:495][708]LogModuleManager: Shutting down and abandoning module HeadMountedDisplay (74)
[2017.02.09-15.14.59:495][708]LogModuleManager: Shutting down and abandoning module XAudio2 (73)
[2017.02.09-15.14.59:495][708]LogModuleManager: Shutting down and abandoning module Networking (72)
[2017.02.09-15.14.59:495][708]LogModuleManager: Shutting down and abandoning module Core (71)
[2017.02.09-15.14.59:495][708]LogModuleManager: Shutting down and abandoning module DirectoryWatcher (70)
[2017.02.09-15.14.59:495][708]LogDirectoryWatcher: A directory notification for '../../../Engine/Content/' was aborted.
[2017.02.09-15.14.59:495][708]LogDirectoryWatcher: A directory notification for 'F:/University/GitHub/Game/Team2Thirds/MultiplayerV2/Content/' was aborted.
[2017.02.09-15.14.59:496][708]LogDirectoryWatcher: A directory notification for '../../../Engine/Plugins/2D/Paper2D/Content/' was aborted.
[2017.02.09-15.14.59:496][708]LogModuleManager: Shutting down and abandoning module AssetRegistry (69)
[2017.02.09-15.15.08:170][708]LogModuleManager: Shutting down and abandoning module KismetCompiler (68)
[2017.02.09-15.15.08:170][708]LogModuleManager: Shutting down and abandoning module PhysXFormats (67)
[2017.02.09-15.15.08:170][708]LogModuleManager: Shutting down and abandoning module MeshUtilities (66)
[2017.02.09-15.15.08:170][708]LogModuleManager: Shutting down and abandoning module DerivedDataCache (65)
[2017.02.09-15.15.08:447][708]LogDerivedDataCache: Shutdown
[2017.02.09-15.15.08:447][708]LogModuleManager: Shutting down and abandoning module VulkanShaderFormat (64)
[2017.02.09-15.15.08:447][708]LogModuleManager: Shutting down and abandoning module ShaderFormatOpenGL (63)
[2017.02.09-15.15.08:447][708]LogModuleManager: Shutting down and abandoning module ShaderFormatD3D (62)
[2017.02.09-15.15.08:447][708]LogModuleManager: Shutting down and abandoning module MetalShaderFormat (61)
[2017.02.09-15.15.08:448][708]LogModuleManager: Shutting down and abandoning module TextureFormatUncompressed (60)
[2017.02.09-15.15.08:448][708]LogModuleManager: Shutting down and abandoning module TextureFormatPVR (59)
[2017.02.09-15.15.08:448][708]LogModuleManager: Shutting down and abandoning module TextureFormatDXT (58)
[2017.02.09-15.15.08:448][708]LogModuleManager: Shutting down and abandoning module TextureFormatIntelISPCTexComp (57)
[2017.02.09-15.15.08:448][708]LogModuleManager: Shutting down and abandoning module ImageWrapper (56)
[2017.02.09-15.15.08:448][708]LogModuleManager: Shutting down and abandoning module TextureFormatASTC (55)
[2017.02.09-15.15.08:448][708]LogModuleManager: Shutting down and abandoning module TextureFormatAndroid (54)
[2017.02.09-15.15.08:448][708]LogModuleManager: Shutting down and abandoning module AudioFormatOpus (53)
[2017.02.09-15.15.08:448][708]LogModuleManager: Shutting down and abandoning module AudioFormatOgg (52)
[2017.02.09-15.15.08:448][708]LogModuleManager: Shutting down and abandoning module AudioFormatADPCM (51)
[2017.02.09-15.15.08:448][708]LogModuleManager: Shutting down and abandoning module LinuxTargetPlatform (50)
[2017.02.09-15.15.08:448][708]LogModuleManager: Shutting down and abandoning module LinuxServerTargetPlatform (49)
[2017.02.09-15.15.08:448][708]LogModuleManager: Shutting down and abandoning module LinuxNoEditorTargetPlatform (48)
[2017.02.09-15.15.08:448][708]LogModuleManager: Shutting down and abandoning module LinuxClientTargetPlatform (47)
[2017.02.09-15.15.08:448][708]LogModuleManager: Shutting down and abandoning module TVOSTargetPlatform (46)
[2017.02.09-15.15.08:448][708]LogModuleManager: Shutting down and abandoning module Messaging (45)
[2017.02.09-15.15.08:448][708]LogModuleManager: Shutting down and abandoning module IOSTargetPlatform (44)
[2017.02.09-15.15.08:448][708]LogModuleManager: Shutting down and abandoning module HTML5TargetPlatform (43)
[2017.02.09-15.15.08:448][708]LogModuleManager: Shutting down and abandoning module Android_PVRTCTargetPlatform (42)
[2017.02.09-15.15.08:448][708]LogModuleManager: Shutting down and abandoning module Android_MultiTargetPlatform (41)
[2017.02.09-15.15.08:448][708]LogModuleManager: Shutting down and abandoning module Android_ETC2TargetPlatform (40)
[2017.02.09-15.15.08:448][708]LogModuleManager: Shutting down and abandoning module Android_ETC1TargetPlatform (39)
[2017.02.09-15.15.08:448][708]LogModuleManager: Shutting down and abandoning module Android_DXTTargetPlatform (38)
[2017.02.09-15.15.08:448][708]LogModuleManager: Shutting down and abandoning module Android_ATCTargetPlatform (37)
[2017.02.09-15.15.08:448][708]LogModuleManager: Shutting down and abandoning module Android_ASTCTargetPlatform (36)
[2017.02.09-15.15.08:448][708]LogModuleManager: Shutting down and abandoning module AndroidTargetPlatform (35)
[2017.02.09-15.15.08:448][708]LogModuleManager: Shutting down and abandoning module WindowsTargetPlatform (34)
[2017.02.09-15.15.08:448][708]LogModuleManager: Shutting down and abandoning module WindowsServerTargetPlatform (33)
[2017.02.09-15.15.08:448][708]LogModuleManager: Shutting down and abandoning module WindowsNoEditorTargetPlatform (32)
[2017.02.09-15.15.08:448][708]LogModuleManager: Shutting down and abandoning module WindowsClientTargetPlatform (31)
[2017.02.09-15.15.08:448][708]LogModuleManager: Shutting down and abandoning module AllDesktopTargetPlatform (30)
[2017.02.09-15.15.08:448][708]LogModuleManager: Shutting down and abandoning module TargetPlatform (29)
[2017.02.09-15.15.08:448][708]LogModuleManager: Shutting down and abandoning module InputCore (28)
[2017.02.09-15.15.08:448][708]LogModuleManager: Shutting down and abandoning module Settings (27)
[2017.02.09-15.15.08:448][708]LogModuleManager: Shutting down and abandoning module OculusRift (26)
[2017.02.09-15.15.08:448][708]LogModuleManager: Shutting down and abandoning module GearVR (25)
[2017.02.09-15.15.08:448][708]LogModuleManager: Shutting down and abandoning module ExampleDeviceProfileSelector (24)
[2017.02.09-15.15.08:448][708]LogModuleManager: Shutting down and abandoning module OnlineBlueprintSupport (23)
[2017.02.09-15.15.08:448][708]LogModuleManager: Shutting down and abandoning module Voice (21)
[2017.02.09-15.15.08:448][708]LogModuleManager: Shutting down and abandoning module OnlineSubsystem (17)
[2017.02.09-15.15.08:449][708]LogOnline:Display: NULL: FOnlineSubsystemNull::Shutdown()
[2017.02.09-15.15.08:449][708]LogOnline:Display: Unloading online subsystem: NULL
[2017.02.09-15.15.08:449][708]LogModuleManager: Shutting down and abandoning module HTTP (16)
[2017.02.09-15.15.08:449][708]LogHttp:Display: Http module shutting down, but needs to wait on 1 outstanding Http requests:
[2017.02.09-15.15.08:449][708]LogHttp:Display: 	verb=[POST] url=[https://datarouter.ol.epicgames.com/datarouter/api/v1/public/data?SessionID=%7BE2B0DC9B-4EFA-34B8-C037-7FBAFD23E366%7D&AppID=UEEditor.Rocket.Release&AppVersion=4.13.2-3172292%2B%2B%2BUE4%2BRelease-4.13&UserID=607dad354e34967daa556e9062770df9%7C60da38c6d16241a5acdb9f3769ddff9a%7C671f62b7-fdbf-478e-ab5b-8701c7e210f4&AppEnvironment=datacollector-binary&UploadType=eteventstream] status=Processing
[2017.02.09-15.15.08:452][708]LogModuleManager: Shutting down and abandoning module XMPP (15)
[2017.02.09-15.15.08:452][708]LogModuleManager: Shutting down and abandoning module TextureCompressor (14)
[2017.02.09-15.15.08:452][708]LogModuleManager: Shutting down and abandoning module ShaderCore (13)
[2017.02.09-15.15.08:452][708]LogModuleManager: Shutting down and abandoning module Landscape (12)
[2017.02.09-15.15.08:452][708]LogModuleManager: Shutting down and abandoning module SlateRHIRenderer (11)
[2017.02.09-15.15.08:454][708]LogModuleManager: Shutting down and abandoning module OpenGLDrv (10)
[2017.02.09-15.15.08:454][708]LogModuleManager: Shutting down and abandoning module D3D11RHI (9)
[2017.02.09-15.15.08:454][708]LogModuleManager: Shutting down and abandoning module AnimGraphRuntime (8)
[2017.02.09-15.15.08:454][708]LogModuleManager: Shutting down and abandoning module Renderer (7)
[2017.02.09-15.15.08:454][708]LogModuleManager: Shutting down and abandoning module Engine (6)
[2017.02.09-15.15.08:454][708]LogModuleManager: Shutting down and abandoning module CoreUObject (5)
[2017.02.09-15.15.08:454][708]LogModuleManager: Shutting down and abandoning module NetworkFile (4)
[2017.02.09-15.15.08:454][708]LogModuleManager: Shutting down and abandoning module StreamingFile (3)
[2017.02.09-15.15.08:454][708]LogModuleManager: Shutting down and abandoning module SandboxFile (2)
[2017.02.09-15.15.08:454][708]LogModuleManager: Shutting down and abandoning module PakFile (1)
[2017.02.09-15.15.08:459][708]LogExit: Exiting.
[2017.02.09-15.15.08:522][708]Log file closed, 02/09/17 15:15:08
