Log file open, 10/30/16 20:18:54
LogInit:Display: Running engine for game: MultiplayerV2
LogPlatformFile: Not using cached read wrapper
LogInit:Display: RandInit(-1867169756) SRandInit(-1867169756).
LogTaskGraph: Started task graph with 5 named threads and 8 total threads with 1 sets of task threads.
LogStats: Stats thread started at 0.070376
LogPluginManager: Loaded Plugin Paper2D, From D:/Epic Games/4.13/Engine/Plugins/2D/Paper2D/Paper2D.uplugin
LogPluginManager: Loaded Plugin LightPropagationVolume, From D:/Epic Games/4.13/Engine/Plugins/Blendables/LightPropagationVolume/LightPropagationVolume.uplugin
LogPluginManager: Loaded Plugin BlankPlugin, From D:/Epic Games/4.13/Engine/Plugins/Developer/BlankPlugin/BlankPlugin.uplugin
LogPluginManager: Loaded Plugin CodeLiteSourceCodeAccess, From D:/Epic Games/4.13/Engine/Plugins/Developer/CodeLiteSourceCodeAccess/CodeLiteSourceCodeAccess.uplugin
LogPluginManager: Loaded Plugin GitSourceControl, From D:/Epic Games/4.13/Engine/Plugins/Developer/GitSourceControl/GitSourceControl.uplugin
LogPluginManager: Loaded Plugin KDevelopSourceCodeAccess, From D:/Epic Games/4.13/Engine/Plugins/Developer/KDevelopSourceCodeAccess/KDevelopSourceCodeAccess.uplugin
LogPluginManager: Loaded Plugin NullSourceCodeAccess, From D:/Epic Games/4.13/Engine/Plugins/Developer/NullSourceCodeAccess/NullSourceCodeAccess.uplugin
LogPluginManager: Loaded Plugin OneSkyLocalizationService, From D:/Epic Games/4.13/Engine/Plugins/Developer/OneSkyLocalizationService/OneSkyLocalizationService.uplugin
LogPluginManager: Loaded Plugin PerforceSourceControl, From D:/Epic Games/4.13/Engine/Plugins/Developer/PerforceSourceControl/PerforceSourceControl.uplugin
LogPluginManager: Loaded Plugin SubversionSourceControl, From D:/Epic Games/4.13/Engine/Plugins/Developer/SubversionSourceControl/SubversionSourceControl.uplugin
LogPluginManager: Loaded Plugin UObjectPlugin, From D:/Epic Games/4.13/Engine/Plugins/Developer/UObjectPlugin/UObjectPlugin.uplugin
LogPluginManager: Loaded Plugin VisualStudioSourceCodeAccess, From D:/Epic Games/4.13/Engine/Plugins/Developer/VisualStudioSourceCodeAccess/VisualStudioSourceCodeAccess.uplugin
LogPluginManager: Loaded Plugin XCodeSourceCodeAccess, From D:/Epic Games/4.13/Engine/Plugins/Developer/XCodeSourceCodeAccess/XCodeSourceCodeAccess.uplugin
LogPluginManager: Loaded Plugin EpicSurvey, From D:/Epic Games/4.13/Engine/Plugins/Editor/EpicSurvey/EpicSurvey.uplugin
LogPluginManager: Loaded Plugin MacGraphicsSwitching, From D:/Epic Games/4.13/Engine/Plugins/Editor/MacGraphicsSwitching/MacGraphicsSwitching.uplugin
LogPluginManager: Loaded Plugin MobileLauncherProfileWizard, From D:/Epic Games/4.13/Engine/Plugins/Editor/MobileLauncherProfileWizard/MobileLauncherProfileWizard.uplugin
LogPluginManager: Loaded Plugin PluginBrowser, From D:/Epic Games/4.13/Engine/Plugins/Editor/PluginBrowser/PluginBrowser.uplugin
LogPluginManager: Loaded Plugin SpeedTreeImporter, From D:/Epic Games/4.13/Engine/Plugins/Editor/SpeedTreeImporter/SpeedTreeImporter.uplugin
LogPluginManager: Loaded Plugin SuperSearchEditor, From D:/Epic Games/4.13/Engine/Plugins/Editor/SuperSearchEditor/SuperSearchEditor.uplugin
LogPluginManager: Loaded Plugin AlembicImporter, From D:/Epic Games/4.13/Engine/Plugins/Experimental/AlembicImporter/AlembicImporter.uplugin
LogPluginManager: Loaded Plugin BlueprintStats, From D:/Epic Games/4.13/Engine/Plugins/Experimental/BlueprintStats/BlueprintStats.uplugin
LogPluginManager: Loaded Plugin CharacterAI, From D:/Epic Games/4.13/Engine/Plugins/Experimental/CharacterAI/CharacterAI.uplugin
LogPluginManager: Loaded Plugin CodeEditor, From D:/Epic Games/4.13/Engine/Plugins/Experimental/CodeEditor/CodeEditor.uplugin
LogPluginManager: Loaded Plugin CodeView, From D:/Epic Games/4.13/Engine/Plugins/Experimental/CodeView/CodeView.uplugin
LogPluginManager: Loaded Plugin HTML5Networking, From D:/Epic Games/4.13/Engine/Plugins/Experimental/HTML5Networking/HTML5Networking.uplugin
LogPluginManager: Loaded Plugin LiveEditor, From D:/Epic Games/4.13/Engine/Plugins/Experimental/LiveEditor/LiveEditor.uplugin
LogPluginManager: Loaded Plugin OSVR, From D:/Epic Games/4.13/Engine/Plugins/Experimental/OSVR/OSVR.uplugin
LogPluginManager: Loaded Plugin Phya, From D:/Epic Games/4.13/Engine/Plugins/Experimental/Phya/Phya.uplugin
LogPluginManager: Loaded Plugin SignificanceManager, From D:/Epic Games/4.13/Engine/Plugins/Experimental/SignificanceManager/SignificanceManager.uplugin
LogPluginManager: Loaded Plugin SimpleHMD, From D:/Epic Games/4.13/Engine/Plugins/Experimental/SimpleHMD/SimpleHMD.uplugin
LogPluginManager: Loaded Plugin StereoPanorama, From D:/Epic Games/4.13/Engine/Plugins/Experimental/StereoPanorama/StereoPanorama.uplugin
LogPluginManager: Loaded Plugin StructBox, From D:/Epic Games/4.13/Engine/Plugins/Experimental/StructBox/StructBox.uplugin
LogPluginManager: Loaded Plugin Substance, From D:/Epic Games/4.13/Engine/Plugins/Marketplace/Substance/Substance.uplugin
LogPluginManager: Loaded Plugin AndroidMedia, From D:/Epic Games/4.13/Engine/Plugins/Media/AndroidMedia/AndroidMedia.uplugin
LogPluginManager: Loaded Plugin AvfMedia, From D:/Epic Games/4.13/Engine/Plugins/Media/AvfMedia/AvfMedia.uplugin
LogPluginManager: Loaded Plugin MediaPlayerEditor, From D:/Epic Games/4.13/Engine/Plugins/Media/MediaPlayerEditor/MediaPlayerEditor.uplugin
LogPluginManager: Loaded Plugin WmfMedia, From D:/Epic Games/4.13/Engine/Plugins/Media/WmfMedia/WmfMedia.uplugin
LogPluginManager: Loaded Plugin MessagingDebugger, From D:/Epic Games/4.13/Engine/Plugins/Messaging/MessagingDebugger/MessagingDebugger.uplugin
LogPluginManager: Loaded Plugin TcpMessaging, From D:/Epic Games/4.13/Engine/Plugins/Messaging/TcpMessaging/TcpMessaging.uplugin
LogPluginManager: Loaded Plugin UdpMessaging, From D:/Epic Games/4.13/Engine/Plugins/Messaging/UdpMessaging/UdpMessaging.uplugin
LogPluginManager: Loaded Plugin LevelSequenceEditor, From D:/Epic Games/4.13/Engine/Plugins/MovieScene/LevelSequenceEditor/LevelSequenceEditor.uplugin
LogPluginManager: Loaded Plugin MatineeToLevelSequence, From D:/Epic Games/4.13/Engine/Plugins/MovieScene/MatineeToLevelSequence/MatineeToLevelSequence.uplugin
LogPluginManager: Loaded Plugin NetcodeUnitTest, From D:/Epic Games/4.13/Engine/Plugins/NetcodeUnitTest/NetcodeUnitTest/NetcodeUnitTest.uplugin
LogPluginManager: Loaded Plugin NUTUnrealEngine4, From D:/Epic Games/4.13/Engine/Plugins/NetcodeUnitTest/NUTUnrealEngine4/NUTUnrealEngine4.uplugin
LogPluginManager: Loaded Plugin OnlineSubsystemGooglePlay, From D:/Epic Games/4.13/Engine/Plugins/Online/Android/OnlineSubsystemGooglePlay/OnlineSubsystemGooglePlay.uplugin
LogPluginManager: Loaded Plugin OnlineSubsystemIOS, From D:/Epic Games/4.13/Engine/Plugins/Online/IOS/OnlineSubsystemIOS/OnlineSubsystemIOS.uplugin
LogPluginManager: Loaded Plugin OnlineFramework, From D:/Epic Games/4.13/Engine/Plugins/Online/OnlineFramework/OnlineFramework.uplugin
LogPluginManager: Loaded Plugin OnlineSubsystem, From D:/Epic Games/4.13/Engine/Plugins/Online/OnlineSubsystem/OnlineSubsystem.uplugin
LogPluginManager: Loaded Plugin OnlineSubsystemAmazon, From D:/Epic Games/4.13/Engine/Plugins/Online/OnlineSubsystemAmazon/OnlineSubsystemAmazon.uplugin
LogPluginManager: Loaded Plugin OnlineSubsystemFacebook, From D:/Epic Games/4.13/Engine/Plugins/Online/OnlineSubsystemFacebook/OnlineSubsystemFacebook.uplugin
LogPluginManager: Loaded Plugin OnlineSubsystemNull, From D:/Epic Games/4.13/Engine/Plugins/Online/OnlineSubsystemNull/OnlineSubsystemNull.uplugin
LogPluginManager: Loaded Plugin OnlineSubsystemOculus, From D:/Epic Games/4.13/Engine/Plugins/Online/OnlineSubsystemOculus/OnlineSubsystemOculus.uplugin
LogPluginManager: Loaded Plugin OnlineSubsystemSteam, From D:/Epic Games/4.13/Engine/Plugins/Online/OnlineSubsystemSteam/OnlineSubsystemSteam.uplugin
LogPluginManager: Loaded Plugin OnlineSubsystemUtils, From D:/Epic Games/4.13/Engine/Plugins/Online/OnlineSubsystemUtils/OnlineSubsystemUtils.uplugin
LogPluginManager: Loaded Plugin IOSTapJoy, From D:/Epic Games/4.13/Engine/Plugins/Runtime/Advertising/IOSTapJoy/IOSTapJoy.uplugin
LogPluginManager: Loaded Plugin AnalyticsBlueprintLibrary, From D:/Epic Games/4.13/Engine/Plugins/Runtime/Analytics/AnalyticsBlueprintLibrary/AnalyticsBlueprintLibrary.uplugin
LogPluginManager: Loaded Plugin AnalyticsMulticast, From D:/Epic Games/4.13/Engine/Plugins/Runtime/Analytics/AnalyticsMulticast/AnalyticsMulticast.uplugin
LogPluginManager: Loaded Plugin Apsalar, From D:/Epic Games/4.13/Engine/Plugins/Runtime/Analytics/Apsalar/Apsalar.uplugin
LogPluginManager: Loaded Plugin FileLogging, From D:/Epic Games/4.13/Engine/Plugins/Runtime/Analytics/FileLogging/FileLogging.uplugin
LogPluginManager: Loaded Plugin Flurry, From D:/Epic Games/4.13/Engine/Plugins/Runtime/Analytics/Flurry/Flurry.uplugin
LogPluginManager: Loaded Plugin AndroidDeviceProfileSelector, From D:/Epic Games/4.13/Engine/Plugins/Runtime/AndroidDeviceProfileSelector/AndroidDeviceProfileSelector.uplugin
LogPluginManager: Loaded Plugin AndroidMoviePlayer, From D:/Epic Games/4.13/Engine/Plugins/Runtime/AndroidMoviePlayer/AndroidMoviePlayer.uplugin
LogPluginManager: Loaded Plugin AppleMoviePlayer, From D:/Epic Games/4.13/Engine/Plugins/Runtime/AppleMoviePlayer/AppleMoviePlayer.uplugin
LogPluginManager: Loaded Plugin ArchVisCharacter, From D:/Epic Games/4.13/Engine/Plugins/Runtime/ArchVisCharacter/ArchVisCharacter.uplugin
LogPluginManager: Loaded Plugin CableComponent, From D:/Epic Games/4.13/Engine/Plugins/Runtime/CableComponent/CableComponent.uplugin
LogPluginManager: Loaded Plugin CustomMeshComponent, From D:/Epic Games/4.13/Engine/Plugins/Runtime/CustomMeshComponent/CustomMeshComponent.uplugin
LogPluginManager: Loaded Plugin ExampleDeviceProfileSelector, From D:/Epic Games/4.13/Engine/Plugins/Runtime/ExampleDeviceProfileSelector/ExampleDeviceProfileSelector.uplugin
LogPluginManager: Loaded Plugin GearVR, From D:/Epic Games/4.13/Engine/Plugins/Runtime/GearVR/GearVR.uplugin
LogPluginManager: Loaded Plugin GoogleVRController, From D:/Epic Games/4.13/Engine/Plugins/Runtime/GoogleVR/GoogleVRController/GoogleVRController.uplugin
LogPluginManager: Loaded Plugin GoogleVRHMD, From D:/Epic Games/4.13/Engine/Plugins/Runtime/GoogleVR/GoogleVRHMD/GoogleVRHMD.uplugin
LogPluginManager: Loaded Plugin IOSDeviceProfileSelector, From D:/Epic Games/4.13/Engine/Plugins/Runtime/IOSDeviceProfileSelector/IOSDeviceProfileSelector.uplugin
LogPluginManager: Loaded Plugin LeapMotion, From D:/Epic Games/4.13/Engine/Plugins/Runtime/LeapMotion/LeapMotion.uplugin
LogPluginManager: Loaded Plugin LinuxDeviceProfileSelector, From D:/Epic Games/4.13/Engine/Plugins/Runtime/LinuxDeviceProfileSelector/LinuxDeviceProfileSelector.uplugin
LogPluginManager: Loaded Plugin LiveEditorListenServer, From D:/Epic Games/4.13/Engine/Plugins/Runtime/LiveEditorListenServer/LiveEditorListenServer.uplugin
LogPluginManager: Loaded Plugin OculusAudio, From D:/Epic Games/4.13/Engine/Plugins/Runtime/OculusAudio/OculusAudio.uplugin
LogPluginManager: Loaded Plugin OculusInput, From D:/Epic Games/4.13/Engine/Plugins/Runtime/OculusInput/OculusInput.uplugin
LogPluginManager: Loaded Plugin OculusLibrary, From D:/Epic Games/4.13/Engine/Plugins/Runtime/OculusLibrary/OculusLibrary.uplugin
LogPluginManager: Loaded Plugin OculusRift, From D:/Epic Games/4.13/Engine/Plugins/Runtime/OculusRift/OculusRift.uplugin
LogPluginManager: Loaded Plugin Oodle, From D:/Epic Games/4.13/Engine/Plugins/Runtime/PacketHandlers/CompressionComponents/Oodle/Oodle.uplugin
LogPluginManager: Loaded Plugin ProceduralMeshComponent, From D:/Epic Games/4.13/Engine/Plugins/Runtime/ProceduralMeshComponent/ProceduralMeshComponent.uplugin
LogPluginManager: Loaded Plugin SoundMod, From D:/Epic Games/4.13/Engine/Plugins/Runtime/SoundMod/SoundMod.uplugin
LogPluginManager: Loaded Plugin SoundVisualizations, From D:/Epic Games/4.13/Engine/Plugins/Runtime/SoundVisualizations/SoundVisualizations.uplugin
LogPluginManager: Loaded Plugin SteamController, From D:/Epic Games/4.13/Engine/Plugins/Runtime/Steam/SteamController/SteamController.uplugin
LogPluginManager: Loaded Plugin SteamVR, From D:/Epic Games/4.13/Engine/Plugins/Runtime/Steam/SteamVR/SteamVR.uplugin
LogPluginManager: Loaded Plugin WebBrowserWidget, From D:/Epic Games/4.13/Engine/Plugins/Runtime/WebBrowserWidget/WebBrowserWidget.uplugin
LogPluginManager: Loaded Plugin WindowsDeviceProfileSelector, From D:/Epic Games/4.13/Engine/Plugins/Runtime/WindowsDeviceProfileSelector/WindowsDeviceProfileSelector.uplugin
LogPluginManager: Loaded Plugin WindowsMoviePlayer, From D:/Epic Games/4.13/Engine/Plugins/Runtime/WindowsMoviePlayer/WindowsMoviePlayer.uplugin
LogPluginManager: Loaded Plugin ScriptPlugin, From D:/Epic Games/4.13/Engine/Plugins/ScriptPlugin/ScriptPlugin.uplugin
LogPluginManager: Loaded Plugin SlateRemote, From D:/Epic Games/4.13/Engine/Plugins/Slate/SlateRemote/SlateRemote.uplugin
LogInit: Using libcurl 7.47.1
LogInit:  - built for x86_64-pc-win32
LogInit:  - supports SSL with WinSSL
LogInit:  - other features:
LogInit:      CURL_VERSION_SSL
LogInit:      CURL_VERSION_IPV6
LogInit:      CURL_VERSION_ASYNCHDNS
LogInit:      CURL_VERSION_LARGEFILE
LogInit:      CURL_VERSION_IDN
LogInit:  CurlRequestOptions (configurable via config and command line):
LogInit:  - bVerifyPeer = false  - Libcurl will NOT verify peer certificate
LogInit:  - bUseHttpProxy = false  - Libcurl will NOT use HTTP proxy
LogInit:  - bDontReuseConnections = false  - Libcurl will reuse connections
LogInit:  - CertBundlePath = nullptr  - Libcurl will use whatever was configured at build time.
LogModuleManager:Warning: No filename provided for module OnlineSubsystemLAN
LogModuleManager:Warning: ModuleManager: Unable to load module 'OnlineSubsystemLAN' because the file 'D:/Epic Games/4.13/Engine/Binaries/Win64/' was not found.
LogInit: WinSock: version 1.1 (2.2), MaxSocks=32767, MaxUdp=65467
LogVoice:Warning: Failed to initialize voice interface
LogInit: Build: ++UE4+Release-4.13-CL-3142249
LogInit: Engine Version: 4.13.1-3142249+++UE4+Release-4.13
LogInit: Compatible Engine Version: 4.13.0-3106830+++UE4+Release-4.13
LogInit: Net CL: 3142249
LogDevObjectVersion: Number of dev versions registered: 13
LogDevObjectVersion:   Dev-Blueprints (B0D832E4-1F89-4F0D-ACCF-7EB736FD4AA2): 5
LogDevObjectVersion:   Dev-Build (E1C64328-A22C-4D53-A36C-8E866417BD8C): 0
LogDevObjectVersion:   Dev-Core (375EC13C-06E4-48FB-B500-84F0262A717E): 1
LogDevObjectVersion:   Dev-Editor (E4B068ED-F494-42E9-A231-DA0B2E46BB41): 6
LogDevObjectVersion:   Dev-Framework (CFFC743F-43B0-4480-9391-14DF171D2073): 12
LogDevObjectVersion:   Dev-Mobile (B02B49B5-BB20-44E9-A304-32B752E40360): 0
LogDevObjectVersion:   Dev-Networking (A4E4105C-59A1-49B5-A7C5-40C4547EDFEE): 0
LogDevObjectVersion:   Dev-Online (39C831C9-5AE6-47DC-9A44-9C173E1C8E7C): 0
LogDevObjectVersion:   Dev-Physics (78F01B33-EBEA-4F98-B9B4-84EACCB95AA2): 0
LogDevObjectVersion:   Dev-Platform (6631380F-2D4D-43E0-8009-CF276956A95A): 0
LogDevObjectVersion:   Dev-Rendering (12F88B9F-8875-4AFC-A67C-D90C383ABD29): 4
LogDevObjectVersion:   Dev-Sequencer (7B5AE74C-D270-4C10-A958-57980B212A5A): 0
LogDevObjectVersion:   Dev-VR (D7296918-1DD6-4BDD-9DE2-64A83CC13884): 0
LogInit: Compiled (64-bit): Sep 28 2016 02:12:12
LogInit: Compiled with Visual C++: 19.00.23026.00
LogInit: Build Configuration: Development
LogInit: Branch Name: ++UE4+Release-4.13
LogInit: Command line: -EpicPortal 
LogInit: Base directory: D:/Epic Games/4.13/Engine/Binaries/Win64/
LogInit: Installed Engine Build: 1
LogInit: Presizing for max 8388607 objects, including 0 objects not considered by GC, pre-allocating 0 bytes for permanent pool.
LogInit: Object subsystem initialized
[2016.10.30-20.18.54:438][  0]LogInit: Selected Device Profile: [Windows]
[2016.10.30-20.18.54:438][  0]LogInit: Applying CVar settings loaded from the selected device profile: [Windows]
[2016.10.30-20.18.54:448][  0]LogInit: Computer: CONNORPAGE
[2016.10.30-20.18.54:449][  0]LogInit: User: Connor
[2016.10.30-20.18.54:449][  0]LogInit: CPU Page size=65536, Cores=4
[2016.10.30-20.18.54:449][  0]LogInit: High frequency timer resolution =2.533206 MHz
[2016.10.30-20.18.54:449][  0]LogMemory: Memory total: Physical=7.9GB (8GB approx)
[2016.10.30-20.18.54:449][  0]LogMemory: Platform Memory Stats for Windows
[2016.10.30-20.18.54:449][  0]LogMemory: Process Physical Memory: 257.23 MB used, 257.23 MB peak
[2016.10.30-20.18.54:449][  0]LogMemory: Process Virtual Memory: 260.25 MB used, 260.25 MB peak
[2016.10.30-20.18.54:449][  0]LogMemory: Physical Memory: 5352.79 MB used, 8109.73 MB total
[2016.10.30-20.18.54:449][  0]LogMemory: Virtual Memory: 625.00 MB used, 134217728.00 MB total
[2016.10.30-20.18.54:476][  0]LogTextLocalizationManager: No specific translations for ('en-GB') exist, so ('en') translations will be used.
[2016.10.30-20.18.55:042][  0]LogD3D11RHI: D3D11 adapters:
[2016.10.30-20.18.55:602][  0]LogD3D11RHI:    0. 'NVIDIA GeForce GTX 970M' (Feature Level 11_0)
[2016.10.30-20.18.55:602][  0]LogD3D11RHI:       3040/0/4054 MB DedicatedVideo/DedicatedSystem/SharedSystem, Outputs:1, VendorId:0x10de
[2016.10.30-20.18.55:611][  0]LogD3D11RHI:    1. 'Intel(R) HD Graphics 4600' (Feature Level 11_0)
[2016.10.30-20.18.55:611][  0]LogD3D11RHI:       112/0/2048 MB DedicatedVideo/DedicatedSystem/SharedSystem, Outputs:0, VendorId:0x8086
[2016.10.30-20.18.55:612][  0]LogD3D11RHI:    2. 'Microsoft Basic Render Driver' (Feature Level 11_0)
[2016.10.30-20.18.55:612][  0]LogD3D11RHI:       0/0/4054 MB DedicatedVideo/DedicatedSystem/SharedSystem, Outputs:0, VendorId:0x1414
[2016.10.30-20.18.55:612][  0]LogD3D11RHI: Chosen D3D11 Adapter: 0
[2016.10.30-20.18.55:617][  0]LogD3D11RHI: Creating new Direct3DDevice
[2016.10.30-20.18.55:617][  0]LogD3D11RHI:     GPU DeviceId: 0x13d8 (for the marketing name, search the web for "GPU Device Id")
[2016.10.30-20.18.55:617][  0]LogWindows: EnumDisplayDevices:
[2016.10.30-20.18.55:617][  0]LogWindows:    0. 'Intel(R) HD Graphics 4600' (P:1 D:1)
[2016.10.30-20.18.55:617][  0]LogWindows:    1. 'Intel(R) HD Graphics 4600' (P:0 D:0)
[2016.10.30-20.18.55:617][  0]LogWindows:    2. 'Intel(R) HD Graphics 4600' (P:0 D:0)
[2016.10.30-20.18.55:617][  0]LogWindows: DebugString: PrimaryIsNotTheChoosenAdapter PrimaryIsNotTheChoosenAdapter PrimaryIsNotTheChoosenAdapter FoundDriverCount:0 
[2016.10.30-20.18.55:617][  0]LogD3D11RHI:     Adapter Name: NVIDIA GeForce GTX 970M
[2016.10.30-20.18.55:617][  0]LogD3D11RHI:   Driver Version: Unknown (internal:Unknown, unified:Unknown)
[2016.10.30-20.18.55:618][  0]LogD3D11RHI:      Driver Date: Unknown
[2016.10.30-20.18.55:618][  0]LogRHI: Texture pool is 1361 MB (70% of 1945 MB)
[2016.10.30-20.18.56:144][  0]LogD3D11RHI: Async texture creation enabled
[2016.10.30-20.18.56:192][  0]LogD3D11RHI: GPU Timing Frequency: 1000.000000 (Debug: 2 1)
[2016.10.30-20.18.56:193][  0]LogShaderCompilers: Guid format shader working directory is 6 characters bigger than the processId version (../../../../Unreal Projects/MultiplayerV2/Intermediate/Shaders/WorkingDirectory/9616/).
[2016.10.30-20.18.56:193][  0]LogShaderCompilers: Cleaned the shader compiler working directory 'C:/Users/Connor/AppData/Local/Temp/UnrealShaderWorkingDir/7CC6409A46B40E472FE1DA9639340785/'.
[2016.10.30-20.18.56:193][  0]LogShaderCompilers:Display: Using Local Shader Compiler.
[2016.10.30-20.18.57:087][  0]LogTemp:Display: Loaded TP AllDesktopTargetPlatform
[2016.10.30-20.18.57:094][  0]LogTemp:Display: Loaded TP WindowsClientTargetPlatform
[2016.10.30-20.18.57:101][  0]LogTemp:Display: Loaded TP WindowsNoEditorTargetPlatform
[2016.10.30-20.18.57:108][  0]LogTemp:Display: Loaded TP WindowsServerTargetPlatform
[2016.10.30-20.18.57:115][  0]LogTemp:Display: Loaded TP WindowsTargetPlatform
[2016.10.30-20.18.57:121][  0]LogTemp:Display: Loaded TP AndroidTargetPlatform
[2016.10.30-20.18.57:128][  0]LogTemp:Display: Loaded TP Android_ASTCTargetPlatform
[2016.10.30-20.18.57:133][  0]LogTemp:Display: Loaded TP Android_ATCTargetPlatform
[2016.10.30-20.18.57:139][  0]LogTemp:Display: Loaded TP Android_DXTTargetPlatform
[2016.10.30-20.18.57:147][  0]LogTemp:Display: Loaded TP Android_ETC1TargetPlatform
[2016.10.30-20.18.57:153][  0]LogTemp:Display: Loaded TP Android_ETC2TargetPlatform
[2016.10.30-20.18.57:165][  0]LogTemp:Display: Loaded TP Android_MultiTargetPlatform
[2016.10.30-20.18.57:165][  0]LogTemp:Display: Loaded TP Android_PVRTCTargetPlatform
[2016.10.30-20.18.57:165][  0]LogTemp:Display: Loaded TP HTML5TargetPlatform
[2016.10.30-20.18.57:184][  0]LogTemp:Display: Loaded TP IOSTargetPlatform
[2016.10.30-20.18.57:191][  0]LogTemp:Display: Loaded TP TVOSTargetPlatform
[2016.10.30-20.18.57:197][  0]LogTemp:Display: Loaded TP LinuxClientTargetPlatform
[2016.10.30-20.18.57:203][  0]LogTemp:Display: Loaded TP LinuxNoEditorTargetPlatform
[2016.10.30-20.18.57:209][  0]LogTemp:Display: Loaded TP LinuxServerTargetPlatform
[2016.10.30-20.18.57:215][  0]LogTemp:Display: Loaded TP LinuxTargetPlatform
[2016.10.30-20.18.57:215][  0]LogTargetPlatformManager:Display: Building Assets For Windows
[2016.10.30-20.18.57:272][  0]LogDerivedDataCache:Display: Max Cache Size: 512 MB
[2016.10.30-20.18.57:357][  0]LogDerivedDataCache: Loaded boot cache 0.09s 62MB C:/Users/Connor/AppData/Local/UnrealEngine/4.13/DerivedDataCache/Boot.ddc.
[2016.10.30-20.18.57:357][  0]LogDerivedDataCache:Display: Loaded Boot cache: C:/Users/Connor/AppData/Local/UnrealEngine/4.13/DerivedDataCache/Boot.ddc
[2016.10.30-20.18.57:358][  0]LogDerivedDataCache: FDerivedDataBackendGraph:  Pak pak cache file ../../../../Unreal Projects/MultiplayerV2/DerivedDataCache/DDC.ddp not found, will not use a pak cache.
[2016.10.30-20.18.57:358][  0]LogDerivedDataCache: Unable to find inner node Pak for hierarchical cache Hierarchy.
[2016.10.30-20.18.57:358][  0]LogDerivedDataCache: FDerivedDataBackendGraph:  CompressedPak pak cache file ../../../../Unreal Projects/MultiplayerV2/DerivedDataCache/Compressed.ddp not found, will not use a pak cache.
[2016.10.30-20.18.57:358][  0]LogDerivedDataCache: Unable to find inner node CompressedPak for hierarchical cache Hierarchy.
[2016.10.30-20.18.57:377][  0]LogDerivedDataCache:Display: Pak cache opened for reading ../../../Engine/DerivedDataCache/Compressed.ddp.
[2016.10.30-20.18.57:388][  0]LogDerivedDataCache: Using Local data cache path C:/Users/Connor/AppData/Local/UnrealEngine/Common/DerivedDataCache: Writable
[2016.10.30-20.18.57:581][  0]LogInit: Selected Device Profile: [Windows]
[2016.10.30-20.18.57:583][  0]LogContentStreaming: Texture pool size is 0.00 MB
[2016.10.30-20.18.57:669][  0]LogMeshUtilities: No automatic mesh reduction module available
[2016.10.30-20.18.57:669][  0]LogMeshUtilities: No automatic mesh merging module available
[2016.10.30-20.18.57:669][  0]LogMeshUtilities: No distributed automatic mesh merging module available
[2016.10.30-20.18.57:730][  0]LogMaterial: Uniform references updated for custom material expression Custom.
[2016.10.30-20.18.58:106][  0]LogNetVersion: GetLocalNetworkVersion: CL: 3106830, ProjectName: multiplayerv2, ProjectVersion: , EngineNetworkVersion: 1, GameNetworkVersion: 0, NetworkChecksum: 2011542088
[2016.10.30-20.18.58:141][  0]LogAssetRegistry: FAssetRegistry took 0.0213 seconds to start up
[2016.10.30-20.18.58:172][  0]LogPackageLocalizationCache: Processed 3 localized package path(s) for 2 prioritized culture(s) in 0.027125 seconds
[2016.10.30-20.18.58:180][  0]LogUObjectArray: 29778 objects as part of root set at end of initial load.
[2016.10.30-20.18.58:180][  0]LogUObjectAllocator: 6125456 out of 0 bytes used by permanent object pool.
[2016.10.30-20.18.58:180][  0]LogUObjectArray: CloseDisregardForGC: 0/0 objects in disregard for GC pool
[2016.10.30-20.18.58:361][  0]LogSlate: SlateFontCache - WITH_FREETYPE: 1, WITH_HARFBUZZ: 1
[2016.10.30-20.18.58:361][  0]LogSlate: SlateFontCache - WITH_FREETYPE: 1, WITH_HARFBUZZ: 1
[2016.10.30-20.18.58:938][  0]LogSubstanceCoreModule: Substance CPU Engine Loaded, Max Texture Size 2048
[2016.10.30-20.18.58:946][  0]LogTcpMessaging: Initializing TcpMessaging bridge
[2016.10.30-20.18.58:963][  0]LogUdpMessaging: Initializing bridge on interface 0.0.0.0:0 to multicast group 230.0.0.1:6666.
[2016.10.30-20.18.59:159][  0]SourceControl: Info Source control is disabled
[2016.10.30-20.18.59:159][  0]SourceControl: Info Source control is disabled
[2016.10.30-20.18.59:165][  0]SourceControl: Info Source control is disabled
[2016.10.30-20.18.59:170][  0]SourceControl: Info Source control is disabled
[2016.10.30-20.18.59:471][  0]LogEngine: Initializing Engine...
[2016.10.30-20.18.59:472][  0]LogHMD: Failed to initialize OpenVR with code 110
[2016.10.30-20.18.59:604][  0]LogAIModule: Creating AISystem for world Untitled
[2016.10.30-20.18.59:611][  0]LogInit: XAudio2 using 'Speakers (Realtek High Definition Audio)' : 2 channels at 48 kHz using 32 bits per sample (channel mask 0x3)
[2016.10.30-20.18.59:622][  0]LogInit: FAudioDevice initialized.
[2016.10.30-20.18.59:667][  0]LogDerivedDataCache: Saved boot cache 0.05s 62MB C:/Users/Connor/AppData/Local/UnrealEngine/4.13/DerivedDataCache/Boot.ddc.
[2016.10.30-20.18.59:684][  0]LogInit: Texture streaming: Enabled
[2016.10.30-20.18.59:754][  0]LogInit: Transaction tracking system initialized
[2016.10.30-20.18.59:769][  0]BlueprintLog: New page: Editor Load
[2016.10.30-20.18.59:825][  0]LocalizationService: Info Localization service is disabled
[2016.10.30-20.18.59:883][  0]LogConsoleResponse:Display: 
[2016.10.30-20.19.00:028][  0]LogCook:Display: Max memory allowance for cook 16384mb min free memory 0mb
[2016.10.30-20.19.00:028][  0]LogCook:Display: Mobile HDR setting 1
[2016.10.30-20.19.00:142][  0]LogFileCache: Scanning file cache for directory 'D:/Epic Games/Unreal Projects/MultiplayerV2/Content/' took 0.02s
[2016.10.30-20.19.00:142][  0]SourceControl: Info Source control is disabled
[2016.10.30-20.19.00:142][  0]Cmd: MAP LOAD FILE="../../../../Unreal Projects/MultiplayerV2/Content/ThirdPersonBP/Maps/ThirdPersonExampleMap.umap" TEMPLATE=0 SHOWPROGRESS=1 FEATURELEVEL=3
[2016.10.30-20.19.00:183][  0]LightingResults: New page: Lighting Build
[2016.10.30-20.19.00:184][  0]MapCheck: New page: Map Check
[2016.10.30-20.19.00:184][  0]LightingResults: New page: Lighting Build
[2016.10.30-20.19.04:461][  0]LogAIModule: Creating AISystem for world ThirdPersonExampleMap
[2016.10.30-20.19.05:464][  0]LogEditorServer: Finished looking for orphan Actors (0.000 secs)
[2016.10.30-20.19.05:505][  0]Cmd: MAP CHECKDEP NOCLEARLOG
[2016.10.30-20.19.05:540][  0]MapCheck: Info Map check complete: 0 Error(s), 0 Warning(s), took 34.769ms to complete.
[2016.10.30-20.19.05:540][  0]LogFileHelpers: Loading map 'ThirdPersonExampleMap' took 5.399
[2016.10.30-20.19.08:230][  0]LogCollectionManager: Loaded 0 collections in 0.000988 seconds
[2016.10.30-20.19.08:827][  0]LogFileCache: Scanning file cache for directory 'D:/Epic Games/Unreal Projects/MultiplayerV2/Saved/Collections/' took 0.01s
[2016.10.30-20.19.08:827][  0]LogFileCache: Scanning file cache for directory 'D:/Epic Games/Unreal Projects/MultiplayerV2/Content/Developers/Connor/Collections/' took 0.01s
[2016.10.30-20.19.08:827][  0]LogFileCache: Scanning file cache for directory 'D:/Epic Games/Unreal Projects/MultiplayerV2/Content/Collections/' took 0.01s
[2016.10.30-20.19.08:827][  0]LogCollectionManager: Rebuilt the GUID cache for 0 collections in 0.000003 seconds
[2016.10.30-20.19.08:906][  0]LogContentBrowser: Native class hierarchy populated in 0.0468 seconds. Added 2156 classes and 421 folders.
[2016.10.30-20.19.09:148][  0]LogStats: UGameplayTagsManager::ConstructGameplayTagTree: Construct from data asset -  0.000 s
[2016.10.30-20.19.09:155][  0]LogStats: UGameplayTagsManager::ConstructGameplayTagTree: GameplayTagTreeChangedEvent.Broadcast -  0.007 s
[2016.10.30-20.19.09:157][  0]LogContentBrowser: Native class hierarchy updated for 'GameplayTags' in 0.0005 seconds. Added 12 classes and 0 folders.
[2016.10.30-20.19.09:259][  0]LogContentBrowser: Native class hierarchy updated for 'WidgetCarousel' in 0.0004 seconds. Added 0 classes and 0 folders.
[2016.10.30-20.19.10:057][  0]LogContentBrowser: Native class hierarchy updated for 'AddContentDialog' in 0.0005 seconds. Added 0 classes and 0 folders.
[2016.10.30-20.19.10:135][  0]LogContentBrowser: Native class hierarchy updated for 'SceneOutliner' in 0.0007 seconds. Added 1 classes and 2 folders.
[2016.10.30-20.19.11:084][  0]LogCrashTracker: Crashtracker disabled due to settings.
[2016.10.30-20.19.11:306][  0]LogUObjectGlobals:Warning: Failed to find object 'Class None.'
[2016.10.30-20.19.11:366][  0]LogContentBrowser: Native class hierarchy updated for 'HierarchicalLODOutliner' in 0.0005 seconds. Added 1 classes and 2 folders.
[2016.10.30-20.19.11:366][  0]LogLoad: (Engine Initialization) Total time: 17.95 seconds
[2016.10.30-20.19.11:366][  0]LogLoad: (Engine Initialization) Total Blueprint compile time: 0.75 seconds
[2016.10.30-20.19.11:366][  0]LogExternalProfiler: No external profilers were discovered.  External profiling features will not be available.
[2016.10.30-20.19.11:376][  0]LogWindowsTextInputMethodSystem:Display: IME system now deactivated.
[2016.10.30-20.19.11:377][  0]LogOcInput: OculusInput pre-init called
[2016.10.30-20.19.11:624][  0]LogContentStreaming: Texture pool size now 1000 MB
[2016.10.30-20.19.13:140][  0]LogRenderer: Reallocating scene render targets to support 1208x576 (Frame:2).
[2016.10.30-20.19.13:503][  2]LogAssetRegistry: Asset discovery search completed in 15.3834 seconds
[2016.10.30-20.19.13:503][  2]LogCollectionManager: Rebuilt the object cache for 0 collections in 0.000001 seconds (found 0 objects)
[2016.10.30-20.19.13:503][  2]LogCollectionManager: Fixed up redirectors for 0 collections in 0.000020 seconds (updated 0 objects)
[2016.10.30-20.19.22:789][957]LogWindowsTextInputMethodSystem:Display: IME system now deactivated.
[2016.10.30-20.19.23:175][958]Cmd: QUIT_EDITOR
[2016.10.30-20.19.23:233][958]LogExit: Preparing to exit.
[2016.10.30-20.19.24:106][958]LogDirectoryWatcher: A directory notification for 'D:/Epic Games/Unreal Projects/MultiplayerV2/Content/' was aborted.
[2016.10.30-20.19.24:131][958]LogExit: Editor shut down
[2016.10.30-20.19.24:131][958]LogExit: Transaction tracking system shut down
[2016.10.30-20.19.24:252][958]LogObj: Freed 0b from 0 cluster array pools.
[2016.10.30-20.19.24:253][958]LogExit: Object subsystem successfully closed.
[2016.10.30-20.19.24:265][958]LogD3D11RHI: Shutdown
[2016.10.30-20.19.24:265][958]LogD3D11RHI: CleanupD3DDevice
[2016.10.30-20.19.24:338][958]LogD3D11RHI: ~FD3D11DynamicRHI
[2016.10.30-20.19.24:366][958]LogModuleManager: Shutting down and abandoning module HierarchicalLODOutliner (237)
[2016.10.30-20.19.24:366][958]LogModuleManager: Shutting down and abandoning module CrashTracker (236)
[2016.10.30-20.19.24:366][958]LogModuleManager: Shutting down and abandoning module SceneOutliner (235)
[2016.10.30-20.19.24:366][958]LogModuleManager: Shutting down and abandoning module WidgetCarousel (234)
[2016.10.30-20.19.24:366][958]LogModuleManager: Shutting down and abandoning module AddContentDialog (233)
[2016.10.30-20.19.24:367][958]LogDirectoryWatcher: A directory notification for 'D:/Epic Games/4.13/FeaturePacks/' was aborted.
[2016.10.30-20.19.24:367][958]LogModuleManager: Shutting down and abandoning module GameplayTags (232)
[2016.10.30-20.19.24:367][958]LogModuleManager: Shutting down and abandoning module EditorWidgets (231)
[2016.10.30-20.19.24:367][958]LogModuleManager: Shutting down and abandoning module CollectionManager (230)
[2016.10.30-20.19.24:367][958]LogDirectoryWatcher: A directory notification for 'D:/Epic Games/Unreal Projects/MultiplayerV2/Content/Collections/' was aborted.
[2016.10.30-20.19.24:367][958]LogDirectoryWatcher: A directory notification for 'D:/Epic Games/Unreal Projects/MultiplayerV2/Content/Developers/Connor/Collections/' was aborted.
[2016.10.30-20.19.24:367][958]LogDirectoryWatcher: A directory notification for 'D:/Epic Games/Unreal Projects/MultiplayerV2/Saved/Collections/' was aborted.
[2016.10.30-20.19.24:367][958]LogModuleManager: Shutting down and abandoning module StatsViewer (229)
[2016.10.30-20.19.24:367][958]LogModuleManager: Shutting down and abandoning module FoliageEdit (228)
[2016.10.30-20.19.24:367][958]LogModuleManager: Shutting down and abandoning module LandscapeEditor (227)
[2016.10.30-20.19.24:368][958]LogModuleManager: Shutting down and abandoning module SceneDepthPickerMode (226)
[2016.10.30-20.19.24:368][958]LogModuleManager: Shutting down and abandoning module ActorPickerMode (225)
[2016.10.30-20.19.24:368][958]LogModuleManager: Shutting down and abandoning module GeometryMode (224)
[2016.10.30-20.19.24:368][958]LogModuleManager: Shutting down and abandoning module TextureAlignMode (223)
[2016.10.30-20.19.24:368][958]LogModuleManager: Shutting down and abandoning module BspMode (222)
[2016.10.30-20.19.24:368][958]LogModuleManager: Shutting down and abandoning module HardwareSurvey (221)
[2016.10.30-20.19.24:368][958]LogModuleManager: Shutting down and abandoning module SequenceRecorderSections (220)
[2016.10.30-20.19.24:368][958]LogModuleManager: Shutting down and abandoning module SequenceRecorder (219)
[2016.10.30-20.19.24:368][958]LogModuleManager: Shutting down and abandoning module AutomationWorker (218)
[2016.10.30-20.19.24:368][958]LogModuleManager: Shutting down and abandoning module MatineeToLevelSequence (217)
[2016.10.30-20.19.24:368][958]LogModuleManager: Shutting down and abandoning module PlacementMode (216)
[2016.10.30-20.19.24:368][958]LogModuleManager: Shutting down and abandoning module LevelSequenceEditor (215)
[2016.10.30-20.19.24:368][958]LogModuleManager: Shutting down and abandoning module WmfMediaFactory (214)
[2016.10.30-20.19.24:368][958]LogModuleManager: Shutting down and abandoning module WmfMediaEditor (213)
[2016.10.30-20.19.24:368][958]LogModuleManager: Shutting down and abandoning module AvfMediaFactory (212)
[2016.10.30-20.19.24:368][958]LogModuleManager: Shutting down and abandoning module AvfMediaEditor (211)
[2016.10.30-20.19.24:368][958]LogModuleManager: Shutting down and abandoning module Media (210)
[2016.10.30-20.19.24:368][958]LogModuleManager: Shutting down and abandoning module AndroidMediaFactory (209)
[2016.10.30-20.19.24:368][958]LogModuleManager: Shutting down and abandoning module AndroidMediaEditor (208)
[2016.10.30-20.19.24:368][958]LogModuleManager: Shutting down and abandoning module CharacterAI (207)
[2016.10.30-20.19.24:368][958]LogModuleManager: Shutting down and abandoning module SmartSnapping (206)
[2016.10.30-20.19.24:368][958]LogModuleManager: Shutting down and abandoning module SessionServices (205)
[2016.10.30-20.19.24:368][958]LogModuleManager: Shutting down and abandoning module ViewportSnapping (204)
[2016.10.30-20.19.24:368][958]LogModuleManager: Shutting down and abandoning module ViewportInteraction (203)
[2016.10.30-20.19.24:368][958]LogModuleManager: Shutting down and abandoning module LogVisualizer (202)
[2016.10.30-20.19.24:368][958]LogModuleManager: Shutting down and abandoning module GameProjectGeneration (201)
[2016.10.30-20.19.24:368][958]LogModuleManager: Shutting down and abandoning module IntroTutorials (200)
[2016.10.30-20.19.24:368][958]LogModuleManager: Shutting down and abandoning module EditorLiveStreaming (199)
[2016.10.30-20.19.24:368][958]LogModuleManager: Shutting down and abandoning module IOSPlatformEditor (198)
[2016.10.30-20.19.24:368][958]LogModuleManager: Shutting down and abandoning module HTML5PlatformEditor (197)
[2016.10.30-20.19.24:368][958]LogModuleManager: Shutting down and abandoning module AndroidDeviceDetection (196)
[2016.10.30-20.19.24:863][958]LogModuleManager: Shutting down and abandoning module AndroidPlatformEditor (195)
[2016.10.30-20.19.24:863][958]LogModuleManager: Shutting down and abandoning module IOSRuntimeSettings (194)
[2016.10.30-20.19.24:863][958]LogModuleManager: Shutting down and abandoning module AndroidRuntimeSettings (193)
[2016.10.30-20.19.24:863][958]LogModuleManager: Shutting down and abandoning module NiagaraEditor (192)
[2016.10.30-20.19.24:863][958]LogModuleManager: Shutting down and abandoning module MergeActors (191)
[2016.10.30-20.19.24:863][958]LogModuleManager: Shutting down and abandoning module SizeMap (190)
[2016.10.30-20.19.24:863][958]LogModuleManager: Shutting down and abandoning module TreeMap (189)
[2016.10.30-20.19.24:863][958]LogModuleManager: Shutting down and abandoning module ReferenceViewer (188)
[2016.10.30-20.19.24:863][958]LogModuleManager: Shutting down and abandoning module LocalizationService (187)
[2016.10.30-20.19.24:863][958]LogModuleManager: Shutting down and abandoning module LocalizationDashboard (186)
[2016.10.30-20.19.24:863][958]LogModuleManager: Shutting down and abandoning module HardwareTargeting (185)
[2016.10.30-20.19.24:863][958]LogModuleManager: Shutting down and abandoning module DeviceProfileEditor (184)
[2016.10.30-20.19.24:863][958]LogModuleManager: Shutting down and abandoning module UndoHistory (183)
[2016.10.30-20.19.24:863][958]LogModuleManager: Shutting down and abandoning module UserFeedback (182)
[2016.10.30-20.19.24:863][958]LogModuleManager: Shutting down and abandoning module XmlParser (181)
[2016.10.30-20.19.24:863][958]LogModuleManager: Shutting down and abandoning module Blutility (180)
[2016.10.30-20.19.24:863][958]LogModuleManager: Shutting down and abandoning module ProjectTargetPlatformEditor (179)
[2016.10.30-20.19.24:863][958]LogModuleManager: Shutting down and abandoning module ProjectSettingsViewer (178)
[2016.10.30-20.19.24:864][958]LogModuleManager: Shutting down and abandoning module InputBindingEditor (177)
[2016.10.30-20.19.24:864][958]LogModuleManager: Shutting down and abandoning module EditorSettingsViewer (176)
[2016.10.30-20.19.24:864][958]LogModuleManager: Shutting down and abandoning module SettingsEditor (175)
[2016.10.30-20.19.24:864][958]LogModuleManager: Shutting down and abandoning module ProjectLauncher (174)
[2016.10.30-20.19.24:864][958]LogModuleManager: Shutting down and abandoning module SessionFrontend (173)
[2016.10.30-20.19.24:864][958]LogModuleManager: Shutting down and abandoning module ProfilerClient (172)
[2016.10.30-20.19.24:864][958]LogModuleManager: Shutting down and abandoning module TargetDeviceServices (171)
[2016.10.30-20.19.24:864][958]LogModuleManager: Shutting down and abandoning module DeviceManager (170)
[2016.10.30-20.19.24:907][958]LogModuleManager: Shutting down and abandoning module AutomationController (169)
[2016.10.30-20.19.24:907][958]LogModuleManager: Shutting down and abandoning module AutomationWindow (168)
[2016.10.30-20.19.24:907][958]LogModuleManager: Shutting down and abandoning module Layers (167)
[2016.10.30-20.19.24:907][958]LogModuleManager: Shutting down and abandoning module ComponentVisualizers (166)
[2016.10.30-20.19.24:907][958]LogModuleManager: Shutting down and abandoning module DetailCustomizations (165)
[2016.10.30-20.19.24:907][958]LogModuleManager: Shutting down and abandoning module PackagesDialog (164)
[2016.10.30-20.19.24:907][958]LogModuleManager: Shutting down and abandoning module AnimGraph (163)
[2016.10.30-20.19.24:907][958]LogModuleManager: Shutting down and abandoning module Persona (162)
[2016.10.30-20.19.24:907][958]LogModuleManager: Shutting down and abandoning module Kismet (161)
[2016.10.30-20.19.24:907][958]LogModuleManager: Shutting down and abandoning module GraphEditor (160)
[2016.10.30-20.19.24:907][958]LogModuleManager: Shutting down and abandoning module ClassViewer (159)
[2016.10.30-20.19.24:907][958]LogModuleManager: Shutting down and abandoning module Toolbox (158)
[2016.10.30-20.19.24:907][958]LogModuleManager: Shutting down and abandoning module ModuleUI (157)
[2016.10.30-20.19.24:907][958]LogModuleManager: Shutting down and abandoning module MovieSceneTools (156)
[2016.10.30-20.19.24:907][958]LogModuleManager: Shutting down and abandoning module OutputLog (155)
[2016.10.30-20.19.24:907][958]LogModuleManager: Shutting down and abandoning module GammaUI (154)
[2016.10.30-20.19.24:907][958]LogModuleManager: Shutting down and abandoning module Documentation (153)
[2016.10.30-20.19.24:907][958]LogModuleManager: Shutting down and abandoning module Niagara (152)
[2016.10.30-20.19.24:907][958]LogModuleManager: Shutting down and abandoning module StreamingPauseRendering (151)
[2016.10.30-20.19.24:907][958]LogModuleManager: Shutting down and abandoning module AnalyticsET (150)
[2016.10.30-20.19.24:907][958]LogModuleManager: Shutting down and abandoning module PortalServices (149)
[2016.10.30-20.19.24:907][958]LogModuleManager: Shutting down and abandoning module PortalRpc (148)
[2016.10.30-20.19.24:907][958]LogModuleManager: Shutting down and abandoning module MessagingRpc (147)
[2016.10.30-20.19.24:907][958]LogModuleManager: Shutting down and abandoning module GameplayDebugger (146)
[2016.10.30-20.19.24:907][958]LogModuleManager: Shutting down and abandoning module AITestSuite (145)
[2016.10.30-20.19.24:908][958]LogModuleManager: Shutting down and abandoning module AIModule (144)
[2016.10.30-20.19.24:908][958]LogModuleManager: Shutting down and abandoning module ProfilerService (143)
[2016.10.30-20.19.24:958][958]LogModuleManager: Shutting down and abandoning module TaskGraph (142)
[2016.10.30-20.19.24:958][958]LogModuleManager: Shutting down and abandoning module SubstanceEditor (141)
[2016.10.30-20.19.24:958][958]LogModuleManager: Shutting down and abandoning module SlateRemote (140)
[2016.10.30-20.19.24:958][958]LogModuleManager: Shutting down and abandoning module SteamVRController (139)
[2016.10.30-20.19.24:958][958]LogModuleManager: Shutting down and abandoning module SteamVR (138)
[2016.10.30-20.19.24:958][958]LogModuleManager: Shutting down and abandoning module ProceduralMeshComponentEditor (137)
[2016.10.30-20.19.24:958][958]LogModuleManager: Shutting down and abandoning module ProceduralMeshComponent (136)
[2016.10.30-20.19.24:958][958]LogModuleManager: Shutting down and abandoning module OculusLibrary (135)
[2016.10.30-20.19.24:958][958]LogModuleManager: Shutting down and abandoning module OculusInput (134)
[2016.10.30-20.19.24:958][958]LogModuleManager: Shutting down and abandoning module CustomMeshComponent (133)
[2016.10.30-20.19.24:958][958]LogModuleManager: Shutting down and abandoning module CableComponent (132)
[2016.10.30-20.19.24:958][958]LogModuleManager: Shutting down and abandoning module ArchVisCharacter (131)
[2016.10.30-20.19.24:958][958]LogModuleManager: Shutting down and abandoning module MediaPlayerEditor (130)
[2016.10.30-20.19.24:958][958]LogModuleManager: Shutting down and abandoning module HTML5Networking (129)
[2016.10.30-20.19.24:958][958]LogModuleManager: Shutting down and abandoning module GeometryCacheEd (128)
[2016.10.30-20.19.24:958][958]LogModuleManager: Shutting down and abandoning module GeometryCache (127)
[2016.10.30-20.19.24:958][958]LogModuleManager: Shutting down and abandoning module AlembicLibrary (126)
[2016.10.30-20.19.24:958][958]LogModuleManager: Shutting down and abandoning module AlembicImporter (125)
[2016.10.30-20.19.24:958][958]LogModuleManager: Shutting down and abandoning module SuperSearch (124)
[2016.10.30-20.19.24:958][958]LogModuleManager: Shutting down and abandoning module SuperSearchEditor (123)
[2016.10.30-20.19.24:958][958]LogModuleManager: Shutting down and abandoning module SpeedTreeImporter (122)
[2016.10.30-20.19.24:958][958]LogModuleManager: Shutting down and abandoning module PluginBrowser (121)
[2016.10.30-20.19.24:958][958]LogModuleManager: Shutting down and abandoning module MobileLauncherProfileWizard (120)
[2016.10.30-20.19.24:958][958]LogModuleManager: Shutting down and abandoning module EpicSurvey (119)
[2016.10.30-20.19.24:958][958]LogModuleManager: Shutting down and abandoning module DesktopPlatform (118)
[2016.10.30-20.19.24:958][958]LogModuleManager: Shutting down and abandoning module VisualStudioSourceCodeAccess (117)
[2016.10.30-20.19.24:958][958]LogModuleManager: Shutting down and abandoning module UObjectPlugin (116)
[2016.10.30-20.19.24:958][958]LogModuleManager: Shutting down and abandoning module SubversionSourceControl (115)
[2016.10.30-20.19.24:958][958]LogModuleManager: Shutting down and abandoning module PerforceSourceControl (114)
[2016.10.30-20.19.24:958][958]LogModuleManager: Shutting down and abandoning module SourceControl (113)
[2016.10.30-20.19.24:958][958]LogModuleManager: Shutting down and abandoning module GitSourceControl (112)
[2016.10.30-20.19.24:958][958]LogModuleManager: Shutting down and abandoning module LightPropagationVolumeEditor (111)
[2016.10.30-20.19.24:958][958]LogModuleManager: Shutting down and abandoning module PaperTiledImporter (110)
[2016.10.30-20.19.24:958][958]LogModuleManager: Shutting down and abandoning module PaperSpriteSheetImporter (109)
[2016.10.30-20.19.24:958][958]LogModuleManager: Shutting down and abandoning module MeshPaint (108)
[2016.10.30-20.19.24:958][958]LogModuleManager: Shutting down and abandoning module FbxAutomationBuilderModule (107)
[2016.10.30-20.19.24:958][958]LogModuleManager: Shutting down and abandoning module PixelInspectorModule (106)
[2016.10.30-20.19.24:958][958]LogModuleManager: Shutting down and abandoning module HotReload (105)
[2016.10.30-20.19.24:959][958]LogModuleManager: Shutting down and abandoning module MainFrame (104)
[2016.10.30-20.19.24:959][958]LogModuleManager: Shutting down and abandoning module LevelEditor (103)
[2016.10.30-20.19.24:959][958]LogModuleManager: Shutting down and abandoning module ContentBrowser (102)
[2016.10.30-20.19.24:960][958]LogModuleManager: Shutting down and abandoning module Paper2DEditor (101)
[2016.10.30-20.19.24:960][958]LogModuleManager: Shutting down and abandoning module UdpMessaging (100)
[2016.10.30-20.19.25:061][958]LogModuleManager: Shutting down and abandoning module TcpMessaging (99)
[2016.10.30-20.19.25:161][958]LogModuleManager: Shutting down and abandoning module SubstanceCore (98)
[2016.10.30-20.19.25:161][958]LogModuleManager: Shutting down and abandoning module LightPropagationVolumeRuntime (97)
[2016.10.30-20.19.25:161][958]LogModuleManager: Shutting down and abandoning module Paper2D (96)
[2016.10.30-20.19.25:161][958]LogModuleManager: Shutting down and abandoning module WindowsMoviePlayer (95)
[2016.10.30-20.19.25:161][958]LogModuleManager: Shutting down and abandoning module WmfMedia (94)
[2016.10.30-20.19.25:161][958]LogModuleManager: Shutting down and abandoning module MediaAssets (93)
[2016.10.30-20.19.25:161][958]LogModuleManager: Shutting down and abandoning module GameLiveStreaming (92)
[2016.10.30-20.19.25:162][958]LogModuleManager: Shutting down and abandoning module GameplayTagsEditor (91)
[2016.10.30-20.19.25:162][958]LogModuleManager: Shutting down and abandoning module VREditor (90)
[2016.10.30-20.19.25:162][958]LogModuleManager: Shutting down and abandoning module GameplayTasksEditor (89)
[2016.10.30-20.19.25:162][958]LogModuleManager: Shutting down and abandoning module PropertyEditor (88)
[2016.10.30-20.19.25:162][958]LogModuleManager: Shutting down and abandoning module BehaviorTreeEditor (87)
[2016.10.30-20.19.25:162][958]LogModuleManager: Shutting down and abandoning module FunctionalTesting (86)
[2016.10.30-20.19.25:162][958]LogModuleManager: Shutting down and abandoning module CollisionAnalyzer (85)
[2016.10.30-20.19.25:162][958]LogModuleManager: Shutting down and abandoning module Sequencer (84)
[2016.10.30-20.19.25:162][958]LogModuleManager: Shutting down and abandoning module WorkspaceMenuStructure (83)
[2016.10.30-20.19.25:162][958]LogModuleManager: Shutting down and abandoning module MessageLog (82)
[2016.10.30-20.19.25:162][958]LogModuleManager: Shutting down and abandoning module AssetTools (81)
[2016.10.30-20.19.25:162][958]LogModuleManager: Shutting down and abandoning module UMGEditor (80)
[2016.10.30-20.19.25:162][958]LogModuleManager: Shutting down and abandoning module UMG (79)
[2016.10.30-20.19.25:162][958]LogModuleManager: Shutting down and abandoning module SlateReflector (78)
[2016.10.30-20.19.25:162][958]LogModuleManager: Shutting down and abandoning module Slate (77)
[2016.10.30-20.19.25:162][958]LogModuleManager: Shutting down and abandoning module EditorStyle (76)
[2016.10.30-20.19.25:163][958]LogModuleManager: Shutting down and abandoning module SourceCodeAccess (75)
[2016.10.30-20.19.25:163][958]LogModuleManager: Shutting down and abandoning module HeadMountedDisplay (74)
[2016.10.30-20.19.25:163][958]LogModuleManager: Shutting down and abandoning module XAudio2 (73)
[2016.10.30-20.19.25:164][958]LogModuleManager: Shutting down and abandoning module Networking (72)
[2016.10.30-20.19.25:164][958]LogModuleManager: Shutting down and abandoning module Core (71)
[2016.10.30-20.19.25:164][958]LogModuleManager: Shutting down and abandoning module DirectoryWatcher (70)
[2016.10.30-20.19.25:164][958]LogDirectoryWatcher: A directory notification for '../../../Engine/Content/' was aborted.
[2016.10.30-20.19.25:164][958]LogDirectoryWatcher: A directory notification for '../../../../Unreal Projects/MultiplayerV2/Content/' was aborted.
[2016.10.30-20.19.25:164][958]LogDirectoryWatcher: A directory notification for '../../../Engine/Plugins/2D/Paper2D/Content/' was aborted.
[2016.10.30-20.19.25:164][958]LogModuleManager: Shutting down and abandoning module AssetRegistry (69)
[2016.10.30-20.19.25:360][958]LogModuleManager: Shutting down and abandoning module KismetCompiler (68)
[2016.10.30-20.19.25:360][958]LogModuleManager: Shutting down and abandoning module PhysXFormats (67)
[2016.10.30-20.19.25:360][958]LogModuleManager: Shutting down and abandoning module MeshUtilities (66)
[2016.10.30-20.19.25:360][958]LogModuleManager: Shutting down and abandoning module DerivedDataCache (65)
[2016.10.30-20.19.25:401][958]LogDerivedDataCache: Shutdown
[2016.10.30-20.19.25:401][958]LogModuleManager: Shutting down and abandoning module VulkanShaderFormat (64)
[2016.10.30-20.19.25:401][958]LogModuleManager: Shutting down and abandoning module ShaderFormatOpenGL (63)
[2016.10.30-20.19.25:401][958]LogModuleManager: Shutting down and abandoning module ShaderFormatD3D (62)
[2016.10.30-20.19.25:401][958]LogModuleManager: Shutting down and abandoning module MetalShaderFormat (61)
[2016.10.30-20.19.25:401][958]LogModuleManager: Shutting down and abandoning module TextureFormatUncompressed (60)
[2016.10.30-20.19.25:401][958]LogModuleManager: Shutting down and abandoning module TextureFormatPVR (59)
[2016.10.30-20.19.25:401][958]LogModuleManager: Shutting down and abandoning module TextureFormatDXT (58)
[2016.10.30-20.19.25:401][958]LogModuleManager: Shutting down and abandoning module TextureFormatIntelISPCTexComp (57)
[2016.10.30-20.19.25:401][958]LogModuleManager: Shutting down and abandoning module ImageWrapper (56)
[2016.10.30-20.19.25:401][958]LogModuleManager: Shutting down and abandoning module TextureFormatASTC (55)
[2016.10.30-20.19.25:401][958]LogModuleManager: Shutting down and abandoning module TextureFormatAndroid (54)
[2016.10.30-20.19.25:401][958]LogModuleManager: Shutting down and abandoning module AudioFormatOpus (53)
[2016.10.30-20.19.25:401][958]LogModuleManager: Shutting down and abandoning module AudioFormatOgg (52)
[2016.10.30-20.19.25:401][958]LogModuleManager: Shutting down and abandoning module AudioFormatADPCM (51)
[2016.10.30-20.19.25:401][958]LogModuleManager: Shutting down and abandoning module LinuxTargetPlatform (50)
[2016.10.30-20.19.25:401][958]LogModuleManager: Shutting down and abandoning module LinuxServerTargetPlatform (49)
[2016.10.30-20.19.25:401][958]LogModuleManager: Shutting down and abandoning module LinuxNoEditorTargetPlatform (48)
[2016.10.30-20.19.25:401][958]LogModuleManager: Shutting down and abandoning module LinuxClientTargetPlatform (47)
[2016.10.30-20.19.25:401][958]LogModuleManager: Shutting down and abandoning module TVOSTargetPlatform (46)
[2016.10.30-20.19.25:401][958]LogModuleManager: Shutting down and abandoning module Messaging (45)
[2016.10.30-20.19.25:401][958]LogModuleManager: Shutting down and abandoning module IOSTargetPlatform (44)
[2016.10.30-20.19.25:401][958]LogModuleManager: Shutting down and abandoning module HTML5TargetPlatform (43)
[2016.10.30-20.19.25:401][958]LogModuleManager: Shutting down and abandoning module Android_PVRTCTargetPlatform (42)
[2016.10.30-20.19.25:401][958]LogModuleManager: Shutting down and abandoning module Android_MultiTargetPlatform (41)
[2016.10.30-20.19.25:401][958]LogModuleManager: Shutting down and abandoning module Android_ETC2TargetPlatform (40)
[2016.10.30-20.19.25:401][958]LogModuleManager: Shutting down and abandoning module Android_ETC1TargetPlatform (39)
[2016.10.30-20.19.25:401][958]LogModuleManager: Shutting down and abandoning module Android_DXTTargetPlatform (38)
[2016.10.30-20.19.25:401][958]LogModuleManager: Shutting down and abandoning module Android_ATCTargetPlatform (37)
[2016.10.30-20.19.25:401][958]LogModuleManager: Shutting down and abandoning module Android_ASTCTargetPlatform (36)
[2016.10.30-20.19.25:401][958]LogModuleManager: Shutting down and abandoning module AndroidTargetPlatform (35)
[2016.10.30-20.19.25:401][958]LogModuleManager: Shutting down and abandoning module WindowsTargetPlatform (34)
[2016.10.30-20.19.25:401][958]LogModuleManager: Shutting down and abandoning module WindowsServerTargetPlatform (33)
[2016.10.30-20.19.25:401][958]LogModuleManager: Shutting down and abandoning module WindowsNoEditorTargetPlatform (32)
[2016.10.30-20.19.25:401][958]LogModuleManager: Shutting down and abandoning module WindowsClientTargetPlatform (31)
[2016.10.30-20.19.25:401][958]LogModuleManager: Shutting down and abandoning module AllDesktopTargetPlatform (30)
[2016.10.30-20.19.25:401][958]LogModuleManager: Shutting down and abandoning module TargetPlatform (29)
[2016.10.30-20.19.25:401][958]LogModuleManager: Shutting down and abandoning module InputCore (28)
[2016.10.30-20.19.25:401][958]LogModuleManager: Shutting down and abandoning module Settings (27)
[2016.10.30-20.19.25:401][958]LogModuleManager: Shutting down and abandoning module OculusRift (26)
[2016.10.30-20.19.25:401][958]LogModuleManager: Shutting down and abandoning module GearVR (25)
[2016.10.30-20.19.25:401][958]LogModuleManager: Shutting down and abandoning module ExampleDeviceProfileSelector (24)
[2016.10.30-20.19.25:401][958]LogModuleManager: Shutting down and abandoning module OnlineBlueprintSupport (23)
[2016.10.30-20.19.25:401][958]LogModuleManager: Shutting down and abandoning module Voice (21)
[2016.10.30-20.19.25:401][958]LogModuleManager: Shutting down and abandoning module OnlineSubsystem (17)
[2016.10.30-20.19.25:401][958]LogOnline:Display: NULL: FOnlineSubsystemNull::Shutdown()
[2016.10.30-20.19.25:424][958]LogOnline:Display: Unloading online subsystem: NULL
[2016.10.30-20.19.25:424][958]LogModuleManager: Shutting down and abandoning module HTTP (16)
[2016.10.30-20.19.25:424][958]LogHttp:Display: Http module shutting down, but needs to wait on 1 outstanding Http requests:
[2016.10.30-20.19.25:424][958]LogHttp:Display: 	verb=[POST] url=[https://datarouter.ol.epicgames.com/datarouter/api/v1/public/data?SessionID=%7BB9D2726B-4E69-C434-7889-DFA488E3A33B%7D&AppID=UEEditor.Rocket.Release&AppVersion=4.13.1-3142249%2B%2B%2BUE4%2BRelease-4.13&UserID=4b9972bd4ce3693f1c40f48e45651904%7Cd95bbae5a2c34cf6b3073801ef7200b6%7Ca979dc9b-9d08-4556-ac9a-aeddded5a6c4&AppEnvironment=datacollector-binary&UploadType=eteventstream] status=Processing
[2016.10.30-20.19.25:457][958]LogModuleManager: Shutting down and abandoning module XMPP (15)
[2016.10.30-20.19.25:457][958]LogModuleManager: Shutting down and abandoning module TextureCompressor (14)
[2016.10.30-20.19.25:457][958]LogModuleManager: Shutting down and abandoning module ShaderCore (13)
[2016.10.30-20.19.25:457][958]LogModuleManager: Shutting down and abandoning module Landscape (12)
[2016.10.30-20.19.25:457][958]LogModuleManager: Shutting down and abandoning module SlateRHIRenderer (11)
[2016.10.30-20.19.25:457][958]LogModuleManager: Shutting down and abandoning module OpenGLDrv (10)
[2016.10.30-20.19.25:457][958]LogModuleManager: Shutting down and abandoning module D3D11RHI (9)
[2016.10.30-20.19.25:457][958]LogModuleManager: Shutting down and abandoning module AnimGraphRuntime (8)
[2016.10.30-20.19.25:457][958]LogModuleManager: Shutting down and abandoning module Renderer (7)
[2016.10.30-20.19.25:457][958]LogModuleManager: Shutting down and abandoning module Engine (6)
[2016.10.30-20.19.25:457][958]LogModuleManager: Shutting down and abandoning module CoreUObject (5)
[2016.10.30-20.19.25:457][958]LogModuleManager: Shutting down and abandoning module NetworkFile (4)
[2016.10.30-20.19.25:457][958]LogModuleManager: Shutting down and abandoning module StreamingFile (3)
[2016.10.30-20.19.25:458][958]LogModuleManager: Shutting down and abandoning module SandboxFile (2)
[2016.10.30-20.19.25:458][958]LogModuleManager: Shutting down and abandoning module PakFile (1)
[2016.10.30-20.19.25:459][958]LogExit: Exiting.
[2016.10.30-20.19.25:460][958]Log file closed, 10/30/16 20:19:25
