Log file open, 03/10/17 17:51:47
LogInit:Display: Running engine for game: MultiplayerV2
LogPlatformFile: Not using cached read wrapper
LogInit:Display: RandInit(-1446025481) SRandInit(-1446025481).
LogTaskGraph: Started task graph with 5 named threads and 8 total threads with 1 sets of task threads.
LogStats: Stats thread started at 0.073807
LogPluginManager: Loaded Plugin Paper2D, From D:/Epic Games/4.13/Engine/Plugins/2D/Paper2D/Paper2D.uplugin
LogPluginManager: Loaded Plugin LightPropagationVolume, From D:/Epic Games/4.13/Engine/Plugins/Blendables/LightPropagationVolume/LightPropagationVolume.uplugin
LogPluginManager: Loaded Plugin BlankPlugin, From D:/Epic Games/4.13/Engine/Plugins/Developer/BlankPlugin/BlankPlugin.uplugin
LogPluginManager: Loaded Plugin CodeLiteSourceCodeAccess, From D:/Epic Games/4.13/Engine/Plugins/Developer/CodeLiteSourceCodeAccess/CodeLiteSourceCodeAccess.uplugin
LogPluginManager: Loaded Plugin GitSourceControl, From D:/Epic Games/4.13/Engine/Plugins/Developer/GitSourceControl/GitSourceControl.uplugin
LogPluginManager: Loaded Plugin KDevelopSourceCodeAccess, From D:/Epic Games/4.13/Engine/Plugins/Developer/KDevelopSourceCodeAccess/KDevelopSourceCodeAccess.uplugin
LogPluginManager: Loaded Plugin NullSourceCodeAccess, From D:/Epic Games/4.13/Engine/Plugins/Developer/NullSourceCodeAccess/NullSourceCodeAccess.uplugin
LogPluginManager: Loaded Plugin OneSkyLocalizationService, From D:/Epic Games/4.13/Engine/Plugins/Developer/OneSkyLocalizationService/OneSkyLocalizationService.uplugin
LogPluginManager: Loaded Plugin PerforceSourceControl, From D:/Epic Games/4.13/Engine/Plugins/Developer/PerforceSourceControl/PerforceSourceControl.uplugin
LogPluginManager: Loaded Plugin SubversionSourceControl, From D:/Epic Games/4.13/Engine/Plugins/Developer/SubversionSourceControl/SubversionSourceControl.uplugin
LogPluginManager: Loaded Plugin UObjectPlugin, From D:/Epic Games/4.13/Engine/Plugins/Developer/UObjectPlugin/UObjectPlugin.uplugin
LogPluginManager: Loaded Plugin VisualStudioSourceCodeAccess, From D:/Epic Games/4.13/Engine/Plugins/Developer/VisualStudioSourceCodeAccess/VisualStudioSourceCodeAccess.uplugin
LogPluginManager: Loaded Plugin XCodeSourceCodeAccess, From D:/Epic Games/4.13/Engine/Plugins/Developer/XCodeSourceCodeAccess/XCodeSourceCodeAccess.uplugin
LogPluginManager: Loaded Plugin EpicSurvey, From D:/Epic Games/4.13/Engine/Plugins/Editor/EpicSurvey/EpicSurvey.uplugin
LogPluginManager: Loaded Plugin MacGraphicsSwitching, From D:/Epic Games/4.13/Engine/Plugins/Editor/MacGraphicsSwitching/MacGraphicsSwitching.uplugin
LogPluginManager: Loaded Plugin MobileLauncherProfileWizard, From D:/Epic Games/4.13/Engine/Plugins/Editor/MobileLauncherProfileWizard/MobileLauncherProfileWizard.uplugin
LogPluginManager: Loaded Plugin PluginBrowser, From D:/Epic Games/4.13/Engine/Plugins/Editor/PluginBrowser/PluginBrowser.uplugin
LogPluginManager: Loaded Plugin SpeedTreeImporter, From D:/Epic Games/4.13/Engine/Plugins/Editor/SpeedTreeImporter/SpeedTreeImporter.uplugin
LogPluginManager: Loaded Plugin SuperSearchEditor, From D:/Epic Games/4.13/Engine/Plugins/Editor/SuperSearchEditor/SuperSearchEditor.uplugin
LogPluginManager: Loaded Plugin AlembicImporter, From D:/Epic Games/4.13/Engine/Plugins/Experimental/AlembicImporter/AlembicImporter.uplugin
LogPluginManager: Loaded Plugin BlueprintStats, From D:/Epic Games/4.13/Engine/Plugins/Experimental/BlueprintStats/BlueprintStats.uplugin
LogPluginManager: Loaded Plugin CharacterAI, From D:/Epic Games/4.13/Engine/Plugins/Experimental/CharacterAI/CharacterAI.uplugin
LogPluginManager: Loaded Plugin CodeEditor, From D:/Epic Games/4.13/Engine/Plugins/Experimental/CodeEditor/CodeEditor.uplugin
LogPluginManager: Loaded Plugin CodeView, From D:/Epic Games/4.13/Engine/Plugins/Experimental/CodeView/CodeView.uplugin
LogPluginManager: Loaded Plugin HTML5Networking, From D:/Epic Games/4.13/Engine/Plugins/Experimental/HTML5Networking/HTML5Networking.uplugin
LogPluginManager: Loaded Plugin LiveEditor, From D:/Epic Games/4.13/Engine/Plugins/Experimental/LiveEditor/LiveEditor.uplugin
LogPluginManager: Loaded Plugin OSVR, From D:/Epic Games/4.13/Engine/Plugins/Experimental/OSVR/OSVR.uplugin
LogPluginManager: Loaded Plugin Phya, From D:/Epic Games/4.13/Engine/Plugins/Experimental/Phya/Phya.uplugin
LogPluginManager: Loaded Plugin SignificanceManager, From D:/Epic Games/4.13/Engine/Plugins/Experimental/SignificanceManager/SignificanceManager.uplugin
LogPluginManager: Loaded Plugin SimpleHMD, From D:/Epic Games/4.13/Engine/Plugins/Experimental/SimpleHMD/SimpleHMD.uplugin
LogPluginManager: Loaded Plugin StereoPanorama, From D:/Epic Games/4.13/Engine/Plugins/Experimental/StereoPanorama/StereoPanorama.uplugin
LogPluginManager: Loaded Plugin StructBox, From D:/Epic Games/4.13/Engine/Plugins/Experimental/StructBox/StructBox.uplugin
LogPluginManager: Loaded Plugin Substance, From D:/Epic Games/4.13/Engine/Plugins/Marketplace/Substance/Substance.uplugin
LogPluginManager: Loaded Plugin AndroidMedia, From D:/Epic Games/4.13/Engine/Plugins/Media/AndroidMedia/AndroidMedia.uplugin
LogPluginManager: Loaded Plugin AvfMedia, From D:/Epic Games/4.13/Engine/Plugins/Media/AvfMedia/AvfMedia.uplugin
LogPluginManager: Loaded Plugin MediaPlayerEditor, From D:/Epic Games/4.13/Engine/Plugins/Media/MediaPlayerEditor/MediaPlayerEditor.uplugin
LogPluginManager: Loaded Plugin WmfMedia, From D:/Epic Games/4.13/Engine/Plugins/Media/WmfMedia/WmfMedia.uplugin
LogPluginManager: Loaded Plugin MessagingDebugger, From D:/Epic Games/4.13/Engine/Plugins/Messaging/MessagingDebugger/MessagingDebugger.uplugin
LogPluginManager: Loaded Plugin TcpMessaging, From D:/Epic Games/4.13/Engine/Plugins/Messaging/TcpMessaging/TcpMessaging.uplugin
LogPluginManager: Loaded Plugin UdpMessaging, From D:/Epic Games/4.13/Engine/Plugins/Messaging/UdpMessaging/UdpMessaging.uplugin
LogPluginManager: Loaded Plugin LevelSequenceEditor, From D:/Epic Games/4.13/Engine/Plugins/MovieScene/LevelSequenceEditor/LevelSequenceEditor.uplugin
LogPluginManager: Loaded Plugin MatineeToLevelSequence, From D:/Epic Games/4.13/Engine/Plugins/MovieScene/MatineeToLevelSequence/MatineeToLevelSequence.uplugin
LogPluginManager: Loaded Plugin NetcodeUnitTest, From D:/Epic Games/4.13/Engine/Plugins/NetcodeUnitTest/NetcodeUnitTest/NetcodeUnitTest.uplugin
LogPluginManager: Loaded Plugin NUTUnrealEngine4, From D:/Epic Games/4.13/Engine/Plugins/NetcodeUnitTest/NUTUnrealEngine4/NUTUnrealEngine4.uplugin
LogPluginManager: Loaded Plugin OnlineSubsystemGooglePlay, From D:/Epic Games/4.13/Engine/Plugins/Online/Android/OnlineSubsystemGooglePlay/OnlineSubsystemGooglePlay.uplugin
LogPluginManager: Loaded Plugin OnlineSubsystemIOS, From D:/Epic Games/4.13/Engine/Plugins/Online/IOS/OnlineSubsystemIOS/OnlineSubsystemIOS.uplugin
LogPluginManager: Loaded Plugin OnlineFramework, From D:/Epic Games/4.13/Engine/Plugins/Online/OnlineFramework/OnlineFramework.uplugin
LogPluginManager: Loaded Plugin OnlineSubsystem, From D:/Epic Games/4.13/Engine/Plugins/Online/OnlineSubsystem/OnlineSubsystem.uplugin
LogPluginManager: Loaded Plugin OnlineSubsystemAmazon, From D:/Epic Games/4.13/Engine/Plugins/Online/OnlineSubsystemAmazon/OnlineSubsystemAmazon.uplugin
LogPluginManager: Loaded Plugin OnlineSubsystemFacebook, From D:/Epic Games/4.13/Engine/Plugins/Online/OnlineSubsystemFacebook/OnlineSubsystemFacebook.uplugin
LogPluginManager: Loaded Plugin OnlineSubsystemNull, From D:/Epic Games/4.13/Engine/Plugins/Online/OnlineSubsystemNull/OnlineSubsystemNull.uplugin
LogPluginManager: Loaded Plugin OnlineSubsystemOculus, From D:/Epic Games/4.13/Engine/Plugins/Online/OnlineSubsystemOculus/OnlineSubsystemOculus.uplugin
LogPluginManager: Loaded Plugin OnlineSubsystemSteam, From D:/Epic Games/4.13/Engine/Plugins/Online/OnlineSubsystemSteam/OnlineSubsystemSteam.uplugin
LogPluginManager: Loaded Plugin OnlineSubsystemUtils, From D:/Epic Games/4.13/Engine/Plugins/Online/OnlineSubsystemUtils/OnlineSubsystemUtils.uplugin
LogPluginManager: Loaded Plugin IOSTapJoy, From D:/Epic Games/4.13/Engine/Plugins/Runtime/Advertising/IOSTapJoy/IOSTapJoy.uplugin
LogPluginManager: Loaded Plugin AnalyticsBlueprintLibrary, From D:/Epic Games/4.13/Engine/Plugins/Runtime/Analytics/AnalyticsBlueprintLibrary/AnalyticsBlueprintLibrary.uplugin
LogPluginManager: Loaded Plugin AnalyticsMulticast, From D:/Epic Games/4.13/Engine/Plugins/Runtime/Analytics/AnalyticsMulticast/AnalyticsMulticast.uplugin
LogPluginManager: Loaded Plugin Apsalar, From D:/Epic Games/4.13/Engine/Plugins/Runtime/Analytics/Apsalar/Apsalar.uplugin
LogPluginManager: Loaded Plugin FileLogging, From D:/Epic Games/4.13/Engine/Plugins/Runtime/Analytics/FileLogging/FileLogging.uplugin
LogPluginManager: Loaded Plugin Flurry, From D:/Epic Games/4.13/Engine/Plugins/Runtime/Analytics/Flurry/Flurry.uplugin
LogPluginManager: Loaded Plugin AndroidDeviceProfileSelector, From D:/Epic Games/4.13/Engine/Plugins/Runtime/AndroidDeviceProfileSelector/AndroidDeviceProfileSelector.uplugin
LogPluginManager: Loaded Plugin AndroidMoviePlayer, From D:/Epic Games/4.13/Engine/Plugins/Runtime/AndroidMoviePlayer/AndroidMoviePlayer.uplugin
LogPluginManager: Loaded Plugin AppleMoviePlayer, From D:/Epic Games/4.13/Engine/Plugins/Runtime/AppleMoviePlayer/AppleMoviePlayer.uplugin
LogPluginManager: Loaded Plugin ArchVisCharacter, From D:/Epic Games/4.13/Engine/Plugins/Runtime/ArchVisCharacter/ArchVisCharacter.uplugin
LogPluginManager: Loaded Plugin CableComponent, From D:/Epic Games/4.13/Engine/Plugins/Runtime/CableComponent/CableComponent.uplugin
LogPluginManager: Loaded Plugin CustomMeshComponent, From D:/Epic Games/4.13/Engine/Plugins/Runtime/CustomMeshComponent/CustomMeshComponent.uplugin
LogPluginManager: Loaded Plugin ExampleDeviceProfileSelector, From D:/Epic Games/4.13/Engine/Plugins/Runtime/ExampleDeviceProfileSelector/ExampleDeviceProfileSelector.uplugin
LogPluginManager: Loaded Plugin GearVR, From D:/Epic Games/4.13/Engine/Plugins/Runtime/GearVR/GearVR.uplugin
LogPluginManager: Loaded Plugin GoogleVRController, From D:/Epic Games/4.13/Engine/Plugins/Runtime/GoogleVR/GoogleVRController/GoogleVRController.uplugin
LogPluginManager: Loaded Plugin GoogleVRHMD, From D:/Epic Games/4.13/Engine/Plugins/Runtime/GoogleVR/GoogleVRHMD/GoogleVRHMD.uplugin
LogPluginManager: Loaded Plugin IOSDeviceProfileSelector, From D:/Epic Games/4.13/Engine/Plugins/Runtime/IOSDeviceProfileSelector/IOSDeviceProfileSelector.uplugin
LogPluginManager: Loaded Plugin LeapMotion, From D:/Epic Games/4.13/Engine/Plugins/Runtime/LeapMotion/LeapMotion.uplugin
LogPluginManager: Loaded Plugin LinuxDeviceProfileSelector, From D:/Epic Games/4.13/Engine/Plugins/Runtime/LinuxDeviceProfileSelector/LinuxDeviceProfileSelector.uplugin
LogPluginManager: Loaded Plugin LiveEditorListenServer, From D:/Epic Games/4.13/Engine/Plugins/Runtime/LiveEditorListenServer/LiveEditorListenServer.uplugin
LogPluginManager: Loaded Plugin OculusAudio, From D:/Epic Games/4.13/Engine/Plugins/Runtime/OculusAudio/OculusAudio.uplugin
LogPluginManager: Loaded Plugin OculusInput, From D:/Epic Games/4.13/Engine/Plugins/Runtime/OculusInput/OculusInput.uplugin
LogPluginManager: Loaded Plugin OculusLibrary, From D:/Epic Games/4.13/Engine/Plugins/Runtime/OculusLibrary/OculusLibrary.uplugin
LogPluginManager: Loaded Plugin OculusRift, From D:/Epic Games/4.13/Engine/Plugins/Runtime/OculusRift/OculusRift.uplugin
LogPluginManager: Loaded Plugin Oodle, From D:/Epic Games/4.13/Engine/Plugins/Runtime/PacketHandlers/CompressionComponents/Oodle/Oodle.uplugin
LogPluginManager: Loaded Plugin ProceduralMeshComponent, From D:/Epic Games/4.13/Engine/Plugins/Runtime/ProceduralMeshComponent/ProceduralMeshComponent.uplugin
LogPluginManager: Loaded Plugin SoundMod, From D:/Epic Games/4.13/Engine/Plugins/Runtime/SoundMod/SoundMod.uplugin
LogPluginManager: Loaded Plugin SoundVisualizations, From D:/Epic Games/4.13/Engine/Plugins/Runtime/SoundVisualizations/SoundVisualizations.uplugin
LogPluginManager: Loaded Plugin SteamController, From D:/Epic Games/4.13/Engine/Plugins/Runtime/Steam/SteamController/SteamController.uplugin
LogPluginManager: Loaded Plugin SteamVR, From D:/Epic Games/4.13/Engine/Plugins/Runtime/Steam/SteamVR/SteamVR.uplugin
LogPluginManager: Loaded Plugin WebBrowserWidget, From D:/Epic Games/4.13/Engine/Plugins/Runtime/WebBrowserWidget/WebBrowserWidget.uplugin
LogPluginManager: Loaded Plugin WindowsDeviceProfileSelector, From D:/Epic Games/4.13/Engine/Plugins/Runtime/WindowsDeviceProfileSelector/WindowsDeviceProfileSelector.uplugin
LogPluginManager: Loaded Plugin WindowsMoviePlayer, From D:/Epic Games/4.13/Engine/Plugins/Runtime/WindowsMoviePlayer/WindowsMoviePlayer.uplugin
LogPluginManager: Loaded Plugin ScriptPlugin, From D:/Epic Games/4.13/Engine/Plugins/ScriptPlugin/ScriptPlugin.uplugin
LogPluginManager: Loaded Plugin SlateRemote, From D:/Epic Games/4.13/Engine/Plugins/Slate/SlateRemote/SlateRemote.uplugin
LogInit: Using libcurl 7.47.1
LogInit:  - built for x86_64-pc-win32
LogInit:  - supports SSL with WinSSL
LogInit:  - other features:
LogInit:      CURL_VERSION_SSL
LogInit:      CURL_VERSION_IPV6
LogInit:      CURL_VERSION_ASYNCHDNS
LogInit:      CURL_VERSION_LARGEFILE
LogInit:      CURL_VERSION_IDN
LogInit:  CurlRequestOptions (configurable via config and command line):
LogInit:  - bVerifyPeer = false  - Libcurl will NOT verify peer certificate
LogInit:  - bUseHttpProxy = false  - Libcurl will NOT use HTTP proxy
LogInit:  - bDontReuseConnections = false  - Libcurl will reuse connections
LogInit:  - CertBundlePath = nullptr  - Libcurl will use whatever was configured at build time.
LogModuleManager:Warning: No filename provided for module OnlineSubsystemSteam
LogModuleManager:Warning: ModuleManager: Unable to load module 'OnlineSubsystemSteam' because the file 'D:/Epic Games/4.13/Engine/Binaries/Win64/' was not found.
LogInit: WinSock: version 1.1 (2.2), MaxSocks=32767, MaxUdp=65467
LogVoice:Warning: Failed to initialize voice interface
LogInit: Build: ++UE4+Release-4.13-CL-3142249
LogInit: Engine Version: 4.13.1-3142249+++UE4+Release-4.13
LogInit: Compatible Engine Version: 4.13.0-3106830+++UE4+Release-4.13
LogInit: Net CL: 3142249
LogDevObjectVersion: Number of dev versions registered: 13
LogDevObjectVersion:   Dev-Blueprints (B0D832E4-1F89-4F0D-ACCF-7EB736FD4AA2): 5
LogDevObjectVersion:   Dev-Build (E1C64328-A22C-4D53-A36C-8E866417BD8C): 0
LogDevObjectVersion:   Dev-Core (375EC13C-06E4-48FB-B500-84F0262A717E): 1
LogDevObjectVersion:   Dev-Editor (E4B068ED-F494-42E9-A231-DA0B2E46BB41): 6
LogDevObjectVersion:   Dev-Framework (CFFC743F-43B0-4480-9391-14DF171D2073): 12
LogDevObjectVersion:   Dev-Mobile (B02B49B5-BB20-44E9-A304-32B752E40360): 0
LogDevObjectVersion:   Dev-Networking (A4E4105C-59A1-49B5-A7C5-40C4547EDFEE): 0
LogDevObjectVersion:   Dev-Online (39C831C9-5AE6-47DC-9A44-9C173E1C8E7C): 0
LogDevObjectVersion:   Dev-Physics (78F01B33-EBEA-4F98-B9B4-84EACCB95AA2): 0
LogDevObjectVersion:   Dev-Platform (6631380F-2D4D-43E0-8009-CF276956A95A): 0
LogDevObjectVersion:   Dev-Rendering (12F88B9F-8875-4AFC-A67C-D90C383ABD29): 4
LogDevObjectVersion:   Dev-Sequencer (7B5AE74C-D270-4C10-A958-57980B212A5A): 0
LogDevObjectVersion:   Dev-VR (D7296918-1DD6-4BDD-9DE2-64A83CC13884): 0
LogInit: Compiled (64-bit): Sep 28 2016 02:12:12
LogInit: Compiled with Visual C++: 19.00.23026.00
LogInit: Build Configuration: Development
LogInit: Branch Name: ++UE4+Release-4.13
LogInit: Command line:  /Temp/Autosaves/Game/ThirdPersonBP/Maps/UEDPCMainMenu -game -PIEVIACONSOLE -ResX=1280 -ResY=720  -Multiprocess -windowed -messaging -SessionName="Play in Standalone Game" 
LogInit: Base directory: D:/Epic Games/4.13/Engine/Binaries/Win64/
LogInit: Installed Engine Build: 1
LogInit: Presizing for max 8388607 objects, including 0 objects not considered by GC, pre-allocating 0 bytes for permanent pool.
LogInit: Object subsystem initialized
[2017.03.10-17.51.47:479][  0]LogInit: Selected Device Profile: [Windows]
[2017.03.10-17.51.47:479][  0]LogInit: Applying CVar settings loaded from the selected device profile: [Windows]
[2017.03.10-17.51.47:483][  0]LogInit: Computer: CONNORPAGE
[2017.03.10-17.51.47:483][  0]LogInit: User: Connor
[2017.03.10-17.51.47:483][  0]LogInit: CPU Page size=65536, Cores=4
[2017.03.10-17.51.47:483][  0]LogInit: High frequency timer resolution =2.533206 MHz
[2017.03.10-17.51.47:483][  0]LogMemory: Memory total: Physical=7.9GB (8GB approx)
[2017.03.10-17.51.47:483][  0]LogMemory: Platform Memory Stats for Windows
[2017.03.10-17.51.47:483][  0]LogMemory: Process Physical Memory: 257.63 MB used, 257.63 MB peak
[2017.03.10-17.51.47:483][  0]LogMemory: Process Virtual Memory: 260.33 MB used, 260.33 MB peak
[2017.03.10-17.51.47:483][  0]LogMemory: Physical Memory: 5404.70 MB used, 8109.73 MB total
[2017.03.10-17.51.47:483][  0]LogMemory: Virtual Memory: 625.00 MB used, 134217728.00 MB total
[2017.03.10-17.51.47:514][  0]LogTextLocalizationManager: No specific translations for ('en-GB') exist, so ('en') translations will be used.
[2017.03.10-17.51.47:917][  0]LogD3D11RHI: D3D11 adapters:
[2017.03.10-17.51.48:468][  0]LogD3D11RHI:    0. 'NVIDIA GeForce GTX 970M' (Feature Level 11_0)
[2017.03.10-17.51.48:468][  0]LogD3D11RHI:       3040/0/4054 MB DedicatedVideo/DedicatedSystem/SharedSystem, Outputs:1, VendorId:0x10de
[2017.03.10-17.51.48:474][  0]LogD3D11RHI:    1. 'Intel(R) HD Graphics 4600' (Feature Level 11_0)
[2017.03.10-17.51.48:474][  0]LogD3D11RHI:       112/0/2048 MB DedicatedVideo/DedicatedSystem/SharedSystem, Outputs:0, VendorId:0x8086
[2017.03.10-17.51.48:475][  0]LogD3D11RHI:    2. 'Microsoft Basic Render Driver' (Feature Level 11_0)
[2017.03.10-17.51.48:475][  0]LogD3D11RHI:       0/0/4054 MB DedicatedVideo/DedicatedSystem/SharedSystem, Outputs:0, VendorId:0x1414
[2017.03.10-17.51.48:475][  0]LogD3D11RHI: Chosen D3D11 Adapter: 0
[2017.03.10-17.51.48:480][  0]LogD3D11RHI: Creating new Direct3DDevice
[2017.03.10-17.51.48:480][  0]LogD3D11RHI:     GPU DeviceId: 0x13d8 (for the marketing name, search the web for "GPU Device Id")
[2017.03.10-17.51.48:480][  0]LogWindows: EnumDisplayDevices:
[2017.03.10-17.51.48:480][  0]LogWindows:    0. 'Intel(R) HD Graphics 4600' (P:1 D:1)
[2017.03.10-17.51.48:480][  0]LogWindows:    1. 'Intel(R) HD Graphics 4600' (P:0 D:0)
[2017.03.10-17.51.48:480][  0]LogWindows:    2. 'Intel(R) HD Graphics 4600' (P:0 D:0)
[2017.03.10-17.51.48:480][  0]LogWindows: DebugString: PrimaryIsNotTheChoosenAdapter PrimaryIsNotTheChoosenAdapter PrimaryIsNotTheChoosenAdapter FoundDriverCount:0 
[2017.03.10-17.51.48:480][  0]LogD3D11RHI:     Adapter Name: NVIDIA GeForce GTX 970M
[2017.03.10-17.51.48:480][  0]LogD3D11RHI:   Driver Version: Unknown (internal:Unknown, unified:Unknown)
[2017.03.10-17.51.48:480][  0]LogD3D11RHI:      Driver Date: Unknown
[2017.03.10-17.51.48:480][  0]LogRHI: Texture pool is 1361 MB (70% of 1945 MB)
[2017.03.10-17.51.48:992][  0]LogD3D11RHI: Async texture creation enabled
[2017.03.10-17.51.49:022][  0]LogD3D11RHI: GPU Timing Frequency: 1000.000000 (Debug: 2 1)
[2017.03.10-17.51.49:022][  0]LogShaderCompilers: Guid format shader working directory is -7 characters bigger than the processId version (../../../../Unreal Projects/Team2Thirds/MultiplayerV2/Intermediate/Shaders/WorkingDirectory/12852/).
[2017.03.10-17.51.49:022][  0]LogShaderCompilers: Cleaned the shader compiler working directory 'C:/Users/Connor/AppData/Local/Temp/UnrealShaderWorkingDir/F3346A6546727C996F39ADBDED5D1959/'.
[2017.03.10-17.51.49:022][  0]LogShaderCompilers:Display: Using Local Shader Compiler.
[2017.03.10-17.51.49:897][  0]LogTemp:Display: Loaded TP WindowsClientTargetPlatform
[2017.03.10-17.51.49:905][  0]LogTemp:Display: Loaded TP WindowsNoEditorTargetPlatform
[2017.03.10-17.51.49:913][  0]LogTemp:Display: Loaded TP WindowsServerTargetPlatform
[2017.03.10-17.51.49:920][  0]LogTemp:Display: Loaded TP WindowsTargetPlatform
[2017.03.10-17.51.49:920][  0]LogTargetPlatformManager:Display: Building Assets For Windows
[2017.03.10-17.51.49:990][  0]LogDerivedDataCache:Display: Max Cache Size: 512 MB
[2017.03.10-17.51.50:070][  0]LogDerivedDataCache: Loaded boot cache 0.08s 62MB C:/Users/Connor/AppData/Local/UnrealEngine/4.13/DerivedDataCache/Boot.ddc.
[2017.03.10-17.51.50:070][  0]LogDerivedDataCache:Display: Loaded Boot cache: C:/Users/Connor/AppData/Local/UnrealEngine/4.13/DerivedDataCache/Boot.ddc
[2017.03.10-17.51.50:070][  0]LogDerivedDataCache: FDerivedDataBackendGraph:  Pak pak cache file ../../../../Unreal Projects/Team2Thirds/MultiplayerV2/DerivedDataCache/DDC.ddp not found, will not use a pak cache.
[2017.03.10-17.51.50:070][  0]LogDerivedDataCache: Unable to find inner node Pak for hierarchical cache Hierarchy.
[2017.03.10-17.51.50:070][  0]LogDerivedDataCache: FDerivedDataBackendGraph:  CompressedPak pak cache file ../../../../Unreal Projects/Team2Thirds/MultiplayerV2/DerivedDataCache/Compressed.ddp not found, will not use a pak cache.
[2017.03.10-17.51.50:070][  0]LogDerivedDataCache: Unable to find inner node CompressedPak for hierarchical cache Hierarchy.
[2017.03.10-17.51.50:090][  0]LogDerivedDataCache:Display: Pak cache opened for reading ../../../Engine/DerivedDataCache/Compressed.ddp.
[2017.03.10-17.51.50:101][  0]LogDerivedDataCache: Using Local data cache path C:/Users/Connor/AppData/Local/UnrealEngine/Common/DerivedDataCache: Writable
[2017.03.10-17.51.50:309][  0]LogAssetRegistry: FAssetRegistry took 0.0001 seconds to start up
[2017.03.10-17.51.50:314][  0]LogPackageLocalizationCache: Processed 3 localized package path(s) for 2 prioritized culture(s) in 0.005649 seconds
[2017.03.10-17.51.50:330][  0]LogInit: Selected Device Profile: [Windows]
[2017.03.10-17.51.50:331][  0]LogContentStreaming: Texture pool size is 1000.00 MB
[2017.03.10-17.51.50:419][  0]LogMeshUtilities: No automatic mesh reduction module available
[2017.03.10-17.51.50:419][  0]LogMeshUtilities: No automatic mesh merging module available
[2017.03.10-17.51.50:419][  0]LogMeshUtilities: No distributed automatic mesh merging module available
[2017.03.10-17.51.50:470][  0]LogMaterial: Uniform references updated for custom material expression Custom.
[2017.03.10-17.51.50:729][  0]LogNetVersion: GetLocalNetworkVersion: CL: 3106830, ProjectName: multiplayerv2, ProjectVersion: , EngineNetworkVersion: 1, GameNetworkVersion: 0, NetworkChecksum: 2011542088
[2017.03.10-17.51.50:879][  0]LogSlate: SlateFontCache - WITH_FREETYPE: 1, WITH_HARFBUZZ: 1
[2017.03.10-17.51.50:879][  0]LogSlate: SlateFontCache - WITH_FREETYPE: 1, WITH_HARFBUZZ: 1
[2017.03.10-17.51.50:950][  0]LogMoviePlayer: Initializing movie player
[2017.03.10-17.51.51:016][  0]LogWindowsMoviePlayer: Unable to load movie: ../../../../Unreal Projects/Team2Thirds/MultiplayerV2/Content/Movies/Default_Startup.mp4
[2017.03.10-17.51.51:098][  0]LogSubstanceCoreModule: Substance CPU Engine Loaded, Max Texture Size 2048
[2017.03.10-17.51.51:111][  0]LogTcpMessaging: Initializing TcpMessaging bridge
[2017.03.10-17.51.51:134][  0]LogUdpMessaging: Initializing bridge on interface 0.0.0.0:0 to multicast group 230.0.0.1:6666.
[2017.03.10-17.51.51:206][  0]SourceControl: Info Source control is disabled
[2017.03.10-17.51.51:206][  0]SourceControl: Info Source control is disabled
[2017.03.10-17.51.51:221][  0]SourceControl: Info Source control is disabled
[2017.03.10-17.51.51:374][  0]LogUObjectArray: 32799 objects as part of root set at end of initial load.
[2017.03.10-17.51.51:374][  0]LogUObjectAllocator: 7270496 out of 0 bytes used by permanent object pool.
[2017.03.10-17.51.51:374][  0]LogUObjectArray: CloseDisregardForGC: 0/0 objects in disregard for GC pool
[2017.03.10-17.51.51:426][  0]LogEngine: Initializing Engine...
[2017.03.10-17.51.51:426][  0]LogHMD: Failed to initialize OpenVR with code 110
[2017.03.10-17.51.51:548][  0]LogInit: XAudio2 using 'Speakers (Realtek High Definition Audio)' : 2 channels at 48 kHz using 32 bits per sample (channel mask 0x3)
[2017.03.10-17.51.51:562][  0]LogInit: FAudioDevice initialized.
[2017.03.10-17.51.51:570][  0]LogInit: Texture streaming: Enabled
[2017.03.10-17.51.51:810][  0]LogInit:Display: Game Engine Initialized.
[2017.03.10-17.51.51:854][  0]LogInit:Display: Starting Game.
[2017.03.10-17.51.51:854][  0]LogNet: Browse: /Temp/Autosaves/Game/ThirdPersonBP/Maps/UEDPCMainMenu?Name=Player
[2017.03.10-17.51.51:854][  0]LogLoad: LoadMap: /Temp/Autosaves/Game/ThirdPersonBP/Maps/UEDPCMainMenu?Name=Player
[2017.03.10-17.51.51:877][  0]LogMemory: Platform Memory Stats for Windows
[2017.03.10-17.51.51:877][  0]LogMemory: Process Physical Memory: 669.97 MB used, 707.88 MB peak
[2017.03.10-17.51.51:877][  0]LogMemory: Process Virtual Memory: 719.81 MB used, 732.70 MB peak
[2017.03.10-17.51.51:877][  0]LogMemory: Physical Memory: 5753.36 MB used, 8109.73 MB total
[2017.03.10-17.51.51:877][  0]LogMemory: Virtual Memory: 1347.43 MB used, 134217728.00 MB total
[2017.03.10-17.51.51:877][  0]LogMemory: 
[2017.03.10-17.51.51:877][  0]Allocator Stats for TBB: (not implemented)
[2017.03.10-17.51.51:889][  0]LogAIModule: Creating AISystem for world MainMenu
[2017.03.10-17.51.52:045][  0]LogWorld: Game class is 'ThirdPersonGameMode_C'
[2017.03.10-17.51.52:046][  0]LogWorld: Bringing World /Temp/Autosaves/Game/ThirdPersonBP/Maps/UEDPCMainMenu.MainMenu up for play (max tick rate 0) at 2017.03.10-17.51.52
[2017.03.10-17.51.52:047][  0]LogWorld: Bringing up level for play took: 0.000620
[2017.03.10-17.51.52:048][  0]LogGameMode:Display: Match State Changed from EnteringMap to WaitingToStart
[2017.03.10-17.51.52:048][  0]LogGameState: Match State Changed from EnteringMap to WaitingToStart
[2017.03.10-17.51.52:048][  0]LogGameMode:Display: Match State Changed from WaitingToStart to InProgress
[2017.03.10-17.51.52:051][  0]LogGameState: Match State Changed from WaitingToStart to InProgress
[2017.03.10-17.51.52:051][  0]LogLoad: Took 0.197341 seconds to LoadMap(/Temp/Autosaves/Game/ThirdPersonBP/Maps/UEDPCMainMenu)
[2017.03.10-17.51.52:267][  0]LogLoad: (Engine Initialization) Total time: 5.69 seconds
[2017.03.10-17.51.52:267][  0]LogLoad: (Engine Initialization) Total Blueprint compile time: 0.15 seconds
[2017.03.10-17.51.52:267][  0]LogExternalProfiler: No external profilers were discovered.  External profiling features will not be available.
[2017.03.10-17.51.52:283][  0]LogWindowsTextInputMethodSystem:Display: IME system now deactivated.
[2017.03.10-17.51.52:283][  0]LogOcInput: OculusInput pre-init called
[2017.03.10-17.51.52:344][  0]LogRenderer: Reallocating scene render targets to support 128x128 (Frame:1).
[2017.03.10-17.51.52:429][  1]LogRenderer: Reallocating scene render targets to support 1280x720 (Frame:2).
[2017.03.10-17.51.52:430][  1]LogBlueprintUserMessages: [GoodGuy_C_0] 1.0
[2017.03.10-17.51.52:446][  2]LogBlueprintUserMessages: [GoodGuy_C_0] 1.0
[2017.03.10-17.51.52:535][  3]LogBlueprintUserMessages: [GoodGuy_C_0] 1.0
[2017.03.10-17.51.52:555][  4]LogBlueprintUserMessages: [GoodGuy_C_0] 1.0
[2017.03.10-17.51.52:576][  5]LogBlueprintUserMessages: [GoodGuy_C_0] 1.0
[2017.03.10-17.51.52:604][  6]LogBlueprintUserMessages: [GoodGuy_C_0] 1.0
[2017.03.10-17.51.52:628][  7]LogBlueprintUserMessages: [GoodGuy_C_0] 1.0
[2017.03.10-17.51.52:644][  8]LogBlueprintUserMessages: [GoodGuy_C_0] 1.0
[2017.03.10-17.51.52:660][  9]LogBlueprintUserMessages: [GoodGuy_C_0] 1.0
[2017.03.10-17.51.52:676][ 10]LogBlueprintUserMessages: [GoodGuy_C_0] 1.0
[2017.03.10-17.51.52:692][ 11]LogBlueprintUserMessages: [GoodGuy_C_0] 1.0
[2017.03.10-17.51.52:708][ 12]LogBlueprintUserMessages: [GoodGuy_C_0] 1.0
[2017.03.10-17.51.52:724][ 13]LogBlueprintUserMessages: [GoodGuy_C_0] 1.0
[2017.03.10-17.51.52:741][ 14]LogBlueprintUserMessages: [GoodGuy_C_0] 1.0
[2017.03.10-17.51.52:757][ 15]LogBlueprintUserMessages: [GoodGuy_C_0] 1.0
[2017.03.10-17.51.52:773][ 16]LogBlueprintUserMessages: [GoodGuy_C_0] 1.0
[2017.03.10-17.51.52:789][ 17]LogBlueprintUserMessages: [GoodGuy_C_0] 1.0
[2017.03.10-17.51.52:805][ 18]LogBlueprintUserMessages: [GoodGuy_C_0] 1.0
[2017.03.10-17.51.52:821][ 19]LogBlueprintUserMessages: [GoodGuy_C_0] 1.0
[2017.03.10-17.51.52:837][ 20]LogBlueprintUserMessages: [GoodGuy_C_0] 1.0
[2017.03.10-17.51.52:853][ 21]LogBlueprintUserMessages: [GoodGuy_C_0] 1.0
[2017.03.10-17.51.52:869][ 22]LogBlueprintUserMessages: [GoodGuy_C_0] 1.0
[2017.03.10-17.51.52:886][ 23]LogBlueprintUserMessages: [GoodGuy_C_0] 1.0
[2017.03.10-17.51.52:902][ 24]LogBlueprintUserMessages: [GoodGuy_C_0] 1.0
[2017.03.10-17.51.52:918][ 25]LogBlueprintUserMessages: [GoodGuy_C_0] 1.0
[2017.03.10-17.51.52:934][ 26]LogBlueprintUserMessages: [GoodGuy_C_0] 1.0
[2017.03.10-17.51.52:950][ 27]LogBlueprintUserMessages: [GoodGuy_C_0] 1.0
[2017.03.10-17.51.52:966][ 28]LogBlueprintUserMessages: [GoodGuy_C_0] 1.0
[2017.03.10-17.51.52:982][ 29]LogBlueprintUserMessages: [GoodGuy_C_0] 1.0
[2017.03.10-17.51.52:998][ 30]LogBlueprintUserMessages: [GoodGuy_C_0] 1.0
[2017.03.10-17.51.53:015][ 31]LogBlueprintUserMessages: [GoodGuy_C_0] 1.0
[2017.03.10-17.51.53:031][ 32]LogBlueprintUserMessages: [GoodGuy_C_0] 1.0
[2017.03.10-17.51.53:047][ 33]LogBlueprintUserMessages: [GoodGuy_C_0] 1.0
[2017.03.10-17.51.53:063][ 34]LogBlueprintUserMessages: [GoodGuy_C_0] 1.0
[2017.03.10-17.51.53:079][ 35]LogBlueprintUserMessages: [GoodGuy_C_0] 1.0
[2017.03.10-17.51.53:095][ 36]LogBlueprintUserMessages: [GoodGuy_C_0] 1.0
[2017.03.10-17.51.53:111][ 37]LogBlueprintUserMessages: [GoodGuy_C_0] 1.0
[2017.03.10-17.51.53:128][ 38]LogBlueprintUserMessages: [GoodGuy_C_0] 1.0
[2017.03.10-17.51.53:144][ 39]LogBlueprintUserMessages: [GoodGuy_C_0] 1.0
[2017.03.10-17.51.53:160][ 40]LogBlueprintUserMessages: [GoodGuy_C_0] 1.0
[2017.03.10-17.51.53:176][ 41]LogBlueprintUserMessages: [GoodGuy_C_0] 1.0
[2017.03.10-17.51.53:192][ 42]LogBlueprintUserMessages: [GoodGuy_C_0] 1.0
[2017.03.10-17.51.53:208][ 43]LogBlueprintUserMessages: [GoodGuy_C_0] 1.0
[2017.03.10-17.51.53:225][ 44]LogBlueprintUserMessages: [GoodGuy_C_0] 1.0
[2017.03.10-17.51.53:242][ 45]LogBlueprintUserMessages: [GoodGuy_C_0] 1.0
[2017.03.10-17.51.53:258][ 46]LogBlueprintUserMessages: [GoodGuy_C_0] 1.0
[2017.03.10-17.51.53:273][ 47]LogBlueprintUserMessages: [GoodGuy_C_0] 1.0
[2017.03.10-17.51.53:289][ 48]LogBlueprintUserMessages: [GoodGuy_C_0] 1.0
[2017.03.10-17.51.53:305][ 49]LogBlueprintUserMessages: [GoodGuy_C_0] 1.0
[2017.03.10-17.51.53:321][ 50]LogBlueprintUserMessages: [GoodGuy_C_0] 1.0
[2017.03.10-17.51.53:337][ 51]LogBlueprintUserMessages: [GoodGuy_C_0] 1.0
[2017.03.10-17.51.53:353][ 52]LogBlueprintUserMessages: [GoodGuy_C_0] 1.0
[2017.03.10-17.51.53:369][ 53]LogBlueprintUserMessages: [GoodGuy_C_0] 1.0
[2017.03.10-17.51.53:386][ 54]LogBlueprintUserMessages: [GoodGuy_C_0] 1.0
[2017.03.10-17.51.53:402][ 55]LogBlueprintUserMessages: [GoodGuy_C_0] 1.0
[2017.03.10-17.51.53:418][ 56]LogBlueprintUserMessages: [GoodGuy_C_0] 1.0
[2017.03.10-17.51.53:434][ 57]LogBlueprintUserMessages: [GoodGuy_C_0] 1.0
[2017.03.10-17.51.53:450][ 58]LogBlueprintUserMessages: [GoodGuy_C_0] 1.0
[2017.03.10-17.51.53:466][ 59]LogBlueprintUserMessages: [GoodGuy_C_0] 1.0
[2017.03.10-17.51.53:483][ 60]LogBlueprintUserMessages: [GoodGuy_C_0] 1.0
[2017.03.10-17.51.53:499][ 61]LogBlueprintUserMessages: [GoodGuy_C_0] 1.0
[2017.03.10-17.51.53:515][ 62]LogBlueprintUserMessages: [GoodGuy_C_0] 1.0
[2017.03.10-17.51.53:531][ 63]LogBlueprintUserMessages: [GoodGuy_C_0] 1.0
[2017.03.10-17.51.53:547][ 64]LogBlueprintUserMessages: [GoodGuy_C_0] 1.0
[2017.03.10-17.51.53:563][ 65]LogBlueprintUserMessages: [GoodGuy_C_0] 1.0
[2017.03.10-17.51.53:579][ 66]LogBlueprintUserMessages: [GoodGuy_C_0] 1.0
[2017.03.10-17.51.53:595][ 67]LogBlueprintUserMessages: [GoodGuy_C_0] 1.0
[2017.03.10-17.51.53:612][ 68]LogBlueprintUserMessages: [GoodGuy_C_0] 1.0
[2017.03.10-17.51.53:628][ 69]LogBlueprintUserMessages: [GoodGuy_C_0] 1.0
[2017.03.10-17.51.53:644][ 70]LogBlueprintUserMessages: [GoodGuy_C_0] 1.0
[2017.03.10-17.51.53:660][ 71]LogBlueprintUserMessages: [GoodGuy_C_0] 1.0
[2017.03.10-17.51.53:676][ 72]LogBlueprintUserMessages: [GoodGuy_C_0] 1.0
[2017.03.10-17.51.53:692][ 73]LogBlueprintUserMessages: [GoodGuy_C_0] 1.0
[2017.03.10-17.51.53:708][ 74]LogBlueprintUserMessages: [GoodGuy_C_0] 1.0
[2017.03.10-17.51.53:724][ 75]LogBlueprintUserMessages: [GoodGuy_C_0] 1.0
[2017.03.10-17.51.53:741][ 76]LogBlueprintUserMessages: [GoodGuy_C_0] 1.0
[2017.03.10-17.51.53:758][ 77]LogBlueprintUserMessages: [GoodGuy_C_0] 1.0
[2017.03.10-17.51.53:773][ 78]LogBlueprintUserMessages: [GoodGuy_C_0] 1.0
[2017.03.10-17.51.53:789][ 79]LogBlueprintUserMessages: [GoodGuy_C_0] 1.0
[2017.03.10-17.51.53:805][ 80]LogBlueprintUserMessages: [GoodGuy_C_0] 1.0
[2017.03.10-17.51.53:821][ 81]LogBlueprintUserMessages: [GoodGuy_C_0] 1.0
[2017.03.10-17.51.53:837][ 82]LogBlueprintUserMessages: [GoodGuy_C_0] 1.0
[2017.03.10-17.51.53:854][ 83]LogBlueprintUserMessages: [GoodGuy_C_0] 1.0
[2017.03.10-17.51.53:870][ 84]LogBlueprintUserMessages: [GoodGuy_C_0] 1.0
[2017.03.10-17.51.53:886][ 85]LogBlueprintUserMessages: [GoodGuy_C_0] 1.0
[2017.03.10-17.51.53:902][ 86]LogBlueprintUserMessages: [GoodGuy_C_0] 1.0
[2017.03.10-17.51.53:918][ 87]LogBlueprintUserMessages: [GoodGuy_C_0] 1.0
[2017.03.10-17.51.53:934][ 88]LogBlueprintUserMessages: [GoodGuy_C_0] 1.0
[2017.03.10-17.51.53:950][ 89]LogBlueprintUserMessages: [GoodGuy_C_0] 1.0
[2017.03.10-17.51.53:966][ 90]LogBlueprintUserMessages: [GoodGuy_C_0] 1.0
[2017.03.10-17.51.53:982][ 91]LogBlueprintUserMessages: [GoodGuy_C_0] 1.0
[2017.03.10-17.51.53:998][ 92]LogBlueprintUserMessages: [GoodGuy_C_0] 1.0
[2017.03.10-17.51.54:015][ 93]LogBlueprintUserMessages: [GoodGuy_C_0] 1.0
[2017.03.10-17.51.54:031][ 94]LogBlueprintUserMessages: [GoodGuy_C_0] 1.0
[2017.03.10-17.51.54:047][ 95]LogBlueprintUserMessages: [GoodGuy_C_0] 1.0
[2017.03.10-17.51.54:063][ 96]LogBlueprintUserMessages: [GoodGuy_C_0] 1.0
[2017.03.10-17.51.54:079][ 97]LogBlueprintUserMessages: [GoodGuy_C_0] 1.0
[2017.03.10-17.51.54:095][ 98]LogBlueprintUserMessages: [GoodGuy_C_0] 1.0
[2017.03.10-17.51.54:111][ 99]LogBlueprintUserMessages: [GoodGuy_C_0] 1.0
[2017.03.10-17.51.54:127][100]LogBlueprintUserMessages: [GoodGuy_C_0] 1.0
[2017.03.10-17.51.54:144][101]LogBlueprintUserMessages: [GoodGuy_C_0] 1.0
[2017.03.10-17.51.54:160][102]LogBlueprintUserMessages: [GoodGuy_C_0] 1.0
[2017.03.10-17.51.54:176][103]LogBlueprintUserMessages: [GoodGuy_C_0] 1.0
[2017.03.10-17.51.54:192][104]LogBlueprintUserMessages: [GoodGuy_C_0] 1.0
[2017.03.10-17.51.54:208][105]LogBlueprintUserMessages: [GoodGuy_C_0] 1.0
[2017.03.10-17.51.54:224][106]LogBlueprintUserMessages: [GoodGuy_C_0] 1.0
[2017.03.10-17.51.54:242][107]LogBlueprintUserMessages: [GoodGuy_C_0] 1.0
[2017.03.10-17.51.54:257][108]LogBlueprintUserMessages: [GoodGuy_C_0] 1.0
[2017.03.10-17.51.54:274][109]LogBlueprintUserMessages: [GoodGuy_C_0] 1.0
[2017.03.10-17.51.54:289][110]LogBlueprintUserMessages: [GoodGuy_C_0] 1.0
[2017.03.10-17.51.54:305][111]LogBlueprintUserMessages: [GoodGuy_C_0] 1.0
[2017.03.10-17.51.54:321][112]LogBlueprintUserMessages: [GoodGuy_C_0] 1.0
[2017.03.10-17.51.54:338][113]LogBlueprintUserMessages: [GoodGuy_C_0] 1.0
[2017.03.10-17.51.54:354][114]LogBlueprintUserMessages: [GoodGuy_C_0] 1.0
[2017.03.10-17.51.54:369][115]LogBlueprintUserMessages: [GoodGuy_C_0] 1.0
[2017.03.10-17.51.54:386][116]LogBlueprintUserMessages: [GoodGuy_C_0] 1.0
[2017.03.10-17.51.54:402][117]LogBlueprintUserMessages: [GoodGuy_C_0] 1.0
[2017.03.10-17.51.54:418][118]LogBlueprintUserMessages: [GoodGuy_C_0] 1.0
[2017.03.10-17.51.54:434][119]LogBlueprintUserMessages: [GoodGuy_C_0] 1.0
[2017.03.10-17.51.54:450][120]LogBlueprintUserMessages: [GoodGuy_C_0] 1.0
[2017.03.10-17.51.54:466][121]LogBlueprintUserMessages: [GoodGuy_C_0] 1.0
[2017.03.10-17.51.54:482][122]LogBlueprintUserMessages: [GoodGuy_C_0] 1.0
[2017.03.10-17.51.54:499][123]LogBlueprintUserMessages: [GoodGuy_C_0] 1.0
[2017.03.10-17.51.54:515][124]LogBlueprintUserMessages: [GoodGuy_C_0] 1.0
[2017.03.10-17.51.54:531][125]LogBlueprintUserMessages: [GoodGuy_C_0] 1.0
[2017.03.10-17.51.54:547][126]LogBlueprintUserMessages: [GoodGuy_C_0] 1.0
[2017.03.10-17.51.54:563][127]LogBlueprintUserMessages: [GoodGuy_C_0] 1.0
[2017.03.10-17.51.54:579][128]LogBlueprintUserMessages: [GoodGuy_C_0] 1.0
[2017.03.10-17.51.54:595][129]LogBlueprintUserMessages: [GoodGuy_C_0] 1.0
[2017.03.10-17.51.54:611][130]LogBlueprintUserMessages: [GoodGuy_C_0] 1.0
[2017.03.10-17.51.54:628][131]LogBlueprintUserMessages: [GoodGuy_C_0] 1.0
[2017.03.10-17.51.54:643][132]LogBlueprintUserMessages: [GoodGuy_C_0] 1.0
[2017.03.10-17.51.54:660][133]LogBlueprintUserMessages: [GoodGuy_C_0] 1.0
[2017.03.10-17.51.54:676][134]LogBlueprintUserMessages: [GoodGuy_C_0] 1.0
[2017.03.10-17.51.54:692][135]LogBlueprintUserMessages: [GoodGuy_C_0] 1.0
[2017.03.10-17.51.54:708][136]LogBlueprintUserMessages: [GoodGuy_C_0] 1.0
[2017.03.10-17.51.54:725][137]LogBlueprintUserMessages: [GoodGuy_C_0] 1.0
[2017.03.10-17.51.54:741][138]LogBlueprintUserMessages: [GoodGuy_C_0] 1.0
[2017.03.10-17.51.54:758][139]LogBlueprintUserMessages: [GoodGuy_C_0] 1.0
[2017.03.10-17.51.54:774][140]LogBlueprintUserMessages: [GoodGuy_C_0] 1.0
[2017.03.10-17.51.54:789][141]LogBlueprintUserMessages: [GoodGuy_C_0] 1.0
[2017.03.10-17.51.54:805][142]LogBlueprintUserMessages: [GoodGuy_C_0] 1.0
[2017.03.10-17.51.54:821][143]LogBlueprintUserMessages: [GoodGuy_C_0] 1.0
[2017.03.10-17.51.54:837][144]LogBlueprintUserMessages: [GoodGuy_C_0] 1.0
[2017.03.10-17.51.54:853][145]LogBlueprintUserMessages: [GoodGuy_C_0] 1.0
[2017.03.10-17.51.54:869][146]LogBlueprintUserMessages: [GoodGuy_C_0] 1.0
[2017.03.10-17.51.54:885][147]LogBlueprintUserMessages: [GoodGuy_C_0] 1.0
[2017.03.10-17.51.54:902][148]LogBlueprintUserMessages: [GoodGuy_C_0] 1.0
[2017.03.10-17.51.54:918][149]LogBlueprintUserMessages: [GoodGuy_C_0] 1.0
[2017.03.10-17.51.54:934][150]LogBlueprintUserMessages: [GoodGuy_C_0] 1.0
[2017.03.10-17.51.54:950][151]LogBlueprintUserMessages: [GoodGuy_C_0] 1.0
[2017.03.10-17.51.54:966][152]LogBlueprintUserMessages: [GoodGuy_C_0] 1.0
[2017.03.10-17.51.54:982][153]LogBlueprintUserMessages: [GoodGuy_C_0] 1.0
[2017.03.10-17.51.54:999][154]LogBlueprintUserMessages: [GoodGuy_C_0] 1.0
[2017.03.10-17.51.55:015][155]LogBlueprintUserMessages: [GoodGuy_C_0] 1.0
[2017.03.10-17.51.55:031][156]LogBlueprintUserMessages: [GoodGuy_C_0] 1.0
[2017.03.10-17.51.55:047][157]LogBlueprintUserMessages: [GoodGuy_C_0] 1.0
[2017.03.10-17.51.55:063][158]LogBlueprintUserMessages: [GoodGuy_C_0] 1.0
[2017.03.10-17.51.55:079][159]LogBlueprintUserMessages: [GoodGuy_C_0] 1.0
[2017.03.10-17.51.55:095][160]LogBlueprintUserMessages: [GoodGuy_C_0] 1.0
[2017.03.10-17.51.55:111][161]LogBlueprintUserMessages: [GoodGuy_C_0] 1.0
[2017.03.10-17.51.55:128][162]LogBlueprintUserMessages: [GoodGuy_C_0] 1.0
[2017.03.10-17.51.55:144][163]LogBlueprintUserMessages: [GoodGuy_C_0] 1.0
[2017.03.10-17.51.55:160][164]LogBlueprintUserMessages: [GoodGuy_C_0] 1.0
[2017.03.10-17.51.55:176][165]LogBlueprintUserMessages: [GoodGuy_C_0] 1.0
[2017.03.10-17.51.55:192][166]LogBlueprintUserMessages: [GoodGuy_C_0] 1.0
[2017.03.10-17.51.55:208][167]LogBlueprintUserMessages: [GoodGuy_C_0] 1.0
[2017.03.10-17.51.55:224][168]LogBlueprintUserMessages: [GoodGuy_C_0] 1.0
[2017.03.10-17.51.55:242][169]LogBlueprintUserMessages: [GoodGuy_C_0] 1.0
[2017.03.10-17.51.55:260][170]LogBlueprintUserMessages: [GoodGuy_C_0] 1.0
[2017.03.10-17.51.55:274][171]LogBlueprintUserMessages: [GoodGuy_C_0] 1.0
[2017.03.10-17.51.55:289][172]LogBlueprintUserMessages: [GoodGuy_C_0] 1.0
[2017.03.10-17.51.55:305][173]LogBlueprintUserMessages: [GoodGuy_C_0] 1.0
[2017.03.10-17.51.55:321][174]LogBlueprintUserMessages: [GoodGuy_C_0] 1.0
[2017.03.10-17.51.55:337][175]LogBlueprintUserMessages: [GoodGuy_C_0] 1.0
[2017.03.10-17.51.55:353][176]LogBlueprintUserMessages: [GoodGuy_C_0] 1.0
[2017.03.10-17.51.55:370][177]LogBlueprintUserMessages: [GoodGuy_C_0] 1.0
[2017.03.10-17.51.55:386][178]LogBlueprintUserMessages: [GoodGuy_C_0] 1.0
[2017.03.10-17.51.55:402][179]LogBlueprintUserMessages: [GoodGuy_C_0] 1.0
[2017.03.10-17.51.55:418][180]LogBlueprintUserMessages: [GoodGuy_C_0] 1.0
[2017.03.10-17.51.55:434][181]LogBlueprintUserMessages: [GoodGuy_C_0] 1.0
[2017.03.10-17.51.55:450][182]LogBlueprintUserMessages: [GoodGuy_C_0] 1.0
[2017.03.10-17.51.55:466][183]LogBlueprintUserMessages: [GoodGuy_C_0] 1.0
[2017.03.10-17.51.55:482][184]LogBlueprintUserMessages: [GoodGuy_C_0] 1.0
[2017.03.10-17.51.55:498][185]LogBlueprintUserMessages: [GoodGuy_C_0] 1.0
[2017.03.10-17.51.55:515][186]LogBlueprintUserMessages: [GoodGuy_C_0] 1.0
[2017.03.10-17.51.55:531][187]LogBlueprintUserMessages: [GoodGuy_C_0] 1.0
[2017.03.10-17.51.55:547][188]LogBlueprintUserMessages: [GoodGuy_C_0] 1.0
[2017.03.10-17.51.55:563][189]LogBlueprintUserMessages: [GoodGuy_C_0] 1.0
[2017.03.10-17.51.55:579][190]LogBlueprintUserMessages: [GoodGuy_C_0] 1.0
[2017.03.10-17.51.55:596][191]LogBlueprintUserMessages: [GoodGuy_C_0] 1.0
[2017.03.10-17.51.55:612][192]LogBlueprintUserMessages: [GoodGuy_C_0] 1.0
[2017.03.10-17.51.55:628][193]LogBlueprintUserMessages: [GoodGuy_C_0] 1.0
[2017.03.10-17.51.55:644][194]LogBlueprintUserMessages: [GoodGuy_C_0] 1.0
[2017.03.10-17.51.55:660][195]LogBlueprintUserMessages: [GoodGuy_C_0] 1.0
[2017.03.10-17.51.55:676][196]LogBlueprintUserMessages: [GoodGuy_C_0] 1.0
[2017.03.10-17.51.55:692][197]LogBlueprintUserMessages: [GoodGuy_C_0] 1.0
[2017.03.10-17.51.55:709][198]LogBlueprintUserMessages: [GoodGuy_C_0] 1.0
[2017.03.10-17.51.55:725][199]LogBlueprintUserMessages: [GoodGuy_C_0] 1.0
[2017.03.10-17.51.55:741][200]LogBlueprintUserMessages: [GoodGuy_C_0] 1.0
[2017.03.10-17.51.55:757][201]LogBlueprintUserMessages: [GoodGuy_C_0] 1.0
[2017.03.10-17.51.55:774][202]LogBlueprintUserMessages: [GoodGuy_C_0] 1.0
[2017.03.10-17.51.55:789][203]LogBlueprintUserMessages: [GoodGuy_C_0] 1.0
[2017.03.10-17.51.55:805][204]LogBlueprintUserMessages: [GoodGuy_C_0] 1.0
[2017.03.10-17.51.55:821][205]LogBlueprintUserMessages: [GoodGuy_C_0] 1.0
[2017.03.10-17.51.55:837][206]LogBlueprintUserMessages: [GoodGuy_C_0] 1.0
[2017.03.10-17.51.55:854][207]LogBlueprintUserMessages: [GoodGuy_C_0] 1.0
[2017.03.10-17.51.55:870][208]LogBlueprintUserMessages: [GoodGuy_C_0] 1.0
[2017.03.10-17.51.55:886][209]LogBlueprintUserMessages: [GoodGuy_C_0] 1.0
[2017.03.10-17.51.55:902][210]LogBlueprintUserMessages: [GoodGuy_C_0] 1.0
[2017.03.10-17.51.55:918][211]LogBlueprintUserMessages: [GoodGuy_C_0] 1.0
[2017.03.10-17.51.55:934][212]LogBlueprintUserMessages: [GoodGuy_C_0] 1.0
[2017.03.10-17.51.55:950][213]LogBlueprintUserMessages: [GoodGuy_C_0] 1.0
[2017.03.10-17.51.55:966][214]LogBlueprintUserMessages: [GoodGuy_C_0] 1.0
[2017.03.10-17.51.55:982][215]LogBlueprintUserMessages: [GoodGuy_C_0] 1.0
[2017.03.10-17.51.55:999][216]LogBlueprintUserMessages: [GoodGuy_C_0] 1.0
[2017.03.10-17.51.56:015][217]LogBlueprintUserMessages: [GoodGuy_C_0] 1.0
[2017.03.10-17.51.56:031][218]LogBlueprintUserMessages: [GoodGuy_C_0] 1.0
[2017.03.10-17.51.56:047][219]LogBlueprintUserMessages: [GoodGuy_C_0] 1.0
[2017.03.10-17.51.56:063][220]LogBlueprintUserMessages: [GoodGuy_C_0] 1.0
[2017.03.10-17.51.56:079][221]LogBlueprintUserMessages: [GoodGuy_C_0] 1.0
[2017.03.10-17.51.56:095][222]LogBlueprintUserMessages: [GoodGuy_C_0] 1.0
[2017.03.10-17.51.56:112][223]LogBlueprintUserMessages: [GoodGuy_C_0] 1.0
[2017.03.10-17.51.56:128][224]LogBlueprintUserMessages: [GoodGuy_C_0] 1.0
[2017.03.10-17.51.56:144][225]LogBlueprintUserMessages: [GoodGuy_C_0] 1.0
[2017.03.10-17.51.56:160][226]LogBlueprintUserMessages: [GoodGuy_C_0] 1.0
[2017.03.10-17.51.56:176][227]LogBlueprintUserMessages: [GoodGuy_C_0] 1.0
[2017.03.10-17.51.56:192][228]LogBlueprintUserMessages: [GoodGuy_C_0] 1.0
[2017.03.10-17.51.56:208][229]LogBlueprintUserMessages: [GoodGuy_C_0] 1.0
[2017.03.10-17.51.56:224][230]LogBlueprintUserMessages: [GoodGuy_C_0] 1.0
[2017.03.10-17.51.56:241][231]LogBlueprintUserMessages: [GoodGuy_C_0] 1.0
[2017.03.10-17.51.56:258][232]LogBlueprintUserMessages: [GoodGuy_C_0] 1.0
[2017.03.10-17.51.56:274][233]LogBlueprintUserMessages: [GoodGuy_C_0] 1.0
[2017.03.10-17.51.56:290][234]LogBlueprintUserMessages: [GoodGuy_C_0] 1.0
[2017.03.10-17.51.56:305][235]LogBlueprintUserMessages: [GoodGuy_C_0] 1.0
[2017.03.10-17.51.56:321][236]LogBlueprintUserMessages: [GoodGuy_C_0] 1.0
[2017.03.10-17.51.56:337][237]LogBlueprintUserMessages: [GoodGuy_C_0] 1.0
[2017.03.10-17.51.56:353][238]LogBlueprintUserMessages: [GoodGuy_C_0] 1.0
[2017.03.10-17.51.56:370][239]LogBlueprintUserMessages: [GoodGuy_C_0] 1.0
[2017.03.10-17.51.56:386][240]LogBlueprintUserMessages: [GoodGuy_C_0] 1.0
[2017.03.10-17.51.56:402][241]LogBlueprintUserMessages: [GoodGuy_C_0] 1.0
[2017.03.10-17.51.56:418][242]LogBlueprintUserMessages: [GoodGuy_C_0] 1.0
[2017.03.10-17.51.56:434][243]LogBlueprintUserMessages: [GoodGuy_C_0] 1.0
[2017.03.10-17.51.56:450][244]LogBlueprintUserMessages: [GoodGuy_C_0] 1.0
[2017.03.10-17.51.56:467][245]LogBlueprintUserMessages: [GoodGuy_C_0] 1.0
[2017.03.10-17.51.56:482][246]LogBlueprintUserMessages: [GoodGuy_C_0] 1.0
[2017.03.10-17.51.56:499][247]LogBlueprintUserMessages: [GoodGuy_C_0] 1.0
[2017.03.10-17.51.56:515][248]LogBlueprintUserMessages: [GoodGuy_C_0] 1.0
[2017.03.10-17.51.56:531][249]LogBlueprintUserMessages: [GoodGuy_C_0] 1.0
[2017.03.10-17.51.56:547][250]LogBlueprintUserMessages: [GoodGuy_C_0] 1.0
[2017.03.10-17.51.56:563][251]LogBlueprintUserMessages: [GoodGuy_C_0] 1.0
[2017.03.10-17.51.56:579][252]LogBlueprintUserMessages: [GoodGuy_C_0] 1.0
[2017.03.10-17.51.56:596][253]LogBlueprintUserMessages: [GoodGuy_C_0] 1.0
[2017.03.10-17.51.56:611][254]LogBlueprintUserMessages: [GoodGuy_C_0] 1.0
[2017.03.10-17.51.56:627][255]LogBlueprintUserMessages: [GoodGuy_C_0] 1.0
[2017.03.10-17.51.56:644][256]LogBlueprintUserMessages: [GoodGuy_C_0] 1.0
[2017.03.10-17.51.56:660][257]LogBlueprintUserMessages: [GoodGuy_C_0] 1.0
[2017.03.10-17.51.56:676][258]LogBlueprintUserMessages: [GoodGuy_C_0] 1.0
[2017.03.10-17.51.56:692][259]LogBlueprintUserMessages: [GoodGuy_C_0] 1.0
[2017.03.10-17.51.56:708][260]LogBlueprintUserMessages: [GoodGuy_C_0] 1.0
[2017.03.10-17.51.56:725][261]LogBlueprintUserMessages: [GoodGuy_C_0] 1.0
[2017.03.10-17.51.56:741][262]LogBlueprintUserMessages: [GoodGuy_C_0] 1.0
[2017.03.10-17.51.56:757][263]LogBlueprintUserMessages: [GoodGuy_C_0] 1.0
[2017.03.10-17.51.56:774][264]LogBlueprintUserMessages: [GoodGuy_C_0] 1.0
[2017.03.10-17.51.56:790][265]LogBlueprintUserMessages: [GoodGuy_C_0] 1.0
[2017.03.10-17.51.56:805][266]LogBlueprintUserMessages: [GoodGuy_C_0] 1.0
[2017.03.10-17.51.56:821][267]LogBlueprintUserMessages: [GoodGuy_C_0] 1.0
[2017.03.10-17.51.56:837][268]LogBlueprintUserMessages: [GoodGuy_C_0] 1.0
[2017.03.10-17.51.56:854][269]LogBlueprintUserMessages: [GoodGuy_C_0] 1.0
[2017.03.10-17.51.56:870][270]LogBlueprintUserMessages: [GoodGuy_C_0] 1.0
[2017.03.10-17.51.56:886][271]LogBlueprintUserMessages: [GoodGuy_C_0] 1.0
[2017.03.10-17.51.56:902][272]LogBlueprintUserMessages: [GoodGuy_C_0] 1.0
[2017.03.10-17.51.56:918][273]LogBlueprintUserMessages: [GoodGuy_C_0] 1.0
[2017.03.10-17.51.56:934][274]LogBlueprintUserMessages: [GoodGuy_C_0] 1.0
[2017.03.10-17.51.56:950][275]LogBlueprintUserMessages: [GoodGuy_C_0] 1.0
[2017.03.10-17.51.56:966][276]LogBlueprintUserMessages: [GoodGuy_C_0] 1.0
[2017.03.10-17.51.56:982][277]LogBlueprintUserMessages: [GoodGuy_C_0] 1.0
[2017.03.10-17.51.56:998][278]LogBlueprintUserMessages: [GoodGuy_C_0] 1.0
[2017.03.10-17.51.57:015][279]LogBlueprintUserMessages: [GoodGuy_C_0] 1.0
[2017.03.10-17.51.57:031][280]LogBlueprintUserMessages: [GoodGuy_C_0] 1.0
[2017.03.10-17.51.57:047][281]LogBlueprintUserMessages: [GoodGuy_C_0] 1.0
[2017.03.10-17.51.57:063][282]LogBlueprintUserMessages: [GoodGuy_C_0] 1.0
[2017.03.10-17.51.57:079][283]LogBlueprintUserMessages: [GoodGuy_C_0] 1.0
[2017.03.10-17.51.57:095][284]LogBlueprintUserMessages: [GoodGuy_C_0] 1.0
[2017.03.10-17.51.57:111][285]LogBlueprintUserMessages: [GoodGuy_C_0] 1.0
[2017.03.10-17.51.57:127][286]LogBlueprintUserMessages: [GoodGuy_C_0] 1.0
[2017.03.10-17.51.57:144][287]LogBlueprintUserMessages: [GoodGuy_C_0] 1.0
[2017.03.10-17.51.57:160][288]LogBlueprintUserMessages: [GoodGuy_C_0] 1.0
[2017.03.10-17.51.57:177][289]LogBlueprintUserMessages: [GoodGuy_C_0] 1.0
[2017.03.10-17.51.57:192][290]LogBlueprintUserMessages: [GoodGuy_C_0] 1.0
[2017.03.10-17.51.57:208][291]LogBlueprintUserMessages: [GoodGuy_C_0] 1.0
[2017.03.10-17.51.57:224][292]LogBlueprintUserMessages: [GoodGuy_C_0] 1.0
[2017.03.10-17.51.57:242][293]LogBlueprintUserMessages: [GoodGuy_C_0] 1.0
[2017.03.10-17.51.57:257][294]LogNetVersion: GetLocalNetworkVersion: CL: 3106830, ProjectName: multiplayerv2, ProjectVersion: 1.0.0.0, EngineNetworkVersion: 1, GameNetworkVersion: 0, NetworkChecksum: 3293421298
[2017.03.10-17.51.57:259][294]LogInit: WinSock: I am ConnorPage (192.168.0.21:0)
[2017.03.10-17.51.57:452][294]LogPackageName: SearchForPackageOnDisk took   0.084s to resolve Lobby.umap.
[2017.03.10-17.51.57:453][294]LogGameMode:Display: Match State Changed from InProgress to LeavingMap
[2017.03.10-17.51.57:453][294]LogGameState: Match State Changed from InProgress to LeavingMap
[2017.03.10-17.51.57:534][294]LogPackageName: SearchForPackageOnDisk took   0.081s to resolve Lobby.umap.
[2017.03.10-17.51.57:534][294]LogNet: Browse: /Game/ThirdPersonBP/Maps/Lobby?Listen
[2017.03.10-17.51.57:534][294]LogLoad: LoadMap: /Game/ThirdPersonBP/Maps/Lobby?Listen
[2017.03.10-17.51.57:555][294]LogMemory: Platform Memory Stats for Windows
[2017.03.10-17.51.57:555][294]LogMemory: Process Physical Memory: 740.79 MB used, 745.38 MB peak
[2017.03.10-17.51.57:555][294]LogMemory: Process Virtual Memory: 915.86 MB used, 924.62 MB peak
[2017.03.10-17.51.57:555][294]LogMemory: Physical Memory: 5750.22 MB used, 8109.73 MB total
[2017.03.10-17.51.57:555][294]LogMemory: Virtual Memory: 1557.14 MB used, 134217728.00 MB total
[2017.03.10-17.51.57:555][294]LogMemory: 
[2017.03.10-17.51.57:555][294]Allocator Stats for TBB: (not implemented)
[2017.03.10-17.51.57:869][294]LogAIModule: Creating AISystem for world Lobby
[2017.03.10-17.51.57:870][294]LogWorld: Game class is 'LobbyGM_C'
[2017.03.10-17.51.57:870][294]LogInit: WinSock: Socket queue 131072 / 131072
[2017.03.10-17.51.57:871][294]PacketHandlerLog: Loaded PacketHandler component: Engine.EngineHandlerComponentFactory (StatelessConnectHandlerComponent)
[2017.03.10-17.51.57:871][294]LogNet: GameNetDriver IpNetDriver_0 IpNetDriver listening on port 7777
[2017.03.10-17.51.57:873][294]LogWorld: Bringing World /Game/ThirdPersonBP/Maps/Lobby.Lobby up for play (max tick rate 0) at 2017.03.10-17.51.57
[2017.03.10-17.51.57:873][294]LogWorld: Bringing up level for play took: 0.001553
[2017.03.10-17.51.57:874][294]LogGameMode:Display: Match State Changed from EnteringMap to WaitingToStart
[2017.03.10-17.51.57:874][294]LogGameState: Match State Changed from EnteringMap to WaitingToStart
[2017.03.10-17.51.57:874][294]LogGameMode:Display: Match State Changed from WaitingToStart to InProgress
[2017.03.10-17.51.57:874][294]LogOnline:Warning: NULL: Can't start an online session (Game) in state InProgress
[2017.03.10-17.51.57:885][294]LogVoice:Warning: Failed to initialize voice interface
[2017.03.10-17.51.57:887][294]LogGameState: Match State Changed from WaitingToStart to InProgress
[2017.03.10-17.51.57:887][294]LogLoad: Took 0.353077 seconds to LoadMap(/Game/ThirdPersonBP/Maps/Lobby)
[2017.03.10-17.52.12:666][198]LogWindowsTextInputMethodSystem:Display: IME system now deactivated.
[2017.03.10-17.52.12:670][198]LogScriptCore:Warning: Script Msg: DestroySession - Invalid player state
[2017.03.10-17.52.12:670][198]LogScriptCore:Warning: 
[2017.03.10-17.52.12:670][198]LogEngine: All Windows Closed
[2017.03.10-17.52.12:670][198]LogWindows: FPlatformMisc::RequestExit(0)
[2017.03.10-17.52.12:671][199]LogMoviePlayer: Shutting down movie player
[2017.03.10-17.52.13:437][199]LogNet: World NetDriver shutdown IpNetDriver_0 [GameNetDriver]
[2017.03.10-17.52.13:437][199]LogNet: DestroyNamedNetDriver IpNetDriver_0 [GameNetDriver]
[2017.03.10-17.52.13:437][199]LogExit: GameNetDriver IpNetDriver_0 shut down
[2017.03.10-17.52.13:438][199]LogExit: Preparing to exit.
[2017.03.10-17.52.14:280][199]LogExit: Game engine shut down
[2017.03.10-17.52.14:392][199]LogObj: Freed 0b from 0 cluster array pools.
[2017.03.10-17.52.14:392][199]LogExit: Object subsystem successfully closed.
[2017.03.10-17.52.14:405][199]LogD3D11RHI: Shutdown
[2017.03.10-17.52.14:405][199]LogD3D11RHI: CleanupD3DDevice
[2017.03.10-17.52.14:473][199]LogD3D11RHI: ~FD3D11DynamicRHI
[2017.03.10-17.52.14:477][199]LogModuleManager: Shutting down and abandoning module SequenceRecorderSections (122)
[2017.03.10-17.52.14:477][199]LogModuleManager: Shutting down and abandoning module SequenceRecorder (121)
[2017.03.10-17.52.14:477][199]LogModuleManager: Shutting down and abandoning module AutomationController (120)
[2017.03.10-17.52.14:477][199]LogModuleManager: Shutting down and abandoning module AutomationWorker (119)
[2017.03.10-17.52.14:477][199]LogModuleManager: Shutting down and abandoning module GameplayDebugger (118)
[2017.03.10-17.52.14:477][199]LogModuleManager: Shutting down and abandoning module AITestSuite (117)
[2017.03.10-17.52.14:477][199]LogModuleManager: Shutting down and abandoning module AIModule (116)
[2017.03.10-17.52.14:477][199]LogModuleManager: Shutting down and abandoning module WmfMediaFactory (115)
[2017.03.10-17.52.14:477][199]LogModuleManager: Shutting down and abandoning module AvfMediaFactory (114)
[2017.03.10-17.52.14:477][199]LogModuleManager: Shutting down and abandoning module Media (113)
[2017.03.10-17.52.14:477][199]LogModuleManager: Shutting down and abandoning module AndroidMediaFactory (112)
[2017.03.10-17.52.14:477][199]LogModuleManager: Shutting down and abandoning module CharacterAI (111)
[2017.03.10-17.52.14:477][199]LogModuleManager: Shutting down and abandoning module SessionServices (110)
[2017.03.10-17.52.14:477][199]LogModuleManager: Shutting down and abandoning module MovieSceneCapture (109)
[2017.03.10-17.52.14:477][199]LogModuleManager: Shutting down and abandoning module Niagara (108)
[2017.03.10-17.52.14:477][199]LogModuleManager: Shutting down and abandoning module StreamingPauseRendering (107)
[2017.03.10-17.52.14:477][199]LogModuleManager: Shutting down and abandoning module PortalServices (106)
[2017.03.10-17.52.14:477][199]LogModuleManager: Shutting down and abandoning module PortalRpc (105)
[2017.03.10-17.52.14:477][199]LogModuleManager: Shutting down and abandoning module MessagingRpc (104)
[2017.03.10-17.52.14:477][199]LogModuleManager: Shutting down and abandoning module ProfilerService (103)
[2017.03.10-17.52.14:670][199]LogModuleManager: Shutting down and abandoning module TaskGraph (102)
[2017.03.10-17.52.14:670][199]LogModuleManager: Shutting down and abandoning module SlateRemote (101)
[2017.03.10-17.52.14:670][199]LogModuleManager: Shutting down and abandoning module SteamVRController (100)
[2017.03.10-17.52.14:670][199]LogModuleManager: Shutting down and abandoning module SteamVR (99)
[2017.03.10-17.52.14:670][199]LogModuleManager: Shutting down and abandoning module ProceduralMeshComponent (98)
[2017.03.10-17.52.14:670][199]LogModuleManager: Shutting down and abandoning module OculusLibrary (97)
[2017.03.10-17.52.14:670][199]LogModuleManager: Shutting down and abandoning module OculusInput (96)
[2017.03.10-17.52.14:670][199]LogModuleManager: Shutting down and abandoning module CustomMeshComponent (95)
[2017.03.10-17.52.14:670][199]LogModuleManager: Shutting down and abandoning module CableComponent (94)
[2017.03.10-17.52.14:670][199]LogModuleManager: Shutting down and abandoning module ArchVisCharacter (93)
[2017.03.10-17.52.14:670][199]LogModuleManager: Shutting down and abandoning module HTML5Networking (92)
[2017.03.10-17.52.14:670][199]LogModuleManager: Shutting down and abandoning module DesktopPlatform (91)
[2017.03.10-17.52.14:670][199]LogModuleManager: Shutting down and abandoning module DirectoryWatcher (90)
[2017.03.10-17.52.14:670][199]LogModuleManager: Shutting down and abandoning module HotReload (89)
[2017.03.10-17.52.14:670][199]LogModuleManager: Shutting down and abandoning module VisualStudioSourceCodeAccess (88)
[2017.03.10-17.52.14:670][199]LogModuleManager: Shutting down and abandoning module UObjectPlugin (87)
[2017.03.10-17.52.14:670][199]LogModuleManager: Shutting down and abandoning module SubversionSourceControl (86)
[2017.03.10-17.52.14:670][199]LogModuleManager: Shutting down and abandoning module SourceControl (85)
[2017.03.10-17.52.14:670][199]LogModuleManager: Shutting down and abandoning module PerforceSourceControl (84)
[2017.03.10-17.52.14:670][199]LogModuleManager: Shutting down and abandoning module UdpMessaging (83)
[2017.03.10-17.52.14:771][199]LogModuleManager: Shutting down and abandoning module TcpMessaging (82)
[2017.03.10-17.52.15:121][199]LogModuleManager: Shutting down and abandoning module SubstanceCore (81)
[2017.03.10-17.52.15:121][199]LogModuleManager: Shutting down and abandoning module LightPropagationVolumeRuntime (80)
[2017.03.10-17.52.15:121][199]LogModuleManager: Shutting down and abandoning module Paper2D (79)
[2017.03.10-17.52.15:121][199]LogModuleManager: Shutting down and abandoning module WindowsMoviePlayer (78)
[2017.03.10-17.52.15:122][199]LogModuleManager: Shutting down and abandoning module WmfMedia (77)
[2017.03.10-17.52.15:122][199]LogModuleManager: Shutting down and abandoning module MediaAssets (76)
[2017.03.10-17.52.15:122][199]LogModuleManager: Shutting down and abandoning module GameLiveStreaming (75)
[2017.03.10-17.52.15:122][199]LogModuleManager: Shutting down and abandoning module GameplayTagsEditor (74)
[2017.03.10-17.52.15:122][199]LogModuleManager: Shutting down and abandoning module VREditor (73)
[2017.03.10-17.52.15:122][199]LogModuleManager: Shutting down and abandoning module GameplayTasksEditor (72)
[2017.03.10-17.52.15:122][199]LogModuleManager: Shutting down and abandoning module PropertyEditor (71)
[2017.03.10-17.52.15:122][199]LogModuleManager: Shutting down and abandoning module BehaviorTreeEditor (70)
[2017.03.10-17.52.15:122][199]LogModuleManager: Shutting down and abandoning module FunctionalTesting (69)
[2017.03.10-17.52.15:122][199]LogModuleManager: Shutting down and abandoning module CollisionAnalyzer (68)
[2017.03.10-17.52.15:122][199]LogModuleManager: Shutting down and abandoning module Sequencer (67)
[2017.03.10-17.52.15:122][199]LogModuleManager: Shutting down and abandoning module WorkspaceMenuStructure (66)
[2017.03.10-17.52.15:122][199]LogModuleManager: Shutting down and abandoning module MessageLog (65)
[2017.03.10-17.52.15:122][199]LogModuleManager: Shutting down and abandoning module AssetTools (64)
[2017.03.10-17.52.15:122][199]LogModuleManager: Shutting down and abandoning module UMGEditor (63)
[2017.03.10-17.52.15:122][199]LogModuleManager: Shutting down and abandoning module UMG (62)
[2017.03.10-17.52.15:122][199]LogModuleManager: Shutting down and abandoning module SlateReflector (61)
[2017.03.10-17.52.15:122][199]LogModuleManager: Shutting down and abandoning module Slate (60)
[2017.03.10-17.52.15:122][199]LogModuleManager: Shutting down and abandoning module EditorStyle (59)
[2017.03.10-17.52.15:123][199]LogModuleManager: Shutting down and abandoning module Messaging (58)
[2017.03.10-17.52.15:123][199]LogModuleManager: Shutting down and abandoning module SourceCodeAccess (57)
[2017.03.10-17.52.15:123][199]LogModuleManager: Shutting down and abandoning module HeadMountedDisplay (56)
[2017.03.10-17.52.15:123][199]LogModuleManager: Shutting down and abandoning module XAudio2 (55)
[2017.03.10-17.52.15:123][199]LogModuleManager: Shutting down and abandoning module Networking (54)
[2017.03.10-17.52.15:123][199]LogModuleManager: Shutting down and abandoning module Core (53)
[2017.03.10-17.52.15:123][199]LogModuleManager: Shutting down and abandoning module KismetCompiler (52)
[2017.03.10-17.52.15:123][199]LogModuleManager: Shutting down and abandoning module PhysXFormats (51)
[2017.03.10-17.52.15:123][199]LogModuleManager: Shutting down and abandoning module MeshUtilities (50)
[2017.03.10-17.52.15:123][199]LogModuleManager: Shutting down and abandoning module AssetRegistry (49)
[2017.03.10-17.52.15:124][199]LogModuleManager: Shutting down and abandoning module DerivedDataCache (48)
[2017.03.10-17.52.15:612][199]LogDerivedDataCache: Shutdown
[2017.03.10-17.52.15:612][199]LogModuleManager: Shutting down and abandoning module VulkanShaderFormat (47)
[2017.03.10-17.52.15:612][199]LogModuleManager: Shutting down and abandoning module ShaderFormatOpenGL (46)
[2017.03.10-17.52.15:612][199]LogModuleManager: Shutting down and abandoning module ShaderFormatD3D (45)
[2017.03.10-17.52.15:612][199]LogModuleManager: Shutting down and abandoning module MetalShaderFormat (44)
[2017.03.10-17.52.15:612][199]LogModuleManager: Shutting down and abandoning module TextureFormatUncompressed (43)
[2017.03.10-17.52.15:612][199]LogModuleManager: Shutting down and abandoning module TextureFormatPVR (42)
[2017.03.10-17.52.15:612][199]LogModuleManager: Shutting down and abandoning module TextureFormatDXT (41)
[2017.03.10-17.52.15:612][199]LogModuleManager: Shutting down and abandoning module TextureFormatIntelISPCTexComp (40)
[2017.03.10-17.52.15:613][199]LogModuleManager: Shutting down and abandoning module ImageWrapper (39)
[2017.03.10-17.52.15:613][199]LogModuleManager: Shutting down and abandoning module TextureFormatASTC (38)
[2017.03.10-17.52.15:613][199]LogModuleManager: Shutting down and abandoning module TextureFormatAndroid (37)
[2017.03.10-17.52.15:613][199]LogModuleManager: Shutting down and abandoning module AudioFormatOpus (36)
[2017.03.10-17.52.15:613][199]LogModuleManager: Shutting down and abandoning module AudioFormatOgg (35)
[2017.03.10-17.52.15:613][199]LogModuleManager: Shutting down and abandoning module AudioFormatADPCM (34)
[2017.03.10-17.52.15:613][199]LogModuleManager: Shutting down and abandoning module WindowsTargetPlatform (33)
[2017.03.10-17.52.15:613][199]LogModuleManager: Shutting down and abandoning module WindowsServerTargetPlatform (32)
[2017.03.10-17.52.15:613][199]LogModuleManager: Shutting down and abandoning module WindowsNoEditorTargetPlatform (31)
[2017.03.10-17.52.15:613][199]LogModuleManager: Shutting down and abandoning module WindowsClientTargetPlatform (30)
[2017.03.10-17.52.15:613][199]LogModuleManager: Shutting down and abandoning module TargetPlatform (29)
[2017.03.10-17.52.15:613][199]LogModuleManager: Shutting down and abandoning module InputCore (28)
[2017.03.10-17.52.15:613][199]LogModuleManager: Shutting down and abandoning module Settings (27)
[2017.03.10-17.52.15:613][199]LogModuleManager: Shutting down and abandoning module OculusRift (26)
[2017.03.10-17.52.15:613][199]LogModuleManager: Shutting down and abandoning module GearVR (25)
[2017.03.10-17.52.15:613][199]LogModuleManager: Shutting down and abandoning module ExampleDeviceProfileSelector (24)
[2017.03.10-17.52.15:613][199]LogModuleManager: Shutting down and abandoning module OnlineBlueprintSupport (23)
[2017.03.10-17.52.15:613][199]LogModuleManager: Shutting down and abandoning module Voice (21)
[2017.03.10-17.52.15:613][199]LogModuleManager: Shutting down and abandoning module OnlineSubsystem (17)
[2017.03.10-17.52.15:613][199]LogOnline:Display: NULL: FOnlineSubsystemNull::Shutdown()
[2017.03.10-17.52.15:613][199]LogOnline:Display: NULL: FOnlineSubsystemNull::Shutdown()
[2017.03.10-17.52.15:614][199]LogOnline:Display: Unloading online subsystem: NULL
[2017.03.10-17.52.15:614][199]LogModuleManager: Shutting down and abandoning module HTTP (16)
[2017.03.10-17.52.15:620][199]LogModuleManager: Shutting down and abandoning module XMPP (15)
[2017.03.10-17.52.15:620][199]LogModuleManager: Shutting down and abandoning module TextureCompressor (14)
[2017.03.10-17.52.15:621][199]LogModuleManager: Shutting down and abandoning module ShaderCore (13)
[2017.03.10-17.52.15:621][199]LogModuleManager: Shutting down and abandoning module Landscape (12)
[2017.03.10-17.52.15:621][199]LogModuleManager: Shutting down and abandoning module SlateRHIRenderer (11)
[2017.03.10-17.52.15:621][199]LogModuleManager: Shutting down and abandoning module OpenGLDrv (10)
[2017.03.10-17.52.15:621][199]LogModuleManager: Shutting down and abandoning module D3D11RHI (9)
[2017.03.10-17.52.15:621][199]LogModuleManager: Shutting down and abandoning module AnimGraphRuntime (8)
[2017.03.10-17.52.15:621][199]LogModuleManager: Shutting down and abandoning module Renderer (7)
[2017.03.10-17.52.15:621][199]LogModuleManager: Shutting down and abandoning module Engine (6)
[2017.03.10-17.52.15:621][199]LogModuleManager: Shutting down and abandoning module CoreUObject (5)
[2017.03.10-17.52.15:621][199]LogModuleManager: Shutting down and abandoning module NetworkFile (4)
[2017.03.10-17.52.15:621][199]LogModuleManager: Shutting down and abandoning module StreamingFile (3)
[2017.03.10-17.52.15:621][199]LogModuleManager: Shutting down and abandoning module SandboxFile (2)
[2017.03.10-17.52.15:621][199]LogModuleManager: Shutting down and abandoning module PakFile (1)
[2017.03.10-17.52.15:622][199]LogExit: Exiting.
[2017.03.10-17.52.15:624][199]Log file closed, 03/10/17 17:52:15
