Log file open, 10/28/16 02:11:13
LogInit:Display: Running engine for game: BuildingTrial
LogPlatformFile: Not using cached read wrapper
LogInit:Display: RandInit(1258445511) SRandInit(1258445511).
LogTaskGraph: Started task graph with 5 named threads and 8 total threads with 1 sets of task threads.
LogStats: Stats thread started at 0.135372
LogPluginManager: Loaded Plugin Paper2D, From D:/Program Files/Unreal/Epic Games/4.13/Engine/Plugins/2D/Paper2D/Paper2D.uplugin
LogPluginManager: Loaded Plugin LightPropagationVolume, From D:/Program Files/Unreal/Epic Games/4.13/Engine/Plugins/Blendables/LightPropagationVolume/LightPropagationVolume.uplugin
LogPluginManager: Loaded Plugin BlankPlugin, From D:/Program Files/Unreal/Epic Games/4.13/Engine/Plugins/Developer/BlankPlugin/BlankPlugin.uplugin
LogPluginManager: Loaded Plugin CodeLiteSourceCodeAccess, From D:/Program Files/Unreal/Epic Games/4.13/Engine/Plugins/Developer/CodeLiteSourceCodeAccess/CodeLiteSourceCodeAccess.uplugin
LogPluginManager: Loaded Plugin GitSourceControl, From D:/Program Files/Unreal/Epic Games/4.13/Engine/Plugins/Developer/GitSourceControl/GitSourceControl.uplugin
LogPluginManager: Loaded Plugin KDevelopSourceCodeAccess, From D:/Program Files/Unreal/Epic Games/4.13/Engine/Plugins/Developer/KDevelopSourceCodeAccess/KDevelopSourceCodeAccess.uplugin
LogPluginManager: Loaded Plugin NullSourceCodeAccess, From D:/Program Files/Unreal/Epic Games/4.13/Engine/Plugins/Developer/NullSourceCodeAccess/NullSourceCodeAccess.uplugin
LogPluginManager: Loaded Plugin OneSkyLocalizationService, From D:/Program Files/Unreal/Epic Games/4.13/Engine/Plugins/Developer/OneSkyLocalizationService/OneSkyLocalizationService.uplugin
LogPluginManager: Loaded Plugin PerforceSourceControl, From D:/Program Files/Unreal/Epic Games/4.13/Engine/Plugins/Developer/PerforceSourceControl/PerforceSourceControl.uplugin
LogPluginManager: Loaded Plugin SubversionSourceControl, From D:/Program Files/Unreal/Epic Games/4.13/Engine/Plugins/Developer/SubversionSourceControl/SubversionSourceControl.uplugin
LogPluginManager: Loaded Plugin UObjectPlugin, From D:/Program Files/Unreal/Epic Games/4.13/Engine/Plugins/Developer/UObjectPlugin/UObjectPlugin.uplugin
LogPluginManager: Loaded Plugin VisualStudioSourceCodeAccess, From D:/Program Files/Unreal/Epic Games/4.13/Engine/Plugins/Developer/VisualStudioSourceCodeAccess/VisualStudioSourceCodeAccess.uplugin
LogPluginManager: Loaded Plugin XCodeSourceCodeAccess, From D:/Program Files/Unreal/Epic Games/4.13/Engine/Plugins/Developer/XCodeSourceCodeAccess/XCodeSourceCodeAccess.uplugin
LogPluginManager: Loaded Plugin EpicSurvey, From D:/Program Files/Unreal/Epic Games/4.13/Engine/Plugins/Editor/EpicSurvey/EpicSurvey.uplugin
LogPluginManager: Loaded Plugin MacGraphicsSwitching, From D:/Program Files/Unreal/Epic Games/4.13/Engine/Plugins/Editor/MacGraphicsSwitching/MacGraphicsSwitching.uplugin
LogPluginManager: Loaded Plugin MobileLauncherProfileWizard, From D:/Program Files/Unreal/Epic Games/4.13/Engine/Plugins/Editor/MobileLauncherProfileWizard/MobileLauncherProfileWizard.uplugin
LogPluginManager: Loaded Plugin PluginBrowser, From D:/Program Files/Unreal/Epic Games/4.13/Engine/Plugins/Editor/PluginBrowser/PluginBrowser.uplugin
LogPluginManager: Loaded Plugin SpeedTreeImporter, From D:/Program Files/Unreal/Epic Games/4.13/Engine/Plugins/Editor/SpeedTreeImporter/SpeedTreeImporter.uplugin
LogPluginManager: Loaded Plugin SuperSearchEditor, From D:/Program Files/Unreal/Epic Games/4.13/Engine/Plugins/Editor/SuperSearchEditor/SuperSearchEditor.uplugin
LogPluginManager: Loaded Plugin AlembicImporter, From D:/Program Files/Unreal/Epic Games/4.13/Engine/Plugins/Experimental/AlembicImporter/AlembicImporter.uplugin
LogPluginManager: Loaded Plugin BlueprintStats, From D:/Program Files/Unreal/Epic Games/4.13/Engine/Plugins/Experimental/BlueprintStats/BlueprintStats.uplugin
LogPluginManager: Loaded Plugin CharacterAI, From D:/Program Files/Unreal/Epic Games/4.13/Engine/Plugins/Experimental/CharacterAI/CharacterAI.uplugin
LogPluginManager: Loaded Plugin CodeEditor, From D:/Program Files/Unreal/Epic Games/4.13/Engine/Plugins/Experimental/CodeEditor/CodeEditor.uplugin
LogPluginManager: Loaded Plugin CodeView, From D:/Program Files/Unreal/Epic Games/4.13/Engine/Plugins/Experimental/CodeView/CodeView.uplugin
LogPluginManager: Loaded Plugin HTML5Networking, From D:/Program Files/Unreal/Epic Games/4.13/Engine/Plugins/Experimental/HTML5Networking/HTML5Networking.uplugin
LogPluginManager: Loaded Plugin LiveEditor, From D:/Program Files/Unreal/Epic Games/4.13/Engine/Plugins/Experimental/LiveEditor/LiveEditor.uplugin
LogPluginManager: Loaded Plugin OSVR, From D:/Program Files/Unreal/Epic Games/4.13/Engine/Plugins/Experimental/OSVR/OSVR.uplugin
LogPluginManager: Loaded Plugin Phya, From D:/Program Files/Unreal/Epic Games/4.13/Engine/Plugins/Experimental/Phya/Phya.uplugin
LogPluginManager: Loaded Plugin SignificanceManager, From D:/Program Files/Unreal/Epic Games/4.13/Engine/Plugins/Experimental/SignificanceManager/SignificanceManager.uplugin
LogPluginManager: Loaded Plugin SimpleHMD, From D:/Program Files/Unreal/Epic Games/4.13/Engine/Plugins/Experimental/SimpleHMD/SimpleHMD.uplugin
LogPluginManager: Loaded Plugin StereoPanorama, From D:/Program Files/Unreal/Epic Games/4.13/Engine/Plugins/Experimental/StereoPanorama/StereoPanorama.uplugin
LogPluginManager: Loaded Plugin StructBox, From D:/Program Files/Unreal/Epic Games/4.13/Engine/Plugins/Experimental/StructBox/StructBox.uplugin
LogPluginManager: Loaded Plugin Substance, From D:/Program Files/Unreal/Epic Games/4.13/Engine/Plugins/Marketplace/Substance/Substance.uplugin
LogPluginManager: Loaded Plugin AndroidMedia, From D:/Program Files/Unreal/Epic Games/4.13/Engine/Plugins/Media/AndroidMedia/AndroidMedia.uplugin
LogPluginManager: Loaded Plugin AvfMedia, From D:/Program Files/Unreal/Epic Games/4.13/Engine/Plugins/Media/AvfMedia/AvfMedia.uplugin
LogPluginManager: Loaded Plugin MediaPlayerEditor, From D:/Program Files/Unreal/Epic Games/4.13/Engine/Plugins/Media/MediaPlayerEditor/MediaPlayerEditor.uplugin
LogPluginManager: Loaded Plugin WmfMedia, From D:/Program Files/Unreal/Epic Games/4.13/Engine/Plugins/Media/WmfMedia/WmfMedia.uplugin
LogPluginManager: Loaded Plugin MessagingDebugger, From D:/Program Files/Unreal/Epic Games/4.13/Engine/Plugins/Messaging/MessagingDebugger/MessagingDebugger.uplugin
LogPluginManager: Loaded Plugin TcpMessaging, From D:/Program Files/Unreal/Epic Games/4.13/Engine/Plugins/Messaging/TcpMessaging/TcpMessaging.uplugin
LogPluginManager: Loaded Plugin UdpMessaging, From D:/Program Files/Unreal/Epic Games/4.13/Engine/Plugins/Messaging/UdpMessaging/UdpMessaging.uplugin
LogPluginManager: Loaded Plugin LevelSequenceEditor, From D:/Program Files/Unreal/Epic Games/4.13/Engine/Plugins/MovieScene/LevelSequenceEditor/LevelSequenceEditor.uplugin
LogPluginManager: Loaded Plugin MatineeToLevelSequence, From D:/Program Files/Unreal/Epic Games/4.13/Engine/Plugins/MovieScene/MatineeToLevelSequence/MatineeToLevelSequence.uplugin
LogPluginManager: Loaded Plugin NetcodeUnitTest, From D:/Program Files/Unreal/Epic Games/4.13/Engine/Plugins/NetcodeUnitTest/NetcodeUnitTest/NetcodeUnitTest.uplugin
LogPluginManager: Loaded Plugin NUTUnrealEngine4, From D:/Program Files/Unreal/Epic Games/4.13/Engine/Plugins/NetcodeUnitTest/NUTUnrealEngine4/NUTUnrealEngine4.uplugin
LogPluginManager: Loaded Plugin OnlineSubsystemGooglePlay, From D:/Program Files/Unreal/Epic Games/4.13/Engine/Plugins/Online/Android/OnlineSubsystemGooglePlay/OnlineSubsystemGooglePlay.uplugin
LogPluginManager: Loaded Plugin OnlineSubsystemIOS, From D:/Program Files/Unreal/Epic Games/4.13/Engine/Plugins/Online/IOS/OnlineSubsystemIOS/OnlineSubsystemIOS.uplugin
LogPluginManager: Loaded Plugin OnlineFramework, From D:/Program Files/Unreal/Epic Games/4.13/Engine/Plugins/Online/OnlineFramework/OnlineFramework.uplugin
LogPluginManager: Loaded Plugin OnlineSubsystem, From D:/Program Files/Unreal/Epic Games/4.13/Engine/Plugins/Online/OnlineSubsystem/OnlineSubsystem.uplugin
LogPluginManager: Loaded Plugin OnlineSubsystemAmazon, From D:/Program Files/Unreal/Epic Games/4.13/Engine/Plugins/Online/OnlineSubsystemAmazon/OnlineSubsystemAmazon.uplugin
LogPluginManager: Loaded Plugin OnlineSubsystemFacebook, From D:/Program Files/Unreal/Epic Games/4.13/Engine/Plugins/Online/OnlineSubsystemFacebook/OnlineSubsystemFacebook.uplugin
LogPluginManager: Loaded Plugin OnlineSubsystemNull, From D:/Program Files/Unreal/Epic Games/4.13/Engine/Plugins/Online/OnlineSubsystemNull/OnlineSubsystemNull.uplugin
LogPluginManager: Loaded Plugin OnlineSubsystemOculus, From D:/Program Files/Unreal/Epic Games/4.13/Engine/Plugins/Online/OnlineSubsystemOculus/OnlineSubsystemOculus.uplugin
LogPluginManager: Loaded Plugin OnlineSubsystemSteam, From D:/Program Files/Unreal/Epic Games/4.13/Engine/Plugins/Online/OnlineSubsystemSteam/OnlineSubsystemSteam.uplugin
LogPluginManager: Loaded Plugin OnlineSubsystemUtils, From D:/Program Files/Unreal/Epic Games/4.13/Engine/Plugins/Online/OnlineSubsystemUtils/OnlineSubsystemUtils.uplugin
LogPluginManager: Loaded Plugin IOSTapJoy, From D:/Program Files/Unreal/Epic Games/4.13/Engine/Plugins/Runtime/Advertising/IOSTapJoy/IOSTapJoy.uplugin
LogPluginManager: Loaded Plugin AnalyticsBlueprintLibrary, From D:/Program Files/Unreal/Epic Games/4.13/Engine/Plugins/Runtime/Analytics/AnalyticsBlueprintLibrary/AnalyticsBlueprintLibrary.uplugin
LogPluginManager: Loaded Plugin AnalyticsMulticast, From D:/Program Files/Unreal/Epic Games/4.13/Engine/Plugins/Runtime/Analytics/AnalyticsMulticast/AnalyticsMulticast.uplugin
LogPluginManager: Loaded Plugin Apsalar, From D:/Program Files/Unreal/Epic Games/4.13/Engine/Plugins/Runtime/Analytics/Apsalar/Apsalar.uplugin
LogPluginManager: Loaded Plugin FileLogging, From D:/Program Files/Unreal/Epic Games/4.13/Engine/Plugins/Runtime/Analytics/FileLogging/FileLogging.uplugin
LogPluginManager: Loaded Plugin Flurry, From D:/Program Files/Unreal/Epic Games/4.13/Engine/Plugins/Runtime/Analytics/Flurry/Flurry.uplugin
LogPluginManager: Loaded Plugin AndroidDeviceProfileSelector, From D:/Program Files/Unreal/Epic Games/4.13/Engine/Plugins/Runtime/AndroidDeviceProfileSelector/AndroidDeviceProfileSelector.uplugin
LogPluginManager: Loaded Plugin AndroidMoviePlayer, From D:/Program Files/Unreal/Epic Games/4.13/Engine/Plugins/Runtime/AndroidMoviePlayer/AndroidMoviePlayer.uplugin
LogPluginManager: Loaded Plugin AppleMoviePlayer, From D:/Program Files/Unreal/Epic Games/4.13/Engine/Plugins/Runtime/AppleMoviePlayer/AppleMoviePlayer.uplugin
LogPluginManager: Loaded Plugin ArchVisCharacter, From D:/Program Files/Unreal/Epic Games/4.13/Engine/Plugins/Runtime/ArchVisCharacter/ArchVisCharacter.uplugin
LogPluginManager: Loaded Plugin CableComponent, From D:/Program Files/Unreal/Epic Games/4.13/Engine/Plugins/Runtime/CableComponent/CableComponent.uplugin
LogPluginManager: Loaded Plugin CustomMeshComponent, From D:/Program Files/Unreal/Epic Games/4.13/Engine/Plugins/Runtime/CustomMeshComponent/CustomMeshComponent.uplugin
LogPluginManager: Loaded Plugin ExampleDeviceProfileSelector, From D:/Program Files/Unreal/Epic Games/4.13/Engine/Plugins/Runtime/ExampleDeviceProfileSelector/ExampleDeviceProfileSelector.uplugin
LogPluginManager: Loaded Plugin GearVR, From D:/Program Files/Unreal/Epic Games/4.13/Engine/Plugins/Runtime/GearVR/GearVR.uplugin
LogPluginManager: Loaded Plugin GoogleVRController, From D:/Program Files/Unreal/Epic Games/4.13/Engine/Plugins/Runtime/GoogleVR/GoogleVRController/GoogleVRController.uplugin
LogPluginManager: Loaded Plugin GoogleVRHMD, From D:/Program Files/Unreal/Epic Games/4.13/Engine/Plugins/Runtime/GoogleVR/GoogleVRHMD/GoogleVRHMD.uplugin
LogPluginManager: Loaded Plugin IOSDeviceProfileSelector, From D:/Program Files/Unreal/Epic Games/4.13/Engine/Plugins/Runtime/IOSDeviceProfileSelector/IOSDeviceProfileSelector.uplugin
LogPluginManager: Loaded Plugin LeapMotion, From D:/Program Files/Unreal/Epic Games/4.13/Engine/Plugins/Runtime/LeapMotion/LeapMotion.uplugin
LogPluginManager: Loaded Plugin LinuxDeviceProfileSelector, From D:/Program Files/Unreal/Epic Games/4.13/Engine/Plugins/Runtime/LinuxDeviceProfileSelector/LinuxDeviceProfileSelector.uplugin
LogPluginManager: Loaded Plugin LiveEditorListenServer, From D:/Program Files/Unreal/Epic Games/4.13/Engine/Plugins/Runtime/LiveEditorListenServer/LiveEditorListenServer.uplugin
LogPluginManager: Loaded Plugin OculusAudio, From D:/Program Files/Unreal/Epic Games/4.13/Engine/Plugins/Runtime/OculusAudio/OculusAudio.uplugin
LogPluginManager: Loaded Plugin OculusInput, From D:/Program Files/Unreal/Epic Games/4.13/Engine/Plugins/Runtime/OculusInput/OculusInput.uplugin
LogPluginManager: Loaded Plugin OculusLibrary, From D:/Program Files/Unreal/Epic Games/4.13/Engine/Plugins/Runtime/OculusLibrary/OculusLibrary.uplugin
LogPluginManager: Loaded Plugin OculusRift, From D:/Program Files/Unreal/Epic Games/4.13/Engine/Plugins/Runtime/OculusRift/OculusRift.uplugin
LogPluginManager: Loaded Plugin Oodle, From D:/Program Files/Unreal/Epic Games/4.13/Engine/Plugins/Runtime/PacketHandlers/CompressionComponents/Oodle/Oodle.uplugin
LogPluginManager: Loaded Plugin ProceduralMeshComponent, From D:/Program Files/Unreal/Epic Games/4.13/Engine/Plugins/Runtime/ProceduralMeshComponent/ProceduralMeshComponent.uplugin
LogPluginManager: Loaded Plugin SoundMod, From D:/Program Files/Unreal/Epic Games/4.13/Engine/Plugins/Runtime/SoundMod/SoundMod.uplugin
LogPluginManager: Loaded Plugin SoundVisualizations, From D:/Program Files/Unreal/Epic Games/4.13/Engine/Plugins/Runtime/SoundVisualizations/SoundVisualizations.uplugin
LogPluginManager: Loaded Plugin SteamController, From D:/Program Files/Unreal/Epic Games/4.13/Engine/Plugins/Runtime/Steam/SteamController/SteamController.uplugin
LogPluginManager: Loaded Plugin SteamVR, From D:/Program Files/Unreal/Epic Games/4.13/Engine/Plugins/Runtime/Steam/SteamVR/SteamVR.uplugin
LogPluginManager: Loaded Plugin WebBrowserWidget, From D:/Program Files/Unreal/Epic Games/4.13/Engine/Plugins/Runtime/WebBrowserWidget/WebBrowserWidget.uplugin
LogPluginManager: Loaded Plugin WindowsDeviceProfileSelector, From D:/Program Files/Unreal/Epic Games/4.13/Engine/Plugins/Runtime/WindowsDeviceProfileSelector/WindowsDeviceProfileSelector.uplugin
LogPluginManager: Loaded Plugin WindowsMoviePlayer, From D:/Program Files/Unreal/Epic Games/4.13/Engine/Plugins/Runtime/WindowsMoviePlayer/WindowsMoviePlayer.uplugin
LogPluginManager: Loaded Plugin ScriptPlugin, From D:/Program Files/Unreal/Epic Games/4.13/Engine/Plugins/ScriptPlugin/ScriptPlugin.uplugin
LogPluginManager: Loaded Plugin SlateRemote, From D:/Program Files/Unreal/Epic Games/4.13/Engine/Plugins/Slate/SlateRemote/SlateRemote.uplugin
LogInit: Using libcurl 7.47.1
LogInit:  - built for x86_64-pc-win32
LogInit:  - supports SSL with WinSSL
LogInit:  - other features:
LogInit:      CURL_VERSION_SSL
LogInit:      CURL_VERSION_IPV6
LogInit:      CURL_VERSION_ASYNCHDNS
LogInit:      CURL_VERSION_LARGEFILE
LogInit:      CURL_VERSION_IDN
LogInit:  CurlRequestOptions (configurable via config and command line):
LogInit:  - bVerifyPeer = false  - Libcurl will NOT verify peer certificate
LogInit:  - bUseHttpProxy = false  - Libcurl will NOT use HTTP proxy
LogInit:  - bDontReuseConnections = false  - Libcurl will reuse connections
LogInit:  - CertBundlePath = nullptr  - Libcurl will use whatever was configured at build time.
LogInit: Build: ++UE4+Release-4.13-CL-3142249
LogInit: Engine Version: 4.13.1-3142249+++UE4+Release-4.13
LogInit: Compatible Engine Version: 4.13.0-3106830+++UE4+Release-4.13
LogInit: Net CL: 3142249
LogDevObjectVersion: Number of dev versions registered: 13
LogDevObjectVersion:   Dev-Blueprints (B0D832E4-1F89-4F0D-ACCF-7EB736FD4AA2): 5
LogDevObjectVersion:   Dev-Build (E1C64328-A22C-4D53-A36C-8E866417BD8C): 0
LogDevObjectVersion:   Dev-Core (375EC13C-06E4-48FB-B500-84F0262A717E): 1
LogDevObjectVersion:   Dev-Editor (E4B068ED-F494-42E9-A231-DA0B2E46BB41): 6
LogDevObjectVersion:   Dev-Framework (CFFC743F-43B0-4480-9391-14DF171D2073): 12
LogDevObjectVersion:   Dev-Mobile (B02B49B5-BB20-44E9-A304-32B752E40360): 0
LogDevObjectVersion:   Dev-Networking (A4E4105C-59A1-49B5-A7C5-40C4547EDFEE): 0
LogDevObjectVersion:   Dev-Online (39C831C9-5AE6-47DC-9A44-9C173E1C8E7C): 0
LogDevObjectVersion:   Dev-Physics (78F01B33-EBEA-4F98-B9B4-84EACCB95AA2): 0
LogDevObjectVersion:   Dev-Platform (6631380F-2D4D-43E0-8009-CF276956A95A): 0
LogDevObjectVersion:   Dev-Rendering (12F88B9F-8875-4AFC-A67C-D90C383ABD29): 4
LogDevObjectVersion:   Dev-Sequencer (7B5AE74C-D270-4C10-A958-57980B212A5A): 0
LogDevObjectVersion:   Dev-VR (D7296918-1DD6-4BDD-9DE2-64A83CC13884): 0
LogInit: Compiled (64-bit): Sep 28 2016 02:12:12
LogInit: Compiled with Visual C++: 19.00.23026.00
LogInit: Build Configuration: Development
LogInit: Branch Name: ++UE4+Release-4.13
LogInit: Command line:  
LogInit: Base directory: D:/Program Files/Unreal/Epic Games/4.13/Engine/Binaries/Win64/
LogInit: Installed Engine Build: 1
LogInit: Presizing for max 8388607 objects, including 0 objects not considered by GC, pre-allocating 0 bytes for permanent pool.
LogInit: Object subsystem initialized
[2016.10.28-01.11.13:959][  0]LogInit: Selected Device Profile: [Windows]
[2016.10.28-01.11.13:959][  0]LogInit: Applying CVar settings loaded from the selected device profile: [Windows]
[2016.10.28-01.11.14:128][  0]LogInit: Computer: KIERAN-PC
[2016.10.28-01.11.14:128][  0]LogInit: User: Kieran
[2016.10.28-01.11.14:128][  0]LogInit: CPU Page size=65536, Cores=4
[2016.10.28-01.11.14:128][  0]LogInit: High frequency timer resolution =3.903990 MHz
[2016.10.28-01.11.14:143][  0]LogMemory: Memory total: Physical=23.9GB (24GB approx)
[2016.10.28-01.11.14:147][  0]LogMemory: Platform Memory Stats for Windows
[2016.10.28-01.11.14:147][  0]LogMemory: Process Physical Memory: 256.43 MB used, 256.43 MB peak
[2016.10.28-01.11.14:147][  0]LogMemory: Process Virtual Memory: 260.00 MB used, 260.00 MB peak
[2016.10.28-01.11.14:147][  0]LogMemory: Physical Memory: 3955.24 MB used, 24519.05 MB total
[2016.10.28-01.11.14:147][  0]LogMemory: Virtual Memory: 623.23 MB used, 134217728.00 MB total
[2016.10.28-01.11.15:080][  0]LogTextLocalizationManager: No specific translations for ('en-US') exist, so ('en') translations will be used.
[2016.10.28-01.11.18:401][  0]LogD3D11RHI: D3D11 adapters:
[2016.10.28-01.11.18:448][  0]LogD3D11RHI:    0. 'NVIDIA GeForce GTX 970' (Feature Level 11_0)
[2016.10.28-01.11.18:448][  0]LogD3D11RHI:       4058/0/12259 MB DedicatedVideo/DedicatedSystem/SharedSystem, Outputs:2, VendorId:0x10de
[2016.10.28-01.11.18:450][  0]LogD3D11RHI:    1. 'Microsoft Basic Render Driver' (Feature Level 11_0)
[2016.10.28-01.11.18:450][  0]LogD3D11RHI:       0/0/12259 MB DedicatedVideo/DedicatedSystem/SharedSystem, Outputs:0, VendorId:0x1414
[2016.10.28-01.11.18:450][  0]LogD3D11RHI: Chosen D3D11 Adapter: 0
[2016.10.28-01.11.18:454][  0]LogD3D11RHI: Creating new Direct3DDevice
[2016.10.28-01.11.18:454][  0]LogD3D11RHI:     GPU DeviceId: 0x13c2 (for the marketing name, search the web for "GPU Device Id")
[2016.10.28-01.11.18:454][  0]LogWindows: EnumDisplayDevices:
[2016.10.28-01.11.18:454][  0]LogWindows:    0. 'NVIDIA GeForce GTX 970' (P:1 D:1)
[2016.10.28-01.11.18:455][  0]LogWindows:    1. 'NVIDIA GeForce GTX 970' (P:0 D:1)
[2016.10.28-01.11.18:455][  0]LogWindows:    2. 'NVIDIA GeForce GTX 970' (P:0 D:0)
[2016.10.28-01.11.18:455][  0]LogWindows:    3. 'NVIDIA GeForce GTX 970' (P:0 D:0)
[2016.10.28-01.11.18:455][  0]LogWindows: DebugString: FoundDriverCount:4 
[2016.10.28-01.11.18:455][  0]LogD3D11RHI:     Adapter Name: NVIDIA GeForce GTX 970
[2016.10.28-01.11.18:455][  0]LogD3D11RHI:   Driver Version: 369.09 (internal:21.21.13.6909, unified:369.09)
[2016.10.28-01.11.18:455][  0]LogD3D11RHI:      Driver Date: 8-1-2016
[2016.10.28-01.11.18:455][  0]LogRHI: Texture pool is 1361 MB (70% of 1945 MB)
[2016.10.28-01.11.18:472][  0]LogD3D11RHI: Async texture creation enabled
[2016.10.28-01.11.18:747][  0]LogD3D11RHI: GPU Timing Frequency: 1000.000000 (Debug: 2 1)
[2016.10.28-01.11.18:829][  0]LogShaderCompilers: Guid format shader working directory is 6 characters bigger than the processId version (F:/University/Year2GameDev/BuildingTrial/Intermediate/Shaders/WorkingDirectory/10940/).
[2016.10.28-01.11.18:829][  0]LogShaderCompilers: Cleaned the shader compiler working directory 'C:/Users/Kieran/AppData/Local/Temp/UnrealShaderWorkingDir/7B9B8DBA4C69221E07D269BB5A53F3A5/'.
[2016.10.28-01.11.18:836][  0]LogShaderCompilers:Display: Using Local Shader Compiler.
[2016.10.28-01.11.22:243][  0]LogTemp:Display: Loaded TP AllDesktopTargetPlatform
[2016.10.28-01.11.22:250][  0]LogTemp:Display: Loaded TP WindowsClientTargetPlatform
[2016.10.28-01.11.22:256][  0]LogTemp:Display: Loaded TP WindowsNoEditorTargetPlatform
[2016.10.28-01.11.22:262][  0]LogTemp:Display: Loaded TP WindowsServerTargetPlatform
[2016.10.28-01.11.22:270][  0]LogTemp:Display: Loaded TP WindowsTargetPlatform
[2016.10.28-01.11.22:288][  0]LogTemp:Display: Loaded TP AndroidTargetPlatform
[2016.10.28-01.11.22:294][  0]LogTemp:Display: Loaded TP Android_ASTCTargetPlatform
[2016.10.28-01.11.22:299][  0]LogTemp:Display: Loaded TP Android_ATCTargetPlatform
[2016.10.28-01.11.22:305][  0]LogTemp:Display: Loaded TP Android_DXTTargetPlatform
[2016.10.28-01.11.22:311][  0]LogTemp:Display: Loaded TP Android_ETC1TargetPlatform
[2016.10.28-01.11.22:316][  0]LogTemp:Display: Loaded TP Android_ETC2TargetPlatform
[2016.10.28-01.11.22:338][  0]LogTemp:Display: Loaded TP Android_MultiTargetPlatform
[2016.10.28-01.11.22:338][  0]LogTemp:Display: Loaded TP Android_PVRTCTargetPlatform
[2016.10.28-01.11.22:339][  0]LogTemp:Display: Loaded TP HTML5TargetPlatform
[2016.10.28-01.11.22:435][  0]LogTemp:Display: Loaded TP IOSTargetPlatform
[2016.10.28-01.11.22:440][  0]LogTemp:Display: Loaded TP TVOSTargetPlatform
[2016.10.28-01.11.22:445][  0]LogTemp:Display: Loaded TP LinuxClientTargetPlatform
[2016.10.28-01.11.22:450][  0]LogTemp:Display: Loaded TP LinuxNoEditorTargetPlatform
[2016.10.28-01.11.22:455][  0]LogTemp:Display: Loaded TP LinuxServerTargetPlatform
[2016.10.28-01.11.22:473][  0]LogTemp:Display: Loaded TP LinuxTargetPlatform
[2016.10.28-01.11.22:473][  0]LogTargetPlatformManager:Display: Building Assets For Windows
[2016.10.28-01.11.23:286][  0]LogDerivedDataCache:Display: Max Cache Size: 512 MB
[2016.10.28-01.11.23:732][  0]LogDerivedDataCache: Loaded boot cache 0.45s 62MB C:/Users/Kieran/AppData/Local/UnrealEngine/4.13/DerivedDataCache/Boot.ddc.
[2016.10.28-01.11.23:733][  0]LogDerivedDataCache:Display: Loaded Boot cache: C:/Users/Kieran/AppData/Local/UnrealEngine/4.13/DerivedDataCache/Boot.ddc
[2016.10.28-01.11.23:733][  0]LogDerivedDataCache: FDerivedDataBackendGraph:  Pak pak cache file F:/University/Year2GameDev/BuildingTrial/DerivedDataCache/DDC.ddp not found, will not use a pak cache.
[2016.10.28-01.11.23:733][  0]LogDerivedDataCache: Unable to find inner node Pak for hierarchical cache Hierarchy.
[2016.10.28-01.11.23:733][  0]LogDerivedDataCache: FDerivedDataBackendGraph:  CompressedPak pak cache file F:/University/Year2GameDev/BuildingTrial/DerivedDataCache/Compressed.ddp not found, will not use a pak cache.
[2016.10.28-01.11.23:733][  0]LogDerivedDataCache: Unable to find inner node CompressedPak for hierarchical cache Hierarchy.
[2016.10.28-01.11.23:845][  0]LogDerivedDataCache:Display: Pak cache opened for reading ../../../Engine/DerivedDataCache/Compressed.ddp.
[2016.10.28-01.11.23:858][  0]LogDerivedDataCache: Using Local data cache path C:/Users/Kieran/AppData/Local/UnrealEngine/Common/DerivedDataCache: Writable
[2016.10.28-01.11.31:002][  0]LogInit: Selected Device Profile: [Windows]
[2016.10.28-01.11.31:192][  0]LogContentStreaming: Texture pool size is 0.00 MB
[2016.10.28-01.11.31:495][  0]LogMeshUtilities: No automatic mesh reduction module available
[2016.10.28-01.11.31:495][  0]LogMeshUtilities: No automatic mesh merging module available
[2016.10.28-01.11.31:495][  0]LogMeshUtilities: No distributed automatic mesh merging module available
[2016.10.28-01.11.32:920][  0]LogMaterial: Uniform references updated for custom material expression Custom.
[2016.10.28-01.11.35:987][  0]LogNetVersion: GetLocalNetworkVersion: CL: 3106830, ProjectName: buildingtrial, ProjectVersion: , EngineNetworkVersion: 1, GameNetworkVersion: 0, NetworkChecksum: 163623750
[2016.10.28-01.11.36:167][  0]LogAssetRegistry: FAssetRegistry took 0.0316 seconds to start up
[2016.10.28-01.11.36:484][  0]LogPackageLocalizationCache: Processed 3 localized package path(s) for 2 prioritized culture(s) in 0.298430 seconds
[2016.10.28-01.11.36:489][  0]LogUObjectArray: 29778 objects as part of root set at end of initial load.
[2016.10.28-01.11.36:489][  0]LogUObjectAllocator: 6125448 out of 0 bytes used by permanent object pool.
[2016.10.28-01.11.36:489][  0]LogUObjectArray: CloseDisregardForGC: 0/0 objects in disregard for GC pool
[2016.10.28-01.11.36:519][  0]LogInit: WinSock: version 1.1 (2.2), MaxSocks=32767, MaxUdp=65467
[2016.10.28-01.11.40:101][  0]LogSlate: SlateFontCache - WITH_FREETYPE: 1, WITH_HARFBUZZ: 1
[2016.10.28-01.11.40:101][  0]LogSlate: SlateFontCache - WITH_FREETYPE: 1, WITH_HARFBUZZ: 1
[2016.10.28-01.11.52:934][  0]LogSubstanceCoreModule: Substance CPU Engine Loaded, Max Texture Size 2048
[2016.10.28-01.11.52:989][  0]LogTcpMessaging: Initializing TcpMessaging bridge
[2016.10.28-01.11.53:050][  0]LogUdpMessaging: Initializing bridge on interface 0.0.0.0:0 to multicast group 230.0.0.1:6666.
[2016.10.28-01.11.55:005][  0]SourceControl: Info Source control is disabled
[2016.10.28-01.11.55:018][  0]SourceControl: Info Source control is disabled
[2016.10.28-01.11.55:080][  0]SourceControl: Info Source control is disabled
[2016.10.28-01.11.55:120][  0]SourceControl: Info Source control is disabled
[2016.10.28-01.11.56:811][  0]LogEngine: Initializing Engine...
[2016.10.28-01.11.56:812][  0]LogHMD: Failed to initialize OpenVR with code 110
[2016.10.28-01.11.57:891][  0]LogAIModule: Creating AISystem for world Untitled
[2016.10.28-01.11.58:031][  0]LogInit: XAudio2 using 'SE32HY02UK-8 (NVIDIA High Definition Audio)' : 2 channels at 48 kHz using 16 bits per sample (channel mask 0x3)
[2016.10.28-01.11.58:058][  0]LogInit: FAudioDevice initialized.
[2016.10.28-01.11.58:110][  0]LogDerivedDataCache: Saved boot cache 0.05s 62MB C:/Users/Kieran/AppData/Local/UnrealEngine/4.13/DerivedDataCache/Boot.ddc.
[2016.10.28-01.11.58:121][  0]LogInit: Texture streaming: Enabled
[2016.10.28-01.11.58:477][  0]LogInit: Transaction tracking system initialized
[2016.10.28-01.11.58:944][  0]BlueprintLog: New page: Editor Load
[2016.10.28-01.12.02:324][  0]LocalizationService: Info Localization service is disabled
[2016.10.28-01.12.02:938][  0]LogConsoleResponse:Display: 
[2016.10.28-01.12.04:918][  0]LogFileCache: Scanning file cache for directory 'F:/University/Year2GameDev/BuildingTrial/Content/' took 0.01s
[2016.10.28-01.12.04:918][  0]LogCook:Display: Max memory allowance for cook 16384mb min free memory 0mb
[2016.10.28-01.12.04:918][  0]LogCook:Display: Mobile HDR setting 1
[2016.10.28-01.12.06:921][  0]SourceControl: Info Source control is disabled
[2016.10.28-01.12.06:940][  0]Cmd: MAP LOAD FILE="F:/University/Year2GameDev/BuildingTrial/Content/ThirdPersonBP/Maps/ThirdPersonExampleMap.umap" TEMPLATE=0 SHOWPROGRESS=1 FEATURELEVEL=3
[2016.10.28-01.12.06:954][  0]LightingResults: New page: Lighting Build
[2016.10.28-01.12.07:210][  0]MapCheck: New page: Map Check
[2016.10.28-01.12.07:210][  0]LightingResults: New page: Lighting Build
[2016.10.28-01.12.10:948][  0]LogAIModule: Creating AISystem for world ThirdPersonExampleMap
[2016.10.28-01.12.12:060][  0]LogEditorServer: Finished looking for orphan Actors (0.000 secs)
[2016.10.28-01.12.12:162][  0]Cmd: MAP CHECKDEP NOCLEARLOG
[2016.10.28-01.12.12:210][  0]MapCheck: Info Map check complete: 0 Error(s), 0 Warning(s), took 46.769ms to complete.
[2016.10.28-01.12.12:210][  0]LogFileHelpers: Loading map 'ThirdPersonExampleMap' took 5.274
[2016.10.28-01.12.14:379][  0]LogCollectionManager: Loaded 0 collections in 0.001781 seconds
[2016.10.28-01.12.14:553][  0]LogFileCache: Scanning file cache for directory 'F:/University/Year2GameDev/BuildingTrial/Saved/Collections/' took 0.01s
[2016.10.28-01.12.14:553][  0]LogFileCache: Scanning file cache for directory 'F:/University/Year2GameDev/BuildingTrial/Content/Developers/Kieran/Collections/' took 0.01s
[2016.10.28-01.12.14:553][  0]LogFileCache: Scanning file cache for directory 'F:/University/Year2GameDev/BuildingTrial/Content/Collections/' took 0.01s
[2016.10.28-01.12.14:553][  0]LogCollectionManager: Rebuilt the GUID cache for 0 collections in 0.000002 seconds
[2016.10.28-01.12.14:598][  0]LogContentBrowser: Native class hierarchy populated in 0.0299 seconds. Added 2156 classes and 421 folders.
[2016.10.28-01.12.14:792][  0]LogStats: UGameplayTagsManager::ConstructGameplayTagTree: Construct from data asset -  0.000 s
[2016.10.28-01.12.14:793][  0]LogStats: UGameplayTagsManager::ConstructGameplayTagTree: GameplayTagTreeChangedEvent.Broadcast -  0.001 s
[2016.10.28-01.12.14:795][  0]LogContentBrowser: Native class hierarchy updated for 'GameplayTags' in 0.0020 seconds. Added 12 classes and 0 folders.
[2016.10.28-01.12.14:883][  0]LogContentBrowser: Native class hierarchy updated for 'WidgetCarousel' in 0.0012 seconds. Added 0 classes and 0 folders.
[2016.10.28-01.12.16:089][  0]LogContentBrowser: Native class hierarchy updated for 'AddContentDialog' in 0.0013 seconds. Added 0 classes and 0 folders.
[2016.10.28-01.12.16:157][  0]LogContentBrowser: Native class hierarchy updated for 'SceneOutliner' in 0.0014 seconds. Added 1 classes and 2 folders.
[2016.10.28-01.12.16:505][  0]LogCrashTracker: Crashtracker disabled due to settings.
[2016.10.28-01.12.16:640][  0]LogUObjectGlobals:Warning: Failed to find object 'Class None.'
[2016.10.28-01.12.16:728][  0]LogContentBrowser: Native class hierarchy updated for 'HierarchicalLODOutliner' in 0.0006 seconds. Added 1 classes and 2 folders.
[2016.10.28-01.12.16:728][  0]LogLoad: (Engine Initialization) Total time: 68.06 seconds
[2016.10.28-01.12.16:728][  0]LogLoad: (Engine Initialization) Total Blueprint compile time: 0.92 seconds
[2016.10.28-01.12.16:728][  0]LogExternalProfiler: Found external profiler: VSPerf
[2016.10.28-01.12.16:728][  0]LogExternalProfiler: Using external profiler: VSPerf
[2016.10.28-01.12.17:104][  0]LogOcInput: OculusInput pre-init called
[2016.10.28-01.12.17:271][  0]LogContentStreaming: Texture pool size now 1000 MB
[2016.10.28-01.12.18:241][  1]LogRenderer: Reallocating scene render targets to support 796x320 (Frame:2).
[2016.10.28-01.12.19:346][  4]LogAssetRegistry: Asset discovery search completed in 43.2017 seconds
[2016.10.28-01.12.19:365][  4]LogCollectionManager: Rebuilt the object cache for 0 collections in 0.000001 seconds (found 0 objects)
[2016.10.28-01.12.19:365][  4]LogCollectionManager: Fixed up redirectors for 0 collections in 0.018726 seconds (updated 0 objects)
[2016.10.28-01.12.26:221][625]LogRenderer: Reallocating scene render targets to support 1124x484 (Frame:623).
[2016.10.28-01.12.27:256][742]LogBlueprintUserMessages: Early PlayInEditor Detection: Level '/Game/ThirdPersonBP/Maps/ThirdPersonExampleMap.ThirdPersonExampleMap:PersistentLevel' has LevelScriptBlueprint '/Game/ThirdPersonBP/Maps/ThirdPersonExampleMap.ThirdPersonExampleMap:PersistentLevel.ThirdPersonExampleMap' with GeneratedClass '/Game/ThirdPersonBP/Maps/ThirdPersonExampleMap.ThirdPersonExampleMap_C' with ClassGeneratedBy '/Game/ThirdPersonBP/Maps/ThirdPersonExampleMap.ThirdPersonExampleMap:PersistentLevel.ThirdPersonExampleMap'
[2016.10.28-01.12.27:293][742]LogPlayLevel: PlayLevel: No blueprints needed recompiling
[2016.10.28-01.12.27:359][742]PIE: New page: PIE session: ThirdPersonExampleMap (Oct 28, 2016, 2:12:27 AM)
[2016.10.28-01.12.27:359][742]LogPlayLevel: Creating play world package: /Game/ThirdPersonBP/Maps/UEDPIE_0_ThirdPersonExampleMap
[2016.10.28-01.12.27:382][742]LogPlayLevel: PIE: StaticDuplicateObject took: (0.023582s)
[2016.10.28-01.12.27:383][742]LogAIModule: Creating AISystem for world ThirdPersonExampleMap
[2016.10.28-01.12.27:383][742]LogPlayLevel: PIE: World Init took: (0.001116s)
[2016.10.28-01.12.27:384][742]LogPlayLevel: PIE: Created PIE world by copying editor world from /Game/ThirdPersonBP/Maps/ThirdPersonExampleMap.ThirdPersonExampleMap to /Game/ThirdPersonBP/Maps/UEDPIE_0_ThirdPersonExampleMap.ThirdPersonExampleMap (0.024932s)
[2016.10.28-01.12.27:449][742]LogInit: XAudio2 using 'SE32HY02UK-8 (NVIDIA High Definition Audio)' : 2 channels at 48 kHz using 16 bits per sample (channel mask 0x3)
[2016.10.28-01.12.27:453][742]LogInit: FAudioDevice initialized.
[2016.10.28-01.12.27:561][742]LogWorld: Game class is 'ThirdPersonGameMode_C'
[2016.10.28-01.12.27:599][742]LogWorld: Bringing World /Game/ThirdPersonBP/Maps/UEDPIE_0_ThirdPersonExampleMap.ThirdPersonExampleMap up for play (max tick rate 0) at 2016.10.28-02.12.27
[2016.10.28-01.12.27:600][742]LogWorld: Bringing up level for play took: 0.002673
[2016.10.28-01.12.27:679][742]LogContentBrowser: Native class hierarchy updated for 'MovieSceneCapture' in 0.0004 seconds. Added 11 classes and 0 folders.
[2016.10.28-01.12.27:680][742]LogGameMode:Display: Match State Changed from EnteringMap to WaitingToStart
[2016.10.28-01.12.27:680][742]LogGameState: Match State Changed from EnteringMap to WaitingToStart
[2016.10.28-01.12.27:680][742]LogGameMode:Display: Match State Changed from WaitingToStart to InProgress
[2016.10.28-01.12.27:680][742]LogGameState: Match State Changed from WaitingToStart to InProgress
[2016.10.28-01.12.27:680][742]PIE: Info Play in editor start time for /Game/ThirdPersonBP/Maps/UEDPIE_0_ThirdPersonExampleMap -0.511
[2016.10.28-01.12.27:680][742]LogBlueprintUserMessages: Late PlayInEditor Detection: Level '/Game/ThirdPersonBP/Maps/ThirdPersonExampleMap.ThirdPersonExampleMap:PersistentLevel' has LevelScriptBlueprint '/Game/ThirdPersonBP/Maps/ThirdPersonExampleMap.ThirdPersonExampleMap:PersistentLevel.ThirdPersonExampleMap' with GeneratedClass '/Game/ThirdPersonBP/Maps/ThirdPersonExampleMap.ThirdPersonExampleMap_C' with ClassGeneratedBy '/Game/ThirdPersonBP/Maps/ThirdPersonExampleMap.ThirdPersonExampleMap:PersistentLevel.ThirdPersonExampleMap'
[2016.10.28-01.12.40:476][262]LogBlueprintUserMessages: Early EndPlayMap Detection: Level '/Game/ThirdPersonBP/Maps/ThirdPersonExampleMap.ThirdPersonExampleMap:PersistentLevel' has LevelScriptBlueprint '/Game/ThirdPersonBP/Maps/ThirdPersonExampleMap.ThirdPersonExampleMap:PersistentLevel.ThirdPersonExampleMap' with GeneratedClass '/Game/ThirdPersonBP/Maps/ThirdPersonExampleMap.ThirdPersonExampleMap_C' with ClassGeneratedBy '/Game/ThirdPersonBP/Maps/ThirdPersonExampleMap.ThirdPersonExampleMap:PersistentLevel.ThirdPersonExampleMap'
[2016.10.28-01.12.40:586][262]LogBlueprintUserMessages: Late EndPlayMap Detection: Level '/Game/ThirdPersonBP/Maps/ThirdPersonExampleMap.ThirdPersonExampleMap:PersistentLevel' has LevelScriptBlueprint '/Game/ThirdPersonBP/Maps/ThirdPersonExampleMap.ThirdPersonExampleMap:PersistentLevel.ThirdPersonExampleMap' with GeneratedClass '/Game/ThirdPersonBP/Maps/ThirdPersonExampleMap.ThirdPersonExampleMap_C' with ClassGeneratedBy '/Game/ThirdPersonBP/Maps/ThirdPersonExampleMap.ThirdPersonExampleMap:PersistentLevel.ThirdPersonExampleMap'
[2016.10.28-01.13.04:786][ 61]LogContentBrowser: Native class hierarchy updated for 'BlueprintGraph' in 0.0015 seconds. Added 112 classes and 0 folders.
[2016.10.28-01.22.30:824][328]LogFileHelpers: Editor autosave (incl. sublevels) for '/Game/ThirdPersonBP/Maps/ThirdPersonExampleMap' took 0.052
[2016.10.28-01.22.30:875][328]OBJ SavePackage: Generating thumbnails for [1] asset(s) in package [/Game/ThirdPersonBP/Blueprints/ThirdPersonCharacter] ([1] browsable assets)...
[2016.10.28-01.22.30:912][328]OBJ SavePackage:     Rendered thumbnail for [Blueprint /Game/ThirdPersonBP/Blueprints/ThirdPersonCharacter.ThirdPersonCharacter]
[2016.10.28-01.22.30:912][328]OBJ SavePackage: Finished generating thumbnails for package [/Game/ThirdPersonBP/Blueprints/ThirdPersonCharacter]
[2016.10.28-01.22.34:599][328]LogSavePackage: Save=3581.26ms
[2016.10.28-01.22.34:599][328]LogSavePackage: Moving 'F:/University/Year2GameDev/BuildingTrial/Saved/ThirdPersonCharacter_Auto1F298760341D040C879EB7A95E6720EB1.tmp' to 'F:/University/Year2GameDev/BuildingTrial/Saved/Autosaves/Game/ThirdPersonBP/Blueprints/ThirdPersonCharacter_Auto1.uasset'
[2016.10.28-01.22.34:618][328]LogSavePackage:Display: Finished SavePackage F:/University/Year2GameDev/BuildingTrial/Saved/Autosaves/Game/ThirdPersonBP/Blueprints/ThirdPersonCharacter_Auto1.uasset
[2016.10.28-01.22.34:618][328]LogFileHelpers: Auto-saving content packages took 3.765
[2016.10.28-01.33.01:786][564]LogSavePackage: Save=6854.72ms
[2016.10.28-01.33.01:786][564]LogSavePackage: Moving 'F:/University/Year2GameDev/BuildingTrial/Saved/ThirdPersonExampleMapB20BF1F1484DEC2FFC8402868D51D50D.tmp' to 'F:/University/Year2GameDev/BuildingTrial/Content/ThirdPersonBP/Maps/ThirdPersonExampleMap.umap'
[2016.10.28-01.33.01:857][564]LogSavePackage:Display: Finished SavePackage F:/University/Year2GameDev/BuildingTrial/Content/ThirdPersonBP/Maps/ThirdPersonExampleMap.umap
[2016.10.28-01.33.02:003][564]LogFileHelpers: Saving map 'ThirdPersonExampleMap' took 8.630
[2016.10.28-01.33.02:024][564]Cmd: OBJ SAVEPACKAGE PACKAGE="/Game/ThirdPersonBP/Blueprints/ThirdPersonCharacter" FILE="F:/University/Year2GameDev/BuildingTrial/Content/ThirdPersonBP/Blueprints/ThirdPersonCharacter.uasset" SILENT=true
[2016.10.28-01.33.05:816][564]LogSavePackage: Save=3689.30ms
[2016.10.28-01.33.05:818][564]LogSavePackage: Moving 'F:/University/Year2GameDev/BuildingTrial/Saved/ThirdPersonCharacter9112DD29412D72A8302BE2910817EA72.tmp' to 'F:/University/Year2GameDev/BuildingTrial/Content/ThirdPersonBP/Blueprints/ThirdPersonCharacter.uasset'
[2016.10.28-01.33.05:878][564]LogSavePackage:Display: Finished SavePackage F:/University/Year2GameDev/BuildingTrial/Content/ThirdPersonBP/Blueprints/ThirdPersonCharacter.uasset
[2016.10.28-01.33.06:870][662]BlueprintLog: New page: Compile ThirdPersonCharacter
[2016.10.28-01.34.08:603][641]LogSavePackage: Save=11162.81ms
[2016.10.28-01.34.08:604][641]LogSavePackage: Moving 'F:/University/Year2GameDev/BuildingTrial/Saved/ThirdPersonExampleMap3C1C53E84C5F4728905D8FA0BA3DA099.tmp' to 'F:/University/Year2GameDev/BuildingTrial/Content/ThirdPersonBP/Maps/ThirdPersonExampleMap.umap'
[2016.10.28-01.34.08:657][641]LogSavePackage:Display: Finished SavePackage F:/University/Year2GameDev/BuildingTrial/Content/ThirdPersonBP/Maps/ThirdPersonExampleMap.umap
[2016.10.28-01.34.08:818][641]LogFileHelpers: Saving map 'ThirdPersonExampleMap' took 11.460
[2016.10.28-01.34.13:295][137]LogWindowsTextInputMethodSystem:Display: IME system now deactivated.
[2016.10.28-01.34.13:680][138]Cmd: QUIT_EDITOR
[2016.10.28-01.34.13:882][138]LogExit: Preparing to exit.
[2016.10.28-01.34.14:711][138]LogExit: Editor shut down
[2016.10.28-01.34.14:711][138]LogExit: Transaction tracking system shut down
[2016.10.28-01.34.15:170][138]LogObj: Freed 0b from 0 cluster array pools.
[2016.10.28-01.34.15:170][138]LogExit: Object subsystem successfully closed.
[2016.10.28-01.34.15:218][138]LogD3D11RHI: Shutdown
[2016.10.28-01.34.15:218][138]LogD3D11RHI: CleanupD3DDevice
[2016.10.28-01.34.15:302][138]LogD3D11RHI: ~FD3D11DynamicRHI
[2016.10.28-01.34.15:505][138]LogModuleManager: Shutting down and abandoning module BlueprintGraph (238)
[2016.10.28-01.34.15:505][138]LogModuleManager: Shutting down and abandoning module BlueprintProfiler (237)
[2016.10.28-01.34.15:514][138]LogModuleManager: Shutting down and abandoning module MovieSceneCapture (236)
[2016.10.28-01.34.15:514][138]LogModuleManager: Shutting down and abandoning module HierarchicalLODOutliner (235)
[2016.10.28-01.34.15:521][138]LogModuleManager: Shutting down and abandoning module CrashTracker (234)
[2016.10.28-01.34.15:521][138]LogModuleManager: Shutting down and abandoning module SceneOutliner (233)
[2016.10.28-01.34.15:521][138]LogModuleManager: Shutting down and abandoning module WidgetCarousel (232)
[2016.10.28-01.34.15:521][138]LogModuleManager: Shutting down and abandoning module AddContentDialog (231)
[2016.10.28-01.34.15:535][138]LogDirectoryWatcher: A directory notification for 'D:/Program Files/Unreal/Epic Games/4.13/FeaturePacks/' was aborted.
[2016.10.28-01.34.15:542][138]LogModuleManager: Shutting down and abandoning module GameplayTags (230)
[2016.10.28-01.34.15:543][138]LogModuleManager: Shutting down and abandoning module EditorWidgets (229)
[2016.10.28-01.34.15:543][138]LogModuleManager: Shutting down and abandoning module CollectionManager (228)
[2016.10.28-01.34.15:543][138]LogDirectoryWatcher: A directory notification for 'F:/University/Year2GameDev/BuildingTrial/Content/Collections/' was aborted.
[2016.10.28-01.34.15:543][138]LogDirectoryWatcher: A directory notification for 'F:/University/Year2GameDev/BuildingTrial/Content/Developers/Kieran/Collections/' was aborted.
[2016.10.28-01.34.15:543][138]LogDirectoryWatcher: A directory notification for 'F:/University/Year2GameDev/BuildingTrial/Saved/Collections/' was aborted.
[2016.10.28-01.34.15:543][138]LogModuleManager: Shutting down and abandoning module StatsViewer (227)
[2016.10.28-01.34.15:554][138]LogModuleManager: Shutting down and abandoning module FoliageEdit (226)
[2016.10.28-01.34.15:554][138]LogModuleManager: Shutting down and abandoning module LandscapeEditor (225)
[2016.10.28-01.34.15:566][138]LogModuleManager: Shutting down and abandoning module SceneDepthPickerMode (224)
[2016.10.28-01.34.15:566][138]LogModuleManager: Shutting down and abandoning module ActorPickerMode (223)
[2016.10.28-01.34.15:566][138]LogModuleManager: Shutting down and abandoning module GeometryMode (222)
[2016.10.28-01.34.15:566][138]LogModuleManager: Shutting down and abandoning module TextureAlignMode (221)
[2016.10.28-01.34.15:566][138]LogModuleManager: Shutting down and abandoning module BspMode (220)
[2016.10.28-01.34.15:566][138]LogModuleManager: Shutting down and abandoning module HardwareSurvey (219)
[2016.10.28-01.34.15:566][138]LogModuleManager: Shutting down and abandoning module SequenceRecorderSections (218)
[2016.10.28-01.34.15:566][138]LogModuleManager: Shutting down and abandoning module SequenceRecorder (217)
[2016.10.28-01.34.15:567][138]LogModuleManager: Shutting down and abandoning module AutomationWorker (216)
[2016.10.28-01.34.15:567][138]LogModuleManager: Shutting down and abandoning module MatineeToLevelSequence (215)
[2016.10.28-01.34.15:567][138]LogModuleManager: Shutting down and abandoning module PlacementMode (214)
[2016.10.28-01.34.15:571][138]LogModuleManager: Shutting down and abandoning module LevelSequenceEditor (213)
[2016.10.28-01.34.15:572][138]LogModuleManager: Shutting down and abandoning module WmfMediaFactory (212)
[2016.10.28-01.34.15:572][138]LogModuleManager: Shutting down and abandoning module WmfMediaEditor (211)
[2016.10.28-01.34.15:572][138]LogModuleManager: Shutting down and abandoning module AvfMediaFactory (210)
[2016.10.28-01.34.15:572][138]LogModuleManager: Shutting down and abandoning module AvfMediaEditor (209)
[2016.10.28-01.34.15:572][138]LogModuleManager: Shutting down and abandoning module Media (208)
[2016.10.28-01.34.15:572][138]LogModuleManager: Shutting down and abandoning module AndroidMediaFactory (207)
[2016.10.28-01.34.15:572][138]LogModuleManager: Shutting down and abandoning module AndroidMediaEditor (206)
[2016.10.28-01.34.15:572][138]LogModuleManager: Shutting down and abandoning module CharacterAI (205)
[2016.10.28-01.34.15:572][138]LogModuleManager: Shutting down and abandoning module SmartSnapping (204)
[2016.10.28-01.34.15:572][138]LogModuleManager: Shutting down and abandoning module SessionServices (203)
[2016.10.28-01.34.15:572][138]LogModuleManager: Shutting down and abandoning module ViewportSnapping (202)
[2016.10.28-01.34.15:572][138]LogModuleManager: Shutting down and abandoning module ViewportInteraction (201)
[2016.10.28-01.34.15:572][138]LogModuleManager: Shutting down and abandoning module LogVisualizer (200)
[2016.10.28-01.34.15:573][138]LogModuleManager: Shutting down and abandoning module GameProjectGeneration (199)
[2016.10.28-01.34.15:583][138]LogModuleManager: Shutting down and abandoning module IntroTutorials (198)
[2016.10.28-01.34.15:592][138]LogModuleManager: Shutting down and abandoning module EditorLiveStreaming (197)
[2016.10.28-01.34.15:592][138]LogModuleManager: Shutting down and abandoning module IOSPlatformEditor (196)
[2016.10.28-01.34.15:592][138]LogModuleManager: Shutting down and abandoning module HTML5PlatformEditor (195)
[2016.10.28-01.34.15:592][138]LogModuleManager: Shutting down and abandoning module AndroidDeviceDetection (194)
[2016.10.28-01.34.16:015][138]LogModuleManager: Shutting down and abandoning module AndroidPlatformEditor (193)
[2016.10.28-01.34.16:015][138]LogModuleManager: Shutting down and abandoning module IOSRuntimeSettings (192)
[2016.10.28-01.34.16:015][138]LogModuleManager: Shutting down and abandoning module AndroidRuntimeSettings (191)
[2016.10.28-01.34.16:015][138]LogModuleManager: Shutting down and abandoning module NiagaraEditor (190)
[2016.10.28-01.34.16:026][138]LogModuleManager: Shutting down and abandoning module MergeActors (189)
[2016.10.28-01.34.16:031][138]LogModuleManager: Shutting down and abandoning module SizeMap (188)
[2016.10.28-01.34.16:031][138]LogModuleManager: Shutting down and abandoning module TreeMap (187)
[2016.10.28-01.34.16:031][138]LogModuleManager: Shutting down and abandoning module ReferenceViewer (186)
[2016.10.28-01.34.16:031][138]LogModuleManager: Shutting down and abandoning module LocalizationService (185)
[2016.10.28-01.34.16:031][138]LogModuleManager: Shutting down and abandoning module LocalizationDashboard (184)
[2016.10.28-01.34.16:038][138]LogModuleManager: Shutting down and abandoning module HardwareTargeting (183)
[2016.10.28-01.34.16:038][138]LogModuleManager: Shutting down and abandoning module DeviceProfileEditor (182)
[2016.10.28-01.34.16:050][138]LogModuleManager: Shutting down and abandoning module UndoHistory (181)
[2016.10.28-01.34.16:050][138]LogModuleManager: Shutting down and abandoning module UserFeedback (180)
[2016.10.28-01.34.16:050][138]LogModuleManager: Shutting down and abandoning module XmlParser (179)
[2016.10.28-01.34.16:050][138]LogModuleManager: Shutting down and abandoning module Blutility (178)
[2016.10.28-01.34.16:050][138]LogModuleManager: Shutting down and abandoning module ProjectTargetPlatformEditor (177)
[2016.10.28-01.34.16:050][138]LogModuleManager: Shutting down and abandoning module ProjectSettingsViewer (176)
[2016.10.28-01.34.16:050][138]LogModuleManager: Shutting down and abandoning module InputBindingEditor (175)
[2016.10.28-01.34.16:050][138]LogModuleManager: Shutting down and abandoning module EditorSettingsViewer (174)
[2016.10.28-01.34.16:050][138]LogModuleManager: Shutting down and abandoning module SettingsEditor (173)
[2016.10.28-01.34.16:060][138]LogModuleManager: Shutting down and abandoning module ProjectLauncher (172)
[2016.10.28-01.34.16:068][138]LogModuleManager: Shutting down and abandoning module SessionFrontend (171)
[2016.10.28-01.34.16:073][138]LogModuleManager: Shutting down and abandoning module ProfilerClient (170)
[2016.10.28-01.34.16:086][138]LogModuleManager: Shutting down and abandoning module TargetDeviceServices (169)
[2016.10.28-01.34.16:086][138]LogModuleManager: Shutting down and abandoning module DeviceManager (168)
[2016.10.28-01.34.16:138][138]LogModuleManager: Shutting down and abandoning module AutomationController (167)
[2016.10.28-01.34.16:144][138]LogModuleManager: Shutting down and abandoning module AutomationWindow (166)
[2016.10.28-01.34.16:162][138]LogModuleManager: Shutting down and abandoning module Layers (165)
[2016.10.28-01.34.16:170][138]LogModuleManager: Shutting down and abandoning module ComponentVisualizers (164)
[2016.10.28-01.34.16:170][138]LogModuleManager: Shutting down and abandoning module DetailCustomizations (163)
[2016.10.28-01.34.16:177][138]LogModuleManager: Shutting down and abandoning module PackagesDialog (162)
[2016.10.28-01.34.16:177][138]LogModuleManager: Shutting down and abandoning module AnimGraph (161)
[2016.10.28-01.34.16:177][138]LogModuleManager: Shutting down and abandoning module Persona (160)
[2016.10.28-01.34.16:193][138]LogModuleManager: Shutting down and abandoning module Kismet (159)
[2016.10.28-01.34.16:197][138]LogModuleManager: Shutting down and abandoning module GraphEditor (158)
[2016.10.28-01.34.16:197][138]LogModuleManager: Shutting down and abandoning module ClassViewer (157)
[2016.10.28-01.34.16:210][138]LogModuleManager: Shutting down and abandoning module Toolbox (156)
[2016.10.28-01.34.16:210][138]LogModuleManager: Shutting down and abandoning module ModuleUI (155)
[2016.10.28-01.34.16:222][138]LogModuleManager: Shutting down and abandoning module MovieSceneTools (154)
[2016.10.28-01.34.16:222][138]LogModuleManager: Shutting down and abandoning module OutputLog (153)
[2016.10.28-01.34.16:222][138]LogModuleManager: Shutting down and abandoning module GammaUI (152)
[2016.10.28-01.34.16:234][138]LogModuleManager: Shutting down and abandoning module Documentation (151)
[2016.10.28-01.34.16:234][138]LogModuleManager: Shutting down and abandoning module Niagara (150)
[2016.10.28-01.34.16:234][138]LogModuleManager: Shutting down and abandoning module StreamingPauseRendering (149)
[2016.10.28-01.34.16:234][138]LogModuleManager: Shutting down and abandoning module AnalyticsET (148)
[2016.10.28-01.34.16:234][138]LogModuleManager: Shutting down and abandoning module PortalServices (147)
[2016.10.28-01.34.16:234][138]LogModuleManager: Shutting down and abandoning module PortalRpc (146)
[2016.10.28-01.34.16:234][138]LogModuleManager: Shutting down and abandoning module MessagingRpc (145)
[2016.10.28-01.34.16:234][138]LogModuleManager: Shutting down and abandoning module GameplayDebugger (144)
[2016.10.28-01.34.16:234][138]LogModuleManager: Shutting down and abandoning module AITestSuite (143)
[2016.10.28-01.34.16:234][138]LogModuleManager: Shutting down and abandoning module AIModule (142)
[2016.10.28-01.34.16:234][138]LogModuleManager: Shutting down and abandoning module ProfilerService (141)
[2016.10.28-01.34.16:438][138]LogModuleManager: Shutting down and abandoning module TaskGraph (140)
[2016.10.28-01.34.16:451][138]LogModuleManager: Shutting down and abandoning module SubstanceEditor (139)
[2016.10.28-01.34.16:463][138]LogModuleManager: Shutting down and abandoning module SlateRemote (138)
[2016.10.28-01.34.16:463][138]LogModuleManager: Shutting down and abandoning module SteamVRController (137)
[2016.10.28-01.34.16:463][138]LogModuleManager: Shutting down and abandoning module SteamVR (136)
[2016.10.28-01.34.16:463][138]LogModuleManager: Shutting down and abandoning module ProceduralMeshComponentEditor (135)
[2016.10.28-01.34.16:463][138]LogModuleManager: Shutting down and abandoning module ProceduralMeshComponent (134)
[2016.10.28-01.34.16:463][138]LogModuleManager: Shutting down and abandoning module OculusLibrary (133)
[2016.10.28-01.34.16:463][138]LogModuleManager: Shutting down and abandoning module OculusInput (132)
[2016.10.28-01.34.16:463][138]LogModuleManager: Shutting down and abandoning module CustomMeshComponent (131)
[2016.10.28-01.34.16:463][138]LogModuleManager: Shutting down and abandoning module CableComponent (130)
[2016.10.28-01.34.16:463][138]LogModuleManager: Shutting down and abandoning module ArchVisCharacter (129)
[2016.10.28-01.34.16:463][138]LogModuleManager: Shutting down and abandoning module MediaPlayerEditor (127)
[2016.10.28-01.34.16:478][138]LogModuleManager: Shutting down and abandoning module HTML5Networking (126)
[2016.10.28-01.34.16:478][138]LogModuleManager: Shutting down and abandoning module GeometryCacheEd (125)
[2016.10.28-01.34.16:478][138]LogModuleManager: Shutting down and abandoning module GeometryCache (124)
[2016.10.28-01.34.16:478][138]LogModuleManager: Shutting down and abandoning module AlembicLibrary (123)
[2016.10.28-01.34.16:478][138]LogModuleManager: Shutting down and abandoning module AlembicImporter (122)
[2016.10.28-01.34.16:484][138]LogModuleManager: Shutting down and abandoning module SuperSearch (121)
[2016.10.28-01.34.16:484][138]LogModuleManager: Shutting down and abandoning module SuperSearchEditor (120)
[2016.10.28-01.34.16:484][138]LogModuleManager: Shutting down and abandoning module SpeedTreeImporter (119)
[2016.10.28-01.34.16:484][138]LogModuleManager: Shutting down and abandoning module PluginBrowser (118)
[2016.10.28-01.34.16:484][138]LogModuleManager: Shutting down and abandoning module MobileLauncherProfileWizard (117)
[2016.10.28-01.34.16:494][138]LogModuleManager: Shutting down and abandoning module EpicSurvey (116)
[2016.10.28-01.34.16:494][138]LogModuleManager: Shutting down and abandoning module DesktopPlatform (115)
[2016.10.28-01.34.16:494][138]LogModuleManager: Shutting down and abandoning module VisualStudioSourceCodeAccess (114)
[2016.10.28-01.34.16:494][138]LogModuleManager: Shutting down and abandoning module UObjectPlugin (113)
[2016.10.28-01.34.16:494][138]LogModuleManager: Shutting down and abandoning module SubversionSourceControl (112)
[2016.10.28-01.34.16:494][138]LogModuleManager: Shutting down and abandoning module PerforceSourceControl (111)
[2016.10.28-01.34.16:494][138]LogModuleManager: Shutting down and abandoning module SourceControl (110)
[2016.10.28-01.34.16:504][138]LogModuleManager: Shutting down and abandoning module GitSourceControl (109)
[2016.10.28-01.34.16:504][138]LogModuleManager: Shutting down and abandoning module LightPropagationVolumeEditor (108)
[2016.10.28-01.34.16:504][138]LogModuleManager: Shutting down and abandoning module PaperTiledImporter (107)
[2016.10.28-01.34.16:504][138]LogModuleManager: Shutting down and abandoning module PaperSpriteSheetImporter (106)
[2016.10.28-01.34.16:504][138]LogModuleManager: Shutting down and abandoning module MeshPaint (105)
[2016.10.28-01.34.16:504][138]LogModuleManager: Shutting down and abandoning module FbxAutomationBuilderModule (104)
[2016.10.28-01.34.16:511][138]LogModuleManager: Shutting down and abandoning module PixelInspectorModule (103)
[2016.10.28-01.34.16:511][138]LogModuleManager: Shutting down and abandoning module HotReload (102)
[2016.10.28-01.34.16:512][138]LogModuleManager: Shutting down and abandoning module MainFrame (101)
[2016.10.28-01.34.16:512][138]LogModuleManager: Shutting down and abandoning module LevelEditor (100)
[2016.10.28-01.34.16:512][138]LogModuleManager: Shutting down and abandoning module ContentBrowser (99)
[2016.10.28-01.34.16:513][138]LogModuleManager: Shutting down and abandoning module Paper2DEditor (98)
[2016.10.28-01.34.16:527][138]LogModuleManager: Shutting down and abandoning module UdpMessaging (97)
[2016.10.28-01.34.16:627][138]LogModuleManager: Shutting down and abandoning module TcpMessaging (96)
[2016.10.28-01.34.16:727][138]LogModuleManager: Shutting down and abandoning module SubstanceCore (95)
[2016.10.28-01.34.16:727][138]LogModuleManager: Shutting down and abandoning module LightPropagationVolumeRuntime (94)
[2016.10.28-01.34.16:727][138]LogModuleManager: Shutting down and abandoning module Paper2D (93)
[2016.10.28-01.34.16:727][138]LogModuleManager: Shutting down and abandoning module WindowsMoviePlayer (92)
[2016.10.28-01.34.16:739][138]LogModuleManager: Shutting down and abandoning module WmfMedia (91)
[2016.10.28-01.34.16:750][138]LogModuleManager: Shutting down and abandoning module MediaAssets (90)
[2016.10.28-01.34.16:750][138]LogModuleManager: Shutting down and abandoning module GameLiveStreaming (89)
[2016.10.28-01.34.16:750][138]LogModuleManager: Shutting down and abandoning module GameplayTagsEditor (88)
[2016.10.28-01.34.16:750][138]LogModuleManager: Shutting down and abandoning module VREditor (87)
[2016.10.28-01.34.16:750][138]LogModuleManager: Shutting down and abandoning module GameplayTasksEditor (86)
[2016.10.28-01.34.16:750][138]LogModuleManager: Shutting down and abandoning module PropertyEditor (85)
[2016.10.28-01.34.16:750][138]LogModuleManager: Shutting down and abandoning module BehaviorTreeEditor (84)
[2016.10.28-01.34.16:761][138]LogModuleManager: Shutting down and abandoning module FunctionalTesting (83)
[2016.10.28-01.34.16:768][138]LogModuleManager: Shutting down and abandoning module CollisionAnalyzer (82)
[2016.10.28-01.34.16:777][138]LogModuleManager: Shutting down and abandoning module Sequencer (81)
[2016.10.28-01.34.16:801][138]LogModuleManager: Shutting down and abandoning module WorkspaceMenuStructure (80)
[2016.10.28-01.34.16:801][138]LogModuleManager: Shutting down and abandoning module MessageLog (79)
[2016.10.28-01.34.16:801][138]LogModuleManager: Shutting down and abandoning module AssetTools (78)
[2016.10.28-01.34.16:815][138]LogModuleManager: Shutting down and abandoning module UMGEditor (77)
[2016.10.28-01.34.16:837][138]LogModuleManager: Shutting down and abandoning module UMG (76)
[2016.10.28-01.34.16:847][138]LogModuleManager: Shutting down and abandoning module SlateReflector (75)
[2016.10.28-01.34.16:860][138]LogModuleManager: Shutting down and abandoning module Slate (74)
[2016.10.28-01.34.16:860][138]LogModuleManager: Shutting down and abandoning module EditorStyle (73)
[2016.10.28-01.34.16:861][138]LogModuleManager: Shutting down and abandoning module SourceCodeAccess (72)
[2016.10.28-01.34.16:861][138]LogModuleManager: Shutting down and abandoning module HeadMountedDisplay (71)
[2016.10.28-01.34.16:861][138]LogModuleManager: Shutting down and abandoning module XAudio2 (70)
[2016.10.28-01.34.16:861][138]LogModuleManager: Shutting down and abandoning module Networking (68)
[2016.10.28-01.34.16:861][138]LogModuleManager: Shutting down and abandoning module Core (67)
[2016.10.28-01.34.16:861][138]LogModuleManager: Shutting down and abandoning module DirectoryWatcher (66)
[2016.10.28-01.34.16:861][138]LogDirectoryWatcher: A directory notification for '../../../Engine/Content/' was aborted.
[2016.10.28-01.34.16:861][138]LogDirectoryWatcher: A directory notification for 'F:/University/Year2GameDev/BuildingTrial/Content/' was aborted.
[2016.10.28-01.34.16:861][138]LogDirectoryWatcher: A directory notification for '../../../Engine/Plugins/2D/Paper2D/Content/' was aborted.
[2016.10.28-01.34.16:862][138]LogModuleManager: Shutting down and abandoning module AssetRegistry (65)
[2016.10.28-01.34.21:860][138]LogModuleManager: Shutting down and abandoning module KismetCompiler (64)
[2016.10.28-01.34.21:860][138]LogModuleManager: Shutting down and abandoning module PhysXFormats (63)
[2016.10.28-01.34.21:860][138]LogModuleManager: Shutting down and abandoning module MeshUtilities (62)
[2016.10.28-01.34.21:866][138]LogModuleManager: Shutting down and abandoning module DerivedDataCache (61)
[2016.10.28-01.34.21:928][138]LogDerivedDataCache: Shutdown
[2016.10.28-01.34.21:928][138]LogModuleManager: Shutting down and abandoning module VulkanShaderFormat (60)
[2016.10.28-01.34.21:929][138]LogModuleManager: Shutting down and abandoning module ShaderFormatOpenGL (59)
[2016.10.28-01.34.21:936][138]LogModuleManager: Shutting down and abandoning module ShaderFormatD3D (58)
[2016.10.28-01.34.21:936][138]LogModuleManager: Shutting down and abandoning module MetalShaderFormat (57)
[2016.10.28-01.34.21:941][138]LogModuleManager: Shutting down and abandoning module TextureFormatUncompressed (56)
[2016.10.28-01.34.21:941][138]LogModuleManager: Shutting down and abandoning module TextureFormatPVR (55)
[2016.10.28-01.34.21:941][138]LogModuleManager: Shutting down and abandoning module TextureFormatDXT (54)
[2016.10.28-01.34.21:941][138]LogModuleManager: Shutting down and abandoning module TextureFormatIntelISPCTexComp (53)
[2016.10.28-01.34.21:941][138]LogModuleManager: Shutting down and abandoning module ImageWrapper (52)
[2016.10.28-01.34.21:941][138]LogModuleManager: Shutting down and abandoning module TextureFormatASTC (51)
[2016.10.28-01.34.21:941][138]LogModuleManager: Shutting down and abandoning module TextureFormatAndroid (50)
[2016.10.28-01.34.21:941][138]LogModuleManager: Shutting down and abandoning module AudioFormatOpus (49)
[2016.10.28-01.34.21:941][138]LogModuleManager: Shutting down and abandoning module AudioFormatOgg (48)
[2016.10.28-01.34.21:941][138]LogModuleManager: Shutting down and abandoning module AudioFormatADPCM (47)
[2016.10.28-01.34.21:941][138]LogModuleManager: Shutting down and abandoning module LinuxTargetPlatform (46)
[2016.10.28-01.34.21:941][138]LogModuleManager: Shutting down and abandoning module LinuxServerTargetPlatform (45)
[2016.10.28-01.34.21:941][138]LogModuleManager: Shutting down and abandoning module LinuxNoEditorTargetPlatform (44)
[2016.10.28-01.34.21:941][138]LogModuleManager: Shutting down and abandoning module LinuxClientTargetPlatform (43)
[2016.10.28-01.34.21:941][138]LogModuleManager: Shutting down and abandoning module TVOSTargetPlatform (42)
[2016.10.28-01.34.21:941][138]LogModuleManager: Shutting down and abandoning module Messaging (41)
[2016.10.28-01.34.21:941][138]LogModuleManager: Shutting down and abandoning module IOSTargetPlatform (40)
[2016.10.28-01.34.21:941][138]LogModuleManager: Shutting down and abandoning module HTML5TargetPlatform (39)
[2016.10.28-01.34.21:942][138]LogModuleManager: Shutting down and abandoning module Android_PVRTCTargetPlatform (38)
[2016.10.28-01.34.21:942][138]LogModuleManager: Shutting down and abandoning module Android_MultiTargetPlatform (37)
[2016.10.28-01.34.21:942][138]LogModuleManager: Shutting down and abandoning module Android_ETC2TargetPlatform (36)
[2016.10.28-01.34.21:942][138]LogModuleManager: Shutting down and abandoning module Android_ETC1TargetPlatform (35)
[2016.10.28-01.34.21:942][138]LogModuleManager: Shutting down and abandoning module Android_DXTTargetPlatform (34)
[2016.10.28-01.34.21:942][138]LogModuleManager: Shutting down and abandoning module Android_ATCTargetPlatform (33)
[2016.10.28-01.34.21:942][138]LogModuleManager: Shutting down and abandoning module Android_ASTCTargetPlatform (32)
[2016.10.28-01.34.21:942][138]LogModuleManager: Shutting down and abandoning module AndroidTargetPlatform (31)
[2016.10.28-01.34.21:942][138]LogModuleManager: Shutting down and abandoning module WindowsTargetPlatform (30)
[2016.10.28-01.34.21:942][138]LogModuleManager: Shutting down and abandoning module WindowsServerTargetPlatform (29)
[2016.10.28-01.34.21:942][138]LogModuleManager: Shutting down and abandoning module WindowsNoEditorTargetPlatform (28)
[2016.10.28-01.34.21:942][138]LogModuleManager: Shutting down and abandoning module WindowsClientTargetPlatform (27)
[2016.10.28-01.34.21:942][138]LogModuleManager: Shutting down and abandoning module AllDesktopTargetPlatform (26)
[2016.10.28-01.34.21:942][138]LogModuleManager: Shutting down and abandoning module TargetPlatform (25)
[2016.10.28-01.34.21:942][138]LogModuleManager: Shutting down and abandoning module InputCore (24)
[2016.10.28-01.34.21:942][138]LogModuleManager: Shutting down and abandoning module Settings (23)
[2016.10.28-01.34.21:942][138]LogModuleManager: Shutting down and abandoning module OculusRift (22)
[2016.10.28-01.34.21:942][138]LogModuleManager: Shutting down and abandoning module GearVR (21)
[2016.10.28-01.34.21:942][138]LogModuleManager: Shutting down and abandoning module ExampleDeviceProfileSelector (20)
[2016.10.28-01.34.21:942][138]LogModuleManager: Shutting down and abandoning module OnlineBlueprintSupport (19)
[2016.10.28-01.34.21:942][138]LogModuleManager: Shutting down and abandoning module OnlineSubsystem (17)
[2016.10.28-01.34.21:942][138]LogOnline:Display: Unloading online subsystem: NULL
[2016.10.28-01.34.21:960][138]LogModuleManager: Shutting down and abandoning module HTTP (16)
[2016.10.28-01.34.21:960][138]LogHttp:Display: Http module shutting down, but needs to wait on 1 outstanding Http requests:
[2016.10.28-01.34.21:960][138]LogHttp:Display: 	verb=[POST] url=[https://datarouter.ol.epicgames.com/datarouter/api/v1/public/data?SessionID=%7B1A11ECEE-47D2-7C54-8214-1497995CD0D7%7D&AppID=UEEditor.Rocket.Release&AppVersion=4.13.1-3142249%2B%2B%2BUE4%2BRelease-4.13&UserID=367184494aaa1020dcdc859de6e98855%7C60da38c6d16241a5acdb9f3769ddff9a%7Cfe43f326-a832-41bf-b4a9-268ae4fb87ef&AppEnvironment=datacollector-binary&UploadType=eteventstream] status=Processing
[2016.10.28-01.34.21:969][138]LogModuleManager: Shutting down and abandoning module XMPP (15)
[2016.10.28-01.34.21:979][138]LogModuleManager: Shutting down and abandoning module TextureCompressor (14)
[2016.10.28-01.34.21:980][138]LogModuleManager: Shutting down and abandoning module ShaderCore (13)
[2016.10.28-01.34.21:980][138]LogModuleManager: Shutting down and abandoning module Landscape (12)
[2016.10.28-01.34.21:980][138]LogModuleManager: Shutting down and abandoning module SlateRHIRenderer (11)
[2016.10.28-01.34.21:990][138]LogModuleManager: Shutting down and abandoning module OpenGLDrv (10)
[2016.10.28-01.34.22:001][138]LogModuleManager: Shutting down and abandoning module D3D11RHI (9)
[2016.10.28-01.34.22:001][138]LogModuleManager: Shutting down and abandoning module AnimGraphRuntime (8)
[2016.10.28-01.34.22:001][138]LogModuleManager: Shutting down and abandoning module Renderer (7)
[2016.10.28-01.34.22:001][138]LogModuleManager: Shutting down and abandoning module Engine (6)
[2016.10.28-01.34.22:001][138]LogModuleManager: Shutting down and abandoning module CoreUObject (5)
[2016.10.28-01.34.22:001][138]LogModuleManager: Shutting down and abandoning module NetworkFile (4)
[2016.10.28-01.34.22:008][138]LogModuleManager: Shutting down and abandoning module StreamingFile (3)
[2016.10.28-01.34.22:008][138]LogModuleManager: Shutting down and abandoning module SandboxFile (2)
[2016.10.28-01.34.22:008][138]LogModuleManager: Shutting down and abandoning module PakFile (1)
[2016.10.28-01.34.22:009][138]LogExit: Exiting.
[2016.10.28-01.34.22:059][138]Log file closed, 10/28/16 02:34:22
