Log file open, 10/27/16 21:57:21
LogInit:Display: Running engine for game: MultiplayerV2
LogPlatformFile: Not using cached read wrapper
LogInit:Display: RandInit(1042871564) SRandInit(1042871564).
LogTaskGraph: Started task graph with 5 named threads and 8 total threads with 1 sets of task threads.
LogStats: Stats thread started at 0.152541
LogPluginManager: Loaded Plugin Paper2D, From D:/Epic Games/4.13/Engine/Plugins/2D/Paper2D/Paper2D.uplugin
LogPluginManager: Loaded Plugin LightPropagationVolume, From D:/Epic Games/4.13/Engine/Plugins/Blendables/LightPropagationVolume/LightPropagationVolume.uplugin
LogPluginManager: Loaded Plugin BlankPlugin, From D:/Epic Games/4.13/Engine/Plugins/Developer/BlankPlugin/BlankPlugin.uplugin
LogPluginManager: Loaded Plugin CodeLiteSourceCodeAccess, From D:/Epic Games/4.13/Engine/Plugins/Developer/CodeLiteSourceCodeAccess/CodeLiteSourceCodeAccess.uplugin
LogPluginManager: Loaded Plugin GitSourceControl, From D:/Epic Games/4.13/Engine/Plugins/Developer/GitSourceControl/GitSourceControl.uplugin
LogPluginManager: Loaded Plugin KDevelopSourceCodeAccess, From D:/Epic Games/4.13/Engine/Plugins/Developer/KDevelopSourceCodeAccess/KDevelopSourceCodeAccess.uplugin
LogPluginManager: Loaded Plugin NullSourceCodeAccess, From D:/Epic Games/4.13/Engine/Plugins/Developer/NullSourceCodeAccess/NullSourceCodeAccess.uplugin
LogPluginManager: Loaded Plugin OneSkyLocalizationService, From D:/Epic Games/4.13/Engine/Plugins/Developer/OneSkyLocalizationService/OneSkyLocalizationService.uplugin
LogPluginManager: Loaded Plugin PerforceSourceControl, From D:/Epic Games/4.13/Engine/Plugins/Developer/PerforceSourceControl/PerforceSourceControl.uplugin
LogPluginManager: Loaded Plugin SubversionSourceControl, From D:/Epic Games/4.13/Engine/Plugins/Developer/SubversionSourceControl/SubversionSourceControl.uplugin
LogPluginManager: Loaded Plugin UObjectPlugin, From D:/Epic Games/4.13/Engine/Plugins/Developer/UObjectPlugin/UObjectPlugin.uplugin
LogPluginManager: Loaded Plugin VisualStudioSourceCodeAccess, From D:/Epic Games/4.13/Engine/Plugins/Developer/VisualStudioSourceCodeAccess/VisualStudioSourceCodeAccess.uplugin
LogPluginManager: Loaded Plugin XCodeSourceCodeAccess, From D:/Epic Games/4.13/Engine/Plugins/Developer/XCodeSourceCodeAccess/XCodeSourceCodeAccess.uplugin
LogPluginManager: Loaded Plugin EpicSurvey, From D:/Epic Games/4.13/Engine/Plugins/Editor/EpicSurvey/EpicSurvey.uplugin
LogPluginManager: Loaded Plugin MacGraphicsSwitching, From D:/Epic Games/4.13/Engine/Plugins/Editor/MacGraphicsSwitching/MacGraphicsSwitching.uplugin
LogPluginManager: Loaded Plugin MobileLauncherProfileWizard, From D:/Epic Games/4.13/Engine/Plugins/Editor/MobileLauncherProfileWizard/MobileLauncherProfileWizard.uplugin
LogPluginManager: Loaded Plugin PluginBrowser, From D:/Epic Games/4.13/Engine/Plugins/Editor/PluginBrowser/PluginBrowser.uplugin
LogPluginManager: Loaded Plugin SpeedTreeImporter, From D:/Epic Games/4.13/Engine/Plugins/Editor/SpeedTreeImporter/SpeedTreeImporter.uplugin
LogPluginManager: Loaded Plugin SuperSearchEditor, From D:/Epic Games/4.13/Engine/Plugins/Editor/SuperSearchEditor/SuperSearchEditor.uplugin
LogPluginManager: Loaded Plugin AlembicImporter, From D:/Epic Games/4.13/Engine/Plugins/Experimental/AlembicImporter/AlembicImporter.uplugin
LogPluginManager: Loaded Plugin BlueprintStats, From D:/Epic Games/4.13/Engine/Plugins/Experimental/BlueprintStats/BlueprintStats.uplugin
LogPluginManager: Loaded Plugin CharacterAI, From D:/Epic Games/4.13/Engine/Plugins/Experimental/CharacterAI/CharacterAI.uplugin
LogPluginManager: Loaded Plugin CodeEditor, From D:/Epic Games/4.13/Engine/Plugins/Experimental/CodeEditor/CodeEditor.uplugin
LogPluginManager: Loaded Plugin CodeView, From D:/Epic Games/4.13/Engine/Plugins/Experimental/CodeView/CodeView.uplugin
LogPluginManager: Loaded Plugin HTML5Networking, From D:/Epic Games/4.13/Engine/Plugins/Experimental/HTML5Networking/HTML5Networking.uplugin
LogPluginManager: Loaded Plugin LiveEditor, From D:/Epic Games/4.13/Engine/Plugins/Experimental/LiveEditor/LiveEditor.uplugin
LogPluginManager: Loaded Plugin OSVR, From D:/Epic Games/4.13/Engine/Plugins/Experimental/OSVR/OSVR.uplugin
LogPluginManager: Loaded Plugin Phya, From D:/Epic Games/4.13/Engine/Plugins/Experimental/Phya/Phya.uplugin
LogPluginManager: Loaded Plugin SignificanceManager, From D:/Epic Games/4.13/Engine/Plugins/Experimental/SignificanceManager/SignificanceManager.uplugin
LogPluginManager: Loaded Plugin SimpleHMD, From D:/Epic Games/4.13/Engine/Plugins/Experimental/SimpleHMD/SimpleHMD.uplugin
LogPluginManager: Loaded Plugin StereoPanorama, From D:/Epic Games/4.13/Engine/Plugins/Experimental/StereoPanorama/StereoPanorama.uplugin
LogPluginManager: Loaded Plugin StructBox, From D:/Epic Games/4.13/Engine/Plugins/Experimental/StructBox/StructBox.uplugin
LogPluginManager: Loaded Plugin Substance, From D:/Epic Games/4.13/Engine/Plugins/Marketplace/Substance/Substance.uplugin
LogPluginManager: Loaded Plugin AndroidMedia, From D:/Epic Games/4.13/Engine/Plugins/Media/AndroidMedia/AndroidMedia.uplugin
LogPluginManager: Loaded Plugin AvfMedia, From D:/Epic Games/4.13/Engine/Plugins/Media/AvfMedia/AvfMedia.uplugin
LogPluginManager: Loaded Plugin MediaPlayerEditor, From D:/Epic Games/4.13/Engine/Plugins/Media/MediaPlayerEditor/MediaPlayerEditor.uplugin
LogPluginManager: Loaded Plugin WmfMedia, From D:/Epic Games/4.13/Engine/Plugins/Media/WmfMedia/WmfMedia.uplugin
LogPluginManager: Loaded Plugin MessagingDebugger, From D:/Epic Games/4.13/Engine/Plugins/Messaging/MessagingDebugger/MessagingDebugger.uplugin
LogPluginManager: Loaded Plugin TcpMessaging, From D:/Epic Games/4.13/Engine/Plugins/Messaging/TcpMessaging/TcpMessaging.uplugin
LogPluginManager: Loaded Plugin UdpMessaging, From D:/Epic Games/4.13/Engine/Plugins/Messaging/UdpMessaging/UdpMessaging.uplugin
LogPluginManager: Loaded Plugin LevelSequenceEditor, From D:/Epic Games/4.13/Engine/Plugins/MovieScene/LevelSequenceEditor/LevelSequenceEditor.uplugin
LogPluginManager: Loaded Plugin MatineeToLevelSequence, From D:/Epic Games/4.13/Engine/Plugins/MovieScene/MatineeToLevelSequence/MatineeToLevelSequence.uplugin
LogPluginManager: Loaded Plugin NetcodeUnitTest, From D:/Epic Games/4.13/Engine/Plugins/NetcodeUnitTest/NetcodeUnitTest/NetcodeUnitTest.uplugin
LogPluginManager: Loaded Plugin NUTUnrealEngine4, From D:/Epic Games/4.13/Engine/Plugins/NetcodeUnitTest/NUTUnrealEngine4/NUTUnrealEngine4.uplugin
LogPluginManager: Loaded Plugin OnlineSubsystemGooglePlay, From D:/Epic Games/4.13/Engine/Plugins/Online/Android/OnlineSubsystemGooglePlay/OnlineSubsystemGooglePlay.uplugin
LogPluginManager: Loaded Plugin OnlineSubsystemIOS, From D:/Epic Games/4.13/Engine/Plugins/Online/IOS/OnlineSubsystemIOS/OnlineSubsystemIOS.uplugin
LogPluginManager: Loaded Plugin OnlineFramework, From D:/Epic Games/4.13/Engine/Plugins/Online/OnlineFramework/OnlineFramework.uplugin
LogPluginManager: Loaded Plugin OnlineSubsystem, From D:/Epic Games/4.13/Engine/Plugins/Online/OnlineSubsystem/OnlineSubsystem.uplugin
LogPluginManager: Loaded Plugin OnlineSubsystemAmazon, From D:/Epic Games/4.13/Engine/Plugins/Online/OnlineSubsystemAmazon/OnlineSubsystemAmazon.uplugin
LogPluginManager: Loaded Plugin OnlineSubsystemFacebook, From D:/Epic Games/4.13/Engine/Plugins/Online/OnlineSubsystemFacebook/OnlineSubsystemFacebook.uplugin
LogPluginManager: Loaded Plugin OnlineSubsystemNull, From D:/Epic Games/4.13/Engine/Plugins/Online/OnlineSubsystemNull/OnlineSubsystemNull.uplugin
LogPluginManager: Loaded Plugin OnlineSubsystemOculus, From D:/Epic Games/4.13/Engine/Plugins/Online/OnlineSubsystemOculus/OnlineSubsystemOculus.uplugin
LogPluginManager: Loaded Plugin OnlineSubsystemSteam, From D:/Epic Games/4.13/Engine/Plugins/Online/OnlineSubsystemSteam/OnlineSubsystemSteam.uplugin
LogPluginManager: Loaded Plugin OnlineSubsystemUtils, From D:/Epic Games/4.13/Engine/Plugins/Online/OnlineSubsystemUtils/OnlineSubsystemUtils.uplugin
LogPluginManager: Loaded Plugin IOSTapJoy, From D:/Epic Games/4.13/Engine/Plugins/Runtime/Advertising/IOSTapJoy/IOSTapJoy.uplugin
LogPluginManager: Loaded Plugin AnalyticsBlueprintLibrary, From D:/Epic Games/4.13/Engine/Plugins/Runtime/Analytics/AnalyticsBlueprintLibrary/AnalyticsBlueprintLibrary.uplugin
LogPluginManager: Loaded Plugin AnalyticsMulticast, From D:/Epic Games/4.13/Engine/Plugins/Runtime/Analytics/AnalyticsMulticast/AnalyticsMulticast.uplugin
LogPluginManager: Loaded Plugin Apsalar, From D:/Epic Games/4.13/Engine/Plugins/Runtime/Analytics/Apsalar/Apsalar.uplugin
LogPluginManager: Loaded Plugin FileLogging, From D:/Epic Games/4.13/Engine/Plugins/Runtime/Analytics/FileLogging/FileLogging.uplugin
LogPluginManager: Loaded Plugin Flurry, From D:/Epic Games/4.13/Engine/Plugins/Runtime/Analytics/Flurry/Flurry.uplugin
LogPluginManager: Loaded Plugin AndroidDeviceProfileSelector, From D:/Epic Games/4.13/Engine/Plugins/Runtime/AndroidDeviceProfileSelector/AndroidDeviceProfileSelector.uplugin
LogPluginManager: Loaded Plugin AndroidMoviePlayer, From D:/Epic Games/4.13/Engine/Plugins/Runtime/AndroidMoviePlayer/AndroidMoviePlayer.uplugin
LogPluginManager: Loaded Plugin AppleMoviePlayer, From D:/Epic Games/4.13/Engine/Plugins/Runtime/AppleMoviePlayer/AppleMoviePlayer.uplugin
LogPluginManager: Loaded Plugin ArchVisCharacter, From D:/Epic Games/4.13/Engine/Plugins/Runtime/ArchVisCharacter/ArchVisCharacter.uplugin
LogPluginManager: Loaded Plugin CableComponent, From D:/Epic Games/4.13/Engine/Plugins/Runtime/CableComponent/CableComponent.uplugin
LogPluginManager: Loaded Plugin CustomMeshComponent, From D:/Epic Games/4.13/Engine/Plugins/Runtime/CustomMeshComponent/CustomMeshComponent.uplugin
LogPluginManager: Loaded Plugin ExampleDeviceProfileSelector, From D:/Epic Games/4.13/Engine/Plugins/Runtime/ExampleDeviceProfileSelector/ExampleDeviceProfileSelector.uplugin
LogPluginManager: Loaded Plugin GearVR, From D:/Epic Games/4.13/Engine/Plugins/Runtime/GearVR/GearVR.uplugin
LogPluginManager: Loaded Plugin GoogleVRController, From D:/Epic Games/4.13/Engine/Plugins/Runtime/GoogleVR/GoogleVRController/GoogleVRController.uplugin
LogPluginManager: Loaded Plugin GoogleVRHMD, From D:/Epic Games/4.13/Engine/Plugins/Runtime/GoogleVR/GoogleVRHMD/GoogleVRHMD.uplugin
LogPluginManager: Loaded Plugin IOSDeviceProfileSelector, From D:/Epic Games/4.13/Engine/Plugins/Runtime/IOSDeviceProfileSelector/IOSDeviceProfileSelector.uplugin
LogPluginManager: Loaded Plugin LeapMotion, From D:/Epic Games/4.13/Engine/Plugins/Runtime/LeapMotion/LeapMotion.uplugin
LogPluginManager: Loaded Plugin LinuxDeviceProfileSelector, From D:/Epic Games/4.13/Engine/Plugins/Runtime/LinuxDeviceProfileSelector/LinuxDeviceProfileSelector.uplugin
LogPluginManager: Loaded Plugin LiveEditorListenServer, From D:/Epic Games/4.13/Engine/Plugins/Runtime/LiveEditorListenServer/LiveEditorListenServer.uplugin
LogPluginManager: Loaded Plugin OculusAudio, From D:/Epic Games/4.13/Engine/Plugins/Runtime/OculusAudio/OculusAudio.uplugin
LogPluginManager: Loaded Plugin OculusInput, From D:/Epic Games/4.13/Engine/Plugins/Runtime/OculusInput/OculusInput.uplugin
LogPluginManager: Loaded Plugin OculusLibrary, From D:/Epic Games/4.13/Engine/Plugins/Runtime/OculusLibrary/OculusLibrary.uplugin
LogPluginManager: Loaded Plugin OculusRift, From D:/Epic Games/4.13/Engine/Plugins/Runtime/OculusRift/OculusRift.uplugin
LogPluginManager: Loaded Plugin Oodle, From D:/Epic Games/4.13/Engine/Plugins/Runtime/PacketHandlers/CompressionComponents/Oodle/Oodle.uplugin
LogPluginManager: Loaded Plugin ProceduralMeshComponent, From D:/Epic Games/4.13/Engine/Plugins/Runtime/ProceduralMeshComponent/ProceduralMeshComponent.uplugin
LogPluginManager: Loaded Plugin SoundMod, From D:/Epic Games/4.13/Engine/Plugins/Runtime/SoundMod/SoundMod.uplugin
LogPluginManager: Loaded Plugin SoundVisualizations, From D:/Epic Games/4.13/Engine/Plugins/Runtime/SoundVisualizations/SoundVisualizations.uplugin
LogPluginManager: Loaded Plugin SteamController, From D:/Epic Games/4.13/Engine/Plugins/Runtime/Steam/SteamController/SteamController.uplugin
LogPluginManager: Loaded Plugin SteamVR, From D:/Epic Games/4.13/Engine/Plugins/Runtime/Steam/SteamVR/SteamVR.uplugin
LogPluginManager: Loaded Plugin WebBrowserWidget, From D:/Epic Games/4.13/Engine/Plugins/Runtime/WebBrowserWidget/WebBrowserWidget.uplugin
LogPluginManager: Loaded Plugin WindowsDeviceProfileSelector, From D:/Epic Games/4.13/Engine/Plugins/Runtime/WindowsDeviceProfileSelector/WindowsDeviceProfileSelector.uplugin
LogPluginManager: Loaded Plugin WindowsMoviePlayer, From D:/Epic Games/4.13/Engine/Plugins/Runtime/WindowsMoviePlayer/WindowsMoviePlayer.uplugin
LogPluginManager: Loaded Plugin ScriptPlugin, From D:/Epic Games/4.13/Engine/Plugins/ScriptPlugin/ScriptPlugin.uplugin
LogPluginManager: Loaded Plugin SlateRemote, From D:/Epic Games/4.13/Engine/Plugins/Slate/SlateRemote/SlateRemote.uplugin
LogInit: Using libcurl 7.47.1
LogInit:  - built for x86_64-pc-win32
LogInit:  - supports SSL with WinSSL
LogInit:  - other features:
LogInit:      CURL_VERSION_SSL
LogInit:      CURL_VERSION_IPV6
LogInit:      CURL_VERSION_ASYNCHDNS
LogInit:      CURL_VERSION_LARGEFILE
LogInit:      CURL_VERSION_IDN
LogInit:  CurlRequestOptions (configurable via config and command line):
LogInit:  - bVerifyPeer = false  - Libcurl will NOT verify peer certificate
LogInit:  - bUseHttpProxy = false  - Libcurl will NOT use HTTP proxy
LogInit:  - bDontReuseConnections = false  - Libcurl will reuse connections
LogInit:  - CertBundlePath = nullptr  - Libcurl will use whatever was configured at build time.
LogModuleManager:Warning: No filename provided for module OnlineSubsystemLAN
LogModuleManager:Warning: ModuleManager: Unable to load module 'OnlineSubsystemLAN' because the file 'D:/Epic Games/4.13/Engine/Binaries/Win64/' was not found.
LogInit: WinSock: version 1.1 (2.2), MaxSocks=32767, MaxUdp=65467
LogVoice:Warning: Failed to initialize voice interface
LogInit: Build: ++UE4+Release-4.13-CL-3142249
LogInit: Engine Version: 4.13.1-3142249+++UE4+Release-4.13
LogInit: Compatible Engine Version: 4.13.0-3106830+++UE4+Release-4.13
LogInit: Net CL: 3142249
LogDevObjectVersion: Number of dev versions registered: 13
LogDevObjectVersion:   Dev-Blueprints (B0D832E4-1F89-4F0D-ACCF-7EB736FD4AA2): 5
LogDevObjectVersion:   Dev-Build (E1C64328-A22C-4D53-A36C-8E866417BD8C): 0
LogDevObjectVersion:   Dev-Core (375EC13C-06E4-48FB-B500-84F0262A717E): 1
LogDevObjectVersion:   Dev-Editor (E4B068ED-F494-42E9-A231-DA0B2E46BB41): 6
LogDevObjectVersion:   Dev-Framework (CFFC743F-43B0-4480-9391-14DF171D2073): 12
LogDevObjectVersion:   Dev-Mobile (B02B49B5-BB20-44E9-A304-32B752E40360): 0
LogDevObjectVersion:   Dev-Networking (A4E4105C-59A1-49B5-A7C5-40C4547EDFEE): 0
LogDevObjectVersion:   Dev-Online (39C831C9-5AE6-47DC-9A44-9C173E1C8E7C): 0
LogDevObjectVersion:   Dev-Physics (78F01B33-EBEA-4F98-B9B4-84EACCB95AA2): 0
LogDevObjectVersion:   Dev-Platform (6631380F-2D4D-43E0-8009-CF276956A95A): 0
LogDevObjectVersion:   Dev-Rendering (12F88B9F-8875-4AFC-A67C-D90C383ABD29): 4
LogDevObjectVersion:   Dev-Sequencer (7B5AE74C-D270-4C10-A958-57980B212A5A): 0
LogDevObjectVersion:   Dev-VR (D7296918-1DD6-4BDD-9DE2-64A83CC13884): 0
LogInit: Compiled (64-bit): Sep 28 2016 02:12:12
LogInit: Compiled with Visual C++: 19.00.23026.00
LogInit: Build Configuration: Development
LogInit: Branch Name: ++UE4+Release-4.13
LogInit: Command line:  /Temp/Autosaves/Game/ThirdPersonBP/Maps/UEDPCThirdPersonExampleMap -game -PIEVIACONSOLE -ResX=1280 -ResY=720  -Multiprocess -windowed -messaging -SessionName="Play in Standalone Game" 
LogInit: Base directory: D:/Epic Games/4.13/Engine/Binaries/Win64/
LogInit: Installed Engine Build: 1
LogInit: Presizing for max 8388607 objects, including 0 objects not considered by GC, pre-allocating 0 bytes for permanent pool.
LogInit: Object subsystem initialized
[2016.10.27-20.57.21:520][  0]LogInit: Selected Device Profile: [Windows]
[2016.10.27-20.57.21:520][  0]LogInit: Applying CVar settings loaded from the selected device profile: [Windows]
[2016.10.27-20.57.21:529][  0]LogInit: Computer: CONNORPAGE
[2016.10.27-20.57.21:529][  0]LogInit: User: Connor
[2016.10.27-20.57.21:529][  0]LogInit: CPU Page size=65536, Cores=4
[2016.10.27-20.57.21:529][  0]LogInit: High frequency timer resolution =2.533209 MHz
[2016.10.27-20.57.21:530][  0]LogMemory: Memory total: Physical=7.9GB (8GB approx)
[2016.10.27-20.57.21:530][  0]LogMemory: Platform Memory Stats for Windows
[2016.10.27-20.57.21:530][  0]LogMemory: Process Physical Memory: 256.54 MB used, 256.54 MB peak
[2016.10.27-20.57.21:530][  0]LogMemory: Process Virtual Memory: 260.27 MB used, 260.27 MB peak
[2016.10.27-20.57.21:530][  0]LogMemory: Physical Memory: 5435.77 MB used, 8109.73 MB total
[2016.10.27-20.57.21:530][  0]LogMemory: Virtual Memory: 625.00 MB used, 134217728.00 MB total
[2016.10.27-20.57.21:599][  0]LogTextLocalizationManager: No specific translations for ('en-GB') exist, so ('en') translations will be used.
[2016.10.27-20.57.22:554][  0]LogD3D11RHI: D3D11 adapters:
[2016.10.27-20.57.23:214][  0]LogD3D11RHI:    0. 'NVIDIA GeForce GTX 970M' (Feature Level 11_0)
[2016.10.27-20.57.23:214][  0]LogD3D11RHI:       3040/0/4054 MB DedicatedVideo/DedicatedSystem/SharedSystem, Outputs:1, VendorId:0x10de
[2016.10.27-20.57.23:219][  0]LogD3D11RHI:    1. 'Intel(R) HD Graphics 4600' (Feature Level 11_0)
[2016.10.27-20.57.23:219][  0]LogD3D11RHI:       112/0/2048 MB DedicatedVideo/DedicatedSystem/SharedSystem, Outputs:0, VendorId:0x8086
[2016.10.27-20.57.23:220][  0]LogD3D11RHI:    2. 'Microsoft Basic Render Driver' (Feature Level 11_0)
[2016.10.27-20.57.23:220][  0]LogD3D11RHI:       0/0/4054 MB DedicatedVideo/DedicatedSystem/SharedSystem, Outputs:0, VendorId:0x1414
[2016.10.27-20.57.23:220][  0]LogD3D11RHI: Chosen D3D11 Adapter: 0
[2016.10.27-20.57.23:225][  0]LogD3D11RHI: Creating new Direct3DDevice
[2016.10.27-20.57.23:225][  0]LogD3D11RHI:     GPU DeviceId: 0x13d8 (for the marketing name, search the web for "GPU Device Id")
[2016.10.27-20.57.23:225][  0]LogWindows: EnumDisplayDevices:
[2016.10.27-20.57.23:225][  0]LogWindows:    0. 'Intel(R) HD Graphics 4600' (P:1 D:1)
[2016.10.27-20.57.23:225][  0]LogWindows:    1. 'Intel(R) HD Graphics 4600' (P:0 D:0)
[2016.10.27-20.57.23:226][  0]LogWindows:    2. 'Intel(R) HD Graphics 4600' (P:0 D:0)
[2016.10.27-20.57.23:226][  0]LogWindows: DebugString: PrimaryIsNotTheChoosenAdapter PrimaryIsNotTheChoosenAdapter PrimaryIsNotTheChoosenAdapter FoundDriverCount:0 
[2016.10.27-20.57.23:226][  0]LogD3D11RHI:     Adapter Name: NVIDIA GeForce GTX 970M
[2016.10.27-20.57.23:226][  0]LogD3D11RHI:   Driver Version: Unknown (internal:Unknown, unified:Unknown)
[2016.10.27-20.57.23:226][  0]LogD3D11RHI:      Driver Date: Unknown
[2016.10.27-20.57.23:226][  0]LogRHI: Texture pool is 1361 MB (70% of 1945 MB)
[2016.10.27-20.57.23:854][  0]LogD3D11RHI: Async texture creation enabled
[2016.10.27-20.57.23:919][  0]LogD3D11RHI: GPU Timing Frequency: 1000.000000 (Debug: 2 1)
[2016.10.27-20.57.23:919][  0]LogShaderCompilers: Guid format shader working directory is 8 characters bigger than the processId version (../../../../Unreal Projects/Team2Thirds/Intermediate/Shaders/WorkingDirectory/9532/).
[2016.10.27-20.57.23:920][  0]LogShaderCompilers: Cleaned the shader compiler working directory 'C:/Users/Connor/AppData/Local/Temp/UnrealShaderWorkingDir/914813D34471D7440EBF0AB8555C7D59/'.
[2016.10.27-20.57.23:920][  0]LogShaderCompilers:Display: Using Local Shader Compiler.
[2016.10.27-20.57.24:977][  0]LogTemp:Display: Loaded TP WindowsClientTargetPlatform
[2016.10.27-20.57.24:984][  0]LogTemp:Display: Loaded TP WindowsNoEditorTargetPlatform
[2016.10.27-20.57.24:990][  0]LogTemp:Display: Loaded TP WindowsServerTargetPlatform
[2016.10.27-20.57.24:997][  0]LogTemp:Display: Loaded TP WindowsTargetPlatform
[2016.10.27-20.57.24:997][  0]LogTargetPlatformManager:Display: Building Assets For Windows
[2016.10.27-20.57.25:058][  0]LogDerivedDataCache:Display: Max Cache Size: 512 MB
[2016.10.27-20.57.25:162][  0]LogDerivedDataCache: Loaded boot cache 0.10s 62MB C:/Users/Connor/AppData/Local/UnrealEngine/4.13/DerivedDataCache/Boot.ddc.
[2016.10.27-20.57.25:162][  0]LogDerivedDataCache:Display: Loaded Boot cache: C:/Users/Connor/AppData/Local/UnrealEngine/4.13/DerivedDataCache/Boot.ddc
[2016.10.27-20.57.25:162][  0]LogDerivedDataCache: FDerivedDataBackendGraph:  Pak pak cache file ../../../../Unreal Projects/Team2Thirds/DerivedDataCache/DDC.ddp not found, will not use a pak cache.
[2016.10.27-20.57.25:162][  0]LogDerivedDataCache: Unable to find inner node Pak for hierarchical cache Hierarchy.
[2016.10.27-20.57.25:162][  0]LogDerivedDataCache: FDerivedDataBackendGraph:  CompressedPak pak cache file ../../../../Unreal Projects/Team2Thirds/DerivedDataCache/Compressed.ddp not found, will not use a pak cache.
[2016.10.27-20.57.25:162][  0]LogDerivedDataCache: Unable to find inner node CompressedPak for hierarchical cache Hierarchy.
[2016.10.27-20.57.25:180][  0]LogDerivedDataCache:Display: Pak cache opened for reading ../../../Engine/DerivedDataCache/Compressed.ddp.
[2016.10.27-20.57.25:192][  0]LogDerivedDataCache: Using Local data cache path C:/Users/Connor/AppData/Local/UnrealEngine/Common/DerivedDataCache: Writable
[2016.10.27-20.57.25:439][  0]LogAssetRegistry: FAssetRegistry took 0.0001 seconds to start up
[2016.10.27-20.57.25:445][  0]LogPackageLocalizationCache: Processed 3 localized package path(s) for 2 prioritized culture(s) in 0.005723 seconds
[2016.10.27-20.57.25:467][  0]LogInit: Selected Device Profile: [Windows]
[2016.10.27-20.57.25:469][  0]LogContentStreaming: Texture pool size is 1000.00 MB
[2016.10.27-20.57.25:577][  0]LogMeshUtilities: No automatic mesh reduction module available
[2016.10.27-20.57.25:577][  0]LogMeshUtilities: No automatic mesh merging module available
[2016.10.27-20.57.25:577][  0]LogMeshUtilities: No distributed automatic mesh merging module available
[2016.10.27-20.57.25:639][  0]LogMaterial: Uniform references updated for custom material expression Custom.
[2016.10.27-20.57.25:976][  0]LogNetVersion: GetLocalNetworkVersion: CL: 3106830, ProjectName: multiplayerv2, ProjectVersion: , EngineNetworkVersion: 1, GameNetworkVersion: 0, NetworkChecksum: 2011542088
[2016.10.27-20.57.26:172][  0]LogSlate: SlateFontCache - WITH_FREETYPE: 1, WITH_HARFBUZZ: 1
[2016.10.27-20.57.26:172][  0]LogSlate: SlateFontCache - WITH_FREETYPE: 1, WITH_HARFBUZZ: 1
[2016.10.27-20.57.26:252][  0]LogMoviePlayer: Initializing movie player
[2016.10.27-20.57.26:737][  0]LogWindowsMoviePlayer: Unable to load movie: ../../../../Unreal Projects/Team2Thirds/Content/Movies/Default_Startup.mp4
[2016.10.27-20.57.26:813][  0]LogSubstanceCoreModule: Substance CPU Engine Loaded, Max Texture Size 2048
[2016.10.27-20.57.26:820][  0]LogTcpMessaging: Initializing TcpMessaging bridge
[2016.10.27-20.57.26:848][  0]LogUdpMessaging: Initializing bridge on interface 0.0.0.0:0 to multicast group 230.0.0.1:6666.
[2016.10.27-20.57.26:935][  0]SourceControl: Info Source control is disabled
[2016.10.27-20.57.26:936][  0]SourceControl: Info Source control is disabled
[2016.10.27-20.57.26:944][  0]SourceControl: Info Source control is disabled
[2016.10.27-20.57.27:084][  0]LogUObjectArray: 32799 objects as part of root set at end of initial load.
[2016.10.27-20.57.27:084][  0]LogUObjectAllocator: 7270504 out of 0 bytes used by permanent object pool.
[2016.10.27-20.57.27:084][  0]LogUObjectArray: CloseDisregardForGC: 0/0 objects in disregard for GC pool
[2016.10.27-20.57.27:154][  0]LogEngine: Initializing Engine...
[2016.10.27-20.57.27:155][  0]LogHMD: Failed to initialize OpenVR with code 110
[2016.10.27-20.57.27:335][  0]LogInit: XAudio2 using 'Speakers (Realtek High Definition Audio)' : 2 channels at 48 kHz using 32 bits per sample (channel mask 0x3)
[2016.10.27-20.57.27:375][  0]LogInit: FAudioDevice initialized.
[2016.10.27-20.57.27:389][  0]LogInit: Texture streaming: Enabled
[2016.10.27-20.57.27:862][  0]LogInit:Display: Game Engine Initialized.
[2016.10.27-20.57.28:014][  0]LogInit:Display: Starting Game.
[2016.10.27-20.57.28:035][  0]LogNet: Browse: /Temp/Autosaves/Game/ThirdPersonBP/Maps/UEDPCThirdPersonExampleMap?Name=Player
[2016.10.27-20.57.28:047][  0]LogLoad: LoadMap: /Temp/Autosaves/Game/ThirdPersonBP/Maps/UEDPCThirdPersonExampleMap?Name=Player
[2016.10.27-20.57.28:722][  0]LogMemory: Platform Memory Stats for Windows
[2016.10.27-20.57.28:722][  0]LogMemory: Process Physical Memory: 671.28 MB used, 705.39 MB peak
[2016.10.27-20.57.28:722][  0]LogMemory: Process Virtual Memory: 728.62 MB used, 738.11 MB peak
[2016.10.27-20.57.28:722][  0]LogMemory: Physical Memory: 5756.41 MB used, 8109.73 MB total
[2016.10.27-20.57.28:722][  0]LogMemory: Virtual Memory: 1356.76 MB used, 134217728.00 MB total
[2016.10.27-20.57.28:722][  0]LogMemory: 
[2016.10.27-20.57.28:722][  0]Allocator Stats for TBB: (not implemented)
[2016.10.27-20.57.29:417][  0]LogAIModule: Creating AISystem for world ThirdPersonExampleMap
[2016.10.27-20.57.29:496][  0]LogWorld: Game class is 'ThirdPersonGameMode_C'
[2016.10.27-20.57.29:501][  0]LogWorld: Bringing World /Temp/Autosaves/Game/ThirdPersonBP/Maps/UEDPCThirdPersonExampleMap.ThirdPersonExampleMap up for play (max tick rate 0) at 2016.10.27-21.57.29
[2016.10.27-20.57.29:659][  0]LogWorld: Bringing up level for play took: 0.162353
[2016.10.27-20.57.30:007][  0]LogGameMode:Display: Match State Changed from EnteringMap to WaitingToStart
[2016.10.27-20.57.30:034][  0]LogGameState: Match State Changed from EnteringMap to WaitingToStart
[2016.10.27-20.57.30:034][  0]LogGameMode:Display: Match State Changed from WaitingToStart to InProgress
[2016.10.27-20.57.30:092][  0]LogGameState: Match State Changed from WaitingToStart to InProgress
[2016.10.27-20.57.30:092][  0]LogLoad: Took 2.045027 seconds to LoadMap(/Temp/Autosaves/Game/ThirdPersonBP/Maps/UEDPCThirdPersonExampleMap)
[2016.10.27-20.57.30:304][  0]LogLoad: (Engine Initialization) Total time: 10.29 seconds
[2016.10.27-20.57.30:304][  0]LogLoad: (Engine Initialization) Total Blueprint compile time: 0.27 seconds
[2016.10.27-20.57.30:304][  0]LogExternalProfiler: No external profilers were discovered.  External profiling features will not be available.
[2016.10.27-20.57.30:321][  0]LogWindowsTextInputMethodSystem:Display: IME system now deactivated.
[2016.10.27-20.57.30:321][  0]LogOcInput: OculusInput pre-init called
[2016.10.27-20.57.30:415][  0]LogRenderer: Reallocating scene render targets to support 128x128 (Frame:1).
[2016.10.27-20.57.30:795][  1]LogRenderer: Reallocating scene render targets to support 1280x720 (Frame:2).
[2016.10.27-20.57.36:071][299]Set new viewmode: Lit_DetailLighting
[2016.10.27-20.57.36:524][328]Set new viewmode: Lit_DetailLighting
[2016.10.27-20.57.37:703][401]Set new viewmode: Lit_DetailLighting
[2016.10.27-20.57.37:911][414]Set new viewmode: Lit_DetailLighting
[2016.10.27-20.57.39:331][502]Set new viewmode: Lit_DetailLighting
[2016.10.27-20.57.39:686][524]Set new viewmode: Lit_DetailLighting
[2016.10.27-20.57.39:912][538]Set new viewmode: Lit_DetailLighting
[2016.10.27-20.57.42:895][721]LogWindowsTextInputMethodSystem:Display: IME system now deactivated.
[2016.10.27-20.57.42:920][721]LogEngine: All Windows Closed
[2016.10.27-20.57.42:921][721]LogWindows: FPlatformMisc::RequestExit(0)
[2016.10.27-20.57.42:931][722]LogMoviePlayer: Shutting down movie player
[2016.10.27-20.57.43:178][722]LogExit: Preparing to exit.
[2016.10.27-20.57.44:002][722]LogExit: Game engine shut down
[2016.10.27-20.57.44:100][722]LogObj: Freed 0b from 0 cluster array pools.
[2016.10.27-20.57.44:100][722]LogExit: Object subsystem successfully closed.
[2016.10.27-20.57.44:124][722]LogD3D11RHI: Shutdown
[2016.10.27-20.57.44:125][722]LogD3D11RHI: CleanupD3DDevice
[2016.10.27-20.57.44:185][722]LogD3D11RHI: ~FD3D11DynamicRHI
[2016.10.27-20.57.44:195][722]LogModuleManager: Shutting down and abandoning module SequenceRecorderSections (122)
[2016.10.27-20.57.44:195][722]LogModuleManager: Shutting down and abandoning module SequenceRecorder (121)
[2016.10.27-20.57.44:195][722]LogModuleManager: Shutting down and abandoning module AutomationController (120)
[2016.10.27-20.57.44:195][722]LogModuleManager: Shutting down and abandoning module AutomationWorker (119)
[2016.10.27-20.57.44:195][722]LogModuleManager: Shutting down and abandoning module GameplayDebugger (118)
[2016.10.27-20.57.44:195][722]LogModuleManager: Shutting down and abandoning module AITestSuite (117)
[2016.10.27-20.57.44:195][722]LogModuleManager: Shutting down and abandoning module AIModule (116)
[2016.10.27-20.57.44:195][722]LogModuleManager: Shutting down and abandoning module WmfMediaFactory (115)
[2016.10.27-20.57.44:195][722]LogModuleManager: Shutting down and abandoning module AvfMediaFactory (114)
[2016.10.27-20.57.44:195][722]LogModuleManager: Shutting down and abandoning module Media (113)
[2016.10.27-20.57.44:195][722]LogModuleManager: Shutting down and abandoning module AndroidMediaFactory (112)
[2016.10.27-20.57.44:195][722]LogModuleManager: Shutting down and abandoning module CharacterAI (111)
[2016.10.27-20.57.44:195][722]LogModuleManager: Shutting down and abandoning module SessionServices (110)
[2016.10.27-20.57.44:195][722]LogModuleManager: Shutting down and abandoning module MovieSceneCapture (109)
[2016.10.27-20.57.44:195][722]LogModuleManager: Shutting down and abandoning module Niagara (108)
[2016.10.27-20.57.44:195][722]LogModuleManager: Shutting down and abandoning module StreamingPauseRendering (107)
[2016.10.27-20.57.44:195][722]LogModuleManager: Shutting down and abandoning module PortalServices (106)
[2016.10.27-20.57.44:195][722]LogModuleManager: Shutting down and abandoning module PortalRpc (105)
[2016.10.27-20.57.44:195][722]LogModuleManager: Shutting down and abandoning module MessagingRpc (104)
[2016.10.27-20.57.44:195][722]LogModuleManager: Shutting down and abandoning module ProfilerService (103)
[2016.10.27-20.57.44:371][722]LogModuleManager: Shutting down and abandoning module TaskGraph (102)
[2016.10.27-20.57.44:371][722]LogModuleManager: Shutting down and abandoning module SlateRemote (101)
[2016.10.27-20.57.44:371][722]LogModuleManager: Shutting down and abandoning module SteamVRController (100)
[2016.10.27-20.57.44:371][722]LogModuleManager: Shutting down and abandoning module SteamVR (99)
[2016.10.27-20.57.44:371][722]LogModuleManager: Shutting down and abandoning module ProceduralMeshComponent (98)
[2016.10.27-20.57.44:371][722]LogModuleManager: Shutting down and abandoning module OculusLibrary (97)
[2016.10.27-20.57.44:371][722]LogModuleManager: Shutting down and abandoning module OculusInput (96)
[2016.10.27-20.57.44:371][722]LogModuleManager: Shutting down and abandoning module CustomMeshComponent (95)
[2016.10.27-20.57.44:371][722]LogModuleManager: Shutting down and abandoning module CableComponent (94)
[2016.10.27-20.57.44:371][722]LogModuleManager: Shutting down and abandoning module ArchVisCharacter (93)
[2016.10.27-20.57.44:371][722]LogModuleManager: Shutting down and abandoning module HTML5Networking (92)
[2016.10.27-20.57.44:371][722]LogModuleManager: Shutting down and abandoning module DesktopPlatform (91)
[2016.10.27-20.57.44:371][722]LogModuleManager: Shutting down and abandoning module DirectoryWatcher (90)
[2016.10.27-20.57.44:371][722]LogModuleManager: Shutting down and abandoning module HotReload (89)
[2016.10.27-20.57.44:371][722]LogModuleManager: Shutting down and abandoning module VisualStudioSourceCodeAccess (88)
[2016.10.27-20.57.44:371][722]LogModuleManager: Shutting down and abandoning module UObjectPlugin (87)
[2016.10.27-20.57.44:371][722]LogModuleManager: Shutting down and abandoning module SubversionSourceControl (86)
[2016.10.27-20.57.44:371][722]LogModuleManager: Shutting down and abandoning module SourceControl (85)
[2016.10.27-20.57.44:371][722]LogModuleManager: Shutting down and abandoning module PerforceSourceControl (84)
[2016.10.27-20.57.44:371][722]LogModuleManager: Shutting down and abandoning module UdpMessaging (83)
[2016.10.27-20.57.44:472][722]LogModuleManager: Shutting down and abandoning module TcpMessaging (82)
[2016.10.27-20.57.44:830][722]LogModuleManager: Shutting down and abandoning module SubstanceCore (81)
[2016.10.27-20.57.44:830][722]LogModuleManager: Shutting down and abandoning module LightPropagationVolumeRuntime (80)
[2016.10.27-20.57.44:830][722]LogModuleManager: Shutting down and abandoning module Paper2D (79)
[2016.10.27-20.57.44:830][722]LogModuleManager: Shutting down and abandoning module WindowsMoviePlayer (78)
[2016.10.27-20.57.44:830][722]LogModuleManager: Shutting down and abandoning module WmfMedia (77)
[2016.10.27-20.57.44:831][722]LogModuleManager: Shutting down and abandoning module MediaAssets (76)
[2016.10.27-20.57.44:831][722]LogModuleManager: Shutting down and abandoning module GameLiveStreaming (75)
[2016.10.27-20.57.44:831][722]LogModuleManager: Shutting down and abandoning module GameplayTagsEditor (74)
[2016.10.27-20.57.44:831][722]LogModuleManager: Shutting down and abandoning module VREditor (73)
[2016.10.27-20.57.44:831][722]LogModuleManager: Shutting down and abandoning module GameplayTasksEditor (72)
[2016.10.27-20.57.44:831][722]LogModuleManager: Shutting down and abandoning module PropertyEditor (71)
[2016.10.27-20.57.44:831][722]LogModuleManager: Shutting down and abandoning module BehaviorTreeEditor (70)
[2016.10.27-20.57.44:831][722]LogModuleManager: Shutting down and abandoning module FunctionalTesting (69)
[2016.10.27-20.57.44:831][722]LogModuleManager: Shutting down and abandoning module CollisionAnalyzer (68)
[2016.10.27-20.57.44:831][722]LogModuleManager: Shutting down and abandoning module Sequencer (67)
[2016.10.27-20.57.44:831][722]LogModuleManager: Shutting down and abandoning module WorkspaceMenuStructure (66)
[2016.10.27-20.57.44:831][722]LogModuleManager: Shutting down and abandoning module MessageLog (65)
[2016.10.27-20.57.44:832][722]LogModuleManager: Shutting down and abandoning module AssetTools (64)
[2016.10.27-20.57.44:832][722]LogModuleManager: Shutting down and abandoning module UMGEditor (63)
[2016.10.27-20.57.44:832][722]LogModuleManager: Shutting down and abandoning module UMG (62)
[2016.10.27-20.57.44:832][722]LogModuleManager: Shutting down and abandoning module SlateReflector (61)
[2016.10.27-20.57.44:832][722]LogModuleManager: Shutting down and abandoning module Slate (60)
[2016.10.27-20.57.44:832][722]LogModuleManager: Shutting down and abandoning module EditorStyle (59)
[2016.10.27-20.57.44:833][722]LogModuleManager: Shutting down and abandoning module Messaging (58)
[2016.10.27-20.57.44:833][722]LogModuleManager: Shutting down and abandoning module SourceCodeAccess (57)
[2016.10.27-20.57.44:833][722]LogModuleManager: Shutting down and abandoning module HeadMountedDisplay (56)
[2016.10.27-20.57.44:833][722]LogModuleManager: Shutting down and abandoning module XAudio2 (55)
[2016.10.27-20.57.44:833][722]LogModuleManager: Shutting down and abandoning module Networking (54)
[2016.10.27-20.57.44:833][722]LogModuleManager: Shutting down and abandoning module Core (53)
[2016.10.27-20.57.44:833][722]LogModuleManager: Shutting down and abandoning module KismetCompiler (52)
[2016.10.27-20.57.44:833][722]LogModuleManager: Shutting down and abandoning module PhysXFormats (51)
[2016.10.27-20.57.44:833][722]LogModuleManager: Shutting down and abandoning module MeshUtilities (50)
[2016.10.27-20.57.44:833][722]LogModuleManager: Shutting down and abandoning module AssetRegistry (49)
[2016.10.27-20.57.44:840][722]LogModuleManager: Shutting down and abandoning module DerivedDataCache (48)
[2016.10.27-20.57.45:200][722]LogDerivedDataCache: Shutdown
[2016.10.27-20.57.45:200][722]LogModuleManager: Shutting down and abandoning module VulkanShaderFormat (47)
[2016.10.27-20.57.45:200][722]LogModuleManager: Shutting down and abandoning module ShaderFormatOpenGL (46)
[2016.10.27-20.57.45:200][722]LogModuleManager: Shutting down and abandoning module ShaderFormatD3D (45)
[2016.10.27-20.57.45:200][722]LogModuleManager: Shutting down and abandoning module MetalShaderFormat (44)
[2016.10.27-20.57.45:200][722]LogModuleManager: Shutting down and abandoning module TextureFormatUncompressed (43)
[2016.10.27-20.57.45:200][722]LogModuleManager: Shutting down and abandoning module TextureFormatPVR (42)
[2016.10.27-20.57.45:200][722]LogModuleManager: Shutting down and abandoning module TextureFormatDXT (41)
[2016.10.27-20.57.45:200][722]LogModuleManager: Shutting down and abandoning module TextureFormatIntelISPCTexComp (40)
[2016.10.27-20.57.45:200][722]LogModuleManager: Shutting down and abandoning module ImageWrapper (39)
[2016.10.27-20.57.45:200][722]LogModuleManager: Shutting down and abandoning module TextureFormatASTC (38)
[2016.10.27-20.57.45:200][722]LogModuleManager: Shutting down and abandoning module TextureFormatAndroid (37)
[2016.10.27-20.57.45:200][722]LogModuleManager: Shutting down and abandoning module AudioFormatOpus (36)
[2016.10.27-20.57.45:200][722]LogModuleManager: Shutting down and abandoning module AudioFormatOgg (35)
[2016.10.27-20.57.45:200][722]LogModuleManager: Shutting down and abandoning module AudioFormatADPCM (34)
[2016.10.27-20.57.45:200][722]LogModuleManager: Shutting down and abandoning module WindowsTargetPlatform (33)
[2016.10.27-20.57.45:200][722]LogModuleManager: Shutting down and abandoning module WindowsServerTargetPlatform (32)
[2016.10.27-20.57.45:200][722]LogModuleManager: Shutting down and abandoning module WindowsNoEditorTargetPlatform (31)
[2016.10.27-20.57.45:200][722]LogModuleManager: Shutting down and abandoning module WindowsClientTargetPlatform (30)
[2016.10.27-20.57.45:200][722]LogModuleManager: Shutting down and abandoning module TargetPlatform (29)
[2016.10.27-20.57.45:200][722]LogModuleManager: Shutting down and abandoning module InputCore (28)
[2016.10.27-20.57.45:200][722]LogModuleManager: Shutting down and abandoning module Settings (27)
[2016.10.27-20.57.45:200][722]LogModuleManager: Shutting down and abandoning module OculusRift (26)
[2016.10.27-20.57.45:200][722]LogModuleManager: Shutting down and abandoning module GearVR (25)
[2016.10.27-20.57.45:200][722]LogModuleManager: Shutting down and abandoning module ExampleDeviceProfileSelector (24)
[2016.10.27-20.57.45:200][722]LogModuleManager: Shutting down and abandoning module OnlineBlueprintSupport (23)
[2016.10.27-20.57.45:200][722]LogModuleManager: Shutting down and abandoning module Voice (21)
[2016.10.27-20.57.45:200][722]LogModuleManager: Shutting down and abandoning module OnlineSubsystem (17)
[2016.10.27-20.57.45:200][722]LogOnline:Display: NULL: FOnlineSubsystemNull::Shutdown()
[2016.10.27-20.57.45:201][722]LogOnline:Display: Unloading online subsystem: NULL
[2016.10.27-20.57.45:201][722]LogModuleManager: Shutting down and abandoning module HTTP (16)
[2016.10.27-20.57.45:214][722]LogModuleManager: Shutting down and abandoning module XMPP (15)
[2016.10.27-20.57.45:214][722]LogModuleManager: Shutting down and abandoning module TextureCompressor (14)
[2016.10.27-20.57.45:214][722]LogModuleManager: Shutting down and abandoning module ShaderCore (13)
[2016.10.27-20.57.45:214][722]LogModuleManager: Shutting down and abandoning module Landscape (12)
[2016.10.27-20.57.45:214][722]LogModuleManager: Shutting down and abandoning module SlateRHIRenderer (11)
[2016.10.27-20.57.45:214][722]LogModuleManager: Shutting down and abandoning module OpenGLDrv (10)
[2016.10.27-20.57.45:214][722]LogModuleManager: Shutting down and abandoning module D3D11RHI (9)
[2016.10.27-20.57.45:214][722]LogModuleManager: Shutting down and abandoning module AnimGraphRuntime (8)
[2016.10.27-20.57.45:214][722]LogModuleManager: Shutting down and abandoning module Renderer (7)
[2016.10.27-20.57.45:214][722]LogModuleManager: Shutting down and abandoning module Engine (6)
[2016.10.27-20.57.45:214][722]LogModuleManager: Shutting down and abandoning module CoreUObject (5)
[2016.10.27-20.57.45:214][722]LogModuleManager: Shutting down and abandoning module NetworkFile (4)
[2016.10.27-20.57.45:214][722]LogModuleManager: Shutting down and abandoning module StreamingFile (3)
[2016.10.27-20.57.45:214][722]LogModuleManager: Shutting down and abandoning module SandboxFile (2)
[2016.10.27-20.57.45:215][722]LogModuleManager: Shutting down and abandoning module PakFile (1)
[2016.10.27-20.57.45:217][722]LogExit: Exiting.
[2016.10.27-20.57.45:222][722]Log file closed, 10/27/16 21:57:45
